2025-02-19 00:11:37,406 [INFO] Middleware:612 - instanceName : USB_DEVICE bspName : BCD Detection check condition failed for : SEM_BCD_ENABLED
2025-02-19 00:11:37,428 [INFO] Middleware:612 - instanceName : USB_DEVICE bspName : BCD Detection check condition failed for : SEM_BCD_ENABLED
2025-02-19 00:11:37,428 [INFO] Middleware:612 - instanceName : USB_DEVICE bspName : BCD Detection check condition failed for : SEM_BCD_ENABLED
2025-02-19 00:11:37,428 [INFO] Middleware:612 - instanceName : USB_DEVICE bspName : BCD Detection check condition failed for : SEM_BCD_ENABLED
2025-02-19 00:11:37,428 [INFO] Middleware:612 - instanceName : USB_DEVICE bspName : BCD Detection check condition failed for : SEM_BCD_ENABLED
2025-02-19 00:11:37,428 [INFO] Middleware:612 - instanceName : USB_DEVICE bspName : BCD Detection check condition failed for : SEM_BCD_ENABLED
2025-02-19 00:11:37,428 [INFO] Middleware:612 - instanceName : USB_DEVICE bspName : BCD Detection check condition failed for : SEM_BCD_ENABLED
2025-02-19 00:11:37,428 [INFO] Middleware:612 - instanceName : USB_DEVICE bspName : BCD Detection check condition failed for : SEM_BCD_ENABLED
2025-02-19 00:11:37,428 [INFO] Middleware:612 - instanceName : USB_DEVICE bspName : BCD Detection check condition failed for : SEM_BCD_ENABLED
2025-02-19 00:11:37,428 [INFO] Middleware:612 - instanceName : USB_DEVICE bspName : BCD Detection check condition failed for : SEM_BCD_ENABLED
2025-02-19 00:11:37,428 [INFO] Middleware:612 - instanceName : USB_DEVICE bspName : BCD Detection check condition failed for : SEM_BCD_ENABLED
2025-02-19 00:11:37,428 [INFO] Middleware:612 - instanceName : USB_DEVICE bspName : BCD Detection check condition failed for : SEM_BCD_ENABLED
2025-02-19 00:11:37,428 [INFO] Middleware:612 - instanceName : USB_DEVICE bspName : BCD Detection check condition failed for : SEM_BCD_ENABLED
2025-02-19 00:11:37,428 [INFO] Middleware:612 - instanceName : USB_DEVICE bspName : BCD Detection check condition failed for : SEM_BCD_ENABLED
2025-02-19 00:11:37,428 [INFO] Middleware:612 - instanceName : USB_DEVICE bspName : BCD Detection check condition failed for : SEM_BCD_ENABLED
2025-02-19 00:11:37,428 [INFO] Middleware:612 - instanceName : USB_DEVICE bspName : BCD Detection check condition failed for : SEM_BCD_ENABLED
2025-02-19 00:11:37,470 [INFO] Middleware:612 - instanceName : USB_DEVICE bspName : BCD Detection check condition failed for : SEM_BCD_ENABLED
2025-02-19 00:11:37,470 [INFO] Middleware:612 - instanceName : USB_DEVICE bspName : BCD Detection check condition failed for : SEM_BCD_ENABLED
2025-02-19 00:11:37,470 [INFO] Middleware:612 - instanceName : USB_DEVICE bspName : BCD Detection check condition failed for : SEM_BCD_ENABLED
2025-02-19 00:11:37,470 [INFO] Middleware:612 - instanceName : USB_DEVICE bspName : BCD Detection check condition failed for : SEM_BCD_ENABLED
2025-02-19 00:11:37,470 [INFO] Middleware:612 - instanceName : USB_DEVICE bspName : BCD Detection check condition failed for : SEM_BCD_ENABLED
2025-02-19 00:11:37,470 [INFO] Middleware:612 - instanceName : USB_DEVICE bspName : BCD Detection check condition failed for : SEM_BCD_ENABLED
2025-02-19 00:11:37,470 [INFO] Middleware:612 - instanceName : USB_DEVICE bspName : BCD Detection check condition failed for : SEM_BCD_ENABLED
2025-02-19 00:11:37,470 [INFO] Middleware:612 - instanceName : USB_DEVICE bspName : BCD Detection check condition failed for : SEM_BCD_ENABLED
2025-02-19 00:11:37,470 [INFO] Middleware:612 - instanceName : USB_DEVICE bspName : BCD Detection check condition failed for : SEM_BCD_ENABLED
2025-02-19 00:11:37,470 [INFO] Middleware:612 - instanceName : USB_DEVICE bspName : BCD Detection check condition failed for : SEM_BCD_ENABLED
2025-02-19 00:11:37,470 [INFO] Middleware:612 - instanceName : USB_DEVICE bspName : BCD Detection check condition failed for : SEM_BCD_ENABLED
2025-02-19 00:11:37,470 [INFO] Middleware:612 - instanceName : USB_DEVICE bspName : BCD Detection check condition failed for : SEM_BCD_ENABLED
2025-02-19 00:11:37,470 [INFO] Middleware:612 - instanceName : USB_DEVICE bspName : BCD Detection check condition failed for : SEM_BCD_ENABLED
2025-02-19 00:11:37,470 [INFO] Middleware:612 - instanceName : USB_DEVICE bspName : BCD Detection check condition failed for : SEM_BCD_ENABLED
2025-02-19 00:11:37,470 [INFO] Middleware:612 - instanceName : USB_DEVICE bspName : BCD Detection check condition failed for : SEM_BCD_ENABLED
2025-02-19 00:11:37,470 [INFO] Middleware:612 - instanceName : USB_DEVICE bspName : BCD Detection check condition failed for : SEM_BCD_ENABLED
2025-02-19 00:11:37,510 [INFO] Middleware:612 - instanceName : USB_DEVICE bspName : BCD Detection check condition failed for : SEM_BCD_ENABLED
2025-02-19 00:11:37,510 [INFO] Middleware:612 - instanceName : USB_DEVICE bspName : BCD Detection check condition failed for : SEM_BCD_ENABLED
2025-02-19 00:11:37,510 [INFO] Middleware:612 - instanceName : USB_DEVICE bspName : BCD Detection check condition failed for : SEM_BCD_ENABLED
2025-02-19 00:11:37,510 [INFO] Middleware:612 - instanceName : USB_DEVICE bspName : BCD Detection check condition failed for : SEM_BCD_ENABLED
2025-02-19 00:11:37,510 [INFO] Middleware:612 - instanceName : USB_DEVICE bspName : BCD Detection check condition failed for : SEM_BCD_ENABLED
2025-02-19 00:11:37,510 [INFO] Middleware:612 - instanceName : USB_DEVICE bspName : BCD Detection check condition failed for : SEM_BCD_ENABLED
2025-02-19 00:11:37,510 [INFO] Middleware:612 - instanceName : USB_DEVICE bspName : BCD Detection check condition failed for : SEM_BCD_ENABLED
2025-02-19 00:11:37,510 [INFO] Middleware:612 - instanceName : USB_DEVICE bspName : BCD Detection check condition failed for : SEM_BCD_ENABLED
2025-02-19 00:11:37,510 [INFO] Middleware:612 - instanceName : USB_DEVICE bspName : BCD Detection check condition failed for : SEM_BCD_ENABLED
2025-02-19 00:11:37,510 [INFO] Middleware:612 - instanceName : USB_DEVICE bspName : BCD Detection check condition failed for : SEM_BCD_ENABLED
2025-02-19 00:11:37,510 [INFO] Middleware:612 - instanceName : USB_DEVICE bspName : BCD Detection check condition failed for : SEM_BCD_ENABLED
2025-02-19 00:11:37,510 [INFO] Middleware:612 - instanceName : USB_DEVICE bspName : BCD Detection check condition failed for : SEM_BCD_ENABLED
2025-02-19 00:11:37,510 [INFO] Middleware:612 - instanceName : USB_DEVICE bspName : BCD Detection check condition failed for : SEM_BCD_ENABLED
2025-02-19 00:11:37,510 [INFO] Middleware:612 - instanceName : USB_DEVICE bspName : BCD Detection check condition failed for : SEM_BCD_ENABLED
2025-02-19 00:11:37,510 [INFO] Middleware:612 - instanceName : USB_DEVICE bspName : BCD Detection check condition failed for : SEM_BCD_ENABLED
2025-02-19 00:11:37,510 [INFO] Middleware:612 - instanceName : USB_DEVICE bspName : BCD Detection check condition failed for : SEM_BCD_ENABLED
2025-02-19 00:11:37,560 [INFO] Gpio:277 - dependency for GPIO [RCC, TIM3, USB]
2025-02-19 00:11:37,600 [INFO] Middleware:612 - instanceName : USB_DEVICE bspName : BCD Detection check condition failed for : SEM_BCD_ENABLED
2025-02-19 00:11:37,600 [INFO] Middleware:612 - instanceName : USB_DEVICE bspName : BCD Detection check condition failed for : SEM_BCD_ENABLED
2025-02-19 00:11:37,600 [INFO] Middleware:612 - instanceName : USB_DEVICE bspName : BCD Detection check condition failed for : SEM_BCD_ENABLED
2025-02-19 00:11:37,600 [INFO] Middleware:612 - instanceName : USB_DEVICE bspName : BCD Detection check condition failed for : SEM_BCD_ENABLED
2025-02-19 00:11:37,600 [INFO] Middleware:612 - instanceName : USB_DEVICE bspName : BCD Detection check condition failed for : SEM_BCD_ENABLED
2025-02-19 00:11:37,600 [INFO] Middleware:612 - instanceName : USB_DEVICE bspName : BCD Detection check condition failed for : SEM_BCD_ENABLED
2025-02-19 00:11:37,600 [INFO] Middleware:612 - instanceName : USB_DEVICE bspName : BCD Detection check condition failed for : SEM_BCD_ENABLED
2025-02-19 00:11:37,600 [INFO] Middleware:612 - instanceName : USB_DEVICE bspName : BCD Detection check condition failed for : SEM_BCD_ENABLED
2025-02-19 00:11:37,600 [INFO] Middleware:612 - instanceName : USB_DEVICE bspName : BCD Detection check condition failed for : SEM_BCD_ENABLED
2025-02-19 00:11:37,600 [INFO] Middleware:612 - instanceName : USB_DEVICE bspName : BCD Detection check condition failed for : SEM_BCD_ENABLED
2025-02-19 00:11:37,600 [INFO] Middleware:612 - instanceName : USB_DEVICE bspName : BCD Detection check condition failed for : SEM_BCD_ENABLED
2025-02-19 00:11:37,600 [INFO] Middleware:612 - instanceName : USB_DEVICE bspName : BCD Detection check condition failed for : SEM_BCD_ENABLED
2025-02-19 00:11:37,600 [INFO] Middleware:612 - instanceName : USB_DEVICE bspName : BCD Detection check condition failed for : SEM_BCD_ENABLED
2025-02-19 00:11:37,600 [INFO] Middleware:612 - instanceName : USB_DEVICE bspName : BCD Detection check condition failed for : SEM_BCD_ENABLED
2025-02-19 00:11:37,600 [INFO] Middleware:612 - instanceName : USB_DEVICE bspName : BCD Detection check condition failed for : SEM_BCD_ENABLED
2025-02-19 00:11:37,600 [INFO] Middleware:612 - instanceName : USB_DEVICE bspName : BCD Detection check condition failed for : SEM_BCD_ENABLED
2025-02-19 00:11:46,866 [INFO] Gpio:277 - dependency for GPIO [RCC, TIM3, USB]
2025-02-19 00:11:49,807 [INFO] Middleware:612 - instanceName : USB_DEVICE bspName : BCD Detection check condition failed for : SEM_BCD_ENABLED
2025-02-19 00:11:49,807 [INFO] Middleware:612 - instanceName : USB_DEVICE bspName : BCD Detection check condition failed for : SEM_BCD_ENABLED
2025-02-19 00:11:49,807 [INFO] Middleware:612 - instanceName : USB_DEVICE bspName : BCD Detection check condition failed for : SEM_BCD_ENABLED
2025-02-19 00:11:49,807 [INFO] Middleware:612 - instanceName : USB_DEVICE bspName : BCD Detection check condition failed for : SEM_BCD_ENABLED
2025-02-19 00:11:49,807 [INFO] Middleware:612 - instanceName : USB_DEVICE bspName : BCD Detection check condition failed for : SEM_BCD_ENABLED
2025-02-19 00:11:49,807 [INFO] Middleware:612 - instanceName : USB_DEVICE bspName : BCD Detection check condition failed for : SEM_BCD_ENABLED
2025-02-19 00:11:49,807 [INFO] Middleware:612 - instanceName : USB_DEVICE bspName : BCD Detection check condition failed for : SEM_BCD_ENABLED
2025-02-19 00:11:49,807 [INFO] Middleware:612 - instanceName : USB_DEVICE bspName : BCD Detection check condition failed for : SEM_BCD_ENABLED
2025-02-19 00:11:49,807 [INFO] Middleware:612 - instanceName : USB_DEVICE bspName : BCD Detection check condition failed for : SEM_BCD_ENABLED
2025-02-19 00:11:49,807 [INFO] Middleware:612 - instanceName : USB_DEVICE bspName : BCD Detection check condition failed for : SEM_BCD_ENABLED
2025-02-19 00:11:49,807 [INFO] Middleware:612 - instanceName : USB_DEVICE bspName : BCD Detection check condition failed for : SEM_BCD_ENABLED
2025-02-19 00:11:49,807 [INFO] Middleware:612 - instanceName : USB_DEVICE bspName : BCD Detection check condition failed for : SEM_BCD_ENABLED
2025-02-19 00:11:49,807 [INFO] Middleware:612 - instanceName : USB_DEVICE bspName : BCD Detection check condition failed for : SEM_BCD_ENABLED
2025-02-19 00:11:49,808 [INFO] Middleware:612 - instanceName : USB_DEVICE bspName : BCD Detection check condition failed for : SEM_BCD_ENABLED
2025-02-19 00:11:49,808 [INFO] Middleware:612 - instanceName : USB_DEVICE bspName : BCD Detection check condition failed for : SEM_BCD_ENABLED
2025-02-19 00:11:49,808 [INFO] Middleware:612 - instanceName : USB_DEVICE bspName : BCD Detection check condition failed for : SEM_BCD_ENABLED
2025-02-19 00:11:49,953 [INFO] ADCParametersView:116 -                Rank 1 : false
2025-02-19 00:11:49,989 [INFO] ADCParametersView:116 -                Rank 1 : false
2025-02-19 00:11:49,989 [INFO] ADCParametersView:116 -                Rank 1 : false
2025-02-19 00:11:49,989 [INFO] ADCParametersView:116 -                Rank 1 : false
2025-02-19 00:11:49,989 [INFO] ADCParametersView:116 -                Rank 1 : false
2025-02-19 00:11:49,989 [INFO] ADCParametersView:116 -                Rank 1 : false
2025-02-19 00:11:49,989 [INFO] ADCParametersView:116 -                Rank 1 : false
2025-02-19 00:11:49,990 [INFO] ADCParametersView:116 -                Rank 1 : false
2025-02-19 00:11:49,990 [INFO] ADCParametersView:116 -                Rank 1 : false
2025-02-19 00:11:49,990 [INFO] ADCParametersView:116 -                Rank 1 : false
2025-02-19 00:11:49,990 [INFO] ADCParametersView:116 -                Rank 1 : false
2025-02-19 00:11:49,990 [INFO] ADCParametersView:116 -                Rank 1 : false
2025-02-19 00:11:49,990 [INFO] ADCParametersView:116 -                Rank 1 : false
2025-02-19 00:11:49,990 [INFO] ADCParametersView:116 -                Rank 1 : false
2025-02-19 00:11:49,990 [INFO] ADCParametersView:116 -                Rank 1 : false
2025-02-19 00:11:49,990 [INFO] ADCParametersView:116 -                Rank 1 : false
2025-02-19 00:11:49,990 [INFO] ADCParametersView:116 -                Rank 1 : false
2025-02-19 00:11:49,990 [INFO] ADCParametersView:116 -                Rank 1 : false
2025-02-19 00:11:49,990 [INFO] ADCParametersView:116 -                Rank 1 : false
2025-02-19 00:11:49,990 [INFO] ADCParametersView:116 -                Rank 1 : false
2025-02-19 00:11:49,990 [INFO] ADCParametersView:116 -                Rank 1 : false
2025-02-19 00:11:49,990 [INFO] ADCParametersView:116 -                Rank 1 : false
2025-02-19 00:11:50,005 [INFO] ADCParametersView:116 -                Rank 1 : false
2025-02-19 00:11:50,011 [INFO] Middleware:612 - instanceName : USB_DEVICE bspName : BCD Detection check condition failed for : SEM_BCD_ENABLED
2025-02-19 00:11:50,011 [INFO] Middleware:612 - instanceName : USB_DEVICE bspName : BCD Detection check condition failed for : SEM_BCD_ENABLED
2025-02-19 00:11:50,011 [INFO] Middleware:612 - instanceName : USB_DEVICE bspName : BCD Detection check condition failed for : SEM_BCD_ENABLED
2025-02-19 00:11:50,011 [INFO] Middleware:612 - instanceName : USB_DEVICE bspName : BCD Detection check condition failed for : SEM_BCD_ENABLED
2025-02-19 00:11:50,011 [INFO] Middleware:612 - instanceName : USB_DEVICE bspName : BCD Detection check condition failed for : SEM_BCD_ENABLED
2025-02-19 00:11:50,011 [INFO] Middleware:612 - instanceName : USB_DEVICE bspName : BCD Detection check condition failed for : SEM_BCD_ENABLED
2025-02-19 00:11:50,011 [INFO] Middleware:612 - instanceName : USB_DEVICE bspName : BCD Detection check condition failed for : SEM_BCD_ENABLED
2025-02-19 00:11:50,011 [INFO] Middleware:612 - instanceName : USB_DEVICE bspName : BCD Detection check condition failed for : SEM_BCD_ENABLED
2025-02-19 00:11:50,011 [INFO] Middleware:612 - instanceName : USB_DEVICE bspName : BCD Detection check condition failed for : SEM_BCD_ENABLED
2025-02-19 00:11:50,011 [INFO] Middleware:612 - instanceName : USB_DEVICE bspName : BCD Detection check condition failed for : SEM_BCD_ENABLED
2025-02-19 00:11:50,011 [INFO] Middleware:612 - instanceName : USB_DEVICE bspName : BCD Detection check condition failed for : SEM_BCD_ENABLED
2025-02-19 00:11:50,011 [INFO] Middleware:612 - instanceName : USB_DEVICE bspName : BCD Detection check condition failed for : SEM_BCD_ENABLED
2025-02-19 00:11:50,011 [INFO] Middleware:612 - instanceName : USB_DEVICE bspName : BCD Detection check condition failed for : SEM_BCD_ENABLED
2025-02-19 00:11:50,011 [INFO] Middleware:612 - instanceName : USB_DEVICE bspName : BCD Detection check condition failed for : SEM_BCD_ENABLED
2025-02-19 00:11:50,011 [INFO] Middleware:612 - instanceName : USB_DEVICE bspName : BCD Detection check condition failed for : SEM_BCD_ENABLED
2025-02-19 00:11:50,011 [INFO] Middleware:612 - instanceName : USB_DEVICE bspName : BCD Detection check condition failed for : SEM_BCD_ENABLED
2025-02-19 00:11:50,025 [INFO] NvicIntPanel:101 - NVIC parent = com.st.microxplorer.plugins.ip.nvic.MultiNvicIntPanel[,0,0,0x0,invalid,layout=javax.swing.BoxLayout,alignmentX=0.0,alignmentY=0.0,border=,flags=9,maximumSize=,minimumSize=,preferredSize=]
2025-02-19 00:11:50,139 [INFO] NvicIntPanel:101 - NVIC parent = com.st.microxplorer.plugins.ip.nvic.MultiNvicIntPanel[,0,0,0x0,invalid,layout=javax.swing.BoxLayout,alignmentX=0.0,alignmentY=0.0,border=,flags=9,maximumSize=,minimumSize=,preferredSize=]
2025-02-19 00:11:50,314 [INFO] NvicIntPanel:101 - NVIC parent = com.st.microxplorer.plugins.ip.nvic.MultiNvicIntPanel[,0,0,0x0,invalid,layout=javax.swing.BoxLayout,alignmentX=0.0,alignmentY=0.0,border=,flags=9,maximumSize=,minimumSize=,preferredSize=]
2025-02-19 00:11:50,446 [INFO] NvicIntPanel:101 - NVIC parent = com.st.microxplorer.plugins.ip.nvic.MultiNvicIntPanel[,0,0,0x0,invalid,layout=javax.swing.BoxLayout,alignmentX=0.0,alignmentY=0.0,border=,flags=9,maximumSize=,minimumSize=,preferredSize=]
2025-02-19 00:11:50,582 [INFO] NvicIntPanel:101 - NVIC parent = com.st.microxplorer.plugins.ip.nvic.MultiNvicIntPanel[,0,0,0x0,invalid,layout=javax.swing.BoxLayout,alignmentX=0.0,alignmentY=0.0,border=,flags=9,maximumSize=,minimumSize=,preferredSize=]
2025-02-19 00:11:50,645 [INFO] ADCParametersView:116 -                Rank 1 : false
2025-02-19 00:11:50,645 [INFO] ADCParametersView:116 -                Rank 1 : false
2025-02-19 00:11:50,645 [INFO] ADCParametersView:116 -                Rank 1 : false
2025-02-19 00:11:50,645 [INFO] ADCParametersView:116 -                Rank 1 : false
2025-02-19 00:11:50,645 [INFO] ADCParametersView:116 -                Rank 1 : false
2025-02-19 00:11:50,645 [INFO] ADCParametersView:116 -                Rank 1 : false
2025-02-19 00:11:50,645 [INFO] ADCParametersView:116 -                Rank 1 : false
2025-02-19 00:11:50,645 [INFO] ADCParametersView:116 -                Rank 1 : false
2025-02-19 00:11:50,646 [INFO] ADCParametersView:116 -                Rank 1 : false
2025-02-19 00:11:50,646 [INFO] ADCParametersView:116 -                Rank 1 : false
2025-02-19 00:11:50,646 [INFO] ADCParametersView:116 -                Rank 1 : false
2025-02-19 00:11:50,646 [INFO] ADCParametersView:116 -                Rank 1 : false
2025-02-19 00:11:50,646 [INFO] ADCParametersView:116 -                Rank 1 : false
2025-02-19 00:11:50,646 [INFO] ADCParametersView:116 -                Rank 1 : false
2025-02-19 00:11:50,646 [INFO] ADCParametersView:116 -                Rank 1 : false
2025-02-19 00:11:50,646 [INFO] ADCParametersView:116 -                Rank 1 : false
2025-02-19 00:11:50,646 [INFO] ADCParametersView:116 -                Rank 1 : false
2025-02-19 00:11:50,646 [INFO] ADCParametersView:116 -                Rank 1 : false
2025-02-19 00:11:50,646 [INFO] ADCParametersView:116 -                Rank 1 : false
2025-02-19 00:11:50,647 [INFO] ADCParametersView:116 -                Rank 1 : false
2025-02-19 00:11:50,647 [INFO] ADCParametersView:116 -                Rank 1 : false
2025-02-19 00:11:50,660 [INFO] ADCParametersView:116 -                Rank 1 : false
2025-02-19 00:11:50,681 [INFO] ADCParametersView:116 -                Rank 1 : false
2025-02-19 00:11:50,681 [INFO] ADCParametersView:116 -                Rank 1 : false
2025-02-19 00:11:50,681 [INFO] ADCParametersView:116 -                Rank 1 : false
2025-02-19 00:11:50,681 [INFO] ADCParametersView:116 -                Rank 1 : false
2025-02-19 00:11:50,681 [INFO] ADCParametersView:116 -                Rank 1 : false
2025-02-19 00:11:50,681 [INFO] ADCParametersView:116 -                Rank 1 : false
2025-02-19 00:11:50,682 [INFO] ADCParametersView:116 -                Rank 1 : false
2025-02-19 00:11:50,682 [INFO] ADCParametersView:116 -                Rank 1 : false
2025-02-19 00:11:50,682 [INFO] ADCParametersView:116 -                Rank 1 : false
2025-02-19 00:11:50,682 [INFO] ADCParametersView:116 -                Rank 1 : false
2025-02-19 00:11:50,682 [INFO] ADCParametersView:116 -                Rank 1 : false
2025-02-19 00:11:50,682 [INFO] ADCParametersView:116 -                Rank 1 : false
2025-02-19 00:11:50,682 [INFO] ADCParametersView:116 -                Rank 1 : false
2025-02-19 00:11:50,682 [INFO] ADCParametersView:116 -                Rank 1 : false
2025-02-19 00:11:50,682 [INFO] ADCParametersView:116 -                Rank 1 : false
2025-02-19 00:11:50,682 [INFO] ADCParametersView:116 -                Rank 1 : false
2025-02-19 00:11:50,682 [INFO] ADCParametersView:116 -                Rank 1 : false
2025-02-19 00:11:50,682 [INFO] ADCParametersView:116 -                Rank 1 : false
2025-02-19 00:11:50,683 [INFO] ADCParametersView:116 -                Rank 1 : false
2025-02-19 00:11:50,683 [INFO] ADCParametersView:116 -                Rank 1 : false
2025-02-19 00:11:50,683 [INFO] ADCParametersView:116 -                Rank 1 : false
2025-02-19 00:11:50,698 [INFO] ADCParametersView:116 -                Rank 1 : false
2025-02-19 00:11:50,709 [INFO] NvicIntPanel:101 - NVIC parent = com.st.microxplorer.plugins.ip.nvic.MultiNvicIntPanel[,0,0,0x0,invalid,layout=javax.swing.BoxLayout,alignmentX=0.0,alignmentY=0.0,border=,flags=9,maximumSize=,minimumSize=,preferredSize=]
2025-02-19 00:12:55,819 [INFO] ADCParametersView:116 -                Rank 1 : false
2025-02-19 00:12:55,819 [INFO] ADCParametersView:116 -                Rank 1 : false
2025-02-19 00:12:55,819 [INFO] ADCParametersView:116 -                Rank 1 : false
2025-02-19 00:12:55,819 [INFO] ADCParametersView:116 -                Rank 1 : false
2025-02-19 00:12:55,819 [INFO] ADCParametersView:116 -                Rank 1 : false
2025-02-19 00:12:55,819 [INFO] ADCParametersView:116 -                Rank 1 : false
2025-02-19 00:12:55,819 [INFO] ADCParametersView:116 -                Rank 1 : false
2025-02-19 00:12:55,819 [INFO] ADCParametersView:116 -                Rank 1 : false
2025-02-19 00:12:55,819 [INFO] ADCParametersView:116 -                Rank 1 : false
2025-02-19 00:12:55,819 [INFO] ADCParametersView:116 -                Rank 1 : false
2025-02-19 00:12:55,819 [INFO] ADCParametersView:116 -                Rank 1 : false
2025-02-19 00:12:55,819 [INFO] ADCParametersView:116 -                Rank 1 : false
2025-02-19 00:12:55,820 [INFO] ADCParametersView:116 -                Rank 1 : false
2025-02-19 00:12:55,820 [INFO] ADCParametersView:116 -                Rank 1 : false
2025-02-19 00:12:55,820 [INFO] ADCParametersView:116 -                Rank 1 : false
2025-02-19 00:12:55,820 [INFO] ADCParametersView:116 -                Rank 1 : false
2025-02-19 00:12:55,820 [INFO] ADCParametersView:116 -                Rank 1 : false
2025-02-19 00:12:55,820 [INFO] ADCParametersView:116 -                Rank 1 : false
2025-02-19 00:12:55,820 [INFO] ADCParametersView:116 -                Rank 1 : false
2025-02-19 00:12:55,820 [INFO] ADCParametersView:116 -                Rank 1 : false
2025-02-19 00:12:55,820 [INFO] ADCParametersView:116 -                Rank 1 : false
2025-02-19 00:12:55,831 [INFO] ADCParametersView:116 -                Rank 1 : false
2025-02-19 00:12:55,849 [INFO] ADCParametersView:116 -                Rank 1 : false
2025-02-19 00:12:55,849 [INFO] ADCParametersView:116 -                Rank 1 : false
2025-02-19 00:12:55,849 [INFO] ADCParametersView:116 -                Rank 1 : false
2025-02-19 00:12:55,849 [INFO] ADCParametersView:116 -                Rank 1 : false
2025-02-19 00:12:55,849 [INFO] ADCParametersView:116 -                Rank 1 : false
2025-02-19 00:12:55,850 [INFO] ADCParametersView:116 -                Rank 1 : false
2025-02-19 00:12:55,850 [INFO] ADCParametersView:116 -                Rank 1 : false
2025-02-19 00:12:55,850 [INFO] ADCParametersView:116 -                Rank 1 : false
2025-02-19 00:12:55,850 [INFO] ADCParametersView:116 -                Rank 1 : false
2025-02-19 00:12:55,850 [INFO] ADCParametersView:116 -                Rank 1 : false
2025-02-19 00:12:55,850 [INFO] ADCParametersView:116 -                Rank 1 : false
2025-02-19 00:12:55,850 [INFO] ADCParametersView:116 -                Rank 1 : false
2025-02-19 00:12:55,850 [INFO] ADCParametersView:116 -                Rank 1 : false
2025-02-19 00:12:55,850 [INFO] ADCParametersView:116 -                Rank 1 : false
2025-02-19 00:12:55,850 [INFO] ADCParametersView:116 -                Rank 1 : false
2025-02-19 00:12:55,850 [INFO] ADCParametersView:116 -                Rank 1 : false
2025-02-19 00:12:55,850 [INFO] ADCParametersView:116 -                Rank 1 : false
2025-02-19 00:12:55,850 [INFO] ADCParametersView:116 -                Rank 1 : false
2025-02-19 00:12:55,850 [INFO] ADCParametersView:116 -                Rank 1 : false
2025-02-19 00:12:55,850 [INFO] ADCParametersView:116 -                Rank 1 : false
2025-02-19 00:12:55,850 [INFO] ADCParametersView:116 -                Rank 1 : false
2025-02-19 00:12:55,861 [INFO] ADCParametersView:116 -                Rank 1 : false
2025-02-19 00:12:55,873 [INFO] NvicIntPanel:101 - NVIC parent = com.st.microxplorer.plugins.ip.nvic.MultiNvicIntPanel[,0,0,0x0,invalid,layout=javax.swing.BoxLayout,alignmentX=0.0,alignmentY=0.0,border=,flags=9,maximumSize=,minimumSize=,preferredSize=]
2025-02-19 00:13:04,237 [INFO] ADCParametersView:116 -                Rank 1 : false
2025-02-19 00:13:04,237 [INFO] ADCParametersView:116 -                Rank 1 : false
2025-02-19 00:13:04,238 [INFO] ADCParametersView:116 -                Rank 1 : false
2025-02-19 00:13:04,238 [INFO] ADCParametersView:116 -                Rank 1 : false
2025-02-19 00:13:04,238 [INFO] ADCParametersView:116 -                Rank 1 : false
2025-02-19 00:13:04,238 [INFO] ADCParametersView:116 -                Rank 1 : false
2025-02-19 00:13:04,238 [INFO] ADCParametersView:116 -                Rank 1 : false
2025-02-19 00:13:04,238 [INFO] ADCParametersView:116 -                Rank 1 : false
2025-02-19 00:13:04,238 [INFO] ADCParametersView:116 -                Rank 1 : false
2025-02-19 00:13:04,238 [INFO] ADCParametersView:116 -                Rank 1 : false
2025-02-19 00:13:04,238 [INFO] ADCParametersView:116 -                Rank 1 : false
2025-02-19 00:13:04,238 [INFO] ADCParametersView:116 -                Rank 1 : false
2025-02-19 00:13:04,238 [INFO] ADCParametersView:116 -                Rank 1 : false
2025-02-19 00:13:04,238 [INFO] ADCParametersView:116 -                Rank 1 : false
2025-02-19 00:13:04,238 [INFO] ADCParametersView:116 -                Rank 1 : false
2025-02-19 00:13:04,238 [INFO] ADCParametersView:116 -                Rank 1 : false
2025-02-19 00:13:04,238 [INFO] ADCParametersView:116 -                Rank 1 : false
2025-02-19 00:13:04,239 [INFO] ADCParametersView:116 -                Rank 1 : false
2025-02-19 00:13:04,239 [INFO] ADCParametersView:116 -                Rank 1 : false
2025-02-19 00:13:04,239 [INFO] ADCParametersView:116 -                Rank 1 : false
2025-02-19 00:13:04,239 [INFO] ADCParametersView:116 -                Rank 1 : false
2025-02-19 00:13:04,250 [INFO] ADCParametersView:116 -                Rank 1 : false
2025-02-19 00:34:01,845 [INFO] UtilMem:75 - End SaveConfig() Used Memory: 872289304 Bytes (1073741824)
2025-02-19 00:34:01,942 [INFO] UtilMem:75 - End SaveConfig() Used Memory: 893322376 Bytes (1073741824)
2025-02-19 00:34:05,900 [INFO] UtilMem:75 - End SaveConfig() Used Memory: 722193480 Bytes (1073741824)
2025-02-19 00:34:06,023 [INFO] BlockDiagram:2766 - set Specific Code input for plugin: TIM1_8G4
2025-02-19 00:34:06,023 [INFO] BlockDiagram:2766 - set Specific Code input for plugin: USB_Device
2025-02-19 00:34:06,023 [INFO] BlockDiagram:2766 - set Specific Code input for plugin: SYS
2025-02-19 00:34:06,023 [INFO] BlockDiagram:2766 - set Specific Code input for plugin: ADC
2025-02-19 00:34:06,023 [INFO] BlockDiagram:2766 - set Specific Code input for plugin: RCC
2025-02-19 00:34:06,023 [INFO] BlockDiagram:2766 - set Specific Code input for plugin: NVIC
2025-02-19 00:34:06,023 [INFO] BlockDiagram:2766 - set Specific Code input for plugin: USB
2025-02-19 00:34:06,023 [INFO] BlockDiagram:2766 - set Specific Code input for plugin: GPIO
2025-02-19 00:34:06,024 [INFO] CodeGenerator:807 - code generatio: config db path: C:\ST\STM32CubeIDE_1.16.1\STM32CubeIDE\plugins\com.st.stm32cube.common.mx_6.12.1.202409122256\\db\
2025-02-19 00:34:06,126 [INFO] CodeEngine:255 - oldGeneratedFile, C:\Users\leagu\STM32CubeIDE\workspace_1.16.1\8-DC-Motor\MXTmpFiles\license.tmp_save
2025-02-19 00:34:06,225 [INFO] CodeEngine:279 - Generated code: C:\Users\leagu\STM32CubeIDE\workspace_1.16.1\8-DC-Motor\MXTmpFiles\license.tmp
2025-02-19 00:34:06,243 [INFO] CodeEngine:255 - oldGeneratedFile, C:\Users\leagu\STM32CubeIDE\workspace_1.16.1\8-DC-Motor\MXTmpFiles\gpio.tmp_save
2025-02-19 00:34:06,348 [INFO] CodeEngine:279 - Generated code: C:\Users\leagu\STM32CubeIDE\workspace_1.16.1\8-DC-Motor\MXTmpFiles\gpio.tmp
2025-02-19 00:34:06,382 [INFO] CodeEngine:255 - oldGeneratedFile, C:\Users\leagu\STM32CubeIDE\workspace_1.16.1\8-DC-Motor\MXTmpFiles\usb_vars.tmp_save
2025-02-19 00:34:06,472 [INFO] CodeEngine:279 - Generated code: C:\Users\leagu\STM32CubeIDE\workspace_1.16.1\8-DC-Motor\MXTmpFiles\usb_vars.tmp
2025-02-19 00:34:06,476 [INFO] CodeEngine:255 - oldGeneratedFile, C:\Users\leagu\STM32CubeIDE\workspace_1.16.1\8-DC-Motor\MXTmpFiles\usb_inc.tmp_save
2025-02-19 00:34:06,535 [INFO] CodeEngine:279 - Generated code: C:\Users\leagu\STM32CubeIDE\workspace_1.16.1\8-DC-Motor\MXTmpFiles\usb_inc.tmp
2025-02-19 00:34:06,539 [INFO] CodeEngine:255 - oldGeneratedFile, C:\Users\leagu\STM32CubeIDE\workspace_1.16.1\8-DC-Motor\MXTmpFiles\usb_HalInit.tmp_save
2025-02-19 00:34:06,649 [INFO] CodeEngine:279 - Generated code: C:\Users\leagu\STM32CubeIDE\workspace_1.16.1\8-DC-Motor\MXTmpFiles\usb_HalInit.tmp
2025-02-19 00:34:06,654 [INFO] CodeEngine:255 - oldGeneratedFile, C:\Users\leagu\STM32CubeIDE\workspace_1.16.1\8-DC-Motor\MXTmpFiles\usb_Msp.tmp_save
2025-02-19 00:34:06,743 [INFO] CodeEngine:279 - Generated code: C:\Users\leagu\STM32CubeIDE\workspace_1.16.1\8-DC-Motor\MXTmpFiles\usb_Msp.tmp
2025-02-19 00:34:06,902 [INFO] Middleware:1439 - No code input for Bsp Dependency
2025-02-19 00:34:06,914 [INFO] Middleware:1439 - No code input for Bsp Dependency
2025-02-19 00:34:06,937 [INFO] CodeEngine:255 - oldGeneratedFile, C:\Users\leagu\STM32CubeIDE\workspace_1.16.1\8-DC-Motor\USB_Device\App\usb_device.c_save
2025-02-19 00:34:07,044 [INFO] CodeEngine:279 - Generated code: C:\Users\leagu\STM32CubeIDE\workspace_1.16.1\8-DC-Motor\USB_Device\App\usb_device.c
2025-02-19 00:34:07,064 [INFO] CodeEngine:255 - oldGeneratedFile, C:\Users\leagu\STM32CubeIDE\workspace_1.16.1\8-DC-Motor\USB_Device\App\usb_device.h_save
2025-02-19 00:34:07,128 [INFO] CodeEngine:279 - Generated code: C:\Users\leagu\STM32CubeIDE\workspace_1.16.1\8-DC-Motor\USB_Device\App\usb_device.h
2025-02-19 00:34:07,135 [INFO] CodeEngine:255 - oldGeneratedFile, C:\Users\leagu\STM32CubeIDE\workspace_1.16.1\8-DC-Motor\USB_Device\Target\usbd_conf.h_save
2025-02-19 00:34:07,201 [INFO] CodeEngine:279 - Generated code: C:\Users\leagu\STM32CubeIDE\workspace_1.16.1\8-DC-Motor\USB_Device\Target\usbd_conf.h
2025-02-19 00:34:07,217 [INFO] CodeEngine:255 - oldGeneratedFile, C:\Users\leagu\STM32CubeIDE\workspace_1.16.1\8-DC-Motor\USB_Device\Target\usbd_conf.c_save
2025-02-19 00:34:07,329 [INFO] CodeEngine:279 - Generated code: C:\Users\leagu\STM32CubeIDE\workspace_1.16.1\8-DC-Motor\USB_Device\Target\usbd_conf.c
2025-02-19 00:34:07,337 [INFO] CodeEngine:255 - oldGeneratedFile, C:\Users\leagu\STM32CubeIDE\workspace_1.16.1\8-DC-Motor\USB_Device\App\usbd_desc.h_save
2025-02-19 00:34:07,410 [INFO] CodeEngine:279 - Generated code: C:\Users\leagu\STM32CubeIDE\workspace_1.16.1\8-DC-Motor\USB_Device\App\usbd_desc.h
2025-02-19 00:34:07,429 [INFO] CodeEngine:255 - oldGeneratedFile, C:\Users\leagu\STM32CubeIDE\workspace_1.16.1\8-DC-Motor\USB_Device\App\usbd_desc.c_save
2025-02-19 00:34:07,534 [INFO] CodeEngine:279 - Generated code: C:\Users\leagu\STM32CubeIDE\workspace_1.16.1\8-DC-Motor\USB_Device\App\usbd_desc.c
2025-02-19 00:34:07,541 [INFO] CodeEngine:255 - oldGeneratedFile, C:\Users\leagu\STM32CubeIDE\workspace_1.16.1\8-DC-Motor\USB_Device\App\usbd_dfu_flash.h_save
2025-02-19 00:34:07,620 [INFO] CodeEngine:279 - Generated code: C:\Users\leagu\STM32CubeIDE\workspace_1.16.1\8-DC-Motor\USB_Device\App\usbd_dfu_flash.h
2025-02-19 00:34:07,637 [INFO] CodeEngine:255 - oldGeneratedFile, C:\Users\leagu\STM32CubeIDE\workspace_1.16.1\8-DC-Motor\USB_Device\App\usbd_dfu_flash.c_save
2025-02-19 00:34:07,699 [INFO] CodeEngine:279 - Generated code: C:\Users\leagu\STM32CubeIDE\workspace_1.16.1\8-DC-Motor\USB_Device\App\usbd_dfu_flash.c
2025-02-19 00:34:07,725 [INFO] CodeEngine:255 - oldGeneratedFile, C:\Users\leagu\STM32CubeIDE\workspace_1.16.1\8-DC-Motor\Core\Src\stm32g4xx_it.c_save
2025-02-19 00:34:07,950 [INFO] CodeEngine:279 - Generated code: C:\Users\leagu\STM32CubeIDE\workspace_1.16.1\8-DC-Motor\Core\Src\stm32g4xx_it.c
2025-02-19 00:34:07,966 [INFO] CodeEngine:255 - oldGeneratedFile, C:\Users\leagu\STM32CubeIDE\workspace_1.16.1\8-DC-Motor\Core\Inc\stm32g4xx_it.h_save
2025-02-19 00:34:08,061 [INFO] CodeEngine:279 - Generated code: C:\Users\leagu\STM32CubeIDE\workspace_1.16.1\8-DC-Motor\Core\Inc\stm32g4xx_it.h
2025-02-19 00:34:08,094 [INFO] CodeEngine:255 - oldGeneratedFile, C:\Users\leagu\STM32CubeIDE\workspace_1.16.1\8-DC-Motor\Core\Src\stm32g4xx_hal_msp.c_save
2025-02-19 00:34:08,234 [INFO] CodeEngine:279 - Generated code: C:\Users\leagu\STM32CubeIDE\workspace_1.16.1\8-DC-Motor\Core\Src\stm32g4xx_hal_msp.c
2025-02-19 00:34:08,239 [INFO] CodeEngine:255 - oldGeneratedFile, C:\Users\leagu\STM32CubeIDE\workspace_1.16.1\8-DC-Motor\MXTmpFiles\system.tmp_save
2025-02-19 00:34:08,298 [INFO] CodeEngine:279 - Generated code: C:\Users\leagu\STM32CubeIDE\workspace_1.16.1\8-DC-Motor\MXTmpFiles\system.tmp
2025-02-19 00:34:08,322 [INFO] CodeEngine:311 - oldGeneratedFile, C:\Users\leagu\STM32CubeIDE\workspace_1.16.1\8-DC-Motor\Core\Inc\stm32g4xx_hal_conf.h_save
2025-02-19 00:34:08,422 [INFO] CodeEngine:335 - Generated code: C:\Users\leagu\STM32CubeIDE\workspace_1.16.1\8-DC-Motor\Core\Inc\stm32g4xx_hal_conf.h
2025-02-19 00:34:08,454 [WARN] IPConfigManager:3005 - Warning: the RefConfig RCC_CommonPeriphClockConfig is not available in your config.xml file
2025-02-19 00:34:08,457 [WARN] IPConfigManager:3554 - IP not found : TIM
2025-02-19 00:34:08,458 [WARN] CodeGenerator:4002 - IP not found : null
2025-02-19 00:34:08,481 [INFO] CodeEngine:255 - oldGeneratedFile, C:\Users\leagu\STM32CubeIDE\workspace_1.16.1\8-DC-Motor\Core\Inc\main.h_save
2025-02-19 00:34:08,550 [INFO] CodeEngine:279 - Generated code: C:\Users\leagu\STM32CubeIDE\workspace_1.16.1\8-DC-Motor\Core\Inc\main.h
2025-02-19 00:34:08,569 [INFO] CodeEngine:255 - oldGeneratedFile, C:\Users\leagu\STM32CubeIDE\workspace_1.16.1\8-DC-Motor\Core\Src\main.c_save
2025-02-19 00:34:08,735 [INFO] CodeEngine:279 - Generated code: C:\Users\leagu\STM32CubeIDE\workspace_1.16.1\8-DC-Motor\Core\Src\main.c
2025-02-19 00:34:09,157 [INFO] ProjectBuilder:3249 - Time for Copy HAL[1] : 235mS.
2025-02-19 00:34:09,164 [INFO] ProjectBuilder:4828 - Project Generator version: 4.5.0-B34
2025-02-19 00:34:09,249 [INFO] ConfigFileManager:1531 - The Die is : DIE468
2025-02-19 00:34:10,699 [INFO] ProjectBuilder:5097 - Time for Generating toolchain IDE Files: 1536mS.
2025-02-19 00:34:10,699 [INFO] ProjectBuilder:3107 - Time for Copy CMSIS : 0mS.
2025-02-19 00:34:10,704 [INFO] ProjectBuilder:3107 - Time for Copy CMSIS : 0mS.
