2024-11-04 18:15:26,303 [INFO] Activator:176 - 


2024-11-04 18:15:26,310 [INFO] Activator:177 - !SESSION log4j initialized
2024-11-04 18:15:33,060 [INFO] LogOutputStream:77 - [STDOUT_REDIRECT] 
2024-11-04 18:15:34,532 [INFO] ApplicationProperties:184 - Using Application install path: C:\ST\STM32CubeIDE_1.16.1\STM32CubeIDE\plugins\com.st.stm32cube.common.mx_6.12.1.202409122256
2024-11-04 18:15:34,553 [INFO] DbMcusXml:78 - Set database path to: C:\ST\STM32CubeIDE_1.16.1\STM32CubeIDE\plugins\com.st.stm32cube.common.mx_6.12.1.202409122256\\db\/mcu/
2024-11-04 18:15:34,554 [INFO] ApiDb:274 - Set plugin database path to: C:\ST\STM32CubeIDE_1.16.1\STM32CubeIDE\plugins\com.st.stm32cube.common.mx_6.12.1.202409122256\\db\/plugins/boardmanager/
2024-11-04 18:15:34,554 [WARN] ApiDb:259 - Overriding images path with different value:  => C:\ST\STM32CubeIDE_1.16.1\STM32CubeIDE\plugins\com.st.stm32cube.common.mx_6.12.1.202409122256\\db\/plugins/mcufinder/images/
2024-11-04 18:15:34,569 [INFO] ApiDb:250 - Set database path to: C:\Users\leagu\.stmcufinder\plugins\mcufinder//mcu/
2024-11-04 18:15:34,570 [INFO] DbMcusAds:125 - Set database path to: C:\Users\leagu\.stmcufinder\plugins\mcufinder//mcu/
2024-11-04 18:15:34,574 [INFO] CrossReferenceDbSqlite:203 - Set database path to: C:\Users\leagu\.stmcufinder\plugins\mcufinder//mcu/cs/
2024-11-04 18:15:34,721 [INFO] RulesReader:64 - Compatibility file has been processed (297 Rules)
2024-11-04 18:15:34,805 [INFO] DbMcusXml:78 - Set database path to: C:\ST\STM32CubeIDE_1.16.1\STM32CubeIDE\plugins\com.st.stm32cube.common.mx_6.12.1.202409122256\\db\/mcu/
2024-11-04 18:15:34,806 [INFO] ApiDb:274 - Set plugin database path to: C:\ST\STM32CubeIDE_1.16.1\STM32CubeIDE\plugins\com.st.stm32cube.common.mx_6.12.1.202409122256\\db\/plugins/boardmanager/
2024-11-04 18:15:34,806 [INFO] ApiDb:261 - Set plugin images path to: C:\ST\STM32CubeIDE_1.16.1\STM32CubeIDE\plugins\com.st.stm32cube.common.mx_6.12.1.202409122256\\db\/plugins/mcufinder/images/
2024-11-04 18:15:34,806 [WARN] DbFile:41 - Overriding database path with different value: C:\Users\leagu\.stmcufinder\plugins\mcufinder/ => C:\Users\leagu\.stmcufinder\plugins\mcufinder
2024-11-04 18:15:34,806 [INFO] ApiDb:250 - Set database path to: C:\Users\leagu\.stmcufinder\plugins\mcufinder//mcu/
2024-11-04 18:15:34,806 [WARN] DbFile:41 - Overriding database path with different value: C:\Users\leagu\.stmcufinder\plugins\mcufinder/ => C:\Users\leagu\.stmcufinder\plugins\mcufinder
2024-11-04 18:15:34,806 [INFO] DbMcusAds:125 - Set database path to: C:\Users\leagu\.stmcufinder\plugins\mcufinder//mcu/
2024-11-04 18:15:34,806 [WARN] DbFile:41 - Overriding database path with different value: C:\Users\leagu\.stmcufinder\plugins\mcufinder/ => C:\Users\leagu\.stmcufinder\plugins\mcufinder
2024-11-04 18:15:34,807 [WARN] DbFile:41 - Overriding database path with different value: C:\Users\leagu\.stmcufinder\plugins\mcufinder/ => C:\Users\leagu\.stmcufinder\plugins\mcufinder
2024-11-04 18:15:34,807 [INFO] CrossReferenceDbSqlite:203 - Set database path to: C:\Users\leagu\.stmcufinder\plugins\mcufinder//mcu/cs/
2024-11-04 18:15:34,915 [INFO] MainPanel:268 - HeapMemory: 268435456
2024-11-04 18:15:35,033 [INFO] DbMcusXml:78 - Set database path to: C:\ST\STM32CubeIDE_1.16.1\STM32CubeIDE\plugins\com.st.stm32cube.common.mx_6.12.1.202409122256\\db\/mcu/
2024-11-04 18:15:35,033 [INFO] ApiDb:274 - Set plugin database path to: C:\ST\STM32CubeIDE_1.16.1\STM32CubeIDE\plugins\com.st.stm32cube.common.mx_6.12.1.202409122256\\db\/plugins/boardmanager/
2024-11-04 18:15:35,033 [INFO] ApiDb:261 - Set plugin images path to: C:\ST\STM32CubeIDE_1.16.1\STM32CubeIDE\plugins\com.st.stm32cube.common.mx_6.12.1.202409122256\\db\/plugins/mcufinder/images/
2024-11-04 18:15:35,033 [WARN] DbFile:41 - Overriding database path with different value: C:\Users\leagu\.stmcufinder\plugins\mcufinder/ => C:\Users\leagu\.stmcufinder\plugins\mcufinder
2024-11-04 18:15:35,033 [INFO] ApiDb:250 - Set database path to: C:\Users\leagu\.stmcufinder\plugins\mcufinder//mcu/
2024-11-04 18:15:35,034 [WARN] DbFile:41 - Overriding database path with different value: C:\Users\leagu\.stmcufinder\plugins\mcufinder/ => C:\Users\leagu\.stmcufinder\plugins\mcufinder
2024-11-04 18:15:35,034 [INFO] DbMcusAds:125 - Set database path to: C:\Users\leagu\.stmcufinder\plugins\mcufinder//mcu/
2024-11-04 18:15:35,034 [WARN] DbFile:41 - Overriding database path with different value: C:\Users\leagu\.stmcufinder\plugins\mcufinder/ => C:\Users\leagu\.stmcufinder\plugins\mcufinder
2024-11-04 18:15:35,034 [WARN] DbFile:41 - Overriding database path with different value: C:\Users\leagu\.stmcufinder\plugins\mcufinder/ => C:\Users\leagu\.stmcufinder\plugins\mcufinder
2024-11-04 18:15:35,034 [INFO] CrossReferenceDbSqlite:203 - Set database path to: C:\Users\leagu\.stmcufinder\plugins\mcufinder//mcu/cs/
2024-11-04 18:15:35,054 [INFO] ApplicationProperties:184 - Using Application install path: C:\ST\STM32CubeIDE_1.16.1\STM32CubeIDE\plugins\com.st.stm32cube.common.mx_6.12.1.202409122256
2024-11-04 18:15:35,057 [INFO] PluginManage:196 - Search for loadable plugins [exclusion list=, ]
2024-11-04 18:15:35,059 [INFO] PluginManage:310 - Check plugin analytics
2024-11-04 18:15:35,322 [INFO] AnalyticsPlugin:253 - Accepted Software Licenses: 
2024-11-04 18:15:35,322 [INFO] AnalyticsPlugin:255 - Accepted CMSIS Pack Licenses: 
2024-11-04 18:15:35,323 [INFO] AnalyticsPlugin:257 - Accepted Firmware Licenses: FW.F4.1.28.0
2024-11-04 18:15:35,327 [INFO] PluginManage:359 - Loaded plugin analytics (category:tool,tabindex:-1)
2024-11-04 18:15:35,328 [INFO] PluginManage:310 - Check plugin cadmodel
2024-11-04 18:15:35,335 [INFO] CADModel:105 - Init CAD model plugin
2024-11-04 18:15:35,336 [INFO] PluginManage:359 - Loaded plugin cadmodel (category:power,tabindex:5)
2024-11-04 18:15:35,336 [INFO] PluginManage:310 - Check plugin clock
2024-11-04 18:15:35,353 [INFO] PluginManage:359 - Loaded plugin clock (category:base,tabindex:2)
2024-11-04 18:15:35,353 [INFO] PluginManage:310 - Check plugin ddr
2024-11-04 18:15:35,360 [INFO] PluginManage:359 - Loaded plugin ddr (category:tool,tabindex:6)
2024-11-04 18:15:35,360 [INFO] PluginManage:310 - Check plugin filemanager
2024-11-04 18:15:35,581 [INFO] PluginManage:359 - Loaded plugin filemanager (category:base,tabindex:10)
2024-11-04 18:15:35,582 [INFO] PluginManage:310 - Check plugin ipmanager
2024-11-04 18:15:35,594 [INFO] PluginManage:359 - Loaded plugin ipmanager (category:base,tabindex:5)
2024-11-04 18:15:35,594 [INFO] PluginManage:310 - Check plugin lpbam
2024-11-04 18:15:35,606 [INFO] PluginManage:359 - Loaded plugin lpbam (category:base,tabindex:0)
2024-11-04 18:15:35,606 [INFO] PluginManage:310 - Check plugin memorymap
2024-11-04 18:15:35,630 [INFO] PluginManage:359 - Loaded plugin memorymap (category:base,tabindex:4)
2024-11-04 18:15:35,630 [INFO] PluginManage:310 - Check plugin pinoutandconfiguration
2024-11-04 18:15:35,641 [INFO] PluginManage:359 - Loaded plugin pinoutandconfiguration (category:base,tabindex:1)
2024-11-04 18:15:35,641 [INFO] PluginManage:310 - Check plugin pinoutconfig
2024-11-04 18:15:35,757 [WARN] SupportedApi:132 - Cannot load RTOS API schema: s4s-elt-must-match.1: The content of 'definitions' must match (annotation?, (simpleType | complexType)?, (unique | key | keyref)*)). A problem was found starting at: attribute.
2024-11-04 18:15:35,978 [INFO] PluginManage:359 - Loaded plugin pinoutconfig (category:base,tabindex:0)
2024-11-04 18:15:35,978 [INFO] PluginManage:310 - Check plugin power
2024-11-04 18:15:35,990 [INFO] PluginManage:359 - Loaded plugin power (category:power,tabindex:4)
2024-11-04 18:15:35,991 [INFO] PluginManage:310 - Check plugin projectmanager
2024-11-04 18:15:36,015 [INFO] PluginManage:359 - Loaded plugin projectmanager (category:projectmanager,tabindex:4)
2024-11-04 18:15:36,015 [INFO] PluginManage:310 - Check plugin rif
2024-11-04 18:15:36,024 [INFO] PluginManage:359 - Loaded plugin rif (category:base,tabindex:3)
2024-11-04 18:15:36,024 [INFO] PluginManage:310 - Check plugin thirdparty
2024-11-04 18:15:36,204 [INFO] PluginManage:359 - Loaded plugin thirdparty (category:base,tabindex:-1)
2024-11-04 18:15:36,205 [INFO] PluginManage:310 - Check plugin tools
2024-11-04 18:15:36,204 [WARN] IntegrityCheckThread:84 - waiting for thirdparty lock release [integrity check]
2024-11-04 18:15:36,212 [INFO] PluginManage:359 - Loaded plugin tools (category:base,tabindex:7)
2024-11-04 18:15:36,212 [INFO] PluginManage:310 - Check plugin tutovideos
2024-11-04 18:15:36,205 [INFO] IntegrityCheckThread:86 - entering critical section [integrity check]
2024-11-04 18:15:36,215 [INFO] ThirdPartyUpdaterWithRetryManager:70 - Updater plugin not ready yet. [1/15]
2024-11-04 18:15:36,474 [INFO] PluginManage:359 - Loaded plugin tutovideos (category:base,tabindex:-1)
2024-11-04 18:15:36,475 [INFO] PluginManage:310 - Check plugin updater
2024-11-04 18:15:36,496 [INFO] PluginManage:359 - Loaded plugin updater (category:base,tabindex:12)
2024-11-04 18:15:36,496 [INFO] PluginManage:310 - Check plugin userauth
2024-11-04 18:15:36,503 [INFO] UserAuth:113 - Init User Auth plugin
2024-11-04 18:15:36,503 [INFO] PluginManage:359 - Loaded plugin userauth (category:base,tabindex:14)
2024-11-04 18:15:36,504 [INFO] PluginManage:283 - PluginManage : Loaded plugins [18]
2024-11-04 18:15:36,777 [INFO] PinOutPanel:1561 - setPackage(No Configuration,No Configuration)
2024-11-04 18:15:36,881 [INFO] CADModel:165 - CPN selected for project level
2024-11-04 18:15:36,881 [INFO] CADModel:114 - Register for checkConnection events
2024-11-04 18:15:36,902 [INFO] IPUIPlugin:80 - create IPUIPlugin
2024-11-04 18:15:36,902 [INFO] PluginManager:220 - loadIPPluginJar : add adc
2024-11-04 18:15:36,906 [INFO] IPUIPlugin:80 - create IPUIPlugin
2024-11-04 18:15:36,907 [INFO] PluginManager:220 - loadIPPluginJar : add aes
2024-11-04 18:15:36,910 [INFO] IPUIPlugin:80 - create IPUIPlugin
2024-11-04 18:15:36,910 [INFO] PluginManager:220 - loadIPPluginJar : add can
2024-11-04 18:15:36,913 [INFO] IPUIPlugin:80 - create IPUIPlugin
2024-11-04 18:15:36,913 [INFO] PluginManager:220 - loadIPPluginJar : add comp
2024-11-04 18:15:36,916 [INFO] IPUIPlugin:80 - create IPUIPlugin
2024-11-04 18:15:36,916 [INFO] PluginManager:220 - loadIPPluginJar : add cryp
2024-11-04 18:15:36,920 [INFO] IPUIPlugin:80 - create IPUIPlugin
2024-11-04 18:15:36,920 [INFO] PluginManager:220 - loadIPPluginJar : add ddr_ctrl_phy
2024-11-04 18:15:36,924 [INFO] IPUIPlugin:80 - create IPUIPlugin
2024-11-04 18:15:36,925 [INFO] PluginManager:220 - loadIPPluginJar : add dfsdm
2024-11-04 18:15:36,932 [INFO] IPUIPlugin:80 - create IPUIPlugin
2024-11-04 18:15:36,932 [INFO] PluginManager:220 - loadIPPluginJar : add dma
2024-11-04 18:15:36,935 [INFO] IPUIPlugin:80 - create IPUIPlugin
2024-11-04 18:15:36,935 [INFO] PluginManager:220 - loadIPPluginJar : add dma3
2024-11-04 18:15:36,940 [INFO] IPUIPlugin:80 - create IPUIPlugin
2024-11-04 18:15:36,940 [INFO] PluginManager:220 - loadIPPluginJar : add extmemmanager
2024-11-04 18:15:36,944 [INFO] IPUIPlugin:80 - create IPUIPlugin
2024-11-04 18:15:36,944 [INFO] PluginManager:220 - loadIPPluginJar : add fatfs
2024-11-04 18:15:36,949 [INFO] IPUIPlugin:80 - create IPUIPlugin
2024-11-04 18:15:36,949 [INFO] PluginManager:220 - loadIPPluginJar : add fmc
2024-11-04 18:15:36,956 [INFO] IPUIPlugin:80 - create IPUIPlugin
2024-11-04 18:15:36,957 [INFO] PluginManager:220 - loadIPPluginJar : add freertos
2024-11-04 18:15:36,959 [INFO] IPUIPlugin:80 - create IPUIPlugin
2024-11-04 18:15:36,960 [INFO] PluginManager:220 - loadIPPluginJar : add genericplugin
2024-11-04 18:15:36,963 [INFO] IPUIPlugin:80 - create IPUIPlugin
2024-11-04 18:15:36,963 [INFO] PluginManager:220 - loadIPPluginJar : add gfxmmu
2024-11-04 18:15:36,969 [INFO] IPUIPlugin:80 - create IPUIPlugin
2024-11-04 18:15:36,969 [INFO] PluginManager:220 - loadIPPluginJar : add gic
2024-11-04 18:15:36,976 [INFO] IPUIPlugin:80 - create IPUIPlugin
2024-11-04 18:15:36,977 [INFO] PluginManager:220 - loadIPPluginJar : add gpio
2024-11-04 18:15:36,980 [INFO] IPUIPlugin:80 - create IPUIPlugin
2024-11-04 18:15:36,980 [INFO] PluginManager:220 - loadIPPluginJar : add gtzc
2024-11-04 18:15:36,982 [INFO] IPUIPlugin:80 - create IPUIPlugin
2024-11-04 18:15:36,983 [INFO] PluginManager:220 - loadIPPluginJar : add hash
2024-11-04 18:15:36,986 [INFO] IPUIPlugin:80 - create IPUIPlugin
2024-11-04 18:15:36,986 [INFO] PluginManager:220 - loadIPPluginJar : add i2c
2024-11-04 18:15:36,992 [INFO] IPUIPlugin:80 - create IPUIPlugin
2024-11-04 18:15:36,992 [INFO] PluginManager:220 - loadIPPluginJar : add i2s
2024-11-04 18:15:36,996 [INFO] IPUIPlugin:80 - create IPUIPlugin
2024-11-04 18:15:36,996 [INFO] PluginManager:220 - loadIPPluginJar : add i3c
2024-11-04 18:15:37,000 [INFO] IPUIPlugin:80 - create IPUIPlugin
2024-11-04 18:15:37,000 [INFO] PluginManager:220 - loadIPPluginJar : add ipddr
2024-11-04 18:15:37,010 [INFO] IPUIPlugin:80 - create IPUIPlugin
2024-11-04 18:15:37,011 [INFO] PluginManager:220 - loadIPPluginJar : add linkedlist
2024-11-04 18:15:37,014 [INFO] IPUIPlugin:80 - create IPUIPlugin
2024-11-04 18:15:37,014 [INFO] PluginManager:220 - loadIPPluginJar : add lorawan
2024-11-04 18:15:37,015 [INFO] IPUIPlugin:80 - create IPUIPlugin
2024-11-04 18:15:37,015 [INFO] PluginManager:220 - loadIPPluginJar : add ltdc
2024-11-04 18:15:37,021 [INFO] IPUIPlugin:80 - create IPUIPlugin
2024-11-04 18:15:37,022 [INFO] PluginManager:220 - loadIPPluginJar : add mdma
2024-11-04 18:15:37,028 [INFO] IPUIPlugin:80 - create IPUIPlugin
2024-11-04 18:15:37,028 [INFO] PluginManager:220 - loadIPPluginJar : add nvic
2024-11-04 18:15:37,032 [INFO] IPUIPlugin:80 - create IPUIPlugin
2024-11-04 18:15:37,032 [INFO] PluginManager:220 - loadIPPluginJar : add opamp
2024-11-04 18:15:37,036 [INFO] IPUIPlugin:80 - create IPUIPlugin
2024-11-04 18:15:37,036 [INFO] PluginManager:220 - loadIPPluginJar : add openamp
2024-11-04 18:15:37,042 [INFO] IPUIPlugin:80 - create IPUIPlugin
2024-11-04 18:15:37,042 [INFO] PluginManager:220 - loadIPPluginJar : add pdm2pcm
2024-11-04 18:15:37,050 [INFO] IPUIPlugin:80 - create IPUIPlugin
2024-11-04 18:15:37,052 [INFO] PluginManager:220 - loadIPPluginJar : add plateformsettings
2024-11-04 18:15:37,054 [INFO] IPUIPlugin:80 - create IPUIPlugin
2024-11-04 18:15:37,054 [INFO] PluginManager:220 - loadIPPluginJar : add quadspi
2024-11-04 18:15:37,058 [INFO] IPUIPlugin:80 - create IPUIPlugin
2024-11-04 18:15:37,059 [INFO] PluginManager:220 - loadIPPluginJar : add radio
2024-11-04 18:15:37,064 [INFO] IPUIPlugin:80 - create IPUIPlugin
2024-11-04 18:15:37,064 [INFO] PluginManager:220 - loadIPPluginJar : add resmgrutility
2024-11-04 18:15:37,068 [INFO] IPUIPlugin:80 - create IPUIPlugin
2024-11-04 18:15:37,068 [INFO] PluginManager:220 - loadIPPluginJar : add sai
2024-11-04 18:15:37,071 [INFO] IPUIPlugin:80 - create IPUIPlugin
2024-11-04 18:15:37,071 [INFO] PluginManager:220 - loadIPPluginJar : add spi
2024-11-04 18:15:37,087 [INFO] IPUIPlugin:80 - create IPUIPlugin
2024-11-04 18:15:37,087 [INFO] PluginManager:220 - loadIPPluginJar : add stm32_wpan
2024-11-04 18:15:37,091 [INFO] IPUIPlugin:80 - create IPUIPlugin
2024-11-04 18:15:37,092 [INFO] PluginManager:220 - loadIPPluginJar : add tim
2024-11-04 18:15:37,097 [INFO] IPUIPlugin:80 - create IPUIPlugin
2024-11-04 18:15:37,097 [INFO] PluginManager:220 - loadIPPluginJar : add touchsensing
2024-11-04 18:15:37,103 [INFO] IPUIPlugin:80 - create IPUIPlugin
2024-11-04 18:15:37,104 [INFO] PluginManager:220 - loadIPPluginJar : add tracer_emb
2024-11-04 18:15:37,109 [INFO] IPUIPlugin:80 - create IPUIPlugin
2024-11-04 18:15:37,109 [INFO] PluginManager:220 - loadIPPluginJar : add ts
2024-11-04 18:15:37,113 [INFO] IPUIPlugin:80 - create IPUIPlugin
2024-11-04 18:15:37,113 [INFO] PluginManager:220 - loadIPPluginJar : add tsc
2024-11-04 18:15:37,116 [INFO] IPUIPlugin:80 - create IPUIPlugin
2024-11-04 18:15:37,117 [INFO] PluginManager:220 - loadIPPluginJar : add ucpd
2024-11-04 18:15:37,120 [INFO] IPUIPlugin:80 - create IPUIPlugin
2024-11-04 18:15:37,120 [INFO] PluginManager:220 - loadIPPluginJar : add usart
2024-11-04 18:15:37,126 [INFO] IPUIPlugin:80 - create IPUIPlugin
2024-11-04 18:15:37,126 [INFO] PluginManager:220 - loadIPPluginJar : add usbx
2024-11-04 18:15:37,280 [INFO] CADModel:165 - CPN selected for project level
2024-11-04 18:15:37,280 [INFO] CADModel:114 - Register for checkConnection events
2024-11-04 18:15:37,280 [FATAL] Updater:334 - Updater called before beeing initialized
2024-11-04 18:15:37,280 [ERROR] CADModel:125 - Updater not yet initialized, retry later 
2024-11-04 18:15:37,453 [INFO] CADModel:165 - CPN selected for project level
2024-11-04 18:15:37,453 [INFO] CADModel:114 - Register for checkConnection events
2024-11-04 18:15:37,453 [FATAL] Updater:334 - Updater called before beeing initialized
2024-11-04 18:15:37,453 [ERROR] CADModel:125 - Updater not yet initialized, retry later 
2024-11-04 18:15:37,459 [FATAL] Updater:334 - Updater called before beeing initialized
2024-11-04 18:15:37,612 [FATAL] Updater:334 - Updater called before beeing initialized
2024-11-04 18:15:37,626 [INFO] DbMcusAds:53 - JSON generation date=Fri Sep 20 16:04:23 TRT 2024 (1726837463113)
2024-11-04 18:15:37,626 [FATAL] Updater:334 - Updater called before beeing initialized
2024-11-04 18:15:37,672 [WARN] DetailPanel:346 - Failed to get advertising image, set to default
2024-11-04 18:15:37,782 [FATAL] Updater:334 - Updater called before beeing initialized
2024-11-04 18:15:37,783 [FATAL] Updater:334 - Updater called before beeing initialized
2024-11-04 18:15:37,783 [FATAL] Updater:334 - Updater called before beeing initialized
2024-11-04 18:15:37,784 [WARN] DetailPanel:346 - Failed to get advertising image, set to default
2024-11-04 18:15:37,784 [FATAL] Updater:334 - Updater called before beeing initialized
2024-11-04 18:15:37,858 [ERROR] Updater:1164 - MainUpdater not yet initialized. External WinMGr cannot be set.
2024-11-04 18:15:37,861 [INFO] Updater:1100 - Updater Version found : 6.12.1
2024-11-04 18:15:37,886 [INFO] ApplicationProperties:184 - Using Application install path: C:\ST\STM32CubeIDE_1.16.1\STM32CubeIDE\plugins\com.st.stm32cube.common.mx_6.12.1.202409122256
2024-11-04 18:15:39,216 [INFO] ThirdPartyUpdaterWithRetryManager:70 - Updater plugin not ready yet. [2/15]
2024-11-04 18:15:39,475 [ERROR] LogOutputStream:75 - [STDERR_REDIRECT] Nov 04, 2024 6:15:39 PM java.util.prefs.WindowsPreferences <init>
2024-11-04 18:15:39,481 [ERROR] LogOutputStream:75 - [STDERR_REDIRECT] WARNING: Could not open/create prefs root node Software\JavaSoft\Prefs at root 0xffffffff80000002. Windows RegCreateKeyEx(...) returned error code 5.
2024-11-04 18:15:39,481 [ERROR] LogOutputStream:75 - [STDERR_REDIRECT] 
2024-11-04 18:15:40,091 [INFO] MainUpdater:2873 - connection check result : 10
2024-11-04 18:15:40,092 [INFO] MainUpdater:290 - Updater Check For Update Now.
2024-11-04 18:15:40,093 [INFO] MicroXplorer:498 - Change Database Version : DB.6.0.121
2024-11-04 18:15:40,102 [INFO] McuFinderGlobals:63 - Set McuFinder mode to 2 (CubeIDE integrated)
2024-11-04 18:15:40,111 [INFO] UserAuth:417 - Internet connection configuration mode: 1
2024-11-04 18:15:40,175 [INFO] JxBrowserEngine:152 - Initiate JxBrowser Engine with user profile folder
2024-11-04 18:15:40,408 [INFO] CheckServerUpdateThread:120 - End of CheckServer Thread
2024-11-04 18:15:42,507 [WARN] PackLoader:240 - Cannot read IP mode file for STMicroelectronics.FP-SNS-MOTENVWB1.1.4.0
2024-11-04 18:15:42,535 [WARN] PackLoader:240 - Cannot read IP mode file for STMicroelectronics.X-CUBE-SMBUS.2.1.0
2024-11-04 18:15:42,555 [WARN] PackLoader:240 - Cannot read IP mode file for STMicroelectronics.X-CUBE-WB05N.1.1.0
2024-11-04 18:15:42,619 [WARN] PackLoader:240 - Cannot read IP mode file for STMicroelectronics.X-CUBE-AZRTOS-F7.1.1.0
2024-11-04 18:15:42,775 [WARN] PackLoader:240 - Cannot read IP mode file for STMicroelectronics.X-CUBE-MEMS1.11.0.0
2024-11-04 18:15:43,033 [WARN] PackLoader:240 - Cannot read IP mode file for STMicroelectronics.FP-SNS-FLIGHT1.5.0.2
2024-11-04 18:15:43,051 [WARN] PackLoader:240 - Cannot read IP mode file for STMicroelectronics.X-CUBE-DISPLAY.3.0.0
2024-11-04 18:15:43,083 [WARN] PackLoader:240 - Cannot read IP mode file for STMicroelectronics.X-CUBE-BLE1.7.0.0
2024-11-04 18:15:43,128 [WARN] PackLoader:240 - Cannot read IP mode file for STMicroelectronics.X-CUBE-NFC10.1.0.0
2024-11-04 18:15:43,147 [WARN] PackLoader:240 - Cannot read IP mode file for emotas.I-CUBE-CANOPEN.1.3.0
2024-11-04 18:15:43,180 [WARN] PackLoader:240 - Cannot read IP mode file for STMicroelectronics.X-CUBE-BLEMGR.3.1.0
2024-11-04 18:15:43,211 [WARN] PackLoader:240 - Cannot read IP mode file for STMicroelectronics.FP-SNS-SMARTAG2.1.2.0
2024-11-04 18:15:43,250 [INFO] LogOutputStream:77 - [STDOUT_REDIRECT] 1 : Invalid condition id : UX_CORESTACK_Condition cause : null
2024-11-04 18:15:43,251 [INFO] LogOutputStream:77 - [STDOUT_REDIRECT] 1 : Invalid condition id : UX_CORESTACK_Condition cause : null
2024-11-04 18:15:43,252 [INFO] LogOutputStream:77 - [STDOUT_REDIRECT] 1 : Invalid condition id : UX_CORESTACK_Condition cause : null
2024-11-04 18:15:43,253 [INFO] LogOutputStream:77 - [STDOUT_REDIRECT] 1 : Invalid condition id : UX_CORESTACK_Condition cause : null
2024-11-04 18:15:43,254 [INFO] LogOutputStream:77 - [STDOUT_REDIRECT] 1 : Invalid condition id : UX_CORESTACK_Condition cause : null
2024-11-04 18:15:43,257 [WARN] PackLoader:240 - Cannot read IP mode file for STMicroelectronics.X-CUBE-AZRTOS-WL.2.0.0
2024-11-04 18:15:43,279 [WARN] PackLoader:240 - Cannot read IP mode file for STMicroelectronics.FP-SNS-MOTENV1.5.0.0
2024-11-04 18:15:43,302 [WARN] PackLoader:240 - Cannot read IP mode file for wolfSSL.I-CUBE-wolfMQTT.1.19.0
2024-11-04 18:15:43,326 [WARN] PackLoader:240 - Cannot read IP mode file for WES.I-CUBE-Cesium.1.3.0
2024-11-04 18:15:43,345 [WARN] PackLoader:240 - Cannot read IP mode file for STMicroelectronics.X-CUBE-BLE2.3.3.0
2024-11-04 18:15:43,368 [WARN] PackLoader:240 - Cannot read IP mode file for STMicroelectronics.X-CUBE-NFC9.1.0.0
2024-11-04 18:15:43,387 [WARN] PackLoader:240 - Cannot read IP mode file for STMicroelectronics.X-CUBE-TCPP.4.1.0
2024-11-04 18:15:43,432 [WARN] PackLoader:240 - Cannot read IP mode file for STMicroelectronics.X-CUBE-AZRTOS-G0.1.1.0
2024-11-04 18:15:43,467 [WARN] PackLoader:240 - Cannot read IP mode file for STMicroelectronics.X-CUBE-SAFEA1.1.2.2
2024-11-04 18:15:43,496 [WARN] PackLoader:240 - Cannot read IP mode file for STMicroelectronics.X-CUBE-NFC4.3.0.0
2024-11-04 18:15:43,519 [WARN] PackLoader:240 - Cannot read IP mode file for EmbeddedOffice.I-CUBE-FS-RTOS.1.0.1
2024-11-04 18:15:43,519 [ERROR] ConditionMgr:805 - Attr not supported : Dmpu
2024-11-04 18:15:43,519 [ERROR] ConditionMgr:805 - Attr not supported : Dmpu
2024-11-04 18:15:43,519 [ERROR] ConditionMgr:805 - Attr not supported : Dmpu
2024-11-04 18:15:43,519 [ERROR] ConditionMgr:805 - Attr not supported : Dmpu
2024-11-04 18:15:43,519 [ERROR] ConditionMgr:805 - Attr not supported : Dmpu
2024-11-04 18:15:43,519 [ERROR] ConditionMgr:805 - Attr not supported : Dmpu
2024-11-04 18:15:43,520 [ERROR] ConditionMgr:805 - Attr not supported : Dmpu
2024-11-04 18:15:43,520 [ERROR] ConditionMgr:805 - Attr not supported : Dmpu
2024-11-04 18:15:43,520 [ERROR] ConditionMgr:805 - Attr not supported : Dmpu
2024-11-04 18:15:43,520 [ERROR] ConditionMgr:805 - Attr not supported : Dmpu
2024-11-04 18:15:43,521 [ERROR] ConditionMgr:805 - Attr not supported : Dmpu
2024-11-04 18:15:43,521 [ERROR] ConditionMgr:805 - Attr not supported : Dmpu
2024-11-04 18:15:43,521 [ERROR] ConditionMgr:805 - Attr not supported : Dmpu
2024-11-04 18:15:43,521 [ERROR] ConditionMgr:805 - Attr not supported : Dmpu
2024-11-04 18:15:43,521 [ERROR] ConditionMgr:805 - Attr not supported : Dmpu
2024-11-04 18:15:43,521 [ERROR] ConditionMgr:805 - Attr not supported : Dmpu
2024-11-04 18:15:43,521 [ERROR] ConditionMgr:805 - Attr not supported : Dmpu
2024-11-04 18:15:43,522 [ERROR] ConditionMgr:805 - Attr not supported : Dmpu
2024-11-04 18:15:43,522 [ERROR] ConditionMgr:805 - Attr not supported : Dmpu
2024-11-04 18:15:43,522 [ERROR] ConditionMgr:805 - Attr not supported : Dmpu
2024-11-04 18:15:43,523 [ERROR] ConditionMgr:805 - Attr not supported : Dmpu
2024-11-04 18:15:43,523 [ERROR] ConditionMgr:805 - Attr not supported : Dmpu
2024-11-04 18:15:43,524 [ERROR] ConditionMgr:805 - Attr not supported : Dmpu
2024-11-04 18:15:43,524 [ERROR] ConditionMgr:805 - Attr not supported : Dmpu
2024-11-04 18:15:43,524 [ERROR] ConditionMgr:805 - Attr not supported : Dmpu
2024-11-04 18:15:43,524 [ERROR] ConditionMgr:805 - Attr not supported : Dmpu
2024-11-04 18:15:43,524 [ERROR] ConditionMgr:805 - Attr not supported : Dmpu
2024-11-04 18:15:43,524 [ERROR] ConditionMgr:805 - Attr not supported : Dmpu
2024-11-04 18:15:43,524 [ERROR] ConditionMgr:805 - Attr not supported : Dmpu
2024-11-04 18:15:43,524 [ERROR] ConditionMgr:805 - Attr not supported : Dmpu
2024-11-04 18:15:43,525 [ERROR] ConditionMgr:805 - Attr not supported : Dmpu
2024-11-04 18:15:43,528 [ERROR] ConditionMgr:805 - Attr not supported : Dmpu
2024-11-04 18:15:43,528 [ERROR] ConditionMgr:805 - Attr not supported : Dmpu
2024-11-04 18:15:43,528 [ERROR] ConditionMgr:805 - Attr not supported : Dmpu
2024-11-04 18:15:43,528 [ERROR] ConditionMgr:805 - Attr not supported : Dmpu
2024-11-04 18:15:43,529 [ERROR] ConditionMgr:805 - Attr not supported : Dmpu
2024-11-04 18:15:43,529 [ERROR] ConditionMgr:805 - Attr not supported : Dmpu
2024-11-04 18:15:43,529 [ERROR] ConditionMgr:805 - Attr not supported : Dmpu
2024-11-04 18:15:43,529 [ERROR] ConditionMgr:805 - Attr not supported : Dmpu
2024-11-04 18:15:43,529 [ERROR] ConditionMgr:805 - Attr not supported : Dmpu
2024-11-04 18:15:43,529 [ERROR] ConditionMgr:805 - Attr not supported : Dmpu
2024-11-04 18:15:43,529 [ERROR] ConditionMgr:805 - Attr not supported : Dmpu
2024-11-04 18:15:43,529 [ERROR] ConditionMgr:805 - Attr not supported : Dmpu
2024-11-04 18:15:43,529 [ERROR] ConditionMgr:805 - Attr not supported : Dmpu
2024-11-04 18:15:43,529 [ERROR] ConditionMgr:805 - Attr not supported : Dmpu
2024-11-04 18:15:43,529 [ERROR] ConditionMgr:805 - Attr not supported : Dmpu
2024-11-04 18:15:43,529 [ERROR] ConditionMgr:805 - Attr not supported : Dmpu
2024-11-04 18:15:43,530 [ERROR] ConditionMgr:805 - Attr not supported : Dmpu
2024-11-04 18:15:43,530 [ERROR] ConditionMgr:805 - Attr not supported : Dmpu
2024-11-04 18:15:43,530 [ERROR] ConditionMgr:805 - Attr not supported : Dmpu
2024-11-04 18:15:43,530 [ERROR] ConditionMgr:805 - Attr not supported : Dmpu
2024-11-04 18:15:43,530 [ERROR] ConditionMgr:805 - Attr not supported : Dmpu
2024-11-04 18:15:43,530 [ERROR] ConditionMgr:805 - Attr not supported : Dmpu
2024-11-04 18:15:43,530 [ERROR] ConditionMgr:805 - Attr not supported : Dmpu
2024-11-04 18:15:43,530 [ERROR] ConditionMgr:805 - Attr not supported : Dmpu
2024-11-04 18:15:43,530 [ERROR] ConditionMgr:805 - Attr not supported : Dmpu
2024-11-04 18:15:43,530 [ERROR] ConditionMgr:805 - Attr not supported : Dmpu
2024-11-04 18:15:43,530 [ERROR] ConditionMgr:805 - Attr not supported : Dmpu
2024-11-04 18:15:43,530 [ERROR] ConditionMgr:805 - Attr not supported : Dmpu
2024-11-04 18:15:43,530 [ERROR] ConditionMgr:805 - Attr not supported : Dmpu
2024-11-04 18:15:43,530 [ERROR] ConditionMgr:805 - Attr not supported : Dmpu
2024-11-04 18:15:43,531 [ERROR] ConditionMgr:805 - Attr not supported : Dmpu
2024-11-04 18:15:43,531 [ERROR] ConditionMgr:805 - Attr not supported : Dmpu
2024-11-04 18:15:43,531 [ERROR] ConditionMgr:805 - Attr not supported : Dmpu
2024-11-04 18:15:43,548 [WARN] PackLoader:240 - Cannot read IP mode file for RealThread.X-CUBE-RT-Thread_Nano.4.1.1
2024-11-04 18:15:43,570 [WARN] PackLoader:240 - Cannot read IP mode file for STMicroelectronics.FP-ATR-SIGFOX1.3.2.0
2024-11-04 18:15:43,585 [WARN] PackLoader:240 - Cannot read IP mode file for wolfSSL.I-CUBE-wolfSSL.5.7.2
2024-11-04 18:15:43,606 [WARN] PackLoader:240 - Cannot read IP mode file for STMicroelectronics.X-CUBE-EEPRMA1.5.1.0
2024-11-04 18:15:43,629 [WARN] PackLoader:240 - Cannot read IP mode file for ITTIA_DB.I-CUBE-ITTIADB.8.9.0
2024-11-04 18:15:43,687 [WARN] PackLoader:240 - Cannot read IP mode file for SEGGER.I-CUBE-embOS.1.3.1
2024-11-04 18:15:43,771 [WARN] PackLoader:240 - Cannot read IP mode file for STMicroelectronics.X-CUBE-ALGOBUILD.1.4.0
2024-11-04 18:15:43,790 [WARN] PackLoader:240 - Cannot read IP mode file for STMicroelectronics.X-CUBE-AI.9.1.0
2024-11-04 18:15:43,842 [WARN] PackLoader:240 - Cannot read IP mode file for STMicroelectronics.X-CUBE-AZRTOS-F4.1.1.0
2024-11-04 18:15:43,859 [WARN] PackLoader:240 - Cannot read IP mode file for STMicroelectronics.X-CUBE-ISPU.2.1.0
2024-11-04 18:15:43,879 [WARN] PackLoader:240 - Cannot read IP mode file for STMicroelectronics.X-CUBE-FREERTOS.1.2.0
2024-11-04 18:15:43,914 [WARN] PackLoader:240 - Cannot read IP mode file for STMicroelectronics.X-CUBE-AZRTOS-L5.2.0.0
2024-11-04 18:15:43,943 [WARN] PackLoader:240 - Cannot read IP mode file for STMicroelectronics.X-CUBE-NFC6.3.1.0
2024-11-04 18:15:43,966 [WARN] PackLoader:240 - Cannot read IP mode file for STMicroelectronics.X-CUBE-DPower.1.2.0
2024-11-04 18:15:43,984 [WARN] PackLoader:240 - Cannot read IP mode file for STMicroelectronics.X-CUBE-NFC7.1.0.1
2024-11-04 18:15:44,020 [WARN] ConditionMgr:438 - getConditionDescription Invalid condition id : LAN8742 Phy interface Condition cause : null
2024-11-04 18:15:44,026 [WARN] PackLoader:240 - Cannot read IP mode file for STMicroelectronics.X-CUBE-AZRTOS-L4.2.0.0
2024-11-04 18:15:44,028 [WARN] ConditionMgr:1039 - genDependencies : Invalid condition id : LAN8742 Phy interface Condition cause : null
2024-11-04 18:15:44,028 [WARN] ConditionMgr:1039 - genDependencies : Invalid condition id : LAN8742 Phy interface Condition cause : null
2024-11-04 18:15:44,029 [WARN] ConditionMgr:1039 - genDependencies : Invalid condition id : LAN8742 Phy interface Condition cause : null
2024-11-04 18:15:44,049 [WARN] PackLoader:240 - Cannot read IP mode file for STMicroelectronics.X-CUBE-SFXS2LP1.4.0.0
2024-11-04 18:15:44,095 [WARN] PackLoader:240 - Cannot read IP mode file for STMicroelectronics.X-CUBE-AZRTOS-H7.3.3.0
2024-11-04 18:15:44,120 [WARN] PackLoader:240 - Cannot read IP mode file for STMicroelectronics.X-CUBE-IPS.3.0.0
2024-11-04 18:15:44,179 [WARN] ConditionMgr:438 - getConditionDescription Invalid condition id : UX DEVICE CLASS RTOS Condition cause : null
2024-11-04 18:15:44,179 [WARN] ConditionMgr:438 - getConditionDescription Invalid condition id : UX DEVICE CLASS RTOS Condition cause : null
2024-11-04 18:15:44,181 [WARN] PackLoader:240 - Cannot read IP mode file for STMicroelectronics.X-CUBE-AZRTOS-WB.2.0.0
2024-11-04 18:15:44,182 [WARN] ConditionMgr:1039 - genDependencies : Invalid condition id : UX DEVICE CLASS RTOS Condition cause : null
2024-11-04 18:15:44,182 [WARN] ConditionMgr:1039 - genDependencies : Invalid condition id : UX DEVICE CLASS RTOS Condition cause : null
2024-11-04 18:15:44,182 [WARN] ConditionMgr:1039 - genDependencies : Invalid condition id : UX DEVICE CLASS RTOS Condition cause : null
2024-11-04 18:15:44,183 [WARN] ConditionMgr:1039 - genDependencies : Invalid condition id : UX DEVICE CLASS RTOS Condition cause : null
2024-11-04 18:15:44,183 [WARN] ConditionMgr:1039 - genDependencies : Invalid condition id : UX DEVICE CLASS RTOS Condition cause : null
2024-11-04 18:15:44,213 [WARN] PackLoader:240 - Cannot read IP mode file for STMicroelectronics.X-CUBE-GNSS1.7.0.0
2024-11-04 18:15:44,247 [WARN] PackLoader:240 - Cannot read IP mode file for STMicroelectronics.FP-SNS-STBOX1.2.0.0
2024-11-04 18:15:44,278 [WARN] PackLoader:240 - Cannot read IP mode file for STMicroelectronics.X-CUBE-SUBG2.5.0.0
2024-11-04 18:15:44,300 [WARN] PackLoader:240 - Cannot read IP mode file for Cesanta.I-CUBE-Mongoose.7.13.0
2024-11-04 18:15:44,335 [WARN] PackLoader:240 - Cannot read IP mode file for STMicroelectronics.X-CUBE-AZRTOS-G4.2.0.0
2024-11-04 18:15:44,352 [WARN] PackLoader:240 - Cannot read IP mode file for STMicroelectronics.X-CUBE-ALS.1.0.2
2024-11-04 18:15:44,377 [WARN] PackLoader:240 - Cannot read IP mode file for STMicroelectronics.X-CUBE-TOUCHGFX.4.24.1
2024-11-04 18:15:44,401 [WARN] PackLoader:240 - Cannot read IP mode file for wolfSSL.I-CUBE-wolfTPM.3.4.0
2024-11-04 18:15:44,419 [WARN] PackLoader:240 - Cannot read IP mode file for portGmbH.I-Cube-SoM-uGOAL.1.1.0
2024-11-04 18:15:44,457 [WARN] PackLoader:240 - Cannot read IP mode file for STMicroelectronics.X-CUBE-AZRTOS-H7RS.1.0.0
2024-11-04 18:15:44,474 [WARN] PackLoader:240 - Cannot read IP mode file for STMicroelectronics.FP-ATR-ASTRA1.2.0.0
2024-11-04 18:15:44,501 [WARN] PackLoader:240 - Cannot read IP mode file for STMicroelectronics.X-CUBE-TOF1.3.4.2
2024-11-04 18:15:44,567 [WARN] PackLoader:240 - Cannot read IP mode file for Infineon.AIROC-Wi-Fi-Bluetooth-STM32.1.6.1
2024-11-04 18:15:44,585 [WARN] PackLoader:240 - Cannot read IP mode file for wolfSSL.I-CUBE-wolfSSH.1.4.17
2024-11-04 18:15:44,586 [INFO] ThirdParty:978 - Integrity check success = true
2024-11-04 18:15:44,586 [INFO] IntegrityCheckThread:100 - exiting critical section [integrity check]
2024-11-04 18:15:44,586 [INFO] IntegrityCheckThread:103 - End integrity checks thread
2024-11-04 18:15:49,472 [INFO] WebApp:167 - Instantiating new browser for Auth
2024-11-04 18:15:50,886 [INFO] WebApp:448 - Apply proxy settings
2024-11-04 18:15:50,887 [INFO] WebApp:533 - Chromium requires no authentication
2024-11-04 18:15:50,933 [INFO] WebApp:476 - Direct internet connection detected
2024-11-04 18:15:51,075 [INFO] WebApp:869 - Register for checkConnection events
2024-11-04 18:15:51,076 [INFO] WebApp:448 - Apply proxy settings
2024-11-04 18:15:51,076 [INFO] WebApp:533 - Chromium requires no authentication
2024-11-04 18:15:51,077 [INFO] WebApp:476 - Direct internet connection detected
2024-11-04 18:15:51,328 [INFO] WebApp:186 - Connection restablished
2024-11-04 18:15:51,643 [INFO] WebApp:220 - Starting web application
2024-11-04 18:15:51,643 [INFO] WebApp:578 - Web application path used C:\ST\STM32CubeIDE_1.16.1\STM32CubeIDE\plugins\com.st.stm32cube.common.mx_6.12.1.202409122256\db\plugins\mcufinder\reactClient1\index.html
2024-11-04 18:15:51,896 [INFO] UserAuth:417 - Internet connection configuration mode: 1
2024-11-04 18:15:52,646 [ERROR] LogOutputStream:75 - [STDERR_REDIRECT] Nov 04, 2024 6:15:52 PM org.glassfish.grizzly.http.server.NetworkListener start
2024-11-04 18:15:52,647 [ERROR] LogOutputStream:75 - [STDERR_REDIRECT] INFO: Started listener bound to [localhost:1598]
2024-11-04 18:15:52,647 [ERROR] LogOutputStream:75 - [STDERR_REDIRECT] 
2024-11-04 18:15:52,649 [ERROR] LogOutputStream:75 - [STDERR_REDIRECT] Nov 04, 2024 6:15:52 PM org.glassfish.grizzly.http.server.HttpServer start
2024-11-04 18:15:52,649 [ERROR] LogOutputStream:75 - [STDERR_REDIRECT] INFO: [HttpServer] Started.
2024-11-04 18:15:52,650 [ERROR] LogOutputStream:75 - [STDERR_REDIRECT] 
2024-11-04 19:07:42,212 [ERROR] ConfigurationRetriever:142 - IOException on connection: Read timed out
2024-11-04 20:12:54,059 [ERROR] ConfigurationRetriever:142 - IOException on connection: Read timed out
2024-11-04 20:12:56,418 [ERROR] ConfigurationRetriever:142 - IOException on connection: Read timed out
2024-11-04 20:12:58,492 [ERROR] ConfigurationRetriever:142 - IOException on connection: Read timed out
2024-11-04 20:15:55,404 [ERROR] ConfigurationRetriever:142 - IOException on connection: Read timed out
2024-11-04 22:07:49,899 [ERROR] LogOutputStream:75 - [STDERR_REDIRECT] 
2024-11-04 22:07:49,900 [ERROR] LogOutputStream:75 - [STDERR_REDIRECT] 
