2024-10-23 15:59:50,489 [INFO] Activator:176 - 


2024-10-23 15:59:50,496 [INFO] Activator:177 - !SESSION log4j initialized
2024-10-23 15:59:56,864 [INFO] LogOutputStream:77 - [STDOUT_REDIRECT] 
2024-10-23 15:59:58,983 [INFO] ApplicationProperties:184 - Using Application install path: C:\ST\STM32CubeIDE_1.16.1\STM32CubeIDE\plugins\com.st.stm32cube.common.mx_6.12.1.202409122256
2024-10-23 15:59:59,003 [INFO] DbMcusXml:78 - Set database path to: C:\ST\STM32CubeIDE_1.16.1\STM32CubeIDE\plugins\com.st.stm32cube.common.mx_6.12.1.202409122256\\db\/mcu/
2024-10-23 15:59:59,004 [INFO] ApiDb:274 - Set plugin database path to: C:\ST\STM32CubeIDE_1.16.1\STM32CubeIDE\plugins\com.st.stm32cube.common.mx_6.12.1.202409122256\\db\/plugins/boardmanager/
2024-10-23 15:59:59,004 [WARN] ApiDb:259 - Overriding images path with different value:  => C:\ST\STM32CubeIDE_1.16.1\STM32CubeIDE\plugins\com.st.stm32cube.common.mx_6.12.1.202409122256\\db\/plugins/mcufinder/images/
2024-10-23 15:59:59,014 [INFO] ApiDb:250 - Set database path to: C:\Users\leagu\.stmcufinder\plugins\mcufinder//mcu/
2024-10-23 15:59:59,015 [INFO] DbMcusAds:125 - Set database path to: C:\Users\leagu\.stmcufinder\plugins\mcufinder//mcu/
2024-10-23 15:59:59,018 [INFO] CrossReferenceDbSqlite:203 - Set database path to: C:\Users\leagu\.stmcufinder\plugins\mcufinder//mcu/cs/
2024-10-23 15:59:59,268 [INFO] RulesReader:64 - Compatibility file has been processed (297 Rules)
2024-10-23 15:59:59,381 [INFO] DbMcusXml:78 - Set database path to: C:\ST\STM32CubeIDE_1.16.1\STM32CubeIDE\plugins\com.st.stm32cube.common.mx_6.12.1.202409122256\\db\/mcu/
2024-10-23 15:59:59,381 [INFO] ApiDb:274 - Set plugin database path to: C:\ST\STM32CubeIDE_1.16.1\STM32CubeIDE\plugins\com.st.stm32cube.common.mx_6.12.1.202409122256\\db\/plugins/boardmanager/
2024-10-23 15:59:59,382 [INFO] ApiDb:261 - Set plugin images path to: C:\ST\STM32CubeIDE_1.16.1\STM32CubeIDE\plugins\com.st.stm32cube.common.mx_6.12.1.202409122256\\db\/plugins/mcufinder/images/
2024-10-23 15:59:59,382 [WARN] DbFile:41 - Overriding database path with different value: C:\Users\leagu\.stmcufinder\plugins\mcufinder/ => C:\Users\leagu\.stmcufinder\plugins\mcufinder
2024-10-23 15:59:59,382 [INFO] ApiDb:250 - Set database path to: C:\Users\leagu\.stmcufinder\plugins\mcufinder//mcu/
2024-10-23 15:59:59,382 [WARN] DbFile:41 - Overriding database path with different value: C:\Users\leagu\.stmcufinder\plugins\mcufinder/ => C:\Users\leagu\.stmcufinder\plugins\mcufinder
2024-10-23 15:59:59,382 [INFO] DbMcusAds:125 - Set database path to: C:\Users\leagu\.stmcufinder\plugins\mcufinder//mcu/
2024-10-23 15:59:59,382 [WARN] DbFile:41 - Overriding database path with different value: C:\Users\leagu\.stmcufinder\plugins\mcufinder/ => C:\Users\leagu\.stmcufinder\plugins\mcufinder
2024-10-23 15:59:59,382 [WARN] DbFile:41 - Overriding database path with different value: C:\Users\leagu\.stmcufinder\plugins\mcufinder/ => C:\Users\leagu\.stmcufinder\plugins\mcufinder
2024-10-23 15:59:59,382 [INFO] CrossReferenceDbSqlite:203 - Set database path to: C:\Users\leagu\.stmcufinder\plugins\mcufinder//mcu/cs/
2024-10-23 15:59:59,477 [INFO] MainPanel:268 - HeapMemory: 268435456
2024-10-23 15:59:59,593 [INFO] DbMcusXml:78 - Set database path to: C:\ST\STM32CubeIDE_1.16.1\STM32CubeIDE\plugins\com.st.stm32cube.common.mx_6.12.1.202409122256\\db\/mcu/
2024-10-23 15:59:59,593 [INFO] ApiDb:274 - Set plugin database path to: C:\ST\STM32CubeIDE_1.16.1\STM32CubeIDE\plugins\com.st.stm32cube.common.mx_6.12.1.202409122256\\db\/plugins/boardmanager/
2024-10-23 15:59:59,594 [INFO] ApiDb:261 - Set plugin images path to: C:\ST\STM32CubeIDE_1.16.1\STM32CubeIDE\plugins\com.st.stm32cube.common.mx_6.12.1.202409122256\\db\/plugins/mcufinder/images/
2024-10-23 15:59:59,594 [WARN] DbFile:41 - Overriding database path with different value: C:\Users\leagu\.stmcufinder\plugins\mcufinder/ => C:\Users\leagu\.stmcufinder\plugins\mcufinder
2024-10-23 15:59:59,594 [INFO] ApiDb:250 - Set database path to: C:\Users\leagu\.stmcufinder\plugins\mcufinder//mcu/
2024-10-23 15:59:59,594 [WARN] DbFile:41 - Overriding database path with different value: C:\Users\leagu\.stmcufinder\plugins\mcufinder/ => C:\Users\leagu\.stmcufinder\plugins\mcufinder
2024-10-23 15:59:59,594 [INFO] DbMcusAds:125 - Set database path to: C:\Users\leagu\.stmcufinder\plugins\mcufinder//mcu/
2024-10-23 15:59:59,594 [WARN] DbFile:41 - Overriding database path with different value: C:\Users\leagu\.stmcufinder\plugins\mcufinder/ => C:\Users\leagu\.stmcufinder\plugins\mcufinder
2024-10-23 15:59:59,594 [WARN] DbFile:41 - Overriding database path with different value: C:\Users\leagu\.stmcufinder\plugins\mcufinder/ => C:\Users\leagu\.stmcufinder\plugins\mcufinder
2024-10-23 15:59:59,595 [INFO] CrossReferenceDbSqlite:203 - Set database path to: C:\Users\leagu\.stmcufinder\plugins\mcufinder//mcu/cs/
2024-10-23 15:59:59,614 [INFO] ApplicationProperties:184 - Using Application install path: C:\ST\STM32CubeIDE_1.16.1\STM32CubeIDE\plugins\com.st.stm32cube.common.mx_6.12.1.202409122256
2024-10-23 15:59:59,616 [INFO] PluginManage:196 - Search for loadable plugins [exclusion list=, ]
2024-10-23 15:59:59,617 [INFO] PluginManage:310 - Check plugin analytics
2024-10-23 15:59:59,803 [INFO] AnalyticsPlugin:253 - Accepted Software Licenses: 
2024-10-23 15:59:59,804 [INFO] AnalyticsPlugin:255 - Accepted CMSIS Pack Licenses: 
2024-10-23 15:59:59,804 [INFO] AnalyticsPlugin:257 - Accepted Firmware Licenses: FW.F4.1.28.0
2024-10-23 15:59:59,806 [INFO] PluginManage:359 - Loaded plugin analytics (category:tool,tabindex:-1)
2024-10-23 15:59:59,807 [INFO] PluginManage:310 - Check plugin cadmodel
2024-10-23 15:59:59,824 [INFO] CADModel:105 - Init CAD model plugin
2024-10-23 15:59:59,824 [INFO] PluginManage:359 - Loaded plugin cadmodel (category:power,tabindex:5)
2024-10-23 15:59:59,824 [INFO] PluginManage:310 - Check plugin clock
2024-10-23 15:59:59,846 [INFO] PluginManage:359 - Loaded plugin clock (category:base,tabindex:2)
2024-10-23 15:59:59,846 [INFO] PluginManage:310 - Check plugin ddr
2024-10-23 15:59:59,849 [INFO] PluginManage:359 - Loaded plugin ddr (category:tool,tabindex:6)
2024-10-23 15:59:59,849 [INFO] PluginManage:310 - Check plugin filemanager
2024-10-23 16:00:00,026 [INFO] PluginManage:359 - Loaded plugin filemanager (category:base,tabindex:10)
2024-10-23 16:00:00,027 [INFO] PluginManage:310 - Check plugin ipmanager
2024-10-23 16:00:00,035 [INFO] PluginManage:359 - Loaded plugin ipmanager (category:base,tabindex:5)
2024-10-23 16:00:00,035 [INFO] PluginManage:310 - Check plugin lpbam
2024-10-23 16:00:00,053 [INFO] PluginManage:359 - Loaded plugin lpbam (category:base,tabindex:0)
2024-10-23 16:00:00,053 [INFO] PluginManage:310 - Check plugin memorymap
2024-10-23 16:00:00,082 [INFO] PluginManage:359 - Loaded plugin memorymap (category:base,tabindex:4)
2024-10-23 16:00:00,082 [INFO] PluginManage:310 - Check plugin pinoutandconfiguration
2024-10-23 16:00:00,100 [INFO] PluginManage:359 - Loaded plugin pinoutandconfiguration (category:base,tabindex:1)
2024-10-23 16:00:00,100 [INFO] PluginManage:310 - Check plugin pinoutconfig
2024-10-23 16:00:00,214 [WARN] SupportedApi:132 - Cannot load RTOS API schema: s4s-elt-must-match.1: The content of 'definitions' must match (annotation?, (simpleType | complexType)?, (unique | key | keyref)*)). A problem was found starting at: attribute.
2024-10-23 16:00:00,368 [INFO] PluginManage:359 - Loaded plugin pinoutconfig (category:base,tabindex:0)
2024-10-23 16:00:00,368 [INFO] PluginManage:310 - Check plugin power
2024-10-23 16:00:00,390 [INFO] PluginManage:359 - Loaded plugin power (category:power,tabindex:4)
2024-10-23 16:00:00,391 [INFO] PluginManage:310 - Check plugin projectmanager
2024-10-23 16:00:00,409 [INFO] PluginManage:359 - Loaded plugin projectmanager (category:projectmanager,tabindex:4)
2024-10-23 16:00:00,409 [INFO] PluginManage:310 - Check plugin rif
2024-10-23 16:00:00,427 [INFO] PluginManage:359 - Loaded plugin rif (category:base,tabindex:3)
2024-10-23 16:00:00,427 [INFO] PluginManage:310 - Check plugin thirdparty
2024-10-23 16:00:00,758 [INFO] PluginManage:359 - Loaded plugin thirdparty (category:base,tabindex:-1)
2024-10-23 16:00:00,758 [WARN] IntegrityCheckThread:84 - waiting for thirdparty lock release [integrity check]
2024-10-23 16:00:00,758 [INFO] PluginManage:310 - Check plugin tools
2024-10-23 16:00:00,758 [INFO] IntegrityCheckThread:86 - entering critical section [integrity check]
2024-10-23 16:00:00,759 [INFO] ThirdPartyUpdaterWithRetryManager:70 - Updater plugin not ready yet. [1/15]
2024-10-23 16:00:00,794 [INFO] PluginManage:359 - Loaded plugin tools (category:base,tabindex:7)
2024-10-23 16:00:00,794 [INFO] PluginManage:310 - Check plugin tutovideos
2024-10-23 16:00:01,005 [INFO] PluginManage:359 - Loaded plugin tutovideos (category:base,tabindex:-1)
2024-10-23 16:00:01,005 [INFO] PluginManage:310 - Check plugin updater
2024-10-23 16:00:01,024 [INFO] PluginManage:359 - Loaded plugin updater (category:base,tabindex:12)
2024-10-23 16:00:01,024 [INFO] PluginManage:310 - Check plugin userauth
2024-10-23 16:00:01,030 [INFO] UserAuth:113 - Init User Auth plugin
2024-10-23 16:00:01,030 [INFO] PluginManage:359 - Loaded plugin userauth (category:base,tabindex:14)
2024-10-23 16:00:01,030 [INFO] PluginManage:283 - PluginManage : Loaded plugins [18]
2024-10-23 16:00:01,255 [INFO] PinOutPanel:1561 - setPackage(No Configuration,No Configuration)
2024-10-23 16:00:01,352 [INFO] CADModel:165 - CPN selected for project level
2024-10-23 16:00:01,352 [INFO] CADModel:114 - Register for checkConnection events
2024-10-23 16:00:01,379 [INFO] IPUIPlugin:80 - create IPUIPlugin
2024-10-23 16:00:01,379 [INFO] PluginManager:220 - loadIPPluginJar : add adc
2024-10-23 16:00:01,428 [INFO] IPUIPlugin:80 - create IPUIPlugin
2024-10-23 16:00:01,429 [INFO] PluginManager:220 - loadIPPluginJar : add aes
2024-10-23 16:00:01,472 [INFO] IPUIPlugin:80 - create IPUIPlugin
2024-10-23 16:00:01,473 [INFO] PluginManager:220 - loadIPPluginJar : add can
2024-10-23 16:00:01,496 [INFO] IPUIPlugin:80 - create IPUIPlugin
2024-10-23 16:00:01,496 [INFO] PluginManager:220 - loadIPPluginJar : add comp
2024-10-23 16:00:01,527 [INFO] IPUIPlugin:80 - create IPUIPlugin
2024-10-23 16:00:01,527 [INFO] PluginManager:220 - loadIPPluginJar : add cryp
2024-10-23 16:00:01,541 [INFO] IPUIPlugin:80 - create IPUIPlugin
2024-10-23 16:00:01,542 [INFO] PluginManager:220 - loadIPPluginJar : add ddr_ctrl_phy
2024-10-23 16:00:01,580 [INFO] IPUIPlugin:80 - create IPUIPlugin
2024-10-23 16:00:01,580 [INFO] PluginManager:220 - loadIPPluginJar : add dfsdm
2024-10-23 16:00:01,594 [INFO] IPUIPlugin:80 - create IPUIPlugin
2024-10-23 16:00:01,594 [INFO] PluginManager:220 - loadIPPluginJar : add dma
2024-10-23 16:00:01,637 [INFO] IPUIPlugin:80 - create IPUIPlugin
2024-10-23 16:00:01,637 [INFO] PluginManager:220 - loadIPPluginJar : add dma3
2024-10-23 16:00:01,681 [INFO] IPUIPlugin:80 - create IPUIPlugin
2024-10-23 16:00:01,682 [INFO] PluginManager:220 - loadIPPluginJar : add extmemmanager
2024-10-23 16:00:01,701 [INFO] IPUIPlugin:80 - create IPUIPlugin
2024-10-23 16:00:01,701 [INFO] PluginManager:220 - loadIPPluginJar : add fatfs
2024-10-23 16:00:01,749 [INFO] IPUIPlugin:80 - create IPUIPlugin
2024-10-23 16:00:01,749 [INFO] PluginManager:220 - loadIPPluginJar : add fmc
2024-10-23 16:00:01,765 [INFO] IPUIPlugin:80 - create IPUIPlugin
2024-10-23 16:00:01,766 [INFO] PluginManager:220 - loadIPPluginJar : add freertos
2024-10-23 16:00:01,795 [INFO] IPUIPlugin:80 - create IPUIPlugin
2024-10-23 16:00:01,795 [INFO] PluginManager:220 - loadIPPluginJar : add genericplugin
2024-10-23 16:00:01,897 [INFO] IPUIPlugin:80 - create IPUIPlugin
2024-10-23 16:00:01,898 [INFO] PluginManager:220 - loadIPPluginJar : add gfxmmu
2024-10-23 16:00:02,029 [INFO] IPUIPlugin:80 - create IPUIPlugin
2024-10-23 16:00:02,029 [INFO] PluginManager:220 - loadIPPluginJar : add gic
2024-10-23 16:00:02,042 [INFO] IPUIPlugin:80 - create IPUIPlugin
2024-10-23 16:00:02,042 [INFO] PluginManager:220 - loadIPPluginJar : add gpio
2024-10-23 16:00:02,136 [INFO] IPUIPlugin:80 - create IPUIPlugin
2024-10-23 16:00:02,136 [INFO] PluginManager:220 - loadIPPluginJar : add gtzc
2024-10-23 16:00:02,167 [INFO] IPUIPlugin:80 - create IPUIPlugin
2024-10-23 16:00:02,167 [INFO] PluginManager:220 - loadIPPluginJar : add hash
2024-10-23 16:00:02,224 [INFO] IPUIPlugin:80 - create IPUIPlugin
2024-10-23 16:00:02,224 [INFO] PluginManager:220 - loadIPPluginJar : add i2c
2024-10-23 16:00:02,263 [INFO] IPUIPlugin:80 - create IPUIPlugin
2024-10-23 16:00:02,263 [INFO] PluginManager:220 - loadIPPluginJar : add i2s
2024-10-23 16:00:02,308 [INFO] IPUIPlugin:80 - create IPUIPlugin
2024-10-23 16:00:02,309 [INFO] PluginManager:220 - loadIPPluginJar : add i3c
2024-10-23 16:00:02,423 [INFO] IPUIPlugin:80 - create IPUIPlugin
2024-10-23 16:00:02,423 [INFO] PluginManager:220 - loadIPPluginJar : add ipddr
2024-10-23 16:00:02,515 [INFO] IPUIPlugin:80 - create IPUIPlugin
2024-10-23 16:00:02,515 [INFO] PluginManager:220 - loadIPPluginJar : add linkedlist
2024-10-23 16:00:02,551 [INFO] IPUIPlugin:80 - create IPUIPlugin
2024-10-23 16:00:02,551 [INFO] PluginManager:220 - loadIPPluginJar : add lorawan
2024-10-23 16:00:02,587 [INFO] IPUIPlugin:80 - create IPUIPlugin
2024-10-23 16:00:02,587 [INFO] PluginManager:220 - loadIPPluginJar : add ltdc
2024-10-23 16:00:02,601 [INFO] IPUIPlugin:80 - create IPUIPlugin
2024-10-23 16:00:02,601 [INFO] PluginManager:220 - loadIPPluginJar : add mdma
2024-10-23 16:00:02,613 [INFO] IPUIPlugin:80 - create IPUIPlugin
2024-10-23 16:00:02,613 [INFO] PluginManager:220 - loadIPPluginJar : add nvic
2024-10-23 16:00:02,649 [INFO] IPUIPlugin:80 - create IPUIPlugin
2024-10-23 16:00:02,649 [INFO] PluginManager:220 - loadIPPluginJar : add opamp
2024-10-23 16:00:02,719 [INFO] IPUIPlugin:80 - create IPUIPlugin
2024-10-23 16:00:02,719 [INFO] PluginManager:220 - loadIPPluginJar : add openamp
2024-10-23 16:00:02,761 [INFO] IPUIPlugin:80 - create IPUIPlugin
2024-10-23 16:00:02,761 [INFO] PluginManager:220 - loadIPPluginJar : add pdm2pcm
2024-10-23 16:00:02,775 [INFO] IPUIPlugin:80 - create IPUIPlugin
2024-10-23 16:00:02,778 [INFO] PluginManager:220 - loadIPPluginJar : add plateformsettings
2024-10-23 16:00:02,798 [INFO] IPUIPlugin:80 - create IPUIPlugin
2024-10-23 16:00:02,799 [INFO] PluginManager:220 - loadIPPluginJar : add quadspi
2024-10-23 16:00:02,824 [INFO] IPUIPlugin:80 - create IPUIPlugin
2024-10-23 16:00:02,825 [INFO] PluginManager:220 - loadIPPluginJar : add radio
2024-10-23 16:00:02,838 [INFO] IPUIPlugin:80 - create IPUIPlugin
2024-10-23 16:00:02,838 [INFO] PluginManager:220 - loadIPPluginJar : add resmgrutility
2024-10-23 16:00:02,890 [INFO] IPUIPlugin:80 - create IPUIPlugin
2024-10-23 16:00:02,891 [INFO] PluginManager:220 - loadIPPluginJar : add sai
2024-10-23 16:00:02,929 [INFO] IPUIPlugin:80 - create IPUIPlugin
2024-10-23 16:00:02,929 [INFO] PluginManager:220 - loadIPPluginJar : add spi
2024-10-23 16:00:03,004 [INFO] IPUIPlugin:80 - create IPUIPlugin
2024-10-23 16:00:03,005 [INFO] PluginManager:220 - loadIPPluginJar : add stm32_wpan
2024-10-23 16:00:03,029 [INFO] IPUIPlugin:80 - create IPUIPlugin
2024-10-23 16:00:03,029 [INFO] PluginManager:220 - loadIPPluginJar : add tim
2024-10-23 16:00:03,088 [INFO] IPUIPlugin:80 - create IPUIPlugin
2024-10-23 16:00:03,088 [INFO] PluginManager:220 - loadIPPluginJar : add touchsensing
2024-10-23 16:00:03,111 [INFO] IPUIPlugin:80 - create IPUIPlugin
2024-10-23 16:00:03,111 [INFO] PluginManager:220 - loadIPPluginJar : add tracer_emb
2024-10-23 16:00:03,135 [INFO] IPUIPlugin:80 - create IPUIPlugin
2024-10-23 16:00:03,135 [INFO] PluginManager:220 - loadIPPluginJar : add ts
2024-10-23 16:00:03,156 [INFO] IPUIPlugin:80 - create IPUIPlugin
2024-10-23 16:00:03,156 [INFO] PluginManager:220 - loadIPPluginJar : add tsc
2024-10-23 16:00:03,179 [INFO] IPUIPlugin:80 - create IPUIPlugin
2024-10-23 16:00:03,179 [INFO] PluginManager:220 - loadIPPluginJar : add ucpd
2024-10-23 16:00:03,222 [INFO] IPUIPlugin:80 - create IPUIPlugin
2024-10-23 16:00:03,222 [INFO] PluginManager:220 - loadIPPluginJar : add usart
2024-10-23 16:00:03,264 [INFO] IPUIPlugin:80 - create IPUIPlugin
2024-10-23 16:00:03,264 [INFO] PluginManager:220 - loadIPPluginJar : add usbx
2024-10-23 16:00:03,407 [INFO] CADModel:165 - CPN selected for project level
2024-10-23 16:00:03,408 [INFO] CADModel:114 - Register for checkConnection events
2024-10-23 16:00:03,408 [FATAL] Updater:334 - Updater called before beeing initialized
2024-10-23 16:00:03,408 [ERROR] CADModel:125 - Updater not yet initialized, retry later 
2024-10-23 16:00:03,579 [INFO] CADModel:165 - CPN selected for project level
2024-10-23 16:00:03,580 [INFO] CADModel:114 - Register for checkConnection events
2024-10-23 16:00:03,580 [FATAL] Updater:334 - Updater called before beeing initialized
2024-10-23 16:00:03,580 [ERROR] CADModel:125 - Updater not yet initialized, retry later 
2024-10-23 16:00:03,583 [FATAL] Updater:334 - Updater called before beeing initialized
2024-10-23 16:00:03,717 [FATAL] Updater:334 - Updater called before beeing initialized
2024-10-23 16:00:03,728 [INFO] DbMcusAds:53 - JSON generation date=Fri Sep 20 16:04:23 TRT 2024 (1726837463113)
2024-10-23 16:00:03,728 [FATAL] Updater:334 - Updater called before beeing initialized
2024-10-23 16:00:03,759 [INFO] ThirdPartyUpdaterWithRetryManager:70 - Updater plugin not ready yet. [2/15]
2024-10-23 16:00:03,771 [WARN] DetailPanel:346 - Failed to get advertising image, set to default
2024-10-23 16:00:03,876 [FATAL] Updater:334 - Updater called before beeing initialized
2024-10-23 16:00:03,878 [FATAL] Updater:334 - Updater called before beeing initialized
2024-10-23 16:00:03,879 [FATAL] Updater:334 - Updater called before beeing initialized
2024-10-23 16:00:03,879 [WARN] DetailPanel:346 - Failed to get advertising image, set to default
2024-10-23 16:00:03,879 [FATAL] Updater:334 - Updater called before beeing initialized
2024-10-23 16:00:03,946 [ERROR] Updater:1164 - MainUpdater not yet initialized. External WinMGr cannot be set.
2024-10-23 16:00:03,959 [INFO] Updater:1100 - Updater Version found : 6.12.1
2024-10-23 16:00:03,987 [INFO] ApplicationProperties:184 - Using Application install path: C:\ST\STM32CubeIDE_1.16.1\STM32CubeIDE\plugins\com.st.stm32cube.common.mx_6.12.1.202409122256
2024-10-23 16:00:05,581 [ERROR] LogOutputStream:75 - [STDERR_REDIRECT] Oct 23, 2024 4:00:05 PM java.util.prefs.WindowsPreferences <init>
2024-10-23 16:00:05,585 [ERROR] LogOutputStream:75 - [STDERR_REDIRECT] WARNING: Could not open/create prefs root node Software\JavaSoft\Prefs at root 0xffffffff80000002. Windows RegCreateKeyEx(...) returned error code 5.
2024-10-23 16:00:05,585 [ERROR] LogOutputStream:75 - [STDERR_REDIRECT] 
2024-10-23 16:00:06,333 [INFO] MainUpdater:2873 - connection check result : 10
2024-10-23 16:00:06,334 [INFO] MainUpdater:290 - Updater Check For Update Now.
2024-10-23 16:00:06,334 [INFO] MicroXplorer:498 - Change Database Version : DB.6.0.121
2024-10-23 16:00:06,356 [INFO] McuFinderGlobals:63 - Set McuFinder mode to 2 (CubeIDE integrated)
2024-10-23 16:00:06,384 [INFO] UserAuth:417 - Internet connection configuration mode: 1
2024-10-23 16:00:06,474 [INFO] JxBrowserEngine:152 - Initiate JxBrowser Engine with user profile folder
2024-10-23 16:00:06,728 [INFO] CheckServerUpdateThread:120 - End of CheckServer Thread
2024-10-23 16:00:07,123 [WARN] PackLoader:240 - Cannot read IP mode file for STMicroelectronics.FP-SNS-MOTENVWB1.1.4.0
2024-10-23 16:00:07,142 [WARN] PackLoader:240 - Cannot read IP mode file for STMicroelectronics.X-CUBE-SMBUS.2.1.0
2024-10-23 16:00:07,171 [WARN] PackLoader:240 - Cannot read IP mode file for STMicroelectronics.X-CUBE-WB05N.1.1.0
2024-10-23 16:00:07,249 [WARN] PackLoader:240 - Cannot read IP mode file for STMicroelectronics.X-CUBE-AZRTOS-F7.1.1.0
2024-10-23 16:00:07,399 [WARN] PackLoader:240 - Cannot read IP mode file for STMicroelectronics.X-CUBE-MEMS1.11.0.0
2024-10-23 16:00:07,832 [WARN] PackLoader:240 - Cannot read IP mode file for STMicroelectronics.FP-SNS-FLIGHT1.5.0.2
2024-10-23 16:00:07,852 [WARN] PackLoader:240 - Cannot read IP mode file for STMicroelectronics.X-CUBE-DISPLAY.3.0.0
2024-10-23 16:00:07,875 [WARN] PackLoader:240 - Cannot read IP mode file for STMicroelectronics.X-CUBE-BLE1.7.0.0
2024-10-23 16:00:07,912 [WARN] PackLoader:240 - Cannot read IP mode file for STMicroelectronics.X-CUBE-NFC10.1.0.0
2024-10-23 16:00:07,936 [WARN] PackLoader:240 - Cannot read IP mode file for emotas.I-CUBE-CANOPEN.1.3.0
2024-10-23 16:00:07,957 [WARN] PackLoader:240 - Cannot read IP mode file for STMicroelectronics.X-CUBE-BLEMGR.3.1.0
2024-10-23 16:00:07,975 [WARN] PackLoader:240 - Cannot read IP mode file for STMicroelectronics.FP-SNS-SMARTAG2.1.2.0
2024-10-23 16:00:08,002 [INFO] LogOutputStream:77 - [STDOUT_REDIRECT] 1 : Invalid condition id : UX_CORESTACK_Condition cause : null
2024-10-23 16:00:08,003 [INFO] LogOutputStream:77 - [STDOUT_REDIRECT] 1 : Invalid condition id : UX_CORESTACK_Condition cause : null
2024-10-23 16:00:08,004 [INFO] LogOutputStream:77 - [STDOUT_REDIRECT] 1 : Invalid condition id : UX_CORESTACK_Condition cause : null
2024-10-23 16:00:08,006 [INFO] LogOutputStream:77 - [STDOUT_REDIRECT] 1 : Invalid condition id : UX_CORESTACK_Condition cause : null
2024-10-23 16:00:08,007 [INFO] LogOutputStream:77 - [STDOUT_REDIRECT] 1 : Invalid condition id : UX_CORESTACK_Condition cause : null
2024-10-23 16:00:08,010 [WARN] PackLoader:240 - Cannot read IP mode file for STMicroelectronics.X-CUBE-AZRTOS-WL.2.0.0
2024-10-23 16:00:08,027 [WARN] PackLoader:240 - Cannot read IP mode file for STMicroelectronics.FP-SNS-MOTENV1.5.0.0
2024-10-23 16:00:08,043 [WARN] PackLoader:240 - Cannot read IP mode file for wolfSSL.I-CUBE-wolfMQTT.1.19.0
2024-10-23 16:00:08,061 [WARN] PackLoader:240 - Cannot read IP mode file for WES.I-CUBE-Cesium.1.3.0
2024-10-23 16:00:08,075 [WARN] PackLoader:240 - Cannot read IP mode file for STMicroelectronics.X-CUBE-BLE2.3.3.0
2024-10-23 16:00:08,099 [WARN] PackLoader:240 - Cannot read IP mode file for STMicroelectronics.X-CUBE-NFC9.1.0.0
2024-10-23 16:00:08,115 [WARN] PackLoader:240 - Cannot read IP mode file for STMicroelectronics.X-CUBE-TCPP.4.1.0
2024-10-23 16:00:08,144 [WARN] PackLoader:240 - Cannot read IP mode file for STMicroelectronics.X-CUBE-AZRTOS-G0.1.1.0
2024-10-23 16:00:08,162 [WARN] PackLoader:240 - Cannot read IP mode file for STMicroelectronics.X-CUBE-SAFEA1.1.2.2
2024-10-23 16:00:08,178 [WARN] PackLoader:240 - Cannot read IP mode file for STMicroelectronics.X-CUBE-NFC4.3.0.0
2024-10-23 16:00:08,206 [WARN] PackLoader:240 - Cannot read IP mode file for EmbeddedOffice.I-CUBE-FS-RTOS.1.0.1
2024-10-23 16:00:08,206 [ERROR] ConditionMgr:805 - Attr not supported : Dmpu
2024-10-23 16:00:08,206 [ERROR] ConditionMgr:805 - Attr not supported : Dmpu
2024-10-23 16:00:08,206 [ERROR] ConditionMgr:805 - Attr not supported : Dmpu
2024-10-23 16:00:08,206 [ERROR] ConditionMgr:805 - Attr not supported : Dmpu
2024-10-23 16:00:08,206 [ERROR] ConditionMgr:805 - Attr not supported : Dmpu
2024-10-23 16:00:08,206 [ERROR] ConditionMgr:805 - Attr not supported : Dmpu
2024-10-23 16:00:08,207 [ERROR] ConditionMgr:805 - Attr not supported : Dmpu
2024-10-23 16:00:08,207 [ERROR] ConditionMgr:805 - Attr not supported : Dmpu
2024-10-23 16:00:08,207 [ERROR] ConditionMgr:805 - Attr not supported : Dmpu
2024-10-23 16:00:08,207 [ERROR] ConditionMgr:805 - Attr not supported : Dmpu
2024-10-23 16:00:08,207 [ERROR] ConditionMgr:805 - Attr not supported : Dmpu
2024-10-23 16:00:08,207 [ERROR] ConditionMgr:805 - Attr not supported : Dmpu
2024-10-23 16:00:08,207 [ERROR] ConditionMgr:805 - Attr not supported : Dmpu
2024-10-23 16:00:08,207 [ERROR] ConditionMgr:805 - Attr not supported : Dmpu
2024-10-23 16:00:08,207 [ERROR] ConditionMgr:805 - Attr not supported : Dmpu
2024-10-23 16:00:08,207 [ERROR] ConditionMgr:805 - Attr not supported : Dmpu
2024-10-23 16:00:08,207 [ERROR] ConditionMgr:805 - Attr not supported : Dmpu
2024-10-23 16:00:08,207 [ERROR] ConditionMgr:805 - Attr not supported : Dmpu
2024-10-23 16:00:08,207 [ERROR] ConditionMgr:805 - Attr not supported : Dmpu
2024-10-23 16:00:08,208 [ERROR] ConditionMgr:805 - Attr not supported : Dmpu
2024-10-23 16:00:08,208 [ERROR] ConditionMgr:805 - Attr not supported : Dmpu
2024-10-23 16:00:08,208 [ERROR] ConditionMgr:805 - Attr not supported : Dmpu
2024-10-23 16:00:08,209 [ERROR] ConditionMgr:805 - Attr not supported : Dmpu
2024-10-23 16:00:08,209 [ERROR] ConditionMgr:805 - Attr not supported : Dmpu
2024-10-23 16:00:08,209 [ERROR] ConditionMgr:805 - Attr not supported : Dmpu
2024-10-23 16:00:08,209 [ERROR] ConditionMgr:805 - Attr not supported : Dmpu
2024-10-23 16:00:08,209 [ERROR] ConditionMgr:805 - Attr not supported : Dmpu
2024-10-23 16:00:08,209 [ERROR] ConditionMgr:805 - Attr not supported : Dmpu
2024-10-23 16:00:08,209 [ERROR] ConditionMgr:805 - Attr not supported : Dmpu
2024-10-23 16:00:08,211 [ERROR] ConditionMgr:805 - Attr not supported : Dmpu
2024-10-23 16:00:08,212 [ERROR] ConditionMgr:805 - Attr not supported : Dmpu
2024-10-23 16:00:08,213 [ERROR] ConditionMgr:805 - Attr not supported : Dmpu
2024-10-23 16:00:08,214 [ERROR] ConditionMgr:805 - Attr not supported : Dmpu
2024-10-23 16:00:08,214 [ERROR] ConditionMgr:805 - Attr not supported : Dmpu
2024-10-23 16:00:08,214 [ERROR] ConditionMgr:805 - Attr not supported : Dmpu
2024-10-23 16:00:08,214 [ERROR] ConditionMgr:805 - Attr not supported : Dmpu
2024-10-23 16:00:08,214 [ERROR] ConditionMgr:805 - Attr not supported : Dmpu
2024-10-23 16:00:08,214 [ERROR] ConditionMgr:805 - Attr not supported : Dmpu
2024-10-23 16:00:08,214 [ERROR] ConditionMgr:805 - Attr not supported : Dmpu
2024-10-23 16:00:08,214 [ERROR] ConditionMgr:805 - Attr not supported : Dmpu
2024-10-23 16:00:08,214 [ERROR] ConditionMgr:805 - Attr not supported : Dmpu
2024-10-23 16:00:08,214 [ERROR] ConditionMgr:805 - Attr not supported : Dmpu
2024-10-23 16:00:08,214 [ERROR] ConditionMgr:805 - Attr not supported : Dmpu
2024-10-23 16:00:08,214 [ERROR] ConditionMgr:805 - Attr not supported : Dmpu
2024-10-23 16:00:08,215 [ERROR] ConditionMgr:805 - Attr not supported : Dmpu
2024-10-23 16:00:08,215 [ERROR] ConditionMgr:805 - Attr not supported : Dmpu
2024-10-23 16:00:08,215 [ERROR] ConditionMgr:805 - Attr not supported : Dmpu
2024-10-23 16:00:08,215 [ERROR] ConditionMgr:805 - Attr not supported : Dmpu
2024-10-23 16:00:08,215 [ERROR] ConditionMgr:805 - Attr not supported : Dmpu
2024-10-23 16:00:08,215 [ERROR] ConditionMgr:805 - Attr not supported : Dmpu
2024-10-23 16:00:08,215 [ERROR] ConditionMgr:805 - Attr not supported : Dmpu
2024-10-23 16:00:08,215 [ERROR] ConditionMgr:805 - Attr not supported : Dmpu
2024-10-23 16:00:08,215 [ERROR] ConditionMgr:805 - Attr not supported : Dmpu
2024-10-23 16:00:08,215 [ERROR] ConditionMgr:805 - Attr not supported : Dmpu
2024-10-23 16:00:08,215 [ERROR] ConditionMgr:805 - Attr not supported : Dmpu
2024-10-23 16:00:08,215 [ERROR] ConditionMgr:805 - Attr not supported : Dmpu
2024-10-23 16:00:08,215 [ERROR] ConditionMgr:805 - Attr not supported : Dmpu
2024-10-23 16:00:08,216 [ERROR] ConditionMgr:805 - Attr not supported : Dmpu
2024-10-23 16:00:08,216 [ERROR] ConditionMgr:805 - Attr not supported : Dmpu
2024-10-23 16:00:08,216 [ERROR] ConditionMgr:805 - Attr not supported : Dmpu
2024-10-23 16:00:08,216 [ERROR] ConditionMgr:805 - Attr not supported : Dmpu
2024-10-23 16:00:08,216 [ERROR] ConditionMgr:805 - Attr not supported : Dmpu
2024-10-23 16:00:08,216 [ERROR] ConditionMgr:805 - Attr not supported : Dmpu
2024-10-23 16:00:08,216 [ERROR] ConditionMgr:805 - Attr not supported : Dmpu
2024-10-23 16:00:08,230 [WARN] PackLoader:240 - Cannot read IP mode file for RealThread.X-CUBE-RT-Thread_Nano.4.1.1
2024-10-23 16:00:08,243 [WARN] PackLoader:240 - Cannot read IP mode file for STMicroelectronics.FP-ATR-SIGFOX1.3.2.0
2024-10-23 16:00:08,259 [WARN] PackLoader:240 - Cannot read IP mode file for wolfSSL.I-CUBE-wolfSSL.5.7.2
2024-10-23 16:00:08,277 [WARN] PackLoader:240 - Cannot read IP mode file for STMicroelectronics.X-CUBE-EEPRMA1.5.1.0
2024-10-23 16:00:08,298 [WARN] PackLoader:240 - Cannot read IP mode file for ITTIA_DB.I-CUBE-ITTIADB.8.9.0
2024-10-23 16:00:08,385 [WARN] PackLoader:240 - Cannot read IP mode file for SEGGER.I-CUBE-embOS.1.3.1
2024-10-23 16:00:08,437 [WARN] PackLoader:240 - Cannot read IP mode file for STMicroelectronics.X-CUBE-ALGOBUILD.1.4.0
2024-10-23 16:00:08,458 [WARN] PackLoader:240 - Cannot read IP mode file for STMicroelectronics.X-CUBE-AI.9.1.0
2024-10-23 16:00:08,534 [WARN] PackLoader:240 - Cannot read IP mode file for STMicroelectronics.X-CUBE-AZRTOS-F4.1.1.0
2024-10-23 16:00:08,613 [WARN] PackLoader:240 - Cannot read IP mode file for STMicroelectronics.X-CUBE-ISPU.2.1.0
2024-10-23 16:00:08,641 [WARN] PackLoader:240 - Cannot read IP mode file for STMicroelectronics.X-CUBE-FREERTOS.1.2.0
2024-10-23 16:00:08,674 [WARN] PackLoader:240 - Cannot read IP mode file for STMicroelectronics.X-CUBE-AZRTOS-L5.2.0.0
2024-10-23 16:00:08,708 [WARN] PackLoader:240 - Cannot read IP mode file for STMicroelectronics.X-CUBE-NFC6.3.1.0
2024-10-23 16:00:08,727 [WARN] PackLoader:240 - Cannot read IP mode file for STMicroelectronics.X-CUBE-DPower.1.2.0
2024-10-23 16:00:08,745 [WARN] PackLoader:240 - Cannot read IP mode file for STMicroelectronics.X-CUBE-NFC7.1.0.1
2024-10-23 16:00:08,778 [WARN] ConditionMgr:438 - getConditionDescription Invalid condition id : LAN8742 Phy interface Condition cause : null
2024-10-23 16:00:08,779 [WARN] PackLoader:240 - Cannot read IP mode file for STMicroelectronics.X-CUBE-AZRTOS-L4.2.0.0
2024-10-23 16:00:08,781 [WARN] ConditionMgr:1039 - genDependencies : Invalid condition id : LAN8742 Phy interface Condition cause : null
2024-10-23 16:00:08,781 [WARN] ConditionMgr:1039 - genDependencies : Invalid condition id : LAN8742 Phy interface Condition cause : null
2024-10-23 16:00:08,782 [WARN] ConditionMgr:1039 - genDependencies : Invalid condition id : LAN8742 Phy interface Condition cause : null
2024-10-23 16:00:08,799 [WARN] PackLoader:240 - Cannot read IP mode file for STMicroelectronics.X-CUBE-SFXS2LP1.4.0.0
2024-10-23 16:00:08,832 [WARN] PackLoader:240 - Cannot read IP mode file for STMicroelectronics.X-CUBE-AZRTOS-H7.3.3.0
2024-10-23 16:00:08,996 [WARN] PackLoader:240 - Cannot read IP mode file for STMicroelectronics.X-CUBE-IPS.3.0.0
2024-10-23 16:00:09,100 [WARN] ConditionMgr:438 - getConditionDescription Invalid condition id : UX DEVICE CLASS RTOS Condition cause : null
2024-10-23 16:00:09,101 [WARN] ConditionMgr:438 - getConditionDescription Invalid condition id : UX DEVICE CLASS RTOS Condition cause : null
2024-10-23 16:00:09,103 [WARN] PackLoader:240 - Cannot read IP mode file for STMicroelectronics.X-CUBE-AZRTOS-WB.2.0.0
2024-10-23 16:00:09,103 [WARN] ConditionMgr:1039 - genDependencies : Invalid condition id : UX DEVICE CLASS RTOS Condition cause : null
2024-10-23 16:00:09,103 [WARN] ConditionMgr:1039 - genDependencies : Invalid condition id : UX DEVICE CLASS RTOS Condition cause : null
2024-10-23 16:00:09,104 [WARN] ConditionMgr:1039 - genDependencies : Invalid condition id : UX DEVICE CLASS RTOS Condition cause : null
2024-10-23 16:00:09,104 [WARN] ConditionMgr:1039 - genDependencies : Invalid condition id : UX DEVICE CLASS RTOS Condition cause : null
2024-10-23 16:00:09,105 [WARN] ConditionMgr:1039 - genDependencies : Invalid condition id : UX DEVICE CLASS RTOS Condition cause : null
2024-10-23 16:00:09,167 [WARN] PackLoader:240 - Cannot read IP mode file for STMicroelectronics.X-CUBE-GNSS1.7.0.0
2024-10-23 16:00:09,186 [WARN] PackLoader:240 - Cannot read IP mode file for STMicroelectronics.FP-SNS-STBOX1.2.0.0
2024-10-23 16:00:09,211 [WARN] PackLoader:240 - Cannot read IP mode file for STMicroelectronics.X-CUBE-SUBG2.5.0.0
2024-10-23 16:00:09,228 [WARN] PackLoader:240 - Cannot read IP mode file for Cesanta.I-CUBE-Mongoose.7.13.0
2024-10-23 16:00:09,258 [WARN] PackLoader:240 - Cannot read IP mode file for STMicroelectronics.X-CUBE-AZRTOS-G4.2.0.0
2024-10-23 16:00:09,274 [WARN] PackLoader:240 - Cannot read IP mode file for STMicroelectronics.X-CUBE-ALS.1.0.2
2024-10-23 16:00:09,289 [WARN] PackLoader:240 - Cannot read IP mode file for STMicroelectronics.X-CUBE-TOUCHGFX.4.24.1
2024-10-23 16:00:09,307 [WARN] PackLoader:240 - Cannot read IP mode file for wolfSSL.I-CUBE-wolfTPM.3.4.0
2024-10-23 16:00:09,323 [WARN] PackLoader:240 - Cannot read IP mode file for portGmbH.I-Cube-SoM-uGOAL.1.1.0
2024-10-23 16:00:09,472 [WARN] PackLoader:240 - Cannot read IP mode file for STMicroelectronics.X-CUBE-AZRTOS-H7RS.1.0.0
2024-10-23 16:00:09,540 [WARN] PackLoader:240 - Cannot read IP mode file for STMicroelectronics.FP-ATR-ASTRA1.2.0.0
2024-10-23 16:00:09,619 [WARN] PackLoader:240 - Cannot read IP mode file for STMicroelectronics.X-CUBE-TOF1.3.4.2
2024-10-23 16:00:09,669 [WARN] PackLoader:240 - Cannot read IP mode file for Infineon.AIROC-Wi-Fi-Bluetooth-STM32.1.6.1
2024-10-23 16:00:09,688 [WARN] PackLoader:240 - Cannot read IP mode file for wolfSSL.I-CUBE-wolfSSH.1.4.17
2024-10-23 16:00:09,689 [INFO] ThirdParty:978 - Integrity check success = true
2024-10-23 16:00:09,689 [INFO] IntegrityCheckThread:100 - exiting critical section [integrity check]
2024-10-23 16:00:09,689 [INFO] IntegrityCheckThread:103 - End integrity checks thread
2024-10-23 16:00:15,528 [INFO] WebApp:167 - Instantiating new browser for Auth
2024-10-23 16:00:16,734 [INFO] WebApp:448 - Apply proxy settings
2024-10-23 16:00:16,735 [INFO] WebApp:533 - Chromium requires no authentication
2024-10-23 16:00:16,747 [INFO] WebApp:476 - Direct internet connection detected
2024-10-23 16:00:16,788 [INFO] WebApp:869 - Register for checkConnection events
2024-10-23 16:00:16,788 [INFO] WebApp:448 - Apply proxy settings
2024-10-23 16:00:16,788 [INFO] WebApp:533 - Chromium requires no authentication
2024-10-23 16:00:16,789 [INFO] WebApp:476 - Direct internet connection detected
2024-10-23 16:00:17,123 [INFO] WebApp:186 - Connection restablished
2024-10-23 16:00:17,184 [INFO] WebApp:220 - Starting web application
2024-10-23 16:00:17,184 [INFO] WebApp:578 - Web application path used C:\ST\STM32CubeIDE_1.16.1\STM32CubeIDE\plugins\com.st.stm32cube.common.mx_6.12.1.202409122256\db\plugins\mcufinder\reactClient1\index.html
2024-10-23 16:00:17,881 [INFO] UserAuth:417 - Internet connection configuration mode: 1
2024-10-23 16:16:21,211 [ERROR] LogOutputStream:75 - [STDERR_REDIRECT] 
2024-10-23 16:16:21,217 [ERROR] LogOutputStream:75 - [STDERR_REDIRECT] 
