2024-11-05 19:01:32,410 [INFO] Activator:176 - 


2024-11-05 19:01:32,420 [INFO] Activator:177 - !SESSION log4j initialized
2024-11-05 19:01:40,405 [INFO] LogOutputStream:77 - [STDOUT_REDIRECT] 
2024-11-05 19:01:41,840 [INFO] ApplicationProperties:184 - Using Application install path: C:\ST\STM32CubeIDE_1.16.1\STM32CubeIDE\plugins\com.st.stm32cube.common.mx_6.12.1.202409122256
2024-11-05 19:01:41,873 [INFO] DbMcusXml:78 - Set database path to: C:\ST\STM32CubeIDE_1.16.1\STM32CubeIDE\plugins\com.st.stm32cube.common.mx_6.12.1.202409122256\\db\/mcu/
2024-11-05 19:01:41,874 [INFO] ApiDb:274 - Set plugin database path to: C:\ST\STM32CubeIDE_1.16.1\STM32CubeIDE\plugins\com.st.stm32cube.common.mx_6.12.1.202409122256\\db\/plugins/boardmanager/
2024-11-05 19:01:41,874 [WARN] ApiDb:259 - Overriding images path with different value:  => C:\ST\STM32CubeIDE_1.16.1\STM32CubeIDE\plugins\com.st.stm32cube.common.mx_6.12.1.202409122256\\db\/plugins/mcufinder/images/
2024-11-05 19:01:41,889 [INFO] ApiDb:250 - Set database path to: C:\Users\leagu\.stmcufinder\plugins\mcufinder//mcu/
2024-11-05 19:01:41,890 [INFO] DbMcusAds:125 - Set database path to: C:\Users\leagu\.stmcufinder\plugins\mcufinder//mcu/
2024-11-05 19:01:41,895 [INFO] CrossReferenceDbSqlite:203 - Set database path to: C:\Users\leagu\.stmcufinder\plugins\mcufinder//mcu/cs/
2024-11-05 19:01:42,124 [INFO] RulesReader:64 - Compatibility file has been processed (297 Rules)
2024-11-05 19:01:42,253 [INFO] DbMcusXml:78 - Set database path to: C:\ST\STM32CubeIDE_1.16.1\STM32CubeIDE\plugins\com.st.stm32cube.common.mx_6.12.1.202409122256\\db\/mcu/
2024-11-05 19:01:42,253 [INFO] ApiDb:274 - Set plugin database path to: C:\ST\STM32CubeIDE_1.16.1\STM32CubeIDE\plugins\com.st.stm32cube.common.mx_6.12.1.202409122256\\db\/plugins/boardmanager/
2024-11-05 19:01:42,253 [INFO] ApiDb:261 - Set plugin images path to: C:\ST\STM32CubeIDE_1.16.1\STM32CubeIDE\plugins\com.st.stm32cube.common.mx_6.12.1.202409122256\\db\/plugins/mcufinder/images/
2024-11-05 19:01:42,253 [WARN] DbFile:41 - Overriding database path with different value: C:\Users\leagu\.stmcufinder\plugins\mcufinder/ => C:\Users\leagu\.stmcufinder\plugins\mcufinder
2024-11-05 19:01:42,254 [INFO] ApiDb:250 - Set database path to: C:\Users\leagu\.stmcufinder\plugins\mcufinder//mcu/
2024-11-05 19:01:42,254 [WARN] DbFile:41 - Overriding database path with different value: C:\Users\leagu\.stmcufinder\plugins\mcufinder/ => C:\Users\leagu\.stmcufinder\plugins\mcufinder
2024-11-05 19:01:42,254 [INFO] DbMcusAds:125 - Set database path to: C:\Users\leagu\.stmcufinder\plugins\mcufinder//mcu/
2024-11-05 19:01:42,254 [WARN] DbFile:41 - Overriding database path with different value: C:\Users\leagu\.stmcufinder\plugins\mcufinder/ => C:\Users\leagu\.stmcufinder\plugins\mcufinder
2024-11-05 19:01:42,254 [WARN] DbFile:41 - Overriding database path with different value: C:\Users\leagu\.stmcufinder\plugins\mcufinder/ => C:\Users\leagu\.stmcufinder\plugins\mcufinder
2024-11-05 19:01:42,254 [INFO] CrossReferenceDbSqlite:203 - Set database path to: C:\Users\leagu\.stmcufinder\plugins\mcufinder//mcu/cs/
2024-11-05 19:01:42,422 [INFO] MainPanel:268 - HeapMemory: 591396864
2024-11-05 19:01:42,643 [INFO] DbMcusXml:78 - Set database path to: C:\ST\STM32CubeIDE_1.16.1\STM32CubeIDE\plugins\com.st.stm32cube.common.mx_6.12.1.202409122256\\db\/mcu/
2024-11-05 19:01:42,644 [INFO] ApiDb:274 - Set plugin database path to: C:\ST\STM32CubeIDE_1.16.1\STM32CubeIDE\plugins\com.st.stm32cube.common.mx_6.12.1.202409122256\\db\/plugins/boardmanager/
2024-11-05 19:01:42,644 [INFO] ApiDb:261 - Set plugin images path to: C:\ST\STM32CubeIDE_1.16.1\STM32CubeIDE\plugins\com.st.stm32cube.common.mx_6.12.1.202409122256\\db\/plugins/mcufinder/images/
2024-11-05 19:01:42,646 [WARN] DbFile:41 - Overriding database path with different value: C:\Users\leagu\.stmcufinder\plugins\mcufinder/ => C:\Users\leagu\.stmcufinder\plugins\mcufinder
2024-11-05 19:01:42,646 [INFO] ApiDb:250 - Set database path to: C:\Users\leagu\.stmcufinder\plugins\mcufinder//mcu/
2024-11-05 19:01:42,646 [WARN] DbFile:41 - Overriding database path with different value: C:\Users\leagu\.stmcufinder\plugins\mcufinder/ => C:\Users\leagu\.stmcufinder\plugins\mcufinder
2024-11-05 19:01:42,646 [INFO] DbMcusAds:125 - Set database path to: C:\Users\leagu\.stmcufinder\plugins\mcufinder//mcu/
2024-11-05 19:01:42,646 [WARN] DbFile:41 - Overriding database path with different value: C:\Users\leagu\.stmcufinder\plugins\mcufinder/ => C:\Users\leagu\.stmcufinder\plugins\mcufinder
2024-11-05 19:01:42,647 [WARN] DbFile:41 - Overriding database path with different value: C:\Users\leagu\.stmcufinder\plugins\mcufinder/ => C:\Users\leagu\.stmcufinder\plugins\mcufinder
2024-11-05 19:01:42,647 [INFO] CrossReferenceDbSqlite:203 - Set database path to: C:\Users\leagu\.stmcufinder\plugins\mcufinder//mcu/cs/
2024-11-05 19:01:42,683 [INFO] ApplicationProperties:184 - Using Application install path: C:\ST\STM32CubeIDE_1.16.1\STM32CubeIDE\plugins\com.st.stm32cube.common.mx_6.12.1.202409122256
2024-11-05 19:01:42,685 [INFO] PluginManage:196 - Search for loadable plugins [exclusion list=, ]
2024-11-05 19:01:42,688 [INFO] PluginManage:310 - Check plugin analytics
2024-11-05 19:01:43,052 [INFO] AnalyticsPlugin:253 - Accepted Software Licenses: 
2024-11-05 19:01:43,052 [INFO] AnalyticsPlugin:255 - Accepted CMSIS Pack Licenses: 
2024-11-05 19:01:43,052 [INFO] AnalyticsPlugin:257 - Accepted Firmware Licenses: FW.F4.1.28.0
2024-11-05 19:01:43,056 [INFO] PluginManage:359 - Loaded plugin analytics (category:tool,tabindex:-1)
2024-11-05 19:01:43,058 [INFO] PluginManage:310 - Check plugin cadmodel
2024-11-05 19:01:43,069 [INFO] CADModel:105 - Init CAD model plugin
2024-11-05 19:01:43,070 [INFO] PluginManage:359 - Loaded plugin cadmodel (category:power,tabindex:5)
2024-11-05 19:01:43,070 [INFO] PluginManage:310 - Check plugin clock
2024-11-05 19:01:43,093 [INFO] PluginManage:359 - Loaded plugin clock (category:base,tabindex:2)
2024-11-05 19:01:43,093 [INFO] PluginManage:310 - Check plugin ddr
2024-11-05 19:01:43,106 [INFO] PluginManage:359 - Loaded plugin ddr (category:tool,tabindex:6)
2024-11-05 19:01:43,107 [INFO] PluginManage:310 - Check plugin filemanager
2024-11-05 19:01:43,382 [INFO] PluginManage:359 - Loaded plugin filemanager (category:base,tabindex:10)
2024-11-05 19:01:43,382 [INFO] PluginManage:310 - Check plugin ipmanager
2024-11-05 19:01:43,392 [INFO] PluginManage:359 - Loaded plugin ipmanager (category:base,tabindex:5)
2024-11-05 19:01:43,393 [INFO] PluginManage:310 - Check plugin lpbam
2024-11-05 19:01:43,412 [INFO] PluginManage:359 - Loaded plugin lpbam (category:base,tabindex:0)
2024-11-05 19:01:43,413 [INFO] PluginManage:310 - Check plugin memorymap
2024-11-05 19:01:43,439 [INFO] PluginManage:359 - Loaded plugin memorymap (category:base,tabindex:4)
2024-11-05 19:01:43,439 [INFO] PluginManage:310 - Check plugin pinoutandconfiguration
2024-11-05 19:01:43,453 [INFO] PluginManage:359 - Loaded plugin pinoutandconfiguration (category:base,tabindex:1)
2024-11-05 19:01:43,453 [INFO] PluginManage:310 - Check plugin pinoutconfig
2024-11-05 19:01:43,636 [WARN] SupportedApi:132 - Cannot load RTOS API schema: s4s-elt-must-match.1: The content of 'definitions' must match (annotation?, (simpleType | complexType)?, (unique | key | keyref)*)). A problem was found starting at: attribute.
2024-11-05 19:01:43,909 [INFO] PluginManage:359 - Loaded plugin pinoutconfig (category:base,tabindex:0)
2024-11-05 19:01:43,909 [INFO] PluginManage:310 - Check plugin power
2024-11-05 19:01:43,934 [INFO] PluginManage:359 - Loaded plugin power (category:power,tabindex:4)
2024-11-05 19:01:43,934 [INFO] PluginManage:310 - Check plugin projectmanager
2024-11-05 19:01:43,975 [INFO] PluginManage:359 - Loaded plugin projectmanager (category:projectmanager,tabindex:4)
2024-11-05 19:01:43,975 [INFO] PluginManage:310 - Check plugin rif
2024-11-05 19:01:43,989 [INFO] PluginManage:359 - Loaded plugin rif (category:base,tabindex:3)
2024-11-05 19:01:43,989 [INFO] PluginManage:310 - Check plugin thirdparty
2024-11-05 19:01:44,251 [INFO] PluginManage:359 - Loaded plugin thirdparty (category:base,tabindex:-1)
2024-11-05 19:01:44,251 [INFO] PluginManage:310 - Check plugin tools
2024-11-05 19:01:44,253 [WARN] IntegrityCheckThread:84 - waiting for thirdparty lock release [integrity check]
2024-11-05 19:01:44,253 [INFO] IntegrityCheckThread:86 - entering critical section [integrity check]
2024-11-05 19:01:44,254 [INFO] ThirdPartyUpdaterWithRetryManager:70 - Updater plugin not ready yet. [1/15]
2024-11-05 19:01:44,255 [INFO] PluginManage:359 - Loaded plugin tools (category:base,tabindex:7)
2024-11-05 19:01:44,255 [INFO] PluginManage:310 - Check plugin tutovideos
2024-11-05 19:01:44,536 [INFO] PluginManage:359 - Loaded plugin tutovideos (category:base,tabindex:-1)
2024-11-05 19:01:44,537 [INFO] PluginManage:310 - Check plugin updater
2024-11-05 19:01:44,568 [INFO] PluginManage:359 - Loaded plugin updater (category:base,tabindex:12)
2024-11-05 19:01:44,569 [INFO] PluginManage:310 - Check plugin userauth
2024-11-05 19:01:44,576 [INFO] UserAuth:113 - Init User Auth plugin
2024-11-05 19:01:44,576 [INFO] PluginManage:359 - Loaded plugin userauth (category:base,tabindex:14)
2024-11-05 19:01:44,578 [INFO] PluginManage:283 - PluginManage : Loaded plugins [18]
2024-11-05 19:01:44,884 [INFO] PinOutPanel:1561 - setPackage(No Configuration,No Configuration)
2024-11-05 19:01:45,202 [INFO] CADModel:165 - CPN selected for project level
2024-11-05 19:01:45,202 [INFO] CADModel:114 - Register for checkConnection events
2024-11-05 19:01:45,234 [INFO] IPUIPlugin:80 - create IPUIPlugin
2024-11-05 19:01:45,234 [INFO] PluginManager:220 - loadIPPluginJar : add adc
2024-11-05 19:01:45,237 [INFO] IPUIPlugin:80 - create IPUIPlugin
2024-11-05 19:01:45,238 [INFO] PluginManager:220 - loadIPPluginJar : add aes
2024-11-05 19:01:45,241 [INFO] IPUIPlugin:80 - create IPUIPlugin
2024-11-05 19:01:45,241 [INFO] PluginManager:220 - loadIPPluginJar : add can
2024-11-05 19:01:45,246 [INFO] IPUIPlugin:80 - create IPUIPlugin
2024-11-05 19:01:45,246 [INFO] PluginManager:220 - loadIPPluginJar : add comp
2024-11-05 19:01:45,251 [INFO] IPUIPlugin:80 - create IPUIPlugin
2024-11-05 19:01:45,251 [INFO] PluginManager:220 - loadIPPluginJar : add cryp
2024-11-05 19:01:45,255 [INFO] IPUIPlugin:80 - create IPUIPlugin
2024-11-05 19:01:45,255 [INFO] PluginManager:220 - loadIPPluginJar : add ddr_ctrl_phy
2024-11-05 19:01:45,259 [INFO] IPUIPlugin:80 - create IPUIPlugin
2024-11-05 19:01:45,259 [INFO] PluginManager:220 - loadIPPluginJar : add dfsdm
2024-11-05 19:01:45,270 [INFO] IPUIPlugin:80 - create IPUIPlugin
2024-11-05 19:01:45,270 [INFO] PluginManager:220 - loadIPPluginJar : add dma
2024-11-05 19:01:45,274 [INFO] IPUIPlugin:80 - create IPUIPlugin
2024-11-05 19:01:45,274 [INFO] PluginManager:220 - loadIPPluginJar : add dma3
2024-11-05 19:01:45,281 [INFO] IPUIPlugin:80 - create IPUIPlugin
2024-11-05 19:01:45,281 [INFO] PluginManager:220 - loadIPPluginJar : add extmemmanager
2024-11-05 19:01:45,284 [INFO] IPUIPlugin:80 - create IPUIPlugin
2024-11-05 19:01:45,284 [INFO] PluginManager:220 - loadIPPluginJar : add fatfs
2024-11-05 19:01:45,311 [INFO] IPUIPlugin:80 - create IPUIPlugin
2024-11-05 19:01:45,312 [INFO] PluginManager:220 - loadIPPluginJar : add fmc
2024-11-05 19:01:45,323 [INFO] IPUIPlugin:80 - create IPUIPlugin
2024-11-05 19:01:45,324 [INFO] PluginManager:220 - loadIPPluginJar : add freertos
2024-11-05 19:01:45,327 [INFO] IPUIPlugin:80 - create IPUIPlugin
2024-11-05 19:01:45,328 [INFO] PluginManager:220 - loadIPPluginJar : add genericplugin
2024-11-05 19:01:45,333 [INFO] IPUIPlugin:80 - create IPUIPlugin
2024-11-05 19:01:45,333 [INFO] PluginManager:220 - loadIPPluginJar : add gfxmmu
2024-11-05 19:01:45,341 [INFO] IPUIPlugin:80 - create IPUIPlugin
2024-11-05 19:01:45,341 [INFO] PluginManager:220 - loadIPPluginJar : add gic
2024-11-05 19:01:45,364 [INFO] IPUIPlugin:80 - create IPUIPlugin
2024-11-05 19:01:45,364 [INFO] PluginManager:220 - loadIPPluginJar : add gpio
2024-11-05 19:01:45,373 [INFO] IPUIPlugin:80 - create IPUIPlugin
2024-11-05 19:01:45,373 [INFO] PluginManager:220 - loadIPPluginJar : add gtzc
2024-11-05 19:01:45,382 [INFO] IPUIPlugin:80 - create IPUIPlugin
2024-11-05 19:01:45,382 [INFO] PluginManager:220 - loadIPPluginJar : add hash
2024-11-05 19:01:45,386 [INFO] IPUIPlugin:80 - create IPUIPlugin
2024-11-05 19:01:45,386 [INFO] PluginManager:220 - loadIPPluginJar : add i2c
2024-11-05 19:01:45,390 [INFO] IPUIPlugin:80 - create IPUIPlugin
2024-11-05 19:01:45,390 [INFO] PluginManager:220 - loadIPPluginJar : add i2s
2024-11-05 19:01:45,395 [INFO] IPUIPlugin:80 - create IPUIPlugin
2024-11-05 19:01:45,396 [INFO] PluginManager:220 - loadIPPluginJar : add i3c
2024-11-05 19:01:45,403 [INFO] IPUIPlugin:80 - create IPUIPlugin
2024-11-05 19:01:45,403 [INFO] PluginManager:220 - loadIPPluginJar : add ipddr
2024-11-05 19:01:45,417 [INFO] IPUIPlugin:80 - create IPUIPlugin
2024-11-05 19:01:45,417 [INFO] PluginManager:220 - loadIPPluginJar : add linkedlist
2024-11-05 19:01:45,421 [INFO] IPUIPlugin:80 - create IPUIPlugin
2024-11-05 19:01:45,421 [INFO] PluginManager:220 - loadIPPluginJar : add lorawan
2024-11-05 19:01:45,423 [INFO] IPUIPlugin:80 - create IPUIPlugin
2024-11-05 19:01:45,423 [INFO] PluginManager:220 - loadIPPluginJar : add ltdc
2024-11-05 19:01:45,434 [INFO] IPUIPlugin:80 - create IPUIPlugin
2024-11-05 19:01:45,434 [INFO] PluginManager:220 - loadIPPluginJar : add mdma
2024-11-05 19:01:45,439 [INFO] IPUIPlugin:80 - create IPUIPlugin
2024-11-05 19:01:45,439 [INFO] PluginManager:220 - loadIPPluginJar : add nvic
2024-11-05 19:01:45,443 [INFO] IPUIPlugin:80 - create IPUIPlugin
2024-11-05 19:01:45,443 [INFO] PluginManager:220 - loadIPPluginJar : add opamp
2024-11-05 19:01:45,451 [INFO] IPUIPlugin:80 - create IPUIPlugin
2024-11-05 19:01:45,451 [INFO] PluginManager:220 - loadIPPluginJar : add openamp
2024-11-05 19:01:45,455 [INFO] IPUIPlugin:80 - create IPUIPlugin
2024-11-05 19:01:45,455 [INFO] PluginManager:220 - loadIPPluginJar : add pdm2pcm
2024-11-05 19:01:45,467 [INFO] IPUIPlugin:80 - create IPUIPlugin
2024-11-05 19:01:45,470 [INFO] PluginManager:220 - loadIPPluginJar : add plateformsettings
2024-11-05 19:01:45,473 [INFO] IPUIPlugin:80 - create IPUIPlugin
2024-11-05 19:01:45,474 [INFO] PluginManager:220 - loadIPPluginJar : add quadspi
2024-11-05 19:01:45,487 [INFO] IPUIPlugin:80 - create IPUIPlugin
2024-11-05 19:01:45,489 [INFO] PluginManager:220 - loadIPPluginJar : add radio
2024-11-05 19:01:45,496 [INFO] IPUIPlugin:80 - create IPUIPlugin
2024-11-05 19:01:45,496 [INFO] PluginManager:220 - loadIPPluginJar : add resmgrutility
2024-11-05 19:01:45,500 [INFO] IPUIPlugin:80 - create IPUIPlugin
2024-11-05 19:01:45,501 [INFO] PluginManager:220 - loadIPPluginJar : add sai
2024-11-05 19:01:45,504 [INFO] IPUIPlugin:80 - create IPUIPlugin
2024-11-05 19:01:45,504 [INFO] PluginManager:220 - loadIPPluginJar : add spi
2024-11-05 19:01:45,510 [INFO] IPUIPlugin:80 - create IPUIPlugin
2024-11-05 19:01:45,511 [INFO] PluginManager:220 - loadIPPluginJar : add stm32_wpan
2024-11-05 19:01:45,517 [INFO] IPUIPlugin:80 - create IPUIPlugin
2024-11-05 19:01:45,518 [INFO] PluginManager:220 - loadIPPluginJar : add tim
2024-11-05 19:01:45,522 [INFO] IPUIPlugin:80 - create IPUIPlugin
2024-11-05 19:01:45,522 [INFO] PluginManager:220 - loadIPPluginJar : add touchsensing
2024-11-05 19:01:45,524 [INFO] IPUIPlugin:80 - create IPUIPlugin
2024-11-05 19:01:45,525 [INFO] PluginManager:220 - loadIPPluginJar : add tracer_emb
2024-11-05 19:01:45,530 [INFO] IPUIPlugin:80 - create IPUIPlugin
2024-11-05 19:01:45,531 [INFO] PluginManager:220 - loadIPPluginJar : add ts
2024-11-05 19:01:45,535 [INFO] IPUIPlugin:80 - create IPUIPlugin
2024-11-05 19:01:45,535 [INFO] PluginManager:220 - loadIPPluginJar : add tsc
2024-11-05 19:01:45,538 [INFO] IPUIPlugin:80 - create IPUIPlugin
2024-11-05 19:01:45,538 [INFO] PluginManager:220 - loadIPPluginJar : add ucpd
2024-11-05 19:01:45,541 [INFO] IPUIPlugin:80 - create IPUIPlugin
2024-11-05 19:01:45,541 [INFO] PluginManager:220 - loadIPPluginJar : add usart
2024-11-05 19:01:45,546 [INFO] IPUIPlugin:80 - create IPUIPlugin
2024-11-05 19:01:45,547 [INFO] PluginManager:220 - loadIPPluginJar : add usbx
2024-11-05 19:01:45,704 [INFO] CADModel:165 - CPN selected for project level
2024-11-05 19:01:45,705 [INFO] CADModel:114 - Register for checkConnection events
2024-11-05 19:01:45,705 [FATAL] Updater:334 - Updater called before beeing initialized
2024-11-05 19:01:45,706 [ERROR] CADModel:125 - Updater not yet initialized, retry later 
2024-11-05 19:01:45,905 [INFO] CADModel:165 - CPN selected for project level
2024-11-05 19:01:45,905 [INFO] CADModel:114 - Register for checkConnection events
2024-11-05 19:01:45,905 [FATAL] Updater:334 - Updater called before beeing initialized
2024-11-05 19:01:45,905 [ERROR] CADModel:125 - Updater not yet initialized, retry later 
2024-11-05 19:01:45,910 [FATAL] Updater:334 - Updater called before beeing initialized
2024-11-05 19:01:46,089 [FATAL] Updater:334 - Updater called before beeing initialized
2024-11-05 19:01:46,105 [INFO] DbMcusAds:53 - JSON generation date=Fri Sep 20 16:04:23 TRT 2024 (1726837463113)
2024-11-05 19:01:46,105 [FATAL] Updater:334 - Updater called before beeing initialized
2024-11-05 19:01:46,156 [WARN] DetailPanel:346 - Failed to get advertising image, set to default
2024-11-05 19:01:46,276 [FATAL] Updater:334 - Updater called before beeing initialized
2024-11-05 19:01:46,278 [FATAL] Updater:334 - Updater called before beeing initialized
2024-11-05 19:01:46,278 [FATAL] Updater:334 - Updater called before beeing initialized
2024-11-05 19:01:46,279 [WARN] DetailPanel:346 - Failed to get advertising image, set to default
2024-11-05 19:01:46,279 [FATAL] Updater:334 - Updater called before beeing initialized
2024-11-05 19:01:46,377 [ERROR] Updater:1164 - MainUpdater not yet initialized. External WinMGr cannot be set.
2024-11-05 19:01:46,385 [INFO] Updater:1100 - Updater Version found : 6.12.1
2024-11-05 19:01:46,416 [INFO] ApplicationProperties:184 - Using Application install path: C:\ST\STM32CubeIDE_1.16.1\STM32CubeIDE\plugins\com.st.stm32cube.common.mx_6.12.1.202409122256
2024-11-05 19:01:47,254 [INFO] ThirdPartyUpdaterWithRetryManager:70 - Updater plugin not ready yet. [2/15]
2024-11-05 19:01:48,013 [ERROR] LogOutputStream:75 - [STDERR_REDIRECT] Nov 05, 2024 7:01:48 PM java.util.prefs.WindowsPreferences <init>
2024-11-05 19:01:48,017 [ERROR] LogOutputStream:75 - [STDERR_REDIRECT] WARNING: Could not open/create prefs root node Software\JavaSoft\Prefs at root 0xffffffff80000002. Windows RegCreateKeyEx(...) returned error code 5.
2024-11-05 19:01:48,017 [ERROR] LogOutputStream:75 - [STDERR_REDIRECT] 
2024-11-05 19:01:48,638 [INFO] MainUpdater:2873 - connection check result : 10
2024-11-05 19:01:48,638 [INFO] MainUpdater:290 - Updater Check For Update Now.
2024-11-05 19:01:48,639 [INFO] MicroXplorer:498 - Change Database Version : DB.6.0.121
2024-11-05 19:01:48,647 [INFO] McuFinderGlobals:63 - Set McuFinder mode to 2 (CubeIDE integrated)
2024-11-05 19:01:48,654 [INFO] UserAuth:417 - Internet connection configuration mode: 1
2024-11-05 19:01:48,706 [INFO] JxBrowserEngine:152 - Initiate JxBrowser Engine with user profile folder
2024-11-05 19:01:49,003 [INFO] CheckServerUpdateThread:120 - End of CheckServer Thread
2024-11-05 19:01:50,634 [WARN] PackLoader:240 - Cannot read IP mode file for STMicroelectronics.FP-SNS-MOTENVWB1.1.4.0
2024-11-05 19:01:50,665 [WARN] PackLoader:240 - Cannot read IP mode file for STMicroelectronics.X-CUBE-SMBUS.2.1.0
2024-11-05 19:01:50,709 [WARN] PackLoader:240 - Cannot read IP mode file for STMicroelectronics.X-CUBE-WB05N.1.1.0
2024-11-05 19:01:50,863 [WARN] PackLoader:240 - Cannot read IP mode file for STMicroelectronics.X-CUBE-AZRTOS-F7.1.1.0
2024-11-05 19:01:51,035 [WARN] PackLoader:240 - Cannot read IP mode file for STMicroelectronics.X-CUBE-MEMS1.11.0.0
2024-11-05 19:01:51,403 [WARN] PackLoader:240 - Cannot read IP mode file for STMicroelectronics.FP-SNS-FLIGHT1.5.0.2
2024-11-05 19:01:51,424 [WARN] PackLoader:240 - Cannot read IP mode file for STMicroelectronics.X-CUBE-DISPLAY.3.0.0
2024-11-05 19:01:51,473 [WARN] PackLoader:240 - Cannot read IP mode file for STMicroelectronics.X-CUBE-BLE1.7.0.0
2024-11-05 19:01:51,497 [WARN] PackLoader:240 - Cannot read IP mode file for STMicroelectronics.X-CUBE-NFC10.1.0.0
2024-11-05 19:01:51,524 [WARN] PackLoader:240 - Cannot read IP mode file for emotas.I-CUBE-CANOPEN.1.3.0
2024-11-05 19:01:51,550 [WARN] PackLoader:240 - Cannot read IP mode file for STMicroelectronics.X-CUBE-BLEMGR.3.1.0
2024-11-05 19:01:51,573 [WARN] PackLoader:240 - Cannot read IP mode file for STMicroelectronics.FP-SNS-SMARTAG2.1.2.0
2024-11-05 19:01:51,619 [INFO] LogOutputStream:77 - [STDOUT_REDIRECT] 1 : Invalid condition id : UX_CORESTACK_Condition cause : null
2024-11-05 19:01:51,620 [INFO] LogOutputStream:77 - [STDOUT_REDIRECT] 1 : Invalid condition id : UX_CORESTACK_Condition cause : null
2024-11-05 19:01:51,622 [INFO] LogOutputStream:77 - [STDOUT_REDIRECT] 1 : Invalid condition id : UX_CORESTACK_Condition cause : null
2024-11-05 19:01:51,624 [INFO] LogOutputStream:77 - [STDOUT_REDIRECT] 1 : Invalid condition id : UX_CORESTACK_Condition cause : null
2024-11-05 19:01:51,625 [INFO] LogOutputStream:77 - [STDOUT_REDIRECT] 1 : Invalid condition id : UX_CORESTACK_Condition cause : null
2024-11-05 19:01:51,629 [WARN] PackLoader:240 - Cannot read IP mode file for STMicroelectronics.X-CUBE-AZRTOS-WL.2.0.0
2024-11-05 19:01:51,737 [WARN] PackLoader:240 - Cannot read IP mode file for STMicroelectronics.FP-SNS-MOTENV1.5.0.0
2024-11-05 19:01:51,803 [WARN] PackLoader:240 - Cannot read IP mode file for wolfSSL.I-CUBE-wolfMQTT.1.19.0
2024-11-05 19:01:51,925 [WARN] PackLoader:240 - Cannot read IP mode file for WES.I-CUBE-Cesium.1.3.0
2024-11-05 19:01:51,985 [WARN] PackLoader:240 - Cannot read IP mode file for STMicroelectronics.X-CUBE-BLE2.3.3.0
2024-11-05 19:01:52,017 [WARN] PackLoader:240 - Cannot read IP mode file for STMicroelectronics.X-CUBE-NFC9.1.0.0
2024-11-05 19:01:52,048 [WARN] PackLoader:240 - Cannot read IP mode file for STMicroelectronics.X-CUBE-TCPP.4.1.0
2024-11-05 19:01:52,090 [WARN] PackLoader:240 - Cannot read IP mode file for STMicroelectronics.X-CUBE-AZRTOS-G0.1.1.0
2024-11-05 19:01:52,172 [WARN] PackLoader:240 - Cannot read IP mode file for STMicroelectronics.X-CUBE-SAFEA1.1.2.2
2024-11-05 19:01:52,223 [WARN] PackLoader:240 - Cannot read IP mode file for STMicroelectronics.X-CUBE-NFC4.3.0.0
2024-11-05 19:01:52,246 [WARN] PackLoader:240 - Cannot read IP mode file for EmbeddedOffice.I-CUBE-FS-RTOS.1.0.1
2024-11-05 19:01:52,247 [ERROR] ConditionMgr:805 - Attr not supported : Dmpu
2024-11-05 19:01:52,247 [ERROR] ConditionMgr:805 - Attr not supported : Dmpu
2024-11-05 19:01:52,247 [ERROR] ConditionMgr:805 - Attr not supported : Dmpu
2024-11-05 19:01:52,247 [ERROR] ConditionMgr:805 - Attr not supported : Dmpu
2024-11-05 19:01:52,247 [ERROR] ConditionMgr:805 - Attr not supported : Dmpu
2024-11-05 19:01:52,247 [ERROR] ConditionMgr:805 - Attr not supported : Dmpu
2024-11-05 19:01:52,248 [ERROR] ConditionMgr:805 - Attr not supported : Dmpu
2024-11-05 19:01:52,248 [ERROR] ConditionMgr:805 - Attr not supported : Dmpu
2024-11-05 19:01:52,248 [ERROR] ConditionMgr:805 - Attr not supported : Dmpu
2024-11-05 19:01:52,248 [ERROR] ConditionMgr:805 - Attr not supported : Dmpu
2024-11-05 19:01:52,249 [ERROR] ConditionMgr:805 - Attr not supported : Dmpu
2024-11-05 19:01:52,250 [ERROR] ConditionMgr:805 - Attr not supported : Dmpu
2024-11-05 19:01:52,250 [ERROR] ConditionMgr:805 - Attr not supported : Dmpu
2024-11-05 19:01:52,250 [ERROR] ConditionMgr:805 - Attr not supported : Dmpu
2024-11-05 19:01:52,250 [ERROR] ConditionMgr:805 - Attr not supported : Dmpu
2024-11-05 19:01:52,250 [ERROR] ConditionMgr:805 - Attr not supported : Dmpu
2024-11-05 19:01:52,250 [ERROR] ConditionMgr:805 - Attr not supported : Dmpu
2024-11-05 19:01:52,250 [ERROR] ConditionMgr:805 - Attr not supported : Dmpu
2024-11-05 19:01:52,250 [ERROR] ConditionMgr:805 - Attr not supported : Dmpu
2024-11-05 19:01:52,251 [ERROR] ConditionMgr:805 - Attr not supported : Dmpu
2024-11-05 19:01:52,252 [ERROR] ConditionMgr:805 - Attr not supported : Dmpu
2024-11-05 19:01:52,253 [ERROR] ConditionMgr:805 - Attr not supported : Dmpu
2024-11-05 19:01:52,253 [ERROR] ConditionMgr:805 - Attr not supported : Dmpu
2024-11-05 19:01:52,253 [ERROR] ConditionMgr:805 - Attr not supported : Dmpu
2024-11-05 19:01:52,253 [ERROR] ConditionMgr:805 - Attr not supported : Dmpu
2024-11-05 19:01:52,253 [ERROR] ConditionMgr:805 - Attr not supported : Dmpu
2024-11-05 19:01:52,253 [ERROR] ConditionMgr:805 - Attr not supported : Dmpu
2024-11-05 19:01:52,253 [ERROR] ConditionMgr:805 - Attr not supported : Dmpu
2024-11-05 19:01:52,253 [ERROR] ConditionMgr:805 - Attr not supported : Dmpu
2024-11-05 19:01:52,254 [ERROR] ConditionMgr:805 - Attr not supported : Dmpu
2024-11-05 19:01:52,255 [ERROR] ConditionMgr:805 - Attr not supported : Dmpu
2024-11-05 19:01:52,256 [ERROR] ConditionMgr:805 - Attr not supported : Dmpu
2024-11-05 19:01:52,256 [ERROR] ConditionMgr:805 - Attr not supported : Dmpu
2024-11-05 19:01:52,256 [ERROR] ConditionMgr:805 - Attr not supported : Dmpu
2024-11-05 19:01:52,256 [ERROR] ConditionMgr:805 - Attr not supported : Dmpu
2024-11-05 19:01:52,256 [ERROR] ConditionMgr:805 - Attr not supported : Dmpu
2024-11-05 19:01:52,256 [ERROR] ConditionMgr:805 - Attr not supported : Dmpu
2024-11-05 19:01:52,257 [ERROR] ConditionMgr:805 - Attr not supported : Dmpu
2024-11-05 19:01:52,257 [ERROR] ConditionMgr:805 - Attr not supported : Dmpu
2024-11-05 19:01:52,257 [ERROR] ConditionMgr:805 - Attr not supported : Dmpu
2024-11-05 19:01:52,257 [ERROR] ConditionMgr:805 - Attr not supported : Dmpu
2024-11-05 19:01:52,257 [ERROR] ConditionMgr:805 - Attr not supported : Dmpu
2024-11-05 19:01:52,257 [ERROR] ConditionMgr:805 - Attr not supported : Dmpu
2024-11-05 19:01:52,257 [ERROR] ConditionMgr:805 - Attr not supported : Dmpu
2024-11-05 19:01:52,257 [ERROR] ConditionMgr:805 - Attr not supported : Dmpu
2024-11-05 19:01:52,257 [ERROR] ConditionMgr:805 - Attr not supported : Dmpu
2024-11-05 19:01:52,257 [ERROR] ConditionMgr:805 - Attr not supported : Dmpu
2024-11-05 19:01:52,257 [ERROR] ConditionMgr:805 - Attr not supported : Dmpu
2024-11-05 19:01:52,257 [ERROR] ConditionMgr:805 - Attr not supported : Dmpu
2024-11-05 19:01:52,257 [ERROR] ConditionMgr:805 - Attr not supported : Dmpu
2024-11-05 19:01:52,257 [ERROR] ConditionMgr:805 - Attr not supported : Dmpu
2024-11-05 19:01:52,258 [ERROR] ConditionMgr:805 - Attr not supported : Dmpu
2024-11-05 19:01:52,258 [ERROR] ConditionMgr:805 - Attr not supported : Dmpu
2024-11-05 19:01:52,258 [ERROR] ConditionMgr:805 - Attr not supported : Dmpu
2024-11-05 19:01:52,258 [ERROR] ConditionMgr:805 - Attr not supported : Dmpu
2024-11-05 19:01:52,258 [ERROR] ConditionMgr:805 - Attr not supported : Dmpu
2024-11-05 19:01:52,258 [ERROR] ConditionMgr:805 - Attr not supported : Dmpu
2024-11-05 19:01:52,258 [ERROR] ConditionMgr:805 - Attr not supported : Dmpu
2024-11-05 19:01:52,258 [ERROR] ConditionMgr:805 - Attr not supported : Dmpu
2024-11-05 19:01:52,258 [ERROR] ConditionMgr:805 - Attr not supported : Dmpu
2024-11-05 19:01:52,258 [ERROR] ConditionMgr:805 - Attr not supported : Dmpu
2024-11-05 19:01:52,258 [ERROR] ConditionMgr:805 - Attr not supported : Dmpu
2024-11-05 19:01:52,258 [ERROR] ConditionMgr:805 - Attr not supported : Dmpu
2024-11-05 19:01:52,259 [ERROR] ConditionMgr:805 - Attr not supported : Dmpu
2024-11-05 19:01:52,281 [WARN] PackLoader:240 - Cannot read IP mode file for RealThread.X-CUBE-RT-Thread_Nano.4.1.1
2024-11-05 19:01:52,305 [WARN] PackLoader:240 - Cannot read IP mode file for STMicroelectronics.FP-ATR-SIGFOX1.3.2.0
2024-11-05 19:01:52,324 [WARN] PackLoader:240 - Cannot read IP mode file for wolfSSL.I-CUBE-wolfSSL.5.7.2
2024-11-05 19:01:52,403 [WARN] PackLoader:240 - Cannot read IP mode file for STMicroelectronics.X-CUBE-EEPRMA1.5.1.0
2024-11-05 19:01:52,440 [WARN] PackLoader:240 - Cannot read IP mode file for ITTIA_DB.I-CUBE-ITTIADB.8.9.0
2024-11-05 19:01:52,522 [WARN] PackLoader:240 - Cannot read IP mode file for SEGGER.I-CUBE-embOS.1.3.1
2024-11-05 19:01:52,660 [WARN] PackLoader:240 - Cannot read IP mode file for STMicroelectronics.X-CUBE-ALGOBUILD.1.4.0
2024-11-05 19:01:52,771 [WARN] PackLoader:240 - Cannot read IP mode file for STMicroelectronics.X-CUBE-AI.9.1.0
2024-11-05 19:01:52,834 [WARN] PackLoader:240 - Cannot read IP mode file for STMicroelectronics.X-CUBE-AZRTOS-F4.1.1.0
2024-11-05 19:01:52,868 [WARN] PackLoader:240 - Cannot read IP mode file for STMicroelectronics.X-CUBE-ISPU.2.1.0
2024-11-05 19:01:52,886 [WARN] PackLoader:240 - Cannot read IP mode file for STMicroelectronics.X-CUBE-FREERTOS.1.2.0
2024-11-05 19:01:52,921 [WARN] PackLoader:240 - Cannot read IP mode file for STMicroelectronics.X-CUBE-AZRTOS-L5.2.0.0
2024-11-05 19:01:53,003 [WARN] PackLoader:240 - Cannot read IP mode file for STMicroelectronics.X-CUBE-NFC6.3.1.0
2024-11-05 19:01:53,035 [WARN] PackLoader:240 - Cannot read IP mode file for STMicroelectronics.X-CUBE-DPower.1.2.0
2024-11-05 19:01:53,074 [WARN] PackLoader:240 - Cannot read IP mode file for STMicroelectronics.X-CUBE-NFC7.1.0.1
2024-11-05 19:01:53,125 [WARN] ConditionMgr:438 - getConditionDescription Invalid condition id : LAN8742 Phy interface Condition cause : null
2024-11-05 19:01:53,137 [WARN] PackLoader:240 - Cannot read IP mode file for STMicroelectronics.X-CUBE-AZRTOS-L4.2.0.0
2024-11-05 19:01:53,138 [WARN] ConditionMgr:1039 - genDependencies : Invalid condition id : LAN8742 Phy interface Condition cause : null
2024-11-05 19:01:53,139 [WARN] ConditionMgr:1039 - genDependencies : Invalid condition id : LAN8742 Phy interface Condition cause : null
2024-11-05 19:01:53,139 [WARN] ConditionMgr:1039 - genDependencies : Invalid condition id : LAN8742 Phy interface Condition cause : null
2024-11-05 19:01:53,202 [WARN] PackLoader:240 - Cannot read IP mode file for STMicroelectronics.X-CUBE-SFXS2LP1.4.0.0
2024-11-05 19:01:53,263 [WARN] PackLoader:240 - Cannot read IP mode file for STMicroelectronics.X-CUBE-AZRTOS-H7.3.3.0
2024-11-05 19:01:53,299 [WARN] PackLoader:240 - Cannot read IP mode file for STMicroelectronics.X-CUBE-IPS.3.0.0
2024-11-05 19:01:53,353 [WARN] ConditionMgr:438 - getConditionDescription Invalid condition id : UX DEVICE CLASS RTOS Condition cause : null
2024-11-05 19:01:53,353 [WARN] ConditionMgr:438 - getConditionDescription Invalid condition id : UX DEVICE CLASS RTOS Condition cause : null
2024-11-05 19:01:53,354 [WARN] PackLoader:240 - Cannot read IP mode file for STMicroelectronics.X-CUBE-AZRTOS-WB.2.0.0
2024-11-05 19:01:53,355 [WARN] ConditionMgr:1039 - genDependencies : Invalid condition id : UX DEVICE CLASS RTOS Condition cause : null
2024-11-05 19:01:53,355 [WARN] ConditionMgr:1039 - genDependencies : Invalid condition id : UX DEVICE CLASS RTOS Condition cause : null
2024-11-05 19:01:53,355 [WARN] ConditionMgr:1039 - genDependencies : Invalid condition id : UX DEVICE CLASS RTOS Condition cause : null
2024-11-05 19:01:53,355 [WARN] ConditionMgr:1039 - genDependencies : Invalid condition id : UX DEVICE CLASS RTOS Condition cause : null
2024-11-05 19:01:53,355 [WARN] ConditionMgr:1039 - genDependencies : Invalid condition id : UX DEVICE CLASS RTOS Condition cause : null
2024-11-05 19:01:53,373 [WARN] PackLoader:240 - Cannot read IP mode file for STMicroelectronics.X-CUBE-GNSS1.7.0.0
2024-11-05 19:01:53,398 [WARN] PackLoader:240 - Cannot read IP mode file for STMicroelectronics.FP-SNS-STBOX1.2.0.0
2024-11-05 19:01:53,420 [WARN] PackLoader:240 - Cannot read IP mode file for STMicroelectronics.X-CUBE-SUBG2.5.0.0
2024-11-05 19:01:53,455 [WARN] PackLoader:240 - Cannot read IP mode file for Cesanta.I-CUBE-Mongoose.7.13.0
2024-11-05 19:01:53,516 [WARN] PackLoader:240 - Cannot read IP mode file for STMicroelectronics.X-CUBE-AZRTOS-G4.2.0.0
2024-11-05 19:01:53,534 [WARN] PackLoader:240 - Cannot read IP mode file for STMicroelectronics.X-CUBE-ALS.1.0.2
2024-11-05 19:01:53,554 [WARN] PackLoader:240 - Cannot read IP mode file for STMicroelectronics.X-CUBE-TOUCHGFX.4.24.1
2024-11-05 19:01:53,570 [WARN] PackLoader:240 - Cannot read IP mode file for wolfSSL.I-CUBE-wolfTPM.3.4.0
2024-11-05 19:01:53,590 [WARN] PackLoader:240 - Cannot read IP mode file for portGmbH.I-Cube-SoM-uGOAL.1.1.0
2024-11-05 19:01:53,629 [WARN] PackLoader:240 - Cannot read IP mode file for STMicroelectronics.X-CUBE-AZRTOS-H7RS.1.0.0
2024-11-05 19:01:53,647 [WARN] PackLoader:240 - Cannot read IP mode file for STMicroelectronics.FP-ATR-ASTRA1.2.0.0
2024-11-05 19:01:53,672 [WARN] PackLoader:240 - Cannot read IP mode file for STMicroelectronics.X-CUBE-TOF1.3.4.2
2024-11-05 19:01:53,790 [WARN] PackLoader:240 - Cannot read IP mode file for Infineon.AIROC-Wi-Fi-Bluetooth-STM32.1.6.1
2024-11-05 19:01:53,824 [WARN] PackLoader:240 - Cannot read IP mode file for wolfSSL.I-CUBE-wolfSSH.1.4.17
2024-11-05 19:01:53,824 [INFO] ThirdParty:978 - Integrity check success = true
2024-11-05 19:01:53,825 [INFO] IntegrityCheckThread:100 - exiting critical section [integrity check]
2024-11-05 19:01:53,827 [INFO] IntegrityCheckThread:103 - End integrity checks thread
2024-11-05 19:01:59,685 [INFO] WebApp:167 - Instantiating new browser for Auth
2024-11-05 19:02:01,251 [INFO] WebApp:448 - Apply proxy settings
2024-11-05 19:02:01,251 [INFO] WebApp:533 - Chromium requires no authentication
2024-11-05 19:02:01,349 [INFO] WebApp:476 - Direct internet connection detected
2024-11-05 19:02:01,448 [INFO] WebApp:869 - Register for checkConnection events
2024-11-05 19:02:01,448 [INFO] WebApp:448 - Apply proxy settings
2024-11-05 19:02:01,449 [INFO] WebApp:533 - Chromium requires no authentication
2024-11-05 19:02:01,449 [INFO] WebApp:476 - Direct internet connection detected
2024-11-05 19:02:01,800 [INFO] WebApp:186 - Connection restablished
2024-11-05 19:02:02,132 [INFO] WebApp:220 - Starting web application
2024-11-05 19:02:02,133 [INFO] WebApp:578 - Web application path used C:\ST\STM32CubeIDE_1.16.1\STM32CubeIDE\plugins\com.st.stm32cube.common.mx_6.12.1.202409122256\db\plugins\mcufinder\reactClient1\index.html
2024-11-05 19:02:02,439 [INFO] UserAuth:417 - Internet connection configuration mode: 1
2024-11-05 19:02:03,656 [ERROR] LogOutputStream:75 - [STDERR_REDIRECT] Nov 05, 2024 7:02:03 PM org.glassfish.grizzly.http.server.NetworkListener start
2024-11-05 19:02:03,660 [ERROR] LogOutputStream:75 - [STDERR_REDIRECT] INFO: Started listener bound to [localhost:1595]
2024-11-05 19:02:03,660 [ERROR] LogOutputStream:75 - [STDERR_REDIRECT] 
2024-11-05 19:02:03,662 [ERROR] LogOutputStream:75 - [STDERR_REDIRECT] Nov 05, 2024 7:02:03 PM org.glassfish.grizzly.http.server.HttpServer start
2024-11-05 19:02:03,663 [ERROR] LogOutputStream:75 - [STDERR_REDIRECT] INFO: [HttpServer] Started.
2024-11-05 19:02:03,663 [ERROR] LogOutputStream:75 - [STDERR_REDIRECT] 
2024-11-05 23:14:40,509 [ERROR] LogOutputStream:75 - [STDERR_REDIRECT] 
2024-11-05 23:14:40,510 [ERROR] LogOutputStream:75 - [STDERR_REDIRECT] 
