2024-11-07 15:39:14,787 [INFO] Activator:176 - 


2024-11-07 15:39:14,793 [INFO] Activator:177 - !SESSION log4j initialized
2024-11-07 15:39:21,060 [INFO] LogOutputStream:77 - [STDOUT_REDIRECT] 
2024-11-07 15:39:21,916 [INFO] ApplicationProperties:184 - Using Application install path: C:\ST\STM32CubeIDE_1.16.1\STM32CubeIDE\plugins\com.st.stm32cube.common.mx_6.12.1.202409122256
2024-11-07 15:39:21,935 [INFO] DbMcusXml:78 - Set database path to: C:\ST\STM32CubeIDE_1.16.1\STM32CubeIDE\plugins\com.st.stm32cube.common.mx_6.12.1.202409122256\\db\/mcu/
2024-11-07 15:39:21,935 [INFO] ApiDb:274 - Set plugin database path to: C:\ST\STM32CubeIDE_1.16.1\STM32CubeIDE\plugins\com.st.stm32cube.common.mx_6.12.1.202409122256\\db\/plugins/boardmanager/
2024-11-07 15:39:21,936 [WARN] ApiDb:259 - Overriding images path with different value:  => C:\ST\STM32CubeIDE_1.16.1\STM32CubeIDE\plugins\com.st.stm32cube.common.mx_6.12.1.202409122256\\db\/plugins/mcufinder/images/
2024-11-07 15:39:21,944 [INFO] ApiDb:250 - Set database path to: C:\Users\leagu\.stmcufinder\plugins\mcufinder//mcu/
2024-11-07 15:39:21,945 [INFO] DbMcusAds:125 - Set database path to: C:\Users\leagu\.stmcufinder\plugins\mcufinder//mcu/
2024-11-07 15:39:21,948 [INFO] CrossReferenceDbSqlite:203 - Set database path to: C:\Users\leagu\.stmcufinder\plugins\mcufinder//mcu/cs/
2024-11-07 15:39:22,082 [INFO] RulesReader:64 - Compatibility file has been processed (297 Rules)
2024-11-07 15:39:22,159 [INFO] DbMcusXml:78 - Set database path to: C:\ST\STM32CubeIDE_1.16.1\STM32CubeIDE\plugins\com.st.stm32cube.common.mx_6.12.1.202409122256\\db\/mcu/
2024-11-07 15:39:22,159 [INFO] ApiDb:274 - Set plugin database path to: C:\ST\STM32CubeIDE_1.16.1\STM32CubeIDE\plugins\com.st.stm32cube.common.mx_6.12.1.202409122256\\db\/plugins/boardmanager/
2024-11-07 15:39:22,159 [INFO] ApiDb:261 - Set plugin images path to: C:\ST\STM32CubeIDE_1.16.1\STM32CubeIDE\plugins\com.st.stm32cube.common.mx_6.12.1.202409122256\\db\/plugins/mcufinder/images/
2024-11-07 15:39:22,160 [WARN] DbFile:41 - Overriding database path with different value: C:\Users\leagu\.stmcufinder\plugins\mcufinder/ => C:\Users\leagu\.stmcufinder\plugins\mcufinder
2024-11-07 15:39:22,160 [INFO] ApiDb:250 - Set database path to: C:\Users\leagu\.stmcufinder\plugins\mcufinder//mcu/
2024-11-07 15:39:22,160 [WARN] DbFile:41 - Overriding database path with different value: C:\Users\leagu\.stmcufinder\plugins\mcufinder/ => C:\Users\leagu\.stmcufinder\plugins\mcufinder
2024-11-07 15:39:22,160 [INFO] DbMcusAds:125 - Set database path to: C:\Users\leagu\.stmcufinder\plugins\mcufinder//mcu/
2024-11-07 15:39:22,160 [WARN] DbFile:41 - Overriding database path with different value: C:\Users\leagu\.stmcufinder\plugins\mcufinder/ => C:\Users\leagu\.stmcufinder\plugins\mcufinder
2024-11-07 15:39:22,160 [WARN] DbFile:41 - Overriding database path with different value: C:\Users\leagu\.stmcufinder\plugins\mcufinder/ => C:\Users\leagu\.stmcufinder\plugins\mcufinder
2024-11-07 15:39:22,160 [INFO] CrossReferenceDbSqlite:203 - Set database path to: C:\Users\leagu\.stmcufinder\plugins\mcufinder//mcu/cs/
2024-11-07 15:39:22,270 [INFO] MainPanel:268 - HeapMemory: 268435456
2024-11-07 15:39:22,388 [INFO] DbMcusXml:78 - Set database path to: C:\ST\STM32CubeIDE_1.16.1\STM32CubeIDE\plugins\com.st.stm32cube.common.mx_6.12.1.202409122256\\db\/mcu/
2024-11-07 15:39:22,388 [INFO] ApiDb:274 - Set plugin database path to: C:\ST\STM32CubeIDE_1.16.1\STM32CubeIDE\plugins\com.st.stm32cube.common.mx_6.12.1.202409122256\\db\/plugins/boardmanager/
2024-11-07 15:39:22,388 [INFO] ApiDb:261 - Set plugin images path to: C:\ST\STM32CubeIDE_1.16.1\STM32CubeIDE\plugins\com.st.stm32cube.common.mx_6.12.1.202409122256\\db\/plugins/mcufinder/images/
2024-11-07 15:39:22,389 [WARN] DbFile:41 - Overriding database path with different value: C:\Users\leagu\.stmcufinder\plugins\mcufinder/ => C:\Users\leagu\.stmcufinder\plugins\mcufinder
2024-11-07 15:39:22,389 [INFO] ApiDb:250 - Set database path to: C:\Users\leagu\.stmcufinder\plugins\mcufinder//mcu/
2024-11-07 15:39:22,389 [WARN] DbFile:41 - Overriding database path with different value: C:\Users\leagu\.stmcufinder\plugins\mcufinder/ => C:\Users\leagu\.stmcufinder\plugins\mcufinder
2024-11-07 15:39:22,389 [INFO] DbMcusAds:125 - Set database path to: C:\Users\leagu\.stmcufinder\plugins\mcufinder//mcu/
2024-11-07 15:39:22,389 [WARN] DbFile:41 - Overriding database path with different value: C:\Users\leagu\.stmcufinder\plugins\mcufinder/ => C:\Users\leagu\.stmcufinder\plugins\mcufinder
2024-11-07 15:39:22,389 [WARN] DbFile:41 - Overriding database path with different value: C:\Users\leagu\.stmcufinder\plugins\mcufinder/ => C:\Users\leagu\.stmcufinder\plugins\mcufinder
2024-11-07 15:39:22,389 [INFO] CrossReferenceDbSqlite:203 - Set database path to: C:\Users\leagu\.stmcufinder\plugins\mcufinder//mcu/cs/
2024-11-07 15:39:22,411 [INFO] ApplicationProperties:184 - Using Application install path: C:\ST\STM32CubeIDE_1.16.1\STM32CubeIDE\plugins\com.st.stm32cube.common.mx_6.12.1.202409122256
2024-11-07 15:39:22,413 [INFO] PluginManage:196 - Search for loadable plugins [exclusion list=, ]
2024-11-07 15:39:22,414 [INFO] PluginManage:310 - Check plugin analytics
2024-11-07 15:39:22,743 [INFO] AnalyticsPlugin:253 - Accepted Software Licenses: 
2024-11-07 15:39:22,743 [INFO] AnalyticsPlugin:255 - Accepted CMSIS Pack Licenses: 
2024-11-07 15:39:22,743 [INFO] AnalyticsPlugin:257 - Accepted Firmware Licenses: FW.F4.1.28.0
2024-11-07 15:39:22,745 [INFO] PluginManage:359 - Loaded plugin analytics (category:tool,tabindex:-1)
2024-11-07 15:39:22,746 [INFO] PluginManage:310 - Check plugin cadmodel
2024-11-07 15:39:22,752 [INFO] CADModel:105 - Init CAD model plugin
2024-11-07 15:39:22,752 [INFO] PluginManage:359 - Loaded plugin cadmodel (category:power,tabindex:5)
2024-11-07 15:39:22,752 [INFO] PluginManage:310 - Check plugin clock
2024-11-07 15:39:22,765 [INFO] PluginManage:359 - Loaded plugin clock (category:base,tabindex:2)
2024-11-07 15:39:22,766 [INFO] PluginManage:310 - Check plugin ddr
2024-11-07 15:39:22,769 [INFO] PluginManage:359 - Loaded plugin ddr (category:tool,tabindex:6)
2024-11-07 15:39:22,769 [INFO] PluginManage:310 - Check plugin filemanager
2024-11-07 15:39:22,937 [INFO] PluginManage:359 - Loaded plugin filemanager (category:base,tabindex:10)
2024-11-07 15:39:22,937 [INFO] PluginManage:310 - Check plugin ipmanager
2024-11-07 15:39:22,945 [INFO] PluginManage:359 - Loaded plugin ipmanager (category:base,tabindex:5)
2024-11-07 15:39:22,946 [INFO] PluginManage:310 - Check plugin lpbam
2024-11-07 15:39:22,955 [INFO] PluginManage:359 - Loaded plugin lpbam (category:base,tabindex:0)
2024-11-07 15:39:22,955 [INFO] PluginManage:310 - Check plugin memorymap
2024-11-07 15:39:22,980 [INFO] PluginManage:359 - Loaded plugin memorymap (category:base,tabindex:4)
2024-11-07 15:39:22,981 [INFO] PluginManage:310 - Check plugin pinoutandconfiguration
2024-11-07 15:39:22,992 [INFO] PluginManage:359 - Loaded plugin pinoutandconfiguration (category:base,tabindex:1)
2024-11-07 15:39:22,993 [INFO] PluginManage:310 - Check plugin pinoutconfig
2024-11-07 15:39:23,081 [WARN] SupportedApi:132 - Cannot load RTOS API schema: s4s-elt-must-match.1: The content of 'definitions' must match (annotation?, (simpleType | complexType)?, (unique | key | keyref)*)). A problem was found starting at: attribute.
2024-11-07 15:39:23,254 [INFO] PluginManage:359 - Loaded plugin pinoutconfig (category:base,tabindex:0)
2024-11-07 15:39:23,254 [INFO] PluginManage:310 - Check plugin power
2024-11-07 15:39:23,265 [INFO] PluginManage:359 - Loaded plugin power (category:power,tabindex:4)
2024-11-07 15:39:23,266 [INFO] PluginManage:310 - Check plugin projectmanager
2024-11-07 15:39:23,283 [INFO] PluginManage:359 - Loaded plugin projectmanager (category:projectmanager,tabindex:4)
2024-11-07 15:39:23,283 [INFO] PluginManage:310 - Check plugin rif
2024-11-07 15:39:23,290 [INFO] PluginManage:359 - Loaded plugin rif (category:base,tabindex:3)
2024-11-07 15:39:23,291 [INFO] PluginManage:310 - Check plugin thirdparty
2024-11-07 15:39:23,437 [INFO] PluginManage:359 - Loaded plugin thirdparty (category:base,tabindex:-1)
2024-11-07 15:39:23,438 [INFO] PluginManage:310 - Check plugin tools
2024-11-07 15:39:23,437 [WARN] IntegrityCheckThread:84 - waiting for thirdparty lock release [integrity check]
2024-11-07 15:39:23,438 [INFO] IntegrityCheckThread:86 - entering critical section [integrity check]
2024-11-07 15:39:23,439 [INFO] ThirdPartyUpdaterWithRetryManager:70 - Updater plugin not ready yet. [1/15]
2024-11-07 15:39:23,441 [INFO] PluginManage:359 - Loaded plugin tools (category:base,tabindex:7)
2024-11-07 15:39:23,441 [INFO] PluginManage:310 - Check plugin tutovideos
2024-11-07 15:39:23,651 [INFO] PluginManage:359 - Loaded plugin tutovideos (category:base,tabindex:-1)
2024-11-07 15:39:23,651 [INFO] PluginManage:310 - Check plugin updater
2024-11-07 15:39:23,670 [INFO] PluginManage:359 - Loaded plugin updater (category:base,tabindex:12)
2024-11-07 15:39:23,670 [INFO] PluginManage:310 - Check plugin userauth
2024-11-07 15:39:23,677 [INFO] UserAuth:113 - Init User Auth plugin
2024-11-07 15:39:23,677 [INFO] PluginManage:359 - Loaded plugin userauth (category:base,tabindex:14)
2024-11-07 15:39:23,678 [INFO] PluginManage:283 - PluginManage : Loaded plugins [18]
2024-11-07 15:39:23,905 [INFO] PinOutPanel:1561 - setPackage(No Configuration,No Configuration)
2024-11-07 15:39:24,007 [INFO] CADModel:165 - CPN selected for project level
2024-11-07 15:39:24,007 [INFO] CADModel:114 - Register for checkConnection events
2024-11-07 15:39:24,027 [INFO] IPUIPlugin:80 - create IPUIPlugin
2024-11-07 15:39:24,027 [INFO] PluginManager:220 - loadIPPluginJar : add adc
2024-11-07 15:39:24,030 [INFO] IPUIPlugin:80 - create IPUIPlugin
2024-11-07 15:39:24,030 [INFO] PluginManager:220 - loadIPPluginJar : add aes
2024-11-07 15:39:24,034 [INFO] IPUIPlugin:80 - create IPUIPlugin
2024-11-07 15:39:24,034 [INFO] PluginManager:220 - loadIPPluginJar : add can
2024-11-07 15:39:24,036 [INFO] IPUIPlugin:80 - create IPUIPlugin
2024-11-07 15:39:24,037 [INFO] PluginManager:220 - loadIPPluginJar : add comp
2024-11-07 15:39:24,040 [INFO] IPUIPlugin:80 - create IPUIPlugin
2024-11-07 15:39:24,040 [INFO] PluginManager:220 - loadIPPluginJar : add cryp
2024-11-07 15:39:24,044 [INFO] IPUIPlugin:80 - create IPUIPlugin
2024-11-07 15:39:24,044 [INFO] PluginManager:220 - loadIPPluginJar : add ddr_ctrl_phy
2024-11-07 15:39:24,047 [INFO] IPUIPlugin:80 - create IPUIPlugin
2024-11-07 15:39:24,047 [INFO] PluginManager:220 - loadIPPluginJar : add dfsdm
2024-11-07 15:39:24,054 [INFO] IPUIPlugin:80 - create IPUIPlugin
2024-11-07 15:39:24,055 [INFO] PluginManager:220 - loadIPPluginJar : add dma
2024-11-07 15:39:24,058 [INFO] IPUIPlugin:80 - create IPUIPlugin
2024-11-07 15:39:24,058 [INFO] PluginManager:220 - loadIPPluginJar : add dma3
2024-11-07 15:39:24,073 [INFO] IPUIPlugin:80 - create IPUIPlugin
2024-11-07 15:39:24,073 [INFO] PluginManager:220 - loadIPPluginJar : add extmemmanager
2024-11-07 15:39:24,075 [INFO] IPUIPlugin:80 - create IPUIPlugin
2024-11-07 15:39:24,077 [INFO] PluginManager:220 - loadIPPluginJar : add fatfs
2024-11-07 15:39:24,084 [INFO] IPUIPlugin:80 - create IPUIPlugin
2024-11-07 15:39:24,084 [INFO] PluginManager:220 - loadIPPluginJar : add fmc
2024-11-07 15:39:24,091 [INFO] IPUIPlugin:80 - create IPUIPlugin
2024-11-07 15:39:24,091 [INFO] PluginManager:220 - loadIPPluginJar : add freertos
2024-11-07 15:39:24,093 [INFO] IPUIPlugin:80 - create IPUIPlugin
2024-11-07 15:39:24,093 [INFO] PluginManager:220 - loadIPPluginJar : add genericplugin
2024-11-07 15:39:24,096 [INFO] IPUIPlugin:80 - create IPUIPlugin
2024-11-07 15:39:24,096 [INFO] PluginManager:220 - loadIPPluginJar : add gfxmmu
2024-11-07 15:39:24,102 [INFO] IPUIPlugin:80 - create IPUIPlugin
2024-11-07 15:39:24,102 [INFO] PluginManager:220 - loadIPPluginJar : add gic
2024-11-07 15:39:24,107 [INFO] IPUIPlugin:80 - create IPUIPlugin
2024-11-07 15:39:24,108 [INFO] PluginManager:220 - loadIPPluginJar : add gpio
2024-11-07 15:39:24,111 [INFO] IPUIPlugin:80 - create IPUIPlugin
2024-11-07 15:39:24,111 [INFO] PluginManager:220 - loadIPPluginJar : add gtzc
2024-11-07 15:39:24,115 [INFO] IPUIPlugin:80 - create IPUIPlugin
2024-11-07 15:39:24,116 [INFO] PluginManager:220 - loadIPPluginJar : add hash
2024-11-07 15:39:24,118 [INFO] IPUIPlugin:80 - create IPUIPlugin
2024-11-07 15:39:24,118 [INFO] PluginManager:220 - loadIPPluginJar : add i2c
2024-11-07 15:39:24,120 [INFO] IPUIPlugin:80 - create IPUIPlugin
2024-11-07 15:39:24,121 [INFO] PluginManager:220 - loadIPPluginJar : add i2s
2024-11-07 15:39:24,124 [INFO] IPUIPlugin:80 - create IPUIPlugin
2024-11-07 15:39:24,124 [INFO] PluginManager:220 - loadIPPluginJar : add i3c
2024-11-07 15:39:24,127 [INFO] IPUIPlugin:80 - create IPUIPlugin
2024-11-07 15:39:24,127 [INFO] PluginManager:220 - loadIPPluginJar : add ipddr
2024-11-07 15:39:24,133 [INFO] IPUIPlugin:80 - create IPUIPlugin
2024-11-07 15:39:24,133 [INFO] PluginManager:220 - loadIPPluginJar : add linkedlist
2024-11-07 15:39:24,136 [INFO] IPUIPlugin:80 - create IPUIPlugin
2024-11-07 15:39:24,136 [INFO] PluginManager:220 - loadIPPluginJar : add lorawan
2024-11-07 15:39:24,139 [INFO] IPUIPlugin:80 - create IPUIPlugin
2024-11-07 15:39:24,139 [INFO] PluginManager:220 - loadIPPluginJar : add ltdc
2024-11-07 15:39:24,144 [INFO] IPUIPlugin:80 - create IPUIPlugin
2024-11-07 15:39:24,144 [INFO] PluginManager:220 - loadIPPluginJar : add mdma
2024-11-07 15:39:24,148 [INFO] IPUIPlugin:80 - create IPUIPlugin
2024-11-07 15:39:24,148 [INFO] PluginManager:220 - loadIPPluginJar : add nvic
2024-11-07 15:39:24,151 [INFO] IPUIPlugin:80 - create IPUIPlugin
2024-11-07 15:39:24,151 [INFO] PluginManager:220 - loadIPPluginJar : add opamp
2024-11-07 15:39:24,153 [INFO] IPUIPlugin:80 - create IPUIPlugin
2024-11-07 15:39:24,153 [INFO] PluginManager:220 - loadIPPluginJar : add openamp
2024-11-07 15:39:24,156 [INFO] IPUIPlugin:80 - create IPUIPlugin
2024-11-07 15:39:24,156 [INFO] PluginManager:220 - loadIPPluginJar : add pdm2pcm
2024-11-07 15:39:24,162 [INFO] IPUIPlugin:80 - create IPUIPlugin
2024-11-07 15:39:24,164 [INFO] PluginManager:220 - loadIPPluginJar : add plateformsettings
2024-11-07 15:39:24,166 [INFO] IPUIPlugin:80 - create IPUIPlugin
2024-11-07 15:39:24,166 [INFO] PluginManager:220 - loadIPPluginJar : add quadspi
2024-11-07 15:39:24,168 [INFO] IPUIPlugin:80 - create IPUIPlugin
2024-11-07 15:39:24,169 [INFO] PluginManager:220 - loadIPPluginJar : add radio
2024-11-07 15:39:24,173 [INFO] IPUIPlugin:80 - create IPUIPlugin
2024-11-07 15:39:24,173 [INFO] PluginManager:220 - loadIPPluginJar : add resmgrutility
2024-11-07 15:39:24,176 [INFO] IPUIPlugin:80 - create IPUIPlugin
2024-11-07 15:39:24,176 [INFO] PluginManager:220 - loadIPPluginJar : add sai
2024-11-07 15:39:24,179 [INFO] IPUIPlugin:80 - create IPUIPlugin
2024-11-07 15:39:24,179 [INFO] PluginManager:220 - loadIPPluginJar : add spi
2024-11-07 15:39:24,183 [INFO] IPUIPlugin:80 - create IPUIPlugin
2024-11-07 15:39:24,184 [INFO] PluginManager:220 - loadIPPluginJar : add stm32_wpan
2024-11-07 15:39:24,186 [INFO] IPUIPlugin:80 - create IPUIPlugin
2024-11-07 15:39:24,186 [INFO] PluginManager:220 - loadIPPluginJar : add tim
2024-11-07 15:39:24,189 [INFO] IPUIPlugin:80 - create IPUIPlugin
2024-11-07 15:39:24,190 [INFO] PluginManager:220 - loadIPPluginJar : add touchsensing
2024-11-07 15:39:24,192 [INFO] IPUIPlugin:80 - create IPUIPlugin
2024-11-07 15:39:24,192 [INFO] PluginManager:220 - loadIPPluginJar : add tracer_emb
2024-11-07 15:39:24,195 [INFO] IPUIPlugin:80 - create IPUIPlugin
2024-11-07 15:39:24,195 [INFO] PluginManager:220 - loadIPPluginJar : add ts
2024-11-07 15:39:24,197 [INFO] IPUIPlugin:80 - create IPUIPlugin
2024-11-07 15:39:24,197 [INFO] PluginManager:220 - loadIPPluginJar : add tsc
2024-11-07 15:39:24,200 [INFO] IPUIPlugin:80 - create IPUIPlugin
2024-11-07 15:39:24,200 [INFO] PluginManager:220 - loadIPPluginJar : add ucpd
2024-11-07 15:39:24,203 [INFO] IPUIPlugin:80 - create IPUIPlugin
2024-11-07 15:39:24,203 [INFO] PluginManager:220 - loadIPPluginJar : add usart
2024-11-07 15:39:24,206 [INFO] IPUIPlugin:80 - create IPUIPlugin
2024-11-07 15:39:24,206 [INFO] PluginManager:220 - loadIPPluginJar : add usbx
2024-11-07 15:39:24,338 [INFO] CADModel:165 - CPN selected for project level
2024-11-07 15:39:24,339 [INFO] CADModel:114 - Register for checkConnection events
2024-11-07 15:39:24,339 [FATAL] Updater:334 - Updater called before beeing initialized
2024-11-07 15:39:24,339 [ERROR] CADModel:125 - Updater not yet initialized, retry later 
2024-11-07 15:39:24,499 [INFO] CADModel:165 - CPN selected for project level
2024-11-07 15:39:24,499 [INFO] CADModel:114 - Register for checkConnection events
2024-11-07 15:39:24,499 [FATAL] Updater:334 - Updater called before beeing initialized
2024-11-07 15:39:24,499 [ERROR] CADModel:125 - Updater not yet initialized, retry later 
2024-11-07 15:39:24,502 [FATAL] Updater:334 - Updater called before beeing initialized
2024-11-07 15:39:24,607 [FATAL] Updater:334 - Updater called before beeing initialized
2024-11-07 15:39:24,613 [INFO] DbMcusAds:53 - JSON generation date=Fri Sep 20 16:04:23 TRT 2024 (1726837463113)
2024-11-07 15:39:24,613 [FATAL] Updater:334 - Updater called before beeing initialized
2024-11-07 15:39:24,655 [WARN] DetailPanel:346 - Failed to get advertising image, set to default
2024-11-07 15:39:24,755 [FATAL] Updater:334 - Updater called before beeing initialized
2024-11-07 15:39:24,756 [FATAL] Updater:334 - Updater called before beeing initialized
2024-11-07 15:39:24,756 [FATAL] Updater:334 - Updater called before beeing initialized
2024-11-07 15:39:24,757 [WARN] DetailPanel:346 - Failed to get advertising image, set to default
2024-11-07 15:39:24,757 [FATAL] Updater:334 - Updater called before beeing initialized
2024-11-07 15:39:24,816 [ERROR] Updater:1164 - MainUpdater not yet initialized. External WinMGr cannot be set.
2024-11-07 15:39:24,819 [INFO] Updater:1100 - Updater Version found : 6.12.1
2024-11-07 15:39:24,840 [INFO] ApplicationProperties:184 - Using Application install path: C:\ST\STM32CubeIDE_1.16.1\STM32CubeIDE\plugins\com.st.stm32cube.common.mx_6.12.1.202409122256
2024-11-07 15:39:26,439 [INFO] ThirdPartyUpdaterWithRetryManager:70 - Updater plugin not ready yet. [2/15]
2024-11-07 15:39:26,442 [ERROR] LogOutputStream:75 - [STDERR_REDIRECT] Nov 07, 2024 3:39:26 PM java.util.prefs.WindowsPreferences <init>
2024-11-07 15:39:26,445 [ERROR] LogOutputStream:75 - [STDERR_REDIRECT] WARNING: Could not open/create prefs root node Software\JavaSoft\Prefs at root 0xffffffff80000002. Windows RegCreateKeyEx(...) returned error code 5.
2024-11-07 15:39:26,445 [ERROR] LogOutputStream:75 - [STDERR_REDIRECT] 
2024-11-07 15:39:27,454 [INFO] MainUpdater:2873 - connection check result : 10
2024-11-07 15:39:27,455 [INFO] MainUpdater:290 - Updater Check For Update Now.
2024-11-07 15:39:27,455 [INFO] MicroXplorer:498 - Change Database Version : DB.6.0.121
2024-11-07 15:39:27,461 [INFO] McuFinderGlobals:63 - Set McuFinder mode to 2 (CubeIDE integrated)
2024-11-07 15:39:27,462 [INFO] UserAuth:417 - Internet connection configuration mode: 1
2024-11-07 15:39:27,481 [INFO] JxBrowserEngine:152 - Initiate JxBrowser Engine with user profile folder
2024-11-07 15:39:27,656 [INFO] CheckServerUpdateThread:120 - End of CheckServer Thread
2024-11-07 15:39:29,667 [WARN] PackLoader:240 - Cannot read IP mode file for STMicroelectronics.FP-SNS-MOTENVWB1.1.4.0
2024-11-07 15:39:29,677 [WARN] PackLoader:240 - Cannot read IP mode file for STMicroelectronics.X-CUBE-SMBUS.2.1.0
2024-11-07 15:39:29,690 [WARN] PackLoader:240 - Cannot read IP mode file for STMicroelectronics.X-CUBE-WB05N.1.1.0
2024-11-07 15:39:29,720 [WARN] PackLoader:240 - Cannot read IP mode file for STMicroelectronics.X-CUBE-AZRTOS-F7.1.1.0
2024-11-07 15:39:29,796 [WARN] PackLoader:240 - Cannot read IP mode file for STMicroelectronics.X-CUBE-MEMS1.11.0.0
2024-11-07 15:39:29,965 [WARN] PackLoader:240 - Cannot read IP mode file for STMicroelectronics.FP-SNS-FLIGHT1.5.0.2
2024-11-07 15:39:29,972 [WARN] PackLoader:240 - Cannot read IP mode file for STMicroelectronics.X-CUBE-DISPLAY.3.0.0
2024-11-07 15:39:29,980 [WARN] PackLoader:240 - Cannot read IP mode file for STMicroelectronics.X-CUBE-BLE1.7.0.0
2024-11-07 15:39:29,987 [WARN] PackLoader:240 - Cannot read IP mode file for STMicroelectronics.X-CUBE-NFC10.1.0.0
2024-11-07 15:39:29,997 [WARN] PackLoader:240 - Cannot read IP mode file for emotas.I-CUBE-CANOPEN.1.3.0
2024-11-07 15:39:30,005 [WARN] PackLoader:240 - Cannot read IP mode file for STMicroelectronics.X-CUBE-BLEMGR.3.1.0
2024-11-07 15:39:30,012 [WARN] PackLoader:240 - Cannot read IP mode file for STMicroelectronics.FP-SNS-SMARTAG2.1.2.0
2024-11-07 15:39:30,022 [INFO] LogOutputStream:77 - [STDOUT_REDIRECT] 1 : Invalid condition id : UX_CORESTACK_Condition cause : null
2024-11-07 15:39:30,022 [INFO] LogOutputStream:77 - [STDOUT_REDIRECT] 1 : Invalid condition id : UX_CORESTACK_Condition cause : null
2024-11-07 15:39:30,023 [INFO] LogOutputStream:77 - [STDOUT_REDIRECT] 1 : Invalid condition id : UX_CORESTACK_Condition cause : null
2024-11-07 15:39:30,025 [INFO] LogOutputStream:77 - [STDOUT_REDIRECT] 1 : Invalid condition id : UX_CORESTACK_Condition cause : null
2024-11-07 15:39:30,026 [INFO] LogOutputStream:77 - [STDOUT_REDIRECT] 1 : Invalid condition id : UX_CORESTACK_Condition cause : null
2024-11-07 15:39:30,029 [WARN] PackLoader:240 - Cannot read IP mode file for STMicroelectronics.X-CUBE-AZRTOS-WL.2.0.0
2024-11-07 15:39:30,040 [WARN] PackLoader:240 - Cannot read IP mode file for STMicroelectronics.FP-SNS-MOTENV1.5.0.0
2024-11-07 15:39:30,045 [WARN] PackLoader:240 - Cannot read IP mode file for wolfSSL.I-CUBE-wolfMQTT.1.19.0
2024-11-07 15:39:30,051 [WARN] PackLoader:240 - Cannot read IP mode file for WES.I-CUBE-Cesium.1.3.0
2024-11-07 15:39:30,056 [WARN] PackLoader:240 - Cannot read IP mode file for STMicroelectronics.X-CUBE-BLE2.3.3.0
2024-11-07 15:39:30,062 [WARN] PackLoader:240 - Cannot read IP mode file for STMicroelectronics.X-CUBE-NFC9.1.0.0
2024-11-07 15:39:30,071 [WARN] PackLoader:240 - Cannot read IP mode file for STMicroelectronics.X-CUBE-TCPP.4.1.0
2024-11-07 15:39:30,087 [WARN] PackLoader:240 - Cannot read IP mode file for STMicroelectronics.X-CUBE-AZRTOS-G0.1.1.0
2024-11-07 15:39:30,095 [WARN] PackLoader:240 - Cannot read IP mode file for STMicroelectronics.X-CUBE-SAFEA1.1.2.2
2024-11-07 15:39:30,103 [WARN] PackLoader:240 - Cannot read IP mode file for STMicroelectronics.X-CUBE-NFC4.3.0.0
2024-11-07 15:39:30,113 [WARN] PackLoader:240 - Cannot read IP mode file for EmbeddedOffice.I-CUBE-FS-RTOS.1.0.1
2024-11-07 15:39:30,113 [ERROR] ConditionMgr:805 - Attr not supported : Dmpu
2024-11-07 15:39:30,114 [ERROR] ConditionMgr:805 - Attr not supported : Dmpu
2024-11-07 15:39:30,114 [ERROR] ConditionMgr:805 - Attr not supported : Dmpu
2024-11-07 15:39:30,114 [ERROR] ConditionMgr:805 - Attr not supported : Dmpu
2024-11-07 15:39:30,114 [ERROR] ConditionMgr:805 - Attr not supported : Dmpu
2024-11-07 15:39:30,114 [ERROR] ConditionMgr:805 - Attr not supported : Dmpu
2024-11-07 15:39:30,114 [ERROR] ConditionMgr:805 - Attr not supported : Dmpu
2024-11-07 15:39:30,114 [ERROR] ConditionMgr:805 - Attr not supported : Dmpu
2024-11-07 15:39:30,114 [ERROR] ConditionMgr:805 - Attr not supported : Dmpu
2024-11-07 15:39:30,114 [ERROR] ConditionMgr:805 - Attr not supported : Dmpu
2024-11-07 15:39:30,114 [ERROR] ConditionMgr:805 - Attr not supported : Dmpu
2024-11-07 15:39:30,114 [ERROR] ConditionMgr:805 - Attr not supported : Dmpu
2024-11-07 15:39:30,114 [ERROR] ConditionMgr:805 - Attr not supported : Dmpu
2024-11-07 15:39:30,115 [ERROR] ConditionMgr:805 - Attr not supported : Dmpu
2024-11-07 15:39:30,115 [ERROR] ConditionMgr:805 - Attr not supported : Dmpu
2024-11-07 15:39:30,115 [ERROR] ConditionMgr:805 - Attr not supported : Dmpu
2024-11-07 15:39:30,115 [ERROR] ConditionMgr:805 - Attr not supported : Dmpu
2024-11-07 15:39:30,115 [ERROR] ConditionMgr:805 - Attr not supported : Dmpu
2024-11-07 15:39:30,115 [ERROR] ConditionMgr:805 - Attr not supported : Dmpu
2024-11-07 15:39:30,115 [ERROR] ConditionMgr:805 - Attr not supported : Dmpu
2024-11-07 15:39:30,115 [ERROR] ConditionMgr:805 - Attr not supported : Dmpu
2024-11-07 15:39:30,115 [ERROR] ConditionMgr:805 - Attr not supported : Dmpu
2024-11-07 15:39:30,115 [ERROR] ConditionMgr:805 - Attr not supported : Dmpu
2024-11-07 15:39:30,115 [ERROR] ConditionMgr:805 - Attr not supported : Dmpu
2024-11-07 15:39:30,115 [ERROR] ConditionMgr:805 - Attr not supported : Dmpu
2024-11-07 15:39:30,115 [ERROR] ConditionMgr:805 - Attr not supported : Dmpu
2024-11-07 15:39:30,115 [ERROR] ConditionMgr:805 - Attr not supported : Dmpu
2024-11-07 15:39:30,116 [ERROR] ConditionMgr:805 - Attr not supported : Dmpu
2024-11-07 15:39:30,116 [ERROR] ConditionMgr:805 - Attr not supported : Dmpu
2024-11-07 15:39:30,116 [ERROR] ConditionMgr:805 - Attr not supported : Dmpu
2024-11-07 15:39:30,116 [ERROR] ConditionMgr:805 - Attr not supported : Dmpu
2024-11-07 15:39:30,116 [ERROR] ConditionMgr:805 - Attr not supported : Dmpu
2024-11-07 15:39:30,116 [ERROR] ConditionMgr:805 - Attr not supported : Dmpu
2024-11-07 15:39:30,116 [ERROR] ConditionMgr:805 - Attr not supported : Dmpu
2024-11-07 15:39:30,116 [ERROR] ConditionMgr:805 - Attr not supported : Dmpu
2024-11-07 15:39:30,116 [ERROR] ConditionMgr:805 - Attr not supported : Dmpu
2024-11-07 15:39:30,116 [ERROR] ConditionMgr:805 - Attr not supported : Dmpu
2024-11-07 15:39:30,116 [ERROR] ConditionMgr:805 - Attr not supported : Dmpu
2024-11-07 15:39:30,116 [ERROR] ConditionMgr:805 - Attr not supported : Dmpu
2024-11-07 15:39:30,116 [ERROR] ConditionMgr:805 - Attr not supported : Dmpu
2024-11-07 15:39:30,116 [ERROR] ConditionMgr:805 - Attr not supported : Dmpu
2024-11-07 15:39:30,117 [ERROR] ConditionMgr:805 - Attr not supported : Dmpu
2024-11-07 15:39:30,117 [ERROR] ConditionMgr:805 - Attr not supported : Dmpu
2024-11-07 15:39:30,117 [ERROR] ConditionMgr:805 - Attr not supported : Dmpu
2024-11-07 15:39:30,117 [ERROR] ConditionMgr:805 - Attr not supported : Dmpu
2024-11-07 15:39:30,117 [ERROR] ConditionMgr:805 - Attr not supported : Dmpu
2024-11-07 15:39:30,117 [ERROR] ConditionMgr:805 - Attr not supported : Dmpu
2024-11-07 15:39:30,117 [ERROR] ConditionMgr:805 - Attr not supported : Dmpu
2024-11-07 15:39:30,117 [ERROR] ConditionMgr:805 - Attr not supported : Dmpu
2024-11-07 15:39:30,117 [ERROR] ConditionMgr:805 - Attr not supported : Dmpu
2024-11-07 15:39:30,117 [ERROR] ConditionMgr:805 - Attr not supported : Dmpu
2024-11-07 15:39:30,117 [ERROR] ConditionMgr:805 - Attr not supported : Dmpu
2024-11-07 15:39:30,117 [ERROR] ConditionMgr:805 - Attr not supported : Dmpu
2024-11-07 15:39:30,117 [ERROR] ConditionMgr:805 - Attr not supported : Dmpu
2024-11-07 15:39:30,117 [ERROR] ConditionMgr:805 - Attr not supported : Dmpu
2024-11-07 15:39:30,118 [ERROR] ConditionMgr:805 - Attr not supported : Dmpu
2024-11-07 15:39:30,118 [ERROR] ConditionMgr:805 - Attr not supported : Dmpu
2024-11-07 15:39:30,118 [ERROR] ConditionMgr:805 - Attr not supported : Dmpu
2024-11-07 15:39:30,118 [ERROR] ConditionMgr:805 - Attr not supported : Dmpu
2024-11-07 15:39:30,118 [ERROR] ConditionMgr:805 - Attr not supported : Dmpu
2024-11-07 15:39:30,118 [ERROR] ConditionMgr:805 - Attr not supported : Dmpu
2024-11-07 15:39:30,118 [ERROR] ConditionMgr:805 - Attr not supported : Dmpu
2024-11-07 15:39:30,118 [ERROR] ConditionMgr:805 - Attr not supported : Dmpu
2024-11-07 15:39:30,118 [ERROR] ConditionMgr:805 - Attr not supported : Dmpu
2024-11-07 15:39:30,123 [WARN] PackLoader:240 - Cannot read IP mode file for RealThread.X-CUBE-RT-Thread_Nano.4.1.1
2024-11-07 15:39:30,127 [WARN] PackLoader:240 - Cannot read IP mode file for STMicroelectronics.FP-ATR-SIGFOX1.3.2.0
2024-11-07 15:39:30,131 [WARN] PackLoader:240 - Cannot read IP mode file for wolfSSL.I-CUBE-wolfSSL.5.7.2
2024-11-07 15:39:30,136 [WARN] PackLoader:240 - Cannot read IP mode file for STMicroelectronics.X-CUBE-EEPRMA1.5.1.0
2024-11-07 15:39:30,144 [WARN] PackLoader:240 - Cannot read IP mode file for ITTIA_DB.I-CUBE-ITTIADB.8.9.0
2024-11-07 15:39:30,223 [WARN] PackLoader:240 - Cannot read IP mode file for SEGGER.I-CUBE-embOS.1.3.1
2024-11-07 15:39:30,311 [WARN] PackLoader:240 - Cannot read IP mode file for STMicroelectronics.X-CUBE-ALGOBUILD.1.4.0
2024-11-07 15:39:30,316 [WARN] PackLoader:240 - Cannot read IP mode file for STMicroelectronics.X-CUBE-AI.9.1.0
2024-11-07 15:39:30,354 [WARN] PackLoader:240 - Cannot read IP mode file for STMicroelectronics.X-CUBE-AZRTOS-F4.1.1.0
2024-11-07 15:39:30,390 [WARN] PackLoader:240 - Cannot read IP mode file for STMicroelectronics.X-CUBE-ISPU.2.1.0
2024-11-07 15:39:30,398 [WARN] PackLoader:240 - Cannot read IP mode file for STMicroelectronics.X-CUBE-FREERTOS.1.2.0
2024-11-07 15:39:30,431 [WARN] PackLoader:240 - Cannot read IP mode file for STMicroelectronics.X-CUBE-AZRTOS-L5.2.0.0
2024-11-07 15:39:30,442 [WARN] PackLoader:240 - Cannot read IP mode file for STMicroelectronics.X-CUBE-NFC6.3.1.0
2024-11-07 15:39:30,450 [WARN] PackLoader:240 - Cannot read IP mode file for STMicroelectronics.X-CUBE-DPower.1.2.0
2024-11-07 15:39:30,457 [WARN] PackLoader:240 - Cannot read IP mode file for STMicroelectronics.X-CUBE-NFC7.1.0.1
2024-11-07 15:39:30,480 [WARN] ConditionMgr:438 - getConditionDescription Invalid condition id : LAN8742 Phy interface Condition cause : null
2024-11-07 15:39:30,480 [WARN] PackLoader:240 - Cannot read IP mode file for STMicroelectronics.X-CUBE-AZRTOS-L4.2.0.0
2024-11-07 15:39:30,482 [WARN] ConditionMgr:1039 - genDependencies : Invalid condition id : LAN8742 Phy interface Condition cause : null
2024-11-07 15:39:30,482 [WARN] ConditionMgr:1039 - genDependencies : Invalid condition id : LAN8742 Phy interface Condition cause : null
2024-11-07 15:39:30,483 [WARN] ConditionMgr:1039 - genDependencies : Invalid condition id : LAN8742 Phy interface Condition cause : null
2024-11-07 15:39:30,494 [WARN] PackLoader:240 - Cannot read IP mode file for STMicroelectronics.X-CUBE-SFXS2LP1.4.0.0
2024-11-07 15:39:30,516 [WARN] PackLoader:240 - Cannot read IP mode file for STMicroelectronics.X-CUBE-AZRTOS-H7.3.3.0
2024-11-07 15:39:30,540 [WARN] PackLoader:240 - Cannot read IP mode file for STMicroelectronics.X-CUBE-IPS.3.0.0
2024-11-07 15:39:30,556 [WARN] ConditionMgr:438 - getConditionDescription Invalid condition id : UX DEVICE CLASS RTOS Condition cause : null
2024-11-07 15:39:30,556 [WARN] ConditionMgr:438 - getConditionDescription Invalid condition id : UX DEVICE CLASS RTOS Condition cause : null
2024-11-07 15:39:30,559 [WARN] PackLoader:240 - Cannot read IP mode file for STMicroelectronics.X-CUBE-AZRTOS-WB.2.0.0
2024-11-07 15:39:30,559 [WARN] ConditionMgr:1039 - genDependencies : Invalid condition id : UX DEVICE CLASS RTOS Condition cause : null
2024-11-07 15:39:30,559 [WARN] ConditionMgr:1039 - genDependencies : Invalid condition id : UX DEVICE CLASS RTOS Condition cause : null
2024-11-07 15:39:30,560 [WARN] ConditionMgr:1039 - genDependencies : Invalid condition id : UX DEVICE CLASS RTOS Condition cause : null
2024-11-07 15:39:30,560 [WARN] ConditionMgr:1039 - genDependencies : Invalid condition id : UX DEVICE CLASS RTOS Condition cause : null
2024-11-07 15:39:30,560 [WARN] ConditionMgr:1039 - genDependencies : Invalid condition id : UX DEVICE CLASS RTOS Condition cause : null
2024-11-07 15:39:30,566 [WARN] PackLoader:240 - Cannot read IP mode file for STMicroelectronics.X-CUBE-GNSS1.7.0.0
2024-11-07 15:39:30,574 [WARN] PackLoader:240 - Cannot read IP mode file for STMicroelectronics.FP-SNS-STBOX1.2.0.0
2024-11-07 15:39:30,586 [WARN] PackLoader:240 - Cannot read IP mode file for STMicroelectronics.X-CUBE-SUBG2.5.0.0
2024-11-07 15:39:30,593 [WARN] PackLoader:240 - Cannot read IP mode file for Cesanta.I-CUBE-Mongoose.7.13.0
2024-11-07 15:39:30,612 [WARN] PackLoader:240 - Cannot read IP mode file for STMicroelectronics.X-CUBE-AZRTOS-G4.2.0.0
2024-11-07 15:39:30,619 [WARN] PackLoader:240 - Cannot read IP mode file for STMicroelectronics.X-CUBE-ALS.1.0.2
2024-11-07 15:39:30,624 [WARN] PackLoader:240 - Cannot read IP mode file for STMicroelectronics.X-CUBE-TOUCHGFX.4.24.1
2024-11-07 15:39:30,627 [WARN] PackLoader:240 - Cannot read IP mode file for wolfSSL.I-CUBE-wolfTPM.3.4.0
2024-11-07 15:39:30,632 [WARN] PackLoader:240 - Cannot read IP mode file for portGmbH.I-Cube-SoM-uGOAL.1.1.0
2024-11-07 15:39:30,649 [WARN] PackLoader:240 - Cannot read IP mode file for STMicroelectronics.X-CUBE-AZRTOS-H7RS.1.0.0
2024-11-07 15:39:30,655 [WARN] PackLoader:240 - Cannot read IP mode file for STMicroelectronics.FP-ATR-ASTRA1.2.0.0
2024-11-07 15:39:30,666 [WARN] PackLoader:240 - Cannot read IP mode file for STMicroelectronics.X-CUBE-TOF1.3.4.2
2024-11-07 15:39:30,701 [WARN] PackLoader:240 - Cannot read IP mode file for Infineon.AIROC-Wi-Fi-Bluetooth-STM32.1.6.1
2024-11-07 15:39:30,709 [WARN] PackLoader:240 - Cannot read IP mode file for wolfSSL.I-CUBE-wolfSSH.1.4.17
2024-11-07 15:39:30,710 [INFO] ThirdParty:978 - Integrity check success = true
2024-11-07 15:39:30,710 [INFO] IntegrityCheckThread:100 - exiting critical section [integrity check]
2024-11-07 15:39:30,710 [INFO] IntegrityCheckThread:103 - End integrity checks thread
2024-11-07 15:39:34,417 [INFO] WebApp:167 - Instantiating new browser for Auth
2024-11-07 15:39:35,299 [INFO] WebApp:448 - Apply proxy settings
2024-11-07 15:39:35,299 [INFO] WebApp:533 - Chromium requires no authentication
2024-11-07 15:39:35,314 [INFO] WebApp:476 - Direct internet connection detected
2024-11-07 15:39:35,346 [INFO] WebApp:869 - Register for checkConnection events
2024-11-07 15:39:35,346 [INFO] WebApp:448 - Apply proxy settings
2024-11-07 15:39:35,346 [INFO] WebApp:533 - Chromium requires no authentication
2024-11-07 15:39:35,347 [INFO] WebApp:476 - Direct internet connection detected
2024-11-07 15:39:35,549 [INFO] WebApp:220 - Starting web application
2024-11-07 15:39:35,549 [INFO] WebApp:578 - Web application path used C:\ST\STM32CubeIDE_1.16.1\STM32CubeIDE\plugins\com.st.stm32cube.common.mx_6.12.1.202409122256\db\plugins\mcufinder\reactClient1\index.html
2024-11-07 15:39:35,680 [INFO] UserAuth:417 - Internet connection configuration mode: 1
2024-11-07 15:39:35,803 [INFO] WebApp:186 - Connection restablished
2024-11-07 15:39:36,327 [ERROR] LogOutputStream:75 - [STDERR_REDIRECT] Nov 07, 2024 3:39:36 PM org.glassfish.grizzly.http.server.NetworkListener start
2024-11-07 15:39:36,331 [ERROR] LogOutputStream:75 - [STDERR_REDIRECT] INFO: Started listener bound to [localhost:1598]
2024-11-07 15:39:36,331 [ERROR] LogOutputStream:75 - [STDERR_REDIRECT] 
2024-11-07 15:39:36,334 [ERROR] LogOutputStream:75 - [STDERR_REDIRECT] Nov 07, 2024 3:39:36 PM org.glassfish.grizzly.http.server.HttpServer start
2024-11-07 15:39:36,337 [ERROR] LogOutputStream:75 - [STDERR_REDIRECT] INFO: [HttpServer] Started.
2024-11-07 15:39:36,337 [ERROR] LogOutputStream:75 - [STDERR_REDIRECT] 
2024-11-07 17:37:27,865 [ERROR] LogOutputStream:75 - [STDERR_REDIRECT] 
2024-11-07 17:37:27,878 [ERROR] LogOutputStream:75 - [STDERR_REDIRECT] 
