2025-02-25 00:49:29,838 [INFO] WebApp:189 - Connection lost
2025-02-25 00:49:35,703 [INFO] WebApp:186 - Connection restablished
2025-02-25 00:49:37,629 [INFO] WebApp:189 - Connection lost
2025-02-25 00:49:37,789 [INFO] WebApp:186 - Connection restablished
2025-02-25 01:04:26,919 [INFO] MainUpdater:2873 - connection check result : 10
2025-02-25 01:04:26,919 [INFO] MainUpdater:2873 - connection check result : 10
2025-02-25 01:04:27,111 [INFO] MicroXplorer:468 - Change Database Path : 
2025-02-25 01:04:27,112 [INFO] MicroXplorer:498 - Change Database Version : DB.6.0.121
2025-02-25 01:04:27,132 [ERROR] ProjectManagerView:394 - 
java.lang.NullPointerException: Cannot invoke "javax.swing.JTextField.getText()" because the return value of "java.util.List.get(int)" is null
	at com.st.microxplorer.plugins.projectmanager.gui.ProjectChoiceTab$10.caretUpdate(ProjectChoiceTab.java:2622) ~[filemanager.jar:?]
	at javax.swing.text.JTextComponent.fireCaretUpdate(JTextComponent.java:412) ~[?:?]
	at javax.swing.text.JTextComponent$MutableCaretEvent.fire(JTextComponent.java:4491) ~[?:?]
	at javax.swing.text.JTextComponent$MutableCaretEvent.stateChanged(JTextComponent.java:4513) ~[?:?]
	at javax.swing.text.DefaultCaret.fireStateChanged(DefaultCaret.java:842) ~[?:?]
	at javax.swing.text.DefaultCaret.changeCaretPosition(DefaultCaret.java:1313) ~[?:?]
	at javax.swing.text.DefaultCaret.handleSetDot(DefaultCaret.java:1212) ~[?:?]
	at javax.swing.text.DefaultCaret.setDot(DefaultCaret.java:1193) ~[?:?]
	at javax.swing.text.DefaultCaret$Handler.insertUpdate(DefaultCaret.java:1789) ~[?:?]
	at javax.swing.text.AbstractDocument.fireInsertUpdate(AbstractDocument.java:226) ~[?:?]
	at javax.swing.text.AbstractDocument.handleInsertString(AbstractDocument.java:780) ~[?:?]
	at javax.swing.text.AbstractDocument.insertString(AbstractDocument.java:739) ~[?:?]
	at javax.swing.text.PlainDocument.insertString(PlainDocument.java:131) ~[?:?]
	at javax.swing.text.AbstractDocument.replace(AbstractDocument.java:698) ~[?:?]
	at javax.swing.text.JTextComponent.setText(JTextComponent.java:1729) ~[?:?]
	at com.st.microxplorer.plugins.projectmanager.gui.ProjectChoiceTab.createHeapStackFields(ProjectChoiceTab.java:972) ~[filemanager.jar:?]
	at com.st.microxplorer.plugins.projectmanager.gui.ProjectChoiceTab.buildLinkSettingsPanel(ProjectChoiceTab.java:3597) ~[filemanager.jar:?]
	at com.st.microxplorer.plugins.projectmanager.gui.ProjectChoiceTab.defineWindowsFields(ProjectChoiceTab.java:1940) ~[filemanager.jar:?]
	at com.st.microxplorer.plugins.projectmanager.gui.ProjectChoiceTab.updateSettings(ProjectChoiceTab.java:550) ~[filemanager.jar:?]
	at com.st.microxplorer.plugins.projectmanager.gui.ProjectSettingsPanel.UpdateDialog(ProjectSettingsPanel.java:245) ~[filemanager.jar:?]
	at com.st.microxplorer.plugins.projectmanager.ProjectManagerView.propertyChange(ProjectManagerView.java:391) ~[filemanager.jar:?]
	at java.beans.PropertyChangeSupport.fire(PropertyChangeSupport.java:343) ~[?:?]
	at java.beans.PropertyChangeSupport.firePropertyChange(PropertyChangeSupport.java:335) ~[?:?]
	at java.beans.PropertyChangeSupport.firePropertyChange(PropertyChangeSupport.java:268) ~[?:?]
	at com.st.microxplorer.util.MXPropertyChangeSupport.firePropertyChange(MXPropertyChangeSupport.java:54) ~[STM32CubeMX.jar:?]
	at com.st.microxplorer.mxsystem.MxSystem.closeConfig(MxSystem.java:900) ~[STM32CubeMX.jar:?]
	at com.st.microxplorer.maingui.MainPanel.closeConfig(MainPanel.java:781) ~[STM32CubeMX.jar:?]
	at com.st.microxplorer.plugins.filemanager.engine.OpenFileManager.loadConfigurationFile(OpenFileManager.java:265) ~[filemanager.jar:?]
	at com.st.microxplorer.plugins.filemanager.engine.MainFileManager.userLoadConfig(MainFileManager.java:352) ~[filemanager.jar:?]
	at com.st.microxplorer.plugins.filemanager.engine.MainFileManager.userLoadConfig(MainFileManager.java:330) ~[filemanager.jar:?]
	at com.st.microxplorer.plugins.filemanager.FileManagerView.getSpecificTask(FileManagerView.java:246) ~[filemanager.jar:?]
	at com.st.stm32cube.common.mx.editor.CubeMxEditor.getMxTabbedPaneInstance(CubeMxEditor.java:1198) ~[com.st.stm32cube.common.mx_6.12.1.202409122256/:?]
	at com.st.stm32cube.common.mx.editor.CubeMxEditor$12$1.createSwingComponent(CubeMxEditor.java:1068) ~[com.st.stm32cube.common.mx_6.12.1.202409122256/:?]
	at com.st.stm32cube.common.mx.oss.core.awtswtbridge.EmbeddedSwingComposite.doComponentCreation(EmbeddedSwingComposite.java:492) ~[com.st.stm32cube.common.mx.oss_6.12.1.202409122256/:?]
	at com.st.stm32cube.common.mx.oss.core.awtswtbridge.EmbeddedSwingComposite$4.run(EmbeddedSwingComposite.java:291) ~[com.st.stm32cube.common.mx.oss_6.12.1.202409122256/:?]
	at com.st.stm32cube.common.mx.oss.core.awtswtbridge.AwtEnvironment$2.run(AwtEnvironment.java:166) ~[com.st.stm32cube.common.mx.oss_6.12.1.202409122256/:?]
	at java.awt.event.InvocationEvent.dispatch(InvocationEvent.java:318) ~[?:?]
	at java.awt.EventQueue.dispatchEventImpl(EventQueue.java:773) ~[?:?]
	at java.awt.EventQueue$4.run(EventQueue.java:720) ~[?:?]
	at java.awt.EventQueue$4.run(EventQueue.java:714) ~[?:?]
	at java.security.AccessController.doPrivileged(AccessController.java:399) ~[?:?]
	at java.security.ProtectionDomain$JavaSecurityAccessImpl.doIntersectionPrivilege(ProtectionDomain.java:86) ~[?:?]
	at java.awt.EventQueue.dispatchEvent(EventQueue.java:742) ~[?:?]
	at java.awt.EventDispatchThread.pumpOneEventForFilters(EventDispatchThread.java:203) ~[?:?]
	at java.awt.EventDispatchThread.pumpEventsForFilter(EventDispatchThread.java:124) ~[?:?]
	at java.awt.EventDispatchThread.pumpEventsForHierarchy(EventDispatchThread.java:113) ~[?:?]
	at java.awt.EventDispatchThread.pumpEvents(EventDispatchThread.java:109) ~[?:?]
	at java.awt.EventDispatchThread.pumpEvents(EventDispatchThread.java:101) ~[?:?]
	at java.awt.EventDispatchThread.run(EventDispatchThread.java:90) ~[?:?]
2025-02-25 01:04:27,144 [WARN] ThirdParty:871 - waiting for thirdparty lock release [close project]
2025-02-25 01:04:27,144 [INFO] ThirdParty:873 - entering critical section [close project]
2025-02-25 01:04:27,144 [INFO] ThirdParty:883 - exiting critical section [close project]
2025-02-25 01:04:27,146 [INFO] PinOutPanel:1561 - setPackage(No Configuration,No Configuration)
2025-02-25 01:04:27,155 [INFO] UtilMem:75 - Begin LoadConfig() Used Memory: 753692152 Bytes (1073741824)
2025-02-25 01:04:27,156 [INFO] MicroXplorer:468 - Change Database Path : 
2025-02-25 01:04:27,156 [INFO] MicroXplorer:498 - Change Database Version : DB.6.0.121
2025-02-25 01:04:27,156 [INFO] OpenFileManager:332 - Change cursor
2025-02-25 01:04:27,207 [INFO] Mcu:2032 - Initializing MCU STM32G431C(6-8-B)Ux STM32G431CBUx STM32G431CBU6
2025-02-25 01:04:31,426 [INFO] Context:742 - Trying to add GPIOservice into a context  which must be forbidden
2025-02-25 01:04:32,437 [INFO] RtosManager:555 - Registered RTOS mode: class=CMSIS, group=RTOS, mode=CMSIS_V1, owner=FREERTOS
2025-02-25 01:04:32,437 [INFO] RtosManager:555 - Registered RTOS mode: class=CMSIS, group=RTOS2, mode=CMSIS_V2, owner=FREERTOS
2025-02-25 01:04:32,437 [INFO] RtosManager:555 - Registered RTOS mode: class=RTOS, group=Core, mode=CMSIS_V1, owner=FREERTOS
2025-02-25 01:04:32,437 [INFO] RtosManager:555 - Registered RTOS mode: class=RTOS, group=Core, mode=CMSIS_V2, owner=FREERTOS
2025-02-25 01:04:32,437 [WARN] ModelIntegratedComponent:184 - Missing modes for component STMicroelectronics:FreeRTOS:0.0.1:STMicroelectronics:RTOS:FreeRTOS:Core:::10.2.0:
2025-02-25 01:04:32,460 [WARN] ModelIntegratedComponent:63 - No mode defined for component null
2025-02-25 01:04:32,460 [WARN] ModelIntegratedComponent:63 - No mode defined for component null
2025-02-25 01:04:32,461 [WARN] ModelIntegratedComponent:63 - No mode defined for component null
2025-02-25 01:04:32,461 [WARN] ModelIntegratedComponent:63 - No mode defined for component null
2025-02-25 01:04:32,461 [WARN] ModelIntegratedComponent:63 - No mode defined for component null
2025-02-25 01:04:32,461 [WARN] ModelIntegratedComponent:63 - No mode defined for component null
2025-02-25 01:04:32,461 [WARN] ModelIntegratedComponent:63 - No mode defined for component null
2025-02-25 01:04:32,461 [WARN] ModelIntegratedComponent:63 - No mode defined for component null
2025-02-25 01:04:32,461 [WARN] ModelIntegratedComponent:63 - No mode defined for component null
2025-02-25 01:04:32,461 [WARN] ModelIntegratedComponent:63 - No mode defined for component null
2025-02-25 01:04:32,461 [WARN] ModelIntegratedComponent:63 - No mode defined for component null
2025-02-25 01:04:32,461 [WARN] ModelIntegratedComponent:63 - No mode defined for component null
2025-02-25 01:04:32,461 [WARN] ModelIntegratedComponent:63 - No mode defined for component null
2025-02-25 01:04:32,461 [WARN] ModelIntegratedComponent:63 - No mode defined for component null
2025-02-25 01:04:32,461 [WARN] ModelIntegratedComponent:63 - No mode defined for component null
2025-02-25 01:04:32,461 [WARN] ModelIntegratedComponent:63 - No mode defined for component null
2025-02-25 01:04:32,461 [WARN] ModelIntegratedComponent:63 - No mode defined for component null
2025-02-25 01:04:32,462 [WARN] ModelIntegratedComponent:63 - No mode defined for component null
2025-02-25 01:04:32,462 [WARN] ModelIntegratedComponent:63 - No mode defined for component null
2025-02-25 01:04:32,462 [WARN] ModelIntegratedComponent:63 - No mode defined for component null
2025-02-25 01:04:32,462 [WARN] ModelIntegratedComponent:63 - No mode defined for component null
2025-02-25 01:04:32,462 [WARN] ModelIntegratedComponent:63 - No mode defined for component null
2025-02-25 01:04:32,462 [WARN] ModelIntegratedComponent:63 - No mode defined for component null
2025-02-25 01:04:32,462 [WARN] ModelIntegratedComponent:63 - No mode defined for component null
2025-02-25 01:04:32,462 [WARN] ModelIntegratedComponent:63 - No mode defined for component null
2025-02-25 01:04:32,462 [WARN] ModelIntegratedComponent:63 - No mode defined for component null
2025-02-25 01:04:32,462 [WARN] ModelIntegratedComponent:63 - No mode defined for component null
2025-02-25 01:04:32,462 [WARN] ModelIntegratedComponent:63 - No mode defined for component null
2025-02-25 01:04:32,462 [WARN] ModelIntegratedComponent:63 - No mode defined for component null
2025-02-25 01:04:32,462 [WARN] ModelIntegratedComponent:63 - No mode defined for component null
2025-02-25 01:04:32,462 [WARN] ModelIntegratedComponent:63 - No mode defined for component null
2025-02-25 01:04:32,462 [WARN] ModelIntegratedComponent:63 - No mode defined for component null
2025-02-25 01:04:32,463 [WARN] ModelIntegratedComponent:63 - No mode defined for component null
2025-02-25 01:04:32,463 [WARN] ModelIntegratedComponent:63 - No mode defined for component null
2025-02-25 01:04:32,463 [WARN] ModelIntegratedComponent:63 - No mode defined for component null
2025-02-25 01:04:32,463 [WARN] ModelPack:524 - Component already loaded: STMicroelectronics:HAL Drivers:0.0.0:STMicroelectronics:Device:STMicro_Driver:XSPI:HAL::0.0.1:HAL_XSPI
2025-02-25 01:04:32,587 [INFO] ThirdPartyModel:298 - Start build external matchings
2025-02-25 01:04:33,741 [INFO] ThirdPartyModel:316 - End build external matchings
2025-02-25 01:04:33,757 [INFO] ImportTextPane:205 - (OptionalMessage_ERROR) IP (RCC) : Invalid parameter (FamilyName)
2025-02-25 01:04:34,410 [INFO] UtilMem:75 - End LoadConfig() Used Memory: 897413240 Bytes (1073741824)
2025-02-25 01:04:34,437 [WARN] ThirdParty:833 - waiting for thirdparty lock release [change project]
2025-02-25 01:04:34,437 [INFO] ThirdParty:835 - entering critical section [change project]
2025-02-25 01:04:34,437 [INFO] ThirdParty:1030 - CMSIS Pack Vendor :STMicroelectronics USBPD 4.1
2025-02-25 01:04:34,437 [INFO] ThirdParty:1030 - CMSIS Pack Vendor :STMicroelectronics X-CUBE-AZRTOS-H7 3.3.0
2025-02-25 01:04:34,437 [INFO] ThirdParty:1030 - CMSIS Pack Vendor :STMicroelectronics X-CUBE-NFC9 1.0.0
2025-02-25 01:04:34,438 [INFO] ThirdParty:1030 - CMSIS Pack Vendor :STMicroelectronics USB_HOST 2.0.0
2025-02-25 01:04:34,438 [INFO] ThirdParty:1030 - CMSIS Pack Vendor :STMicroelectronics FP-SNS-MOTENVWB1 1.4.0
2025-02-25 01:04:34,438 [INFO] ThirdParty:1030 - CMSIS Pack Vendor :STMicroelectronics X-CUBE-AZRTOS-F4 1.1.0
2025-02-25 01:04:34,439 [INFO] ThirdParty:1030 - CMSIS Pack Vendor :STMicroelectronics LIBJPEG 8.0.0
2025-02-25 01:04:34,439 [INFO] ThirdParty:1030 - CMSIS Pack Vendor :STMicroelectronics FP-ATR-ASTRA1 2.0.1
2025-02-25 01:04:34,439 [INFO] ThirdParty:1030 - CMSIS Pack Vendor :STMicroelectronics X-CUBE-SMBUS 2.1.0
2025-02-25 01:04:34,439 [INFO] ThirdParty:1030 - CMSIS Pack Vendor :STMicroelectronics X-CUBE-WB05N 1.1.0
2025-02-25 01:04:34,439 [INFO] ThirdParty:1030 - CMSIS Pack Vendor :STMicroelectronics USB_DEVICE 3.0.0
2025-02-25 01:04:34,439 [INFO] ThirdParty:1030 - CMSIS Pack Vendor :STMicroelectronics X-CUBE-TCPP 4.1.0
2025-02-25 01:04:34,439 [INFO] ThirdParty:1030 - CMSIS Pack Vendor :STMicroelectronics X-CUBE-ISPU 2.1.0
2025-02-25 01:04:34,439 [INFO] ThirdParty:1030 - CMSIS Pack Vendor :STMicroelectronics X-CUBE-FREERTOS 1.2.0
2025-02-25 01:04:34,439 [INFO] ThirdParty:1030 - CMSIS Pack Vendor :STMicroelectronics X-CUBE-IPS 3.0.0
2025-02-25 01:04:34,439 [INFO] ThirdParty:1030 - CMSIS Pack Vendor :STMicroelectronics X-CUBE-AZRTOS-WB 2.0.0
2025-02-25 01:04:34,439 [INFO] ThirdParty:1030 - CMSIS Pack Vendor :STMicroelectronics X-CUBE-GNSS1 7.0.0
2025-02-25 01:04:34,439 [INFO] ThirdParty:1030 - CMSIS Pack Vendor :STMicroelectronics X-CUBE-GNSS1 7.0.1
2025-02-25 01:04:34,439 [INFO] ThirdParty:1030 - CMSIS Pack Vendor :STMicroelectronics X-CUBE-AZRTOS-F7 1.1.0
2025-02-25 01:04:34,439 [INFO] ThirdParty:1030 - CMSIS Pack Vendor :STMicroelectronics X-CUBE-AZRTOS-L5 2.0.0
2025-02-25 01:04:34,439 [INFO] ThirdParty:1030 - CMSIS Pack Vendor :STMicroelectronics USB_DEVICE 2.0.0
2025-02-25 01:04:34,439 [INFO] ThirdParty:1030 - CMSIS Pack Vendor :STMicroelectronics X-CUBE-NFC6 3.1.0
2025-02-25 01:04:34,439 [INFO] ThirdParty:1030 - CMSIS Pack Vendor :STMicroelectronics FP-SNS-STBOX1 2.0.0
2025-02-25 01:04:34,439 [INFO] ThirdParty:1030 - CMSIS Pack Vendor :STMicroelectronics X-CUBE-MEMS1 11.0.0
2025-02-25 01:04:34,439 [INFO] ThirdParty:1030 - CMSIS Pack Vendor :STMicroelectronics FreeRTOS 0.0.1
2025-02-25 01:04:34,439 [INFO] ThirdParty:1030 - CMSIS Pack Vendor :STMicroelectronics X-CUBE-AZRTOS-G0 1.1.0
2025-02-25 01:04:34,439 [INFO] ThirdParty:1030 - CMSIS Pack Vendor :STMicroelectronics X-CUBE-SAFEA1 1.2.2
2025-02-25 01:04:34,439 [INFO] ThirdParty:1030 - CMSIS Pack Vendor :STMicroelectronics X-CUBE-NFC4 3.0.0
2025-02-25 01:04:34,440 [INFO] ThirdParty:1030 - CMSIS Pack Vendor :STMicroelectronics X-CUBE-DPower 1.2.0
2025-02-25 01:04:34,440 [INFO] ThirdParty:1030 - CMSIS Pack Vendor :STMicroelectronics X-CUBE-SUBG2 5.0.0
2025-02-25 01:04:34,440 [INFO] ThirdParty:1030 - CMSIS Pack Vendor :STMicroelectronics STM32_WPAN 1.0.0
2025-02-25 01:04:34,440 [INFO] ThirdParty:1030 - CMSIS Pack Vendor :EmbeddedOffice I-CUBE-FS-RTOS 1.0.1
2025-02-25 01:04:34,440 [INFO] ThirdParty:1030 - CMSIS Pack Vendor :STMicroelectronics lwIP 2.0.3
2025-02-25 01:04:34,440 [INFO] ThirdParty:1030 - CMSIS Pack Vendor :STMicroelectronics FP-SNS-FLIGHT1 5.0.2
2025-02-25 01:04:34,440 [INFO] ThirdParty:1030 - CMSIS Pack Vendor :Cesanta I-CUBE-Mongoose 7.13.0
2025-02-25 01:04:34,440 [INFO] ThirdParty:1030 - CMSIS Pack Vendor :STMicroelectronics USB_HOST 1.0.0
2025-02-25 01:04:34,440 [INFO] ThirdParty:1030 - CMSIS Pack Vendor :STMicroelectronics X-CUBE-AZRTOS-G4 2.0.0
2025-02-25 01:04:34,440 [INFO] ThirdParty:1030 - CMSIS Pack Vendor :STMicroelectronics PDM2PCM 3.1.0
2025-02-25 01:04:34,440 [INFO] ThirdParty:1030 - CMSIS Pack Vendor :STMicroelectronics PDM2PCM 3.3.0
2025-02-25 01:04:34,440 [INFO] ThirdParty:1030 - CMSIS Pack Vendor :STMicroelectronics X-CUBE-DISPLAY 3.0.0
2025-02-25 01:04:34,440 [INFO] ThirdParty:1030 - CMSIS Pack Vendor :RealThread X-CUBE-RT-Thread_Nano 4.1.1
2025-02-25 01:04:34,440 [INFO] ThirdParty:1030 - CMSIS Pack Vendor :STMicroelectronics X-CUBE-BLE1 7.0.0
2025-02-25 01:04:34,440 [INFO] ThirdParty:1030 - CMSIS Pack Vendor :STMicroelectronics FP-ATR-SIGFOX1 3.2.0
2025-02-25 01:04:34,440 [INFO] ThirdParty:1030 - CMSIS Pack Vendor :STMicroelectronics X-CUBE-NFC10 1.0.0
2025-02-25 01:04:34,440 [INFO] ThirdParty:1030 - CMSIS Pack Vendor :wolfSSL I-CUBE-wolfSSL 5.7.2
2025-02-25 01:04:34,441 [INFO] ThirdParty:1030 - CMSIS Pack Vendor :quantropi X-CUBE-qispace-sdk-base 1.9.3
2025-02-25 01:04:34,447 [INFO] ThirdParty:1030 - CMSIS Pack Vendor :STMicroelectronics X-CUBE-BLEMGR 4.0.0
2025-02-25 01:04:34,449 [INFO] ThirdParty:1030 - CMSIS Pack Vendor :STMicroelectronics X-CUBE-EEPRMA1 5.1.0
2025-02-25 01:04:34,449 [INFO] ThirdParty:1030 - CMSIS Pack Vendor :STMicroelectronics HAL Drivers 0.0.0
2025-02-25 01:04:34,450 [INFO] ThirdParty:1030 - CMSIS Pack Vendor :STMicroelectronics MBEDTLS 2.16.2
2025-02-25 01:04:34,450 [INFO] ThirdParty:1030 - CMSIS Pack Vendor :STMicroelectronics X-CUBE-ALS 1.0.2
2025-02-25 01:04:34,450 [INFO] ThirdParty:1030 - CMSIS Pack Vendor :emotas I-CUBE-CANOPEN 1.3.0
2025-02-25 01:04:34,450 [INFO] ThirdParty:1030 - CMSIS Pack Vendor :STMicroelectronics X-CUBE-FREERTOS 1.3.0
2025-02-25 01:04:34,450 [INFO] ThirdParty:1030 - CMSIS Pack Vendor :STMicroelectronics X-CUBE-NFC7 1.0.1
2025-02-25 01:04:34,450 [INFO] ThirdParty:1030 - CMSIS Pack Vendor :STMicroelectronics MBEDTLS 2.14.1
2025-02-25 01:04:34,450 [INFO] ThirdParty:1030 - CMSIS Pack Vendor :ITTIA_DB I-CUBE-ITTIADB 8.9.0
2025-02-25 01:04:34,450 [INFO] ThirdParty:1030 - CMSIS Pack Vendor :STMicroelectronics X-CUBE-TOUCHGFX 4.24.2
2025-02-25 01:04:34,450 [INFO] ThirdParty:1030 - CMSIS Pack Vendor :STMicroelectronics X-CUBE-TOUCHGFX 4.24.1
2025-02-25 01:04:34,450 [INFO] ThirdParty:1030 - CMSIS Pack Vendor :wolfSSL I-CUBE-wolfTPM 3.4.0
2025-02-25 01:04:34,451 [INFO] ThirdParty:1030 - CMSIS Pack Vendor :portGmbH I-Cube-SoM-uGOAL 1.1.0
2025-02-25 01:04:34,451 [INFO] ThirdParty:1030 - CMSIS Pack Vendor :STMicroelectronics X-CUBE-BLEMGR 3.1.0
2025-02-25 01:04:34,451 [INFO] ThirdParty:1030 - CMSIS Pack Vendor :STMicroelectronics X-CUBE-AI 10.0.0
2025-02-25 01:04:34,451 [INFO] ThirdParty:1030 - CMSIS Pack Vendor :STMicroelectronics ThreadX 1.0.0
2025-02-25 01:04:34,451 [INFO] ThirdParty:1030 - CMSIS Pack Vendor :STMicroelectronics FP-SNS-SMARTAG2 1.2.0
2025-02-25 01:04:34,451 [INFO] ThirdParty:1030 - CMSIS Pack Vendor :STMicroelectronics X-CUBE-MEMS1 11.1.0
2025-02-25 01:04:34,451 [INFO] ThirdParty:1030 - CMSIS Pack Vendor :STMicroelectronics X-CUBE-AZRTOS-WL 2.0.0
2025-02-25 01:04:34,451 [INFO] ThirdParty:1030 - CMSIS Pack Vendor :SEGGER I-CUBE-embOS 1.3.1
2025-02-25 01:04:34,451 [INFO] ThirdParty:1030 - CMSIS Pack Vendor :STMicroelectronics X-CUBE-ALGOBUILD 1.4.0
2025-02-25 01:04:34,451 [INFO] ThirdParty:1030 - CMSIS Pack Vendor :STMicroelectronics FP-SNS-MOTENV1 5.0.0
2025-02-25 01:04:34,451 [INFO] ThirdParty:1030 - CMSIS Pack Vendor :STMicroelectronics USB_DEVICE 1.0.0
2025-02-25 01:04:34,451 [INFO] ThirdParty:1030 - CMSIS Pack Vendor :STMicroelectronics X-CUBE-AZRTOS-H7RS 1.0.0
2025-02-25 01:04:34,452 [INFO] ThirdParty:1030 - CMSIS Pack Vendor :wolfSSL I-CUBE-wolfMQTT 1.19.0
2025-02-25 01:04:34,452 [INFO] ThirdParty:1030 - CMSIS Pack Vendor :STMicroelectronics X-CUBE-AZRTOS-L4 2.0.0
2025-02-25 01:04:34,452 [INFO] ThirdParty:1030 - CMSIS Pack Vendor :STMicroelectronics ThreadX 0.0.2
2025-02-25 01:04:34,452 [INFO] ThirdParty:1030 - CMSIS Pack Vendor :WES I-CUBE-Cesium 1.3.0
2025-02-25 01:04:34,452 [INFO] ThirdParty:1030 - CMSIS Pack Vendor :STMicroelectronics FP-ATR-ASTRA1 2.0.0
2025-02-25 01:04:34,452 [INFO] ThirdParty:1030 - CMSIS Pack Vendor :STMicroelectronics lwIP 2.1.2
2025-02-25 01:04:34,452 [INFO] ThirdParty:1030 - CMSIS Pack Vendor :STMicroelectronics X-CUBE-SFXS2LP1 4.0.0
2025-02-25 01:04:34,452 [INFO] ThirdParty:1030 - CMSIS Pack Vendor :STMicroelectronics X-CUBE-BLE2 3.3.0
2025-02-25 01:04:34,452 [INFO] ThirdParty:1030 - CMSIS Pack Vendor :STMicroelectronics X-CUBE-TOF1 3.4.2
2025-02-25 01:04:34,452 [INFO] ThirdParty:1030 - CMSIS Pack Vendor :STMicroelectronics X-CUBE-AI 9.1.0
2025-02-25 01:04:34,452 [INFO] ThirdParty:1030 - CMSIS Pack Vendor :Infineon AIROC-Wi-Fi-Bluetooth-STM32 1.6.1
2025-02-25 01:04:34,452 [INFO] ThirdParty:1030 - CMSIS Pack Vendor :STMicroelectronics PDM2PCM 3.2.0
2025-02-25 01:04:34,452 [INFO] ThirdParty:1030 - CMSIS Pack Vendor :wolfSSL I-CUBE-wolfSSH 1.4.17
2025-02-25 01:04:34,452 [INFO] ThirdParty:841 - exiting critical section [change project]
2025-02-25 01:04:34,802 [INFO] PinOutPanel:1561 - setPackage(No Configuration,No Configuration)
2025-02-25 01:04:34,803 [INFO] PinOutPanel:1561 - setPackage(STM32G431CBUx,UFQFPN48)
2025-02-25 01:04:35,192 [INFO] UtilMem:75 - Before build in PCC Used Memory: 758859752 Bytes (1073741824)
2025-02-25 01:04:35,994 [INFO] UtilMem:75 - After build in PCC Used Memory: 856377320 Bytes (1073741824)
2025-02-25 01:04:36,064 [INFO] ApiDbMcu:508 - Load IP Config File for USB_Device
2025-02-25 01:04:36,064 [INFO] Middleware:612 - instanceName : USB_DEVICE bspName : BCD Detection check condition failed for : SEM_BCD_ENABLED
2025-02-25 01:04:36,064 [INFO] Middleware:612 - instanceName : USB_DEVICE bspName : BCD Detection check condition failed for : SEM_BCD_ENABLED
2025-02-25 01:04:36,065 [INFO] Middleware:612 - instanceName : USB_DEVICE bspName : BCD Detection check condition failed for : SEM_BCD_ENABLED
2025-02-25 01:04:36,065 [INFO] Middleware:612 - instanceName : USB_DEVICE bspName : BCD Detection check condition failed for : SEM_BCD_ENABLED
2025-02-25 01:04:36,065 [INFO] Middleware:612 - instanceName : USB_DEVICE bspName : BCD Detection check condition failed for : SEM_BCD_ENABLED
2025-02-25 01:04:36,065 [INFO] Middleware:612 - instanceName : USB_DEVICE bspName : BCD Detection check condition failed for : SEM_BCD_ENABLED
2025-02-25 01:04:36,065 [INFO] Middleware:612 - instanceName : USB_DEVICE bspName : BCD Detection check condition failed for : SEM_BCD_ENABLED
2025-02-25 01:04:36,065 [INFO] Middleware:612 - instanceName : USB_DEVICE bspName : BCD Detection check condition failed for : SEM_BCD_ENABLED
2025-02-25 01:04:36,065 [INFO] Middleware:612 - instanceName : USB_DEVICE bspName : BCD Detection check condition failed for : SEM_BCD_ENABLED
2025-02-25 01:04:36,065 [INFO] Middleware:612 - instanceName : USB_DEVICE bspName : BCD Detection check condition failed for : SEM_BCD_ENABLED
2025-02-25 01:04:36,065 [INFO] Middleware:612 - instanceName : USB_DEVICE bspName : BCD Detection check condition failed for : SEM_BCD_ENABLED
2025-02-25 01:04:36,065 [INFO] Middleware:612 - instanceName : USB_DEVICE bspName : BCD Detection check condition failed for : SEM_BCD_ENABLED
2025-02-25 01:04:36,065 [INFO] Middleware:612 - instanceName : USB_DEVICE bspName : BCD Detection check condition failed for : SEM_BCD_ENABLED
2025-02-25 01:04:36,065 [INFO] Middleware:612 - instanceName : USB_DEVICE bspName : BCD Detection check condition failed for : SEM_BCD_ENABLED
2025-02-25 01:04:36,065 [INFO] Middleware:612 - instanceName : USB_DEVICE bspName : BCD Detection check condition failed for : SEM_BCD_ENABLED
2025-02-25 01:04:36,065 [INFO] Middleware:612 - instanceName : USB_DEVICE bspName : BCD Detection check condition failed for : SEM_BCD_ENABLED
2025-02-25 01:04:36,113 [INFO] IPUIPlugin:80 - create IPUIPlugin
2025-02-25 01:04:36,113 [INFO] IPUIPlugin:80 - create IPUIPlugin
2025-02-25 01:04:36,113 [INFO] IPUIPlugin:80 - create IPUIPlugin
2025-02-25 01:04:36,113 [INFO] IPUIPlugin:80 - create IPUIPlugin
2025-02-25 01:04:36,113 [INFO] IPUIPlugin:80 - create IPUIPlugin
2025-02-25 01:04:36,114 [INFO] IPUIPlugin:80 - create IPUIPlugin
2025-02-25 01:04:36,114 [INFO] IPUIPlugin:80 - create IPUIPlugin
2025-02-25 01:04:36,114 [INFO] IPUIPlugin:80 - create IPUIPlugin
2025-02-25 01:04:36,114 [INFO] IPUIPlugin:80 - create IPUIPlugin
2025-02-25 01:04:36,114 [INFO] IPUIPlugin:80 - create IPUIPlugin
2025-02-25 01:04:36,114 [INFO] IPUIPlugin:80 - create IPUIPlugin
2025-02-25 01:04:36,114 [INFO] IPUIPlugin:80 - create IPUIPlugin
2025-02-25 01:04:36,114 [INFO] IPUIPlugin:80 - create IPUIPlugin
2025-02-25 01:04:36,115 [INFO] IPUIPlugin:80 - create IPUIPlugin
2025-02-25 01:04:36,115 [INFO] IPUIPlugin:80 - create IPUIPlugin
2025-02-25 01:04:36,115 [INFO] IPUIPlugin:80 - create IPUIPlugin
2025-02-25 01:04:36,116 [INFO] IPUIPlugin:80 - create IPUIPlugin
2025-02-25 01:04:36,116 [INFO] IPUIPlugin:80 - create IPUIPlugin
2025-02-25 01:04:36,116 [INFO] IPUIPlugin:80 - create IPUIPlugin
2025-02-25 01:04:36,116 [INFO] IPUIPlugin:80 - create IPUIPlugin
2025-02-25 01:04:36,116 [INFO] IPUIPlugin:80 - create IPUIPlugin
2025-02-25 01:04:36,116 [INFO] IPUIPlugin:80 - create IPUIPlugin
2025-02-25 01:04:36,117 [INFO] IPUIPlugin:80 - create IPUIPlugin
2025-02-25 01:04:36,117 [INFO] IPUIPlugin:80 - create IPUIPlugin
2025-02-25 01:04:36,117 [INFO] IPUIPlugin:80 - create IPUIPlugin
2025-02-25 01:04:36,118 [INFO] IPUIPlugin:80 - create IPUIPlugin
2025-02-25 01:04:36,118 [INFO] IPUIPlugin:80 - create IPUIPlugin
2025-02-25 01:04:36,118 [INFO] IPUIPlugin:80 - create IPUIPlugin
2025-02-25 01:04:36,119 [INFO] IPUIPlugin:80 - create IPUIPlugin
2025-02-25 01:04:36,119 [INFO] IPUIPlugin:80 - create IPUIPlugin
2025-02-25 01:04:36,119 [INFO] IPUIPlugin:80 - create IPUIPlugin
2025-02-25 01:04:36,119 [INFO] IPUIPlugin:80 - create IPUIPlugin
2025-02-25 01:04:36,120 [INFO] IPUIPlugin:80 - create IPUIPlugin
2025-02-25 01:04:36,120 [INFO] IPUIPlugin:80 - create IPUIPlugin
2025-02-25 01:04:36,120 [INFO] IPUIPlugin:80 - create IPUIPlugin
2025-02-25 01:04:36,120 [INFO] IPUIPlugin:80 - create IPUIPlugin
2025-02-25 01:04:36,121 [INFO] IPUIPlugin:80 - create IPUIPlugin
2025-02-25 01:04:36,121 [INFO] IPUIPlugin:80 - create IPUIPlugin
2025-02-25 01:04:36,121 [INFO] IPUIPlugin:80 - create IPUIPlugin
2025-02-25 01:04:36,121 [INFO] IPUIPlugin:80 - create IPUIPlugin
2025-02-25 01:04:36,122 [INFO] IPUIPlugin:80 - create IPUIPlugin
2025-02-25 01:04:36,122 [INFO] IPUIPlugin:80 - create IPUIPlugin
2025-02-25 01:04:36,122 [INFO] IPUIPlugin:80 - create IPUIPlugin
2025-02-25 01:04:36,122 [INFO] IPUIPlugin:80 - create IPUIPlugin
2025-02-25 01:04:36,123 [INFO] IPUIPlugin:80 - create IPUIPlugin
2025-02-25 01:04:36,123 [INFO] IPUIPlugin:80 - create IPUIPlugin
2025-02-25 01:04:36,123 [INFO] IPUIPlugin:80 - create IPUIPlugin
2025-02-25 01:04:36,123 [INFO] IPUIPlugin:80 - create IPUIPlugin
2025-02-25 01:04:36,124 [INFO] IPUIPlugin:80 - create IPUIPlugin
2025-02-25 01:04:36,124 [INFO] IPUIPlugin:80 - create IPUIPlugin
2025-02-25 01:04:36,125 [INFO] IPUIPlugin:80 - create IPUIPlugin
2025-02-25 01:04:36,125 [INFO] IPUIPlugin:80 - create IPUIPlugin
2025-02-25 01:04:36,125 [INFO] IPUIPlugin:80 - create IPUIPlugin
2025-02-25 01:04:36,126 [INFO] IPUIPlugin:80 - create IPUIPlugin
2025-02-25 01:04:36,126 [INFO] IPUIPlugin:80 - create IPUIPlugin
2025-02-25 01:04:36,126 [INFO] IPUIPlugin:80 - create IPUIPlugin
2025-02-25 01:04:36,127 [INFO] IPUIPlugin:80 - create IPUIPlugin
2025-02-25 01:04:36,128 [INFO] IPUIPlugin:80 - create IPUIPlugin
2025-02-25 01:04:36,237 [INFO] CADModel:165 - CPN selected for project levelSTM32G431CBU6
2025-02-25 01:04:36,237 [INFO] CADModel:114 - Register for checkConnection events
2025-02-25 01:04:36,277 [INFO] OpenFileManager:363 - Restore cursor
2025-02-25 01:04:36,326 [INFO] Middleware:612 - instanceName : USB_DEVICE bspName : BCD Detection check condition failed for : SEM_BCD_ENABLED
2025-02-25 01:04:36,327 [INFO] Middleware:612 - instanceName : USB_DEVICE bspName : BCD Detection check condition failed for : SEM_BCD_ENABLED
2025-02-25 01:04:36,327 [INFO] Middleware:612 - instanceName : USB_DEVICE bspName : BCD Detection check condition failed for : SEM_BCD_ENABLED
2025-02-25 01:04:36,327 [INFO] Middleware:612 - instanceName : USB_DEVICE bspName : BCD Detection check condition failed for : SEM_BCD_ENABLED
2025-02-25 01:04:36,327 [INFO] Middleware:612 - instanceName : USB_DEVICE bspName : BCD Detection check condition failed for : SEM_BCD_ENABLED
2025-02-25 01:04:36,327 [INFO] Middleware:612 - instanceName : USB_DEVICE bspName : BCD Detection check condition failed for : SEM_BCD_ENABLED
2025-02-25 01:04:36,327 [INFO] Middleware:612 - instanceName : USB_DEVICE bspName : BCD Detection check condition failed for : SEM_BCD_ENABLED
2025-02-25 01:04:36,327 [INFO] Middleware:612 - instanceName : USB_DEVICE bspName : BCD Detection check condition failed for : SEM_BCD_ENABLED
2025-02-25 01:04:36,358 [INFO] Middleware:612 - instanceName : USB_DEVICE bspName : BCD Detection check condition failed for : SEM_BCD_ENABLED
2025-02-25 01:04:36,359 [INFO] Middleware:612 - instanceName : USB_DEVICE bspName : BCD Detection check condition failed for : SEM_BCD_ENABLED
2025-02-25 01:04:36,359 [INFO] Middleware:612 - instanceName : USB_DEVICE bspName : BCD Detection check condition failed for : SEM_BCD_ENABLED
2025-02-25 01:04:36,359 [INFO] Middleware:612 - instanceName : USB_DEVICE bspName : BCD Detection check condition failed for : SEM_BCD_ENABLED
2025-02-25 01:04:36,359 [INFO] Middleware:612 - instanceName : USB_DEVICE bspName : BCD Detection check condition failed for : SEM_BCD_ENABLED
2025-02-25 01:04:36,359 [INFO] Middleware:612 - instanceName : USB_DEVICE bspName : BCD Detection check condition failed for : SEM_BCD_ENABLED
2025-02-25 01:04:36,359 [INFO] Middleware:612 - instanceName : USB_DEVICE bspName : BCD Detection check condition failed for : SEM_BCD_ENABLED
2025-02-25 01:04:36,359 [INFO] Middleware:612 - instanceName : USB_DEVICE bspName : BCD Detection check condition failed for : SEM_BCD_ENABLED
2025-02-25 01:14:00,299 [INFO] MainUpdater:2873 - connection check result : 10
2025-02-25 01:14:00,410 [INFO] McuFinderGlobals:76 - Set McuFinderConnectedMode to true
2025-02-25 01:14:00,411 [INFO] MultiScanPanel:200 - Auto-refresh data requested => check proxy status ongoing
2025-02-25 01:14:00,412 [INFO] FinderPluginLoader:95 - Searching for filters in installed packs
2025-02-25 01:14:01,171 [INFO] LoadUrlFilesThread:185 - End of LoadServerUrlFiles without Thread
2025-02-25 01:14:01,171 [INFO] DetailPanel:341 - Set advertising image to C:/Users/leagu/STM32Cube/Repository/\en.prom-stm32n6-mcu-finder.png
2025-02-25 01:14:24,885 [INFO] MainUpdater:2873 - connection check result : 10
2025-02-25 01:14:24,885 [INFO] MainUpdater:2873 - connection check result : 10
2025-02-25 01:14:24,992 [INFO] MicroXplorer:468 - Change Database Path : 
2025-02-25 01:14:24,993 [INFO] MicroXplorer:498 - Change Database Version : DB.6.0.121
2025-02-25 01:14:24,999 [ERROR] ProjectManagerView:394 - 
java.lang.NullPointerException: Cannot invoke "javax.swing.JTextField.getText()" because the return value of "java.util.List.get(int)" is null
	at com.st.microxplorer.plugins.projectmanager.gui.ProjectChoiceTab$10.caretUpdate(ProjectChoiceTab.java:2622) ~[filemanager.jar:?]
	at javax.swing.text.JTextComponent.fireCaretUpdate(JTextComponent.java:412) ~[?:?]
	at javax.swing.text.JTextComponent$MutableCaretEvent.fire(JTextComponent.java:4491) ~[?:?]
	at javax.swing.text.JTextComponent$MutableCaretEvent.stateChanged(JTextComponent.java:4513) ~[?:?]
	at javax.swing.text.DefaultCaret.fireStateChanged(DefaultCaret.java:842) ~[?:?]
	at javax.swing.text.DefaultCaret.changeCaretPosition(DefaultCaret.java:1313) ~[?:?]
	at javax.swing.text.DefaultCaret.handleSetDot(DefaultCaret.java:1212) ~[?:?]
	at javax.swing.text.DefaultCaret.setDot(DefaultCaret.java:1193) ~[?:?]
	at javax.swing.text.DefaultCaret$Handler.insertUpdate(DefaultCaret.java:1789) ~[?:?]
	at javax.swing.text.AbstractDocument.fireInsertUpdate(AbstractDocument.java:226) ~[?:?]
	at javax.swing.text.AbstractDocument.handleInsertString(AbstractDocument.java:780) ~[?:?]
	at javax.swing.text.AbstractDocument.insertString(AbstractDocument.java:739) ~[?:?]
	at javax.swing.text.PlainDocument.insertString(PlainDocument.java:131) ~[?:?]
	at javax.swing.text.AbstractDocument.replace(AbstractDocument.java:698) ~[?:?]
	at javax.swing.text.JTextComponent.setText(JTextComponent.java:1729) ~[?:?]
	at com.st.microxplorer.plugins.projectmanager.gui.ProjectChoiceTab.createHeapStackFields(ProjectChoiceTab.java:972) ~[filemanager.jar:?]
	at com.st.microxplorer.plugins.projectmanager.gui.ProjectChoiceTab.buildLinkSettingsPanel(ProjectChoiceTab.java:3597) ~[filemanager.jar:?]
	at com.st.microxplorer.plugins.projectmanager.gui.ProjectChoiceTab.defineWindowsFields(ProjectChoiceTab.java:1940) ~[filemanager.jar:?]
	at com.st.microxplorer.plugins.projectmanager.gui.ProjectChoiceTab.updateSettings(ProjectChoiceTab.java:550) ~[filemanager.jar:?]
	at com.st.microxplorer.plugins.projectmanager.gui.ProjectSettingsPanel.UpdateDialog(ProjectSettingsPanel.java:245) ~[filemanager.jar:?]
	at com.st.microxplorer.plugins.projectmanager.ProjectManagerView.propertyChange(ProjectManagerView.java:391) ~[filemanager.jar:?]
	at java.beans.PropertyChangeSupport.fire(PropertyChangeSupport.java:343) ~[?:?]
	at java.beans.PropertyChangeSupport.firePropertyChange(PropertyChangeSupport.java:335) ~[?:?]
	at java.beans.PropertyChangeSupport.firePropertyChange(PropertyChangeSupport.java:268) ~[?:?]
	at com.st.microxplorer.util.MXPropertyChangeSupport.firePropertyChange(MXPropertyChangeSupport.java:54) ~[STM32CubeMX.jar:?]
	at com.st.microxplorer.mxsystem.MxSystem.closeConfig(MxSystem.java:900) ~[STM32CubeMX.jar:?]
	at com.st.microxplorer.maingui.MainPanel.closeConfig(MainPanel.java:781) ~[STM32CubeMX.jar:?]
	at com.st.microxplorer.plugins.filemanager.engine.OpenFileManager.loadConfigurationFile(OpenFileManager.java:265) ~[filemanager.jar:?]
	at com.st.microxplorer.plugins.filemanager.engine.MainFileManager.userLoadConfig(MainFileManager.java:352) ~[filemanager.jar:?]
	at com.st.microxplorer.plugins.filemanager.engine.MainFileManager.userLoadConfig(MainFileManager.java:330) ~[filemanager.jar:?]
	at com.st.microxplorer.plugins.filemanager.FileManagerView.getSpecificTask(FileManagerView.java:246) ~[filemanager.jar:?]
	at com.st.stm32cube.common.mx.editor.CubeMxEditor.getMxTabbedPaneInstance(CubeMxEditor.java:1198) ~[com.st.stm32cube.common.mx_6.12.1.202409122256/:?]
	at com.st.stm32cube.common.mx.editor.CubeMxEditor$12$1.createSwingComponent(CubeMxEditor.java:1068) ~[com.st.stm32cube.common.mx_6.12.1.202409122256/:?]
	at com.st.stm32cube.common.mx.oss.core.awtswtbridge.EmbeddedSwingComposite.doComponentCreation(EmbeddedSwingComposite.java:492) ~[com.st.stm32cube.common.mx.oss_6.12.1.202409122256/:?]
	at com.st.stm32cube.common.mx.oss.core.awtswtbridge.EmbeddedSwingComposite$4.run(EmbeddedSwingComposite.java:291) ~[com.st.stm32cube.common.mx.oss_6.12.1.202409122256/:?]
	at com.st.stm32cube.common.mx.oss.core.awtswtbridge.AwtEnvironment$2.run(AwtEnvironment.java:166) ~[com.st.stm32cube.common.mx.oss_6.12.1.202409122256/:?]
	at java.awt.event.InvocationEvent.dispatch(InvocationEvent.java:318) ~[?:?]
	at java.awt.EventQueue.dispatchEventImpl(EventQueue.java:773) ~[?:?]
	at java.awt.EventQueue$4.run(EventQueue.java:720) ~[?:?]
	at java.awt.EventQueue$4.run(EventQueue.java:714) ~[?:?]
	at java.security.AccessController.doPrivileged(AccessController.java:399) ~[?:?]
	at java.security.ProtectionDomain$JavaSecurityAccessImpl.doIntersectionPrivilege(ProtectionDomain.java:86) ~[?:?]
	at java.awt.EventQueue.dispatchEvent(EventQueue.java:742) ~[?:?]
	at java.awt.EventDispatchThread.pumpOneEventForFilters(EventDispatchThread.java:203) ~[?:?]
	at java.awt.EventDispatchThread.pumpEventsForFilter(EventDispatchThread.java:124) ~[?:?]
	at java.awt.EventDispatchThread.pumpEventsForHierarchy(EventDispatchThread.java:113) ~[?:?]
	at java.awt.EventDispatchThread.pumpEvents(EventDispatchThread.java:109) ~[?:?]
	at java.awt.EventDispatchThread.pumpEvents(EventDispatchThread.java:101) ~[?:?]
	at java.awt.EventDispatchThread.run(EventDispatchThread.java:90) ~[?:?]
2025-02-25 01:14:25,000 [WARN] ThirdParty:871 - waiting for thirdparty lock release [close project]
2025-02-25 01:14:25,000 [INFO] ThirdParty:873 - entering critical section [close project]
2025-02-25 01:14:25,000 [INFO] ThirdParty:883 - exiting critical section [close project]
2025-02-25 01:14:25,001 [INFO] PinOutPanel:1561 - setPackage(No Configuration,No Configuration)
2025-02-25 01:14:25,005 [INFO] UtilMem:75 - Begin LoadConfig() Used Memory: 699039232 Bytes (1073741824)
2025-02-25 01:14:25,006 [INFO] MicroXplorer:468 - Change Database Path : 
2025-02-25 01:14:25,006 [INFO] MicroXplorer:498 - Change Database Version : DB.6.0.121
2025-02-25 01:14:25,006 [INFO] OpenFileManager:332 - Change cursor
2025-02-25 01:14:25,175 [INFO] Mcu:2032 - Initializing MCU STM32G431CBUx STM32G431CBUx STM32G431CBU6
2025-02-25 01:14:28,680 [INFO] Context:742 - Trying to add GPIOservice into a context  which must be forbidden
2025-02-25 01:14:29,155 [INFO] ImportTextPane:205 - (OptionalMessage_ERROR) Unable to find key (Mcu.ThirdPartyNb) in loaded IOC file
2025-02-25 01:14:29,155 [INFO] ImportTextPane:205 - (OptionalMessage_ERROR) Unable to find key (Mcu.PinsNb) in loaded IOC file
2025-02-25 01:14:29,155 [INFO] ImportTextPane:205 - (OptionalMessage_ERROR) Unable to find key (Mcu.IPNb) in loaded IOC file
2025-02-25 01:14:29,262 [INFO] RtosManager:555 - Registered RTOS mode: class=CMSIS, group=RTOS, mode=CMSIS_V1, owner=FREERTOS
2025-02-25 01:14:29,262 [INFO] RtosManager:555 - Registered RTOS mode: class=CMSIS, group=RTOS2, mode=CMSIS_V2, owner=FREERTOS
2025-02-25 01:14:29,262 [INFO] RtosManager:555 - Registered RTOS mode: class=RTOS, group=Core, mode=CMSIS_V1, owner=FREERTOS
2025-02-25 01:14:29,262 [INFO] RtosManager:555 - Registered RTOS mode: class=RTOS, group=Core, mode=CMSIS_V2, owner=FREERTOS
2025-02-25 01:14:29,262 [WARN] ModelIntegratedComponent:184 - Missing modes for component STMicroelectronics:FreeRTOS:0.0.1:STMicroelectronics:RTOS:FreeRTOS:Core:::10.2.0:
2025-02-25 01:14:29,269 [WARN] ModelIntegratedComponent:63 - No mode defined for component null
2025-02-25 01:14:29,269 [WARN] ModelIntegratedComponent:63 - No mode defined for component null
2025-02-25 01:14:29,269 [WARN] ModelIntegratedComponent:63 - No mode defined for component null
2025-02-25 01:14:29,269 [WARN] ModelIntegratedComponent:63 - No mode defined for component null
2025-02-25 01:14:29,269 [WARN] ModelIntegratedComponent:63 - No mode defined for component null
2025-02-25 01:14:29,271 [WARN] ModelIntegratedComponent:63 - No mode defined for component null
2025-02-25 01:14:29,271 [WARN] ModelIntegratedComponent:63 - No mode defined for component null
2025-02-25 01:14:29,271 [WARN] ModelIntegratedComponent:63 - No mode defined for component null
2025-02-25 01:14:29,271 [WARN] ModelIntegratedComponent:63 - No mode defined for component null
2025-02-25 01:14:29,272 [WARN] ModelIntegratedComponent:63 - No mode defined for component null
2025-02-25 01:14:29,272 [WARN] ModelIntegratedComponent:63 - No mode defined for component null
2025-02-25 01:14:29,272 [WARN] ModelIntegratedComponent:63 - No mode defined for component null
2025-02-25 01:14:29,272 [WARN] ModelIntegratedComponent:63 - No mode defined for component null
2025-02-25 01:14:29,272 [WARN] ModelIntegratedComponent:63 - No mode defined for component null
2025-02-25 01:14:29,272 [WARN] ModelIntegratedComponent:63 - No mode defined for component null
2025-02-25 01:14:29,272 [WARN] ModelIntegratedComponent:63 - No mode defined for component null
2025-02-25 01:14:29,272 [WARN] ModelIntegratedComponent:63 - No mode defined for component null
2025-02-25 01:14:29,272 [WARN] ModelIntegratedComponent:63 - No mode defined for component null
2025-02-25 01:14:29,272 [WARN] ModelIntegratedComponent:63 - No mode defined for component null
2025-02-25 01:14:29,272 [WARN] ModelIntegratedComponent:63 - No mode defined for component null
2025-02-25 01:14:29,272 [WARN] ModelIntegratedComponent:63 - No mode defined for component null
2025-02-25 01:14:29,272 [WARN] ModelIntegratedComponent:63 - No mode defined for component null
2025-02-25 01:14:29,272 [WARN] ModelIntegratedComponent:63 - No mode defined for component null
2025-02-25 01:14:29,272 [WARN] ModelIntegratedComponent:63 - No mode defined for component null
2025-02-25 01:14:29,272 [WARN] ModelIntegratedComponent:63 - No mode defined for component null
2025-02-25 01:14:29,272 [WARN] ModelIntegratedComponent:63 - No mode defined for component null
2025-02-25 01:14:29,272 [WARN] ModelIntegratedComponent:63 - No mode defined for component null
2025-02-25 01:14:29,272 [WARN] ModelIntegratedComponent:63 - No mode defined for component null
2025-02-25 01:14:29,272 [WARN] ModelIntegratedComponent:63 - No mode defined for component null
2025-02-25 01:14:29,272 [WARN] ModelIntegratedComponent:63 - No mode defined for component null
2025-02-25 01:14:29,272 [WARN] ModelIntegratedComponent:63 - No mode defined for component null
2025-02-25 01:14:29,272 [WARN] ModelIntegratedComponent:63 - No mode defined for component null
2025-02-25 01:14:29,272 [WARN] ModelIntegratedComponent:63 - No mode defined for component null
2025-02-25 01:14:29,272 [WARN] ModelIntegratedComponent:63 - No mode defined for component null
2025-02-25 01:14:29,272 [WARN] ModelIntegratedComponent:63 - No mode defined for component null
2025-02-25 01:14:29,273 [WARN] ModelPack:524 - Component already loaded: STMicroelectronics:HAL Drivers:0.0.0:STMicroelectronics:Device:STMicro_Driver:XSPI:HAL::0.0.1:HAL_XSPI
2025-02-25 01:14:29,364 [INFO] ThirdPartyModel:298 - Start build external matchings
2025-02-25 01:14:30,444 [INFO] ThirdPartyModel:316 - End build external matchings
2025-02-25 01:14:30,856 [INFO] UtilMem:75 - End LoadConfig() Used Memory: 721908160 Bytes (1073741824)
2025-02-25 01:14:30,863 [WARN] ThirdParty:833 - waiting for thirdparty lock release [change project]
2025-02-25 01:14:30,864 [INFO] ThirdParty:835 - entering critical section [change project]
2025-02-25 01:14:30,864 [INFO] ThirdParty:1030 - CMSIS Pack Vendor :STMicroelectronics USBPD 4.1
2025-02-25 01:14:30,864 [INFO] ThirdParty:1030 - CMSIS Pack Vendor :STMicroelectronics X-CUBE-AZRTOS-H7 3.3.0
2025-02-25 01:14:30,864 [INFO] ThirdParty:1030 - CMSIS Pack Vendor :STMicroelectronics X-CUBE-NFC9 1.0.0
2025-02-25 01:14:30,864 [INFO] ThirdParty:1030 - CMSIS Pack Vendor :STMicroelectronics USB_HOST 2.0.0
2025-02-25 01:14:30,864 [INFO] ThirdParty:1030 - CMSIS Pack Vendor :STMicroelectronics FP-SNS-MOTENVWB1 1.4.0
2025-02-25 01:14:30,864 [INFO] ThirdParty:1030 - CMSIS Pack Vendor :STMicroelectronics X-CUBE-AZRTOS-F4 1.1.0
2025-02-25 01:14:30,864 [INFO] ThirdParty:1030 - CMSIS Pack Vendor :STMicroelectronics LIBJPEG 8.0.0
2025-02-25 01:14:30,864 [INFO] ThirdParty:1030 - CMSIS Pack Vendor :STMicroelectronics FP-ATR-ASTRA1 2.0.1
2025-02-25 01:14:30,864 [INFO] ThirdParty:1030 - CMSIS Pack Vendor :STMicroelectronics X-CUBE-SMBUS 2.1.0
2025-02-25 01:14:30,864 [INFO] ThirdParty:1030 - CMSIS Pack Vendor :STMicroelectronics X-CUBE-WB05N 1.1.0
2025-02-25 01:14:30,864 [INFO] ThirdParty:1030 - CMSIS Pack Vendor :STMicroelectronics USB_DEVICE 3.0.0
2025-02-25 01:14:30,864 [INFO] ThirdParty:1030 - CMSIS Pack Vendor :STMicroelectronics X-CUBE-TCPP 4.1.0
2025-02-25 01:14:30,864 [INFO] ThirdParty:1030 - CMSIS Pack Vendor :STMicroelectronics X-CUBE-ISPU 2.1.0
2025-02-25 01:14:30,864 [INFO] ThirdParty:1030 - CMSIS Pack Vendor :STMicroelectronics X-CUBE-FREERTOS 1.2.0
2025-02-25 01:14:30,864 [INFO] ThirdParty:1030 - CMSIS Pack Vendor :STMicroelectronics X-CUBE-IPS 3.0.0
2025-02-25 01:14:30,864 [INFO] ThirdParty:1030 - CMSIS Pack Vendor :STMicroelectronics X-CUBE-AZRTOS-WB 2.0.0
2025-02-25 01:14:30,864 [INFO] ThirdParty:1030 - CMSIS Pack Vendor :STMicroelectronics X-CUBE-GNSS1 7.0.0
2025-02-25 01:14:30,864 [INFO] ThirdParty:1030 - CMSIS Pack Vendor :STMicroelectronics X-CUBE-GNSS1 7.0.1
2025-02-25 01:14:30,864 [INFO] ThirdParty:1030 - CMSIS Pack Vendor :STMicroelectronics X-CUBE-AZRTOS-F7 1.1.0
2025-02-25 01:14:30,864 [INFO] ThirdParty:1030 - CMSIS Pack Vendor :STMicroelectronics X-CUBE-AZRTOS-L5 2.0.0
2025-02-25 01:14:30,864 [INFO] ThirdParty:1030 - CMSIS Pack Vendor :STMicroelectronics USB_DEVICE 2.0.0
2025-02-25 01:14:30,864 [INFO] ThirdParty:1030 - CMSIS Pack Vendor :STMicroelectronics X-CUBE-NFC6 3.1.0
2025-02-25 01:14:30,865 [INFO] ThirdParty:1030 - CMSIS Pack Vendor :STMicroelectronics FP-SNS-STBOX1 2.0.0
2025-02-25 01:14:30,865 [INFO] ThirdParty:1030 - CMSIS Pack Vendor :STMicroelectronics X-CUBE-MEMS1 11.0.0
2025-02-25 01:14:30,865 [INFO] ThirdParty:1030 - CMSIS Pack Vendor :STMicroelectronics FreeRTOS 0.0.1
2025-02-25 01:14:30,865 [INFO] ThirdParty:1030 - CMSIS Pack Vendor :STMicroelectronics X-CUBE-AZRTOS-G0 1.1.0
2025-02-25 01:14:30,865 [INFO] ThirdParty:1030 - CMSIS Pack Vendor :STMicroelectronics X-CUBE-SAFEA1 1.2.2
2025-02-25 01:14:30,865 [INFO] ThirdParty:1030 - CMSIS Pack Vendor :STMicroelectronics X-CUBE-NFC4 3.0.0
2025-02-25 01:14:30,865 [INFO] ThirdParty:1030 - CMSIS Pack Vendor :STMicroelectronics X-CUBE-DPower 1.2.0
2025-02-25 01:14:30,865 [INFO] ThirdParty:1030 - CMSIS Pack Vendor :STMicroelectronics X-CUBE-SUBG2 5.0.0
2025-02-25 01:14:30,865 [INFO] ThirdParty:1030 - CMSIS Pack Vendor :STMicroelectronics STM32_WPAN 1.0.0
2025-02-25 01:14:30,865 [INFO] ThirdParty:1030 - CMSIS Pack Vendor :EmbeddedOffice I-CUBE-FS-RTOS 1.0.1
2025-02-25 01:14:30,865 [INFO] ThirdParty:1030 - CMSIS Pack Vendor :STMicroelectronics lwIP 2.0.3
2025-02-25 01:14:30,865 [INFO] ThirdParty:1030 - CMSIS Pack Vendor :STMicroelectronics FP-SNS-FLIGHT1 5.0.2
2025-02-25 01:14:30,865 [INFO] ThirdParty:1030 - CMSIS Pack Vendor :Cesanta I-CUBE-Mongoose 7.13.0
2025-02-25 01:14:30,865 [INFO] ThirdParty:1030 - CMSIS Pack Vendor :STMicroelectronics USB_HOST 1.0.0
2025-02-25 01:14:30,865 [INFO] ThirdParty:1030 - CMSIS Pack Vendor :STMicroelectronics X-CUBE-AZRTOS-G4 2.0.0
2025-02-25 01:14:30,865 [INFO] ThirdParty:1030 - CMSIS Pack Vendor :STMicroelectronics PDM2PCM 3.1.0
2025-02-25 01:14:30,865 [INFO] ThirdParty:1030 - CMSIS Pack Vendor :STMicroelectronics PDM2PCM 3.3.0
2025-02-25 01:14:30,865 [INFO] ThirdParty:1030 - CMSIS Pack Vendor :STMicroelectronics X-CUBE-DISPLAY 3.0.0
2025-02-25 01:14:30,865 [INFO] ThirdParty:1030 - CMSIS Pack Vendor :RealThread X-CUBE-RT-Thread_Nano 4.1.1
2025-02-25 01:14:30,865 [INFO] ThirdParty:1030 - CMSIS Pack Vendor :STMicroelectronics X-CUBE-BLE1 7.0.0
2025-02-25 01:14:30,865 [INFO] ThirdParty:1030 - CMSIS Pack Vendor :STMicroelectronics FP-ATR-SIGFOX1 3.2.0
2025-02-25 01:14:30,865 [INFO] ThirdParty:1030 - CMSIS Pack Vendor :STMicroelectronics X-CUBE-NFC10 1.0.0
2025-02-25 01:14:30,865 [INFO] ThirdParty:1030 - CMSIS Pack Vendor :wolfSSL I-CUBE-wolfSSL 5.7.2
2025-02-25 01:14:30,865 [INFO] ThirdParty:1030 - CMSIS Pack Vendor :quantropi X-CUBE-qispace-sdk-base 1.9.3
2025-02-25 01:14:30,865 [INFO] ThirdParty:1030 - CMSIS Pack Vendor :STMicroelectronics X-CUBE-BLEMGR 4.0.0
2025-02-25 01:14:30,865 [INFO] ThirdParty:1030 - CMSIS Pack Vendor :STMicroelectronics X-CUBE-EEPRMA1 5.1.0
2025-02-25 01:14:30,865 [INFO] ThirdParty:1030 - CMSIS Pack Vendor :STMicroelectronics HAL Drivers 0.0.0
2025-02-25 01:14:30,865 [INFO] ThirdParty:1030 - CMSIS Pack Vendor :STMicroelectronics MBEDTLS 2.16.2
2025-02-25 01:14:30,865 [INFO] ThirdParty:1030 - CMSIS Pack Vendor :STMicroelectronics X-CUBE-ALS 1.0.2
2025-02-25 01:14:30,865 [INFO] ThirdParty:1030 - CMSIS Pack Vendor :emotas I-CUBE-CANOPEN 1.3.0
2025-02-25 01:14:30,865 [INFO] ThirdParty:1030 - CMSIS Pack Vendor :STMicroelectronics X-CUBE-FREERTOS 1.3.0
2025-02-25 01:14:30,865 [INFO] ThirdParty:1030 - CMSIS Pack Vendor :STMicroelectronics X-CUBE-NFC7 1.0.1
2025-02-25 01:14:30,865 [INFO] ThirdParty:1030 - CMSIS Pack Vendor :STMicroelectronics MBEDTLS 2.14.1
2025-02-25 01:14:30,865 [INFO] ThirdParty:1030 - CMSIS Pack Vendor :ITTIA_DB I-CUBE-ITTIADB 8.9.0
2025-02-25 01:14:30,865 [INFO] ThirdParty:1030 - CMSIS Pack Vendor :STMicroelectronics X-CUBE-TOUCHGFX 4.24.2
2025-02-25 01:14:30,865 [INFO] ThirdParty:1030 - CMSIS Pack Vendor :STMicroelectronics X-CUBE-TOUCHGFX 4.24.1
2025-02-25 01:14:30,865 [INFO] ThirdParty:1030 - CMSIS Pack Vendor :wolfSSL I-CUBE-wolfTPM 3.4.0
2025-02-25 01:14:30,865 [INFO] ThirdParty:1030 - CMSIS Pack Vendor :portGmbH I-Cube-SoM-uGOAL 1.1.0
2025-02-25 01:14:30,865 [INFO] ThirdParty:1030 - CMSIS Pack Vendor :STMicroelectronics X-CUBE-BLEMGR 3.1.0
2025-02-25 01:14:30,866 [INFO] ThirdParty:1030 - CMSIS Pack Vendor :STMicroelectronics X-CUBE-AI 10.0.0
2025-02-25 01:14:30,866 [INFO] ThirdParty:1030 - CMSIS Pack Vendor :STMicroelectronics ThreadX 1.0.0
2025-02-25 01:14:30,866 [INFO] ThirdParty:1030 - CMSIS Pack Vendor :STMicroelectronics FP-SNS-SMARTAG2 1.2.0
2025-02-25 01:14:30,866 [INFO] ThirdParty:1030 - CMSIS Pack Vendor :STMicroelectronics X-CUBE-MEMS1 11.1.0
2025-02-25 01:14:30,866 [INFO] ThirdParty:1030 - CMSIS Pack Vendor :STMicroelectronics X-CUBE-AZRTOS-WL 2.0.0
2025-02-25 01:14:30,866 [INFO] ThirdParty:1030 - CMSIS Pack Vendor :SEGGER I-CUBE-embOS 1.3.1
2025-02-25 01:14:30,866 [INFO] ThirdParty:1030 - CMSIS Pack Vendor :STMicroelectronics X-CUBE-ALGOBUILD 1.4.0
2025-02-25 01:14:30,866 [INFO] ThirdParty:1030 - CMSIS Pack Vendor :STMicroelectronics FP-SNS-MOTENV1 5.0.0
2025-02-25 01:14:30,866 [INFO] ThirdParty:1030 - CMSIS Pack Vendor :STMicroelectronics USB_DEVICE 1.0.0
2025-02-25 01:14:30,866 [INFO] ThirdParty:1030 - CMSIS Pack Vendor :STMicroelectronics X-CUBE-AZRTOS-H7RS 1.0.0
2025-02-25 01:14:30,866 [INFO] ThirdParty:1030 - CMSIS Pack Vendor :wolfSSL I-CUBE-wolfMQTT 1.19.0
2025-02-25 01:14:30,866 [INFO] ThirdParty:1030 - CMSIS Pack Vendor :STMicroelectronics X-CUBE-AZRTOS-L4 2.0.0
2025-02-25 01:14:30,866 [INFO] ThirdParty:1030 - CMSIS Pack Vendor :STMicroelectronics ThreadX 0.0.2
2025-02-25 01:14:30,866 [INFO] ThirdParty:1030 - CMSIS Pack Vendor :WES I-CUBE-Cesium 1.3.0
2025-02-25 01:14:30,866 [INFO] ThirdParty:1030 - CMSIS Pack Vendor :STMicroelectronics FP-ATR-ASTRA1 2.0.0
2025-02-25 01:14:30,866 [INFO] ThirdParty:1030 - CMSIS Pack Vendor :STMicroelectronics lwIP 2.1.2
2025-02-25 01:14:30,866 [INFO] ThirdParty:1030 - CMSIS Pack Vendor :STMicroelectronics X-CUBE-SFXS2LP1 4.0.0
2025-02-25 01:14:30,866 [INFO] ThirdParty:1030 - CMSIS Pack Vendor :STMicroelectronics X-CUBE-BLE2 3.3.0
2025-02-25 01:14:30,866 [INFO] ThirdParty:1030 - CMSIS Pack Vendor :STMicroelectronics X-CUBE-TOF1 3.4.2
2025-02-25 01:14:30,866 [INFO] ThirdParty:1030 - CMSIS Pack Vendor :STMicroelectronics X-CUBE-AI 9.1.0
2025-02-25 01:14:30,866 [INFO] ThirdParty:1030 - CMSIS Pack Vendor :Infineon AIROC-Wi-Fi-Bluetooth-STM32 1.6.1
2025-02-25 01:14:30,866 [INFO] ThirdParty:1030 - CMSIS Pack Vendor :STMicroelectronics PDM2PCM 3.2.0
2025-02-25 01:14:30,866 [INFO] ThirdParty:1030 - CMSIS Pack Vendor :wolfSSL I-CUBE-wolfSSH 1.4.17
2025-02-25 01:14:30,866 [INFO] ThirdParty:841 - exiting critical section [change project]
2025-02-25 01:14:31,330 [INFO] PinOutPanel:1561 - setPackage(No Configuration,No Configuration)
2025-02-25 01:14:31,332 [INFO] PinOutPanel:1561 - setPackage(STM32G431CBUx,UFQFPN48)
2025-02-25 01:14:31,791 [INFO] UtilMem:75 - Before build in PCC Used Memory: 877231816 Bytes (1073741824)
2025-02-25 01:14:32,589 [INFO] UtilMem:75 - After build in PCC Used Memory: 710525056 Bytes (1073741824)
2025-02-25 01:14:32,632 [INFO] IPUIPlugin:80 - create IPUIPlugin
2025-02-25 01:14:32,633 [INFO] IPUIPlugin:80 - create IPUIPlugin
2025-02-25 01:14:32,633 [INFO] IPUIPlugin:80 - create IPUIPlugin
2025-02-25 01:14:32,633 [INFO] IPUIPlugin:80 - create IPUIPlugin
2025-02-25 01:14:32,633 [INFO] IPUIPlugin:80 - create IPUIPlugin
2025-02-25 01:14:32,633 [INFO] IPUIPlugin:80 - create IPUIPlugin
2025-02-25 01:14:32,633 [INFO] IPUIPlugin:80 - create IPUIPlugin
2025-02-25 01:14:32,633 [INFO] IPUIPlugin:80 - create IPUIPlugin
2025-02-25 01:14:32,633 [INFO] IPUIPlugin:80 - create IPUIPlugin
2025-02-25 01:14:32,633 [INFO] IPUIPlugin:80 - create IPUIPlugin
2025-02-25 01:14:32,633 [INFO] IPUIPlugin:80 - create IPUIPlugin
2025-02-25 01:14:32,633 [INFO] IPUIPlugin:80 - create IPUIPlugin
2025-02-25 01:14:32,633 [INFO] IPUIPlugin:80 - create IPUIPlugin
2025-02-25 01:14:32,634 [INFO] IPUIPlugin:80 - create IPUIPlugin
2025-02-25 01:14:32,634 [INFO] IPUIPlugin:80 - create IPUIPlugin
2025-02-25 01:14:32,634 [INFO] IPUIPlugin:80 - create IPUIPlugin
2025-02-25 01:14:32,634 [INFO] IPUIPlugin:80 - create IPUIPlugin
2025-02-25 01:14:32,634 [INFO] IPUIPlugin:80 - create IPUIPlugin
2025-02-25 01:14:32,634 [INFO] IPUIPlugin:80 - create IPUIPlugin
2025-02-25 01:14:32,634 [INFO] IPUIPlugin:80 - create IPUIPlugin
2025-02-25 01:14:32,634 [INFO] IPUIPlugin:80 - create IPUIPlugin
2025-02-25 01:14:32,634 [INFO] IPUIPlugin:80 - create IPUIPlugin
2025-02-25 01:14:32,635 [INFO] IPUIPlugin:80 - create IPUIPlugin
2025-02-25 01:14:32,635 [INFO] IPUIPlugin:80 - create IPUIPlugin
2025-02-25 01:14:32,635 [INFO] IPUIPlugin:80 - create IPUIPlugin
2025-02-25 01:14:32,635 [INFO] IPUIPlugin:80 - create IPUIPlugin
2025-02-25 01:14:32,642 [INFO] IPUIPlugin:80 - create IPUIPlugin
2025-02-25 01:14:32,642 [INFO] IPUIPlugin:80 - create IPUIPlugin
2025-02-25 01:14:32,642 [INFO] IPUIPlugin:80 - create IPUIPlugin
2025-02-25 01:14:32,676 [INFO] IPUIPlugin:80 - create IPUIPlugin
2025-02-25 01:14:32,677 [INFO] IPUIPlugin:80 - create IPUIPlugin
2025-02-25 01:14:32,677 [INFO] IPUIPlugin:80 - create IPUIPlugin
2025-02-25 01:14:32,677 [INFO] IPUIPlugin:80 - create IPUIPlugin
2025-02-25 01:14:32,678 [INFO] IPUIPlugin:80 - create IPUIPlugin
2025-02-25 01:14:32,678 [INFO] IPUIPlugin:80 - create IPUIPlugin
2025-02-25 01:14:32,679 [INFO] IPUIPlugin:80 - create IPUIPlugin
2025-02-25 01:14:32,679 [INFO] IPUIPlugin:80 - create IPUIPlugin
2025-02-25 01:14:32,683 [INFO] IPUIPlugin:80 - create IPUIPlugin
2025-02-25 01:14:32,684 [INFO] IPUIPlugin:80 - create IPUIPlugin
2025-02-25 01:14:32,684 [INFO] IPUIPlugin:80 - create IPUIPlugin
2025-02-25 01:14:32,684 [INFO] IPUIPlugin:80 - create IPUIPlugin
2025-02-25 01:14:32,691 [INFO] IPUIPlugin:80 - create IPUIPlugin
2025-02-25 01:14:32,691 [INFO] IPUIPlugin:80 - create IPUIPlugin
2025-02-25 01:14:32,691 [INFO] IPUIPlugin:80 - create IPUIPlugin
2025-02-25 01:14:32,692 [INFO] IPUIPlugin:80 - create IPUIPlugin
2025-02-25 01:14:32,692 [INFO] IPUIPlugin:80 - create IPUIPlugin
2025-02-25 01:14:32,692 [INFO] IPUIPlugin:80 - create IPUIPlugin
2025-02-25 01:14:32,693 [INFO] IPUIPlugin:80 - create IPUIPlugin
2025-02-25 01:14:32,693 [INFO] IPUIPlugin:80 - create IPUIPlugin
2025-02-25 01:14:32,694 [INFO] IPUIPlugin:80 - create IPUIPlugin
2025-02-25 01:14:32,694 [INFO] IPUIPlugin:80 - create IPUIPlugin
2025-02-25 01:14:32,694 [INFO] IPUIPlugin:80 - create IPUIPlugin
2025-02-25 01:14:32,695 [INFO] IPUIPlugin:80 - create IPUIPlugin
2025-02-25 01:14:32,695 [INFO] IPUIPlugin:80 - create IPUIPlugin
2025-02-25 01:14:32,695 [INFO] IPUIPlugin:80 - create IPUIPlugin
2025-02-25 01:14:32,696 [INFO] IPUIPlugin:80 - create IPUIPlugin
2025-02-25 01:14:32,697 [INFO] IPUIPlugin:80 - create IPUIPlugin
2025-02-25 01:14:32,697 [INFO] IPUIPlugin:80 - create IPUIPlugin
2025-02-25 01:14:32,741 [INFO] CADModel:165 - CPN selected for project levelSTM32G431CBU6
2025-02-25 01:14:32,742 [INFO] CADModel:114 - Register for checkConnection events
2025-02-25 01:14:32,780 [INFO] OpenFileManager:363 - Restore cursor
2025-02-25 01:14:33,780 [INFO] UtilMem:75 - End SaveConfig() Used Memory: 749275240 Bytes (1073741824)
2025-02-25 01:14:33,916 [INFO] UtilMem:75 - End SaveConfig() Used Memory: 767305880 Bytes (1073741824)
2025-02-25 01:14:34,751 [INFO] BlockDiagram:2766 - set Specific Code input for plugin: RCC
2025-02-25 01:14:34,755 [INFO] BlockDiagram:2766 - set Specific Code input for plugin: NVIC
2025-02-25 01:14:34,757 [INFO] CodeGenerator:807 - code generatio: config db path: C:\ST\STM32CubeIDE_1.16.1\STM32CubeIDE\plugins\com.st.stm32cube.common.mx_6.12.1.202409122256\\db\
2025-02-25 01:14:35,037 [INFO] CodeEngine:255 - oldGeneratedFile, C:\Users\leagu\STM32CubeIDE\workspace_1.16.1\9-DAC\MXTmpFiles\license.tmp_save
2025-02-25 01:14:35,513 [INFO] CodeEngine:279 - Generated code: C:\Users\leagu\STM32CubeIDE\workspace_1.16.1\9-DAC\MXTmpFiles\license.tmp
2025-02-25 01:14:35,547 [INFO] CodeEngine:255 - oldGeneratedFile, C:\Users\leagu\STM32CubeIDE\workspace_1.16.1\9-DAC\Core\Src\stm32g4xx_it.c_save
2025-02-25 01:14:36,576 [INFO] CodeEngine:279 - Generated code: C:\Users\leagu\STM32CubeIDE\workspace_1.16.1\9-DAC\Core\Src\stm32g4xx_it.c
2025-02-25 01:14:36,596 [INFO] CodeEngine:255 - oldGeneratedFile, C:\Users\leagu\STM32CubeIDE\workspace_1.16.1\9-DAC\Core\Inc\stm32g4xx_it.h_save
2025-02-25 01:14:36,758 [INFO] CodeEngine:279 - Generated code: C:\Users\leagu\STM32CubeIDE\workspace_1.16.1\9-DAC\Core\Inc\stm32g4xx_it.h
2025-02-25 01:14:37,017 [INFO] CodeEngine:255 - oldGeneratedFile, C:\Users\leagu\STM32CubeIDE\workspace_1.16.1\9-DAC\Core\Src\stm32g4xx_hal_msp.c_save
2025-02-25 01:14:37,367 [INFO] CodeEngine:279 - Generated code: C:\Users\leagu\STM32CubeIDE\workspace_1.16.1\9-DAC\Core\Src\stm32g4xx_hal_msp.c
2025-02-25 01:14:37,407 [INFO] CodeEngine:255 - oldGeneratedFile, C:\Users\leagu\STM32CubeIDE\workspace_1.16.1\9-DAC\MXTmpFiles\system.tmp_save
2025-02-25 01:14:37,522 [INFO] CodeEngine:279 - Generated code: C:\Users\leagu\STM32CubeIDE\workspace_1.16.1\9-DAC\MXTmpFiles\system.tmp
2025-02-25 01:14:37,546 [INFO] CodeEngine:311 - oldGeneratedFile, C:\Users\leagu\STM32CubeIDE\workspace_1.16.1\9-DAC\Core\Inc\stm32g4xx_hal_conf.h_save
2025-02-25 01:14:37,687 [INFO] CodeEngine:335 - Generated code: C:\Users\leagu\STM32CubeIDE\workspace_1.16.1\9-DAC\Core\Inc\stm32g4xx_hal_conf.h
2025-02-25 01:14:37,756 [WARN] IPConfigManager:3005 - Warning: the RefConfig RCC_CommonPeriphClockConfig is not available in your config.xml file
2025-02-25 01:14:37,792 [INFO] CodeEngine:255 - oldGeneratedFile, C:\Users\leagu\STM32CubeIDE\workspace_1.16.1\9-DAC\Core\Inc\main.h_save
2025-02-25 01:14:37,978 [INFO] CodeEngine:279 - Generated code: C:\Users\leagu\STM32CubeIDE\workspace_1.16.1\9-DAC\Core\Inc\main.h
2025-02-25 01:14:37,995 [INFO] CodeEngine:255 - oldGeneratedFile, C:\Users\leagu\STM32CubeIDE\workspace_1.16.1\9-DAC\Core\Src\main.c_save
2025-02-25 01:14:38,190 [INFO] CodeEngine:279 - Generated code: C:\Users\leagu\STM32CubeIDE\workspace_1.16.1\9-DAC\Core\Src\main.c
2025-02-25 01:14:38,716 [INFO] ProjectBuilder:3249 - Time for Copy HAL[1] : 185mS.
2025-02-25 01:14:38,724 [INFO] ProjectBuilder:4828 - Project Generator version: 4.5.0-B34
2025-02-25 01:14:38,847 [INFO] ConfigFileManager:1531 - The Die is : DIE468
2025-02-25 01:14:38,871 [INFO] ApiDbMcu:508 - Load IP Config File for FATFS
2025-02-25 01:14:38,921 [INFO] ApiDbMcu:508 - Load IP Config File for FREERTOS
2025-02-25 01:14:38,991 [INFO] ApiDbMcu:508 - Load IP Config File for USBPD
2025-02-25 01:14:39,027 [INFO] ApiDbMcu:508 - Load IP Config File for USB_Device
