2024-11-01 19:46:18,501 [INFO] Activator:176 - 


2024-11-01 19:46:18,514 [INFO] Activator:177 - !SESSION log4j initialized
2024-11-01 19:46:31,881 [INFO] LogOutputStream:77 - [STDOUT_REDIRECT] 
2024-11-01 19:46:33,797 [INFO] ApplicationProperties:184 - Using Application install path: C:\ST\STM32CubeIDE_1.16.1\STM32CubeIDE\plugins\com.st.stm32cube.common.mx_6.12.1.202409122256
2024-11-01 19:46:33,833 [INFO] DbMcusXml:78 - Set database path to: C:\ST\STM32CubeIDE_1.16.1\STM32CubeIDE\plugins\com.st.stm32cube.common.mx_6.12.1.202409122256\\db\/mcu/
2024-11-01 19:46:33,833 [INFO] ApiDb:274 - Set plugin database path to: C:\ST\STM32CubeIDE_1.16.1\STM32CubeIDE\plugins\com.st.stm32cube.common.mx_6.12.1.202409122256\\db\/plugins/boardmanager/
2024-11-01 19:46:33,834 [WARN] ApiDb:259 - Overriding images path with different value:  => C:\ST\STM32CubeIDE_1.16.1\STM32CubeIDE\plugins\com.st.stm32cube.common.mx_6.12.1.202409122256\\db\/plugins/mcufinder/images/
2024-11-01 19:46:33,864 [INFO] ApiDb:250 - Set database path to: C:\Users\leagu\.stmcufinder\plugins\mcufinder//mcu/
2024-11-01 19:46:33,866 [INFO] DbMcusAds:125 - Set database path to: C:\Users\leagu\.stmcufinder\plugins\mcufinder//mcu/
2024-11-01 19:46:33,877 [INFO] CrossReferenceDbSqlite:203 - Set database path to: C:\Users\leagu\.stmcufinder\plugins\mcufinder//mcu/cs/
2024-11-01 19:46:34,257 [INFO] RulesReader:64 - Compatibility file has been processed (297 Rules)
2024-11-01 19:46:34,457 [INFO] DbMcusXml:78 - Set database path to: C:\ST\STM32CubeIDE_1.16.1\STM32CubeIDE\plugins\com.st.stm32cube.common.mx_6.12.1.202409122256\\db\/mcu/
2024-11-01 19:46:34,457 [INFO] ApiDb:274 - Set plugin database path to: C:\ST\STM32CubeIDE_1.16.1\STM32CubeIDE\plugins\com.st.stm32cube.common.mx_6.12.1.202409122256\\db\/plugins/boardmanager/
2024-11-01 19:46:34,459 [INFO] ApiDb:261 - Set plugin images path to: C:\ST\STM32CubeIDE_1.16.1\STM32CubeIDE\plugins\com.st.stm32cube.common.mx_6.12.1.202409122256\\db\/plugins/mcufinder/images/
2024-11-01 19:46:34,460 [WARN] DbFile:41 - Overriding database path with different value: C:\Users\leagu\.stmcufinder\plugins\mcufinder/ => C:\Users\leagu\.stmcufinder\plugins\mcufinder
2024-11-01 19:46:34,460 [INFO] ApiDb:250 - Set database path to: C:\Users\leagu\.stmcufinder\plugins\mcufinder//mcu/
2024-11-01 19:46:34,460 [WARN] DbFile:41 - Overriding database path with different value: C:\Users\leagu\.stmcufinder\plugins\mcufinder/ => C:\Users\leagu\.stmcufinder\plugins\mcufinder
2024-11-01 19:46:34,461 [INFO] DbMcusAds:125 - Set database path to: C:\Users\leagu\.stmcufinder\plugins\mcufinder//mcu/
2024-11-01 19:46:34,461 [WARN] DbFile:41 - Overriding database path with different value: C:\Users\leagu\.stmcufinder\plugins\mcufinder/ => C:\Users\leagu\.stmcufinder\plugins\mcufinder
2024-11-01 19:46:34,461 [WARN] DbFile:41 - Overriding database path with different value: C:\Users\leagu\.stmcufinder\plugins\mcufinder/ => C:\Users\leagu\.stmcufinder\plugins\mcufinder
2024-11-01 19:46:34,461 [INFO] CrossReferenceDbSqlite:203 - Set database path to: C:\Users\leagu\.stmcufinder\plugins\mcufinder//mcu/cs/
2024-11-01 19:46:34,585 [INFO] MainPanel:268 - HeapMemory: 268435456
2024-11-01 19:46:34,774 [INFO] DbMcusXml:78 - Set database path to: C:\ST\STM32CubeIDE_1.16.1\STM32CubeIDE\plugins\com.st.stm32cube.common.mx_6.12.1.202409122256\\db\/mcu/
2024-11-01 19:46:34,774 [INFO] ApiDb:274 - Set plugin database path to: C:\ST\STM32CubeIDE_1.16.1\STM32CubeIDE\plugins\com.st.stm32cube.common.mx_6.12.1.202409122256\\db\/plugins/boardmanager/
2024-11-01 19:46:34,774 [INFO] ApiDb:261 - Set plugin images path to: C:\ST\STM32CubeIDE_1.16.1\STM32CubeIDE\plugins\com.st.stm32cube.common.mx_6.12.1.202409122256\\db\/plugins/mcufinder/images/
2024-11-01 19:46:34,775 [WARN] DbFile:41 - Overriding database path with different value: C:\Users\leagu\.stmcufinder\plugins\mcufinder/ => C:\Users\leagu\.stmcufinder\plugins\mcufinder
2024-11-01 19:46:34,775 [INFO] ApiDb:250 - Set database path to: C:\Users\leagu\.stmcufinder\plugins\mcufinder//mcu/
2024-11-01 19:46:34,775 [WARN] DbFile:41 - Overriding database path with different value: C:\Users\leagu\.stmcufinder\plugins\mcufinder/ => C:\Users\leagu\.stmcufinder\plugins\mcufinder
2024-11-01 19:46:34,775 [INFO] DbMcusAds:125 - Set database path to: C:\Users\leagu\.stmcufinder\plugins\mcufinder//mcu/
2024-11-01 19:46:34,775 [WARN] DbFile:41 - Overriding database path with different value: C:\Users\leagu\.stmcufinder\plugins\mcufinder/ => C:\Users\leagu\.stmcufinder\plugins\mcufinder
2024-11-01 19:46:34,775 [WARN] DbFile:41 - Overriding database path with different value: C:\Users\leagu\.stmcufinder\plugins\mcufinder/ => C:\Users\leagu\.stmcufinder\plugins\mcufinder
2024-11-01 19:46:34,775 [INFO] CrossReferenceDbSqlite:203 - Set database path to: C:\Users\leagu\.stmcufinder\plugins\mcufinder//mcu/cs/
2024-11-01 19:46:34,799 [INFO] ApplicationProperties:184 - Using Application install path: C:\ST\STM32CubeIDE_1.16.1\STM32CubeIDE\plugins\com.st.stm32cube.common.mx_6.12.1.202409122256
2024-11-01 19:46:34,800 [INFO] PluginManage:196 - Search for loadable plugins [exclusion list=, ]
2024-11-01 19:46:34,802 [INFO] PluginManage:310 - Check plugin analytics
2024-11-01 19:46:35,039 [INFO] AnalyticsPlugin:253 - Accepted Software Licenses: 
2024-11-01 19:46:35,039 [INFO] AnalyticsPlugin:255 - Accepted CMSIS Pack Licenses: 
2024-11-01 19:46:35,040 [INFO] AnalyticsPlugin:257 - Accepted Firmware Licenses: FW.F4.1.28.0
2024-11-01 19:46:35,042 [INFO] PluginManage:359 - Loaded plugin analytics (category:tool,tabindex:-1)
2024-11-01 19:46:35,043 [INFO] PluginManage:310 - Check plugin cadmodel
2024-11-01 19:46:35,061 [INFO] CADModel:105 - Init CAD model plugin
2024-11-01 19:46:35,061 [INFO] PluginManage:359 - Loaded plugin cadmodel (category:power,tabindex:5)
2024-11-01 19:46:35,061 [INFO] PluginManage:310 - Check plugin clock
2024-11-01 19:46:35,085 [INFO] PluginManage:359 - Loaded plugin clock (category:base,tabindex:2)
2024-11-01 19:46:35,086 [INFO] PluginManage:310 - Check plugin ddr
2024-11-01 19:46:35,089 [INFO] PluginManage:359 - Loaded plugin ddr (category:tool,tabindex:6)
2024-11-01 19:46:35,089 [INFO] PluginManage:310 - Check plugin filemanager
2024-11-01 19:46:35,359 [INFO] PluginManage:359 - Loaded plugin filemanager (category:base,tabindex:10)
2024-11-01 19:46:35,359 [INFO] PluginManage:310 - Check plugin ipmanager
2024-11-01 19:46:35,371 [INFO] PluginManage:359 - Loaded plugin ipmanager (category:base,tabindex:5)
2024-11-01 19:46:35,372 [INFO] PluginManage:310 - Check plugin lpbam
2024-11-01 19:46:35,398 [INFO] PluginManage:359 - Loaded plugin lpbam (category:base,tabindex:0)
2024-11-01 19:46:35,398 [INFO] PluginManage:310 - Check plugin memorymap
2024-11-01 19:46:35,429 [INFO] PluginManage:359 - Loaded plugin memorymap (category:base,tabindex:4)
2024-11-01 19:46:35,430 [INFO] PluginManage:310 - Check plugin pinoutandconfiguration
2024-11-01 19:46:35,459 [INFO] PluginManage:359 - Loaded plugin pinoutandconfiguration (category:base,tabindex:1)
2024-11-01 19:46:35,459 [INFO] PluginManage:310 - Check plugin pinoutconfig
2024-11-01 19:46:35,579 [WARN] SupportedApi:132 - Cannot load RTOS API schema: s4s-elt-must-match.1: The content of 'definitions' must match (annotation?, (simpleType | complexType)?, (unique | key | keyref)*)). A problem was found starting at: attribute.
2024-11-01 19:46:35,747 [INFO] PluginManage:359 - Loaded plugin pinoutconfig (category:base,tabindex:0)
2024-11-01 19:46:35,747 [INFO] PluginManage:310 - Check plugin power
2024-11-01 19:46:35,773 [INFO] PluginManage:359 - Loaded plugin power (category:power,tabindex:4)
2024-11-01 19:46:35,773 [INFO] PluginManage:310 - Check plugin projectmanager
2024-11-01 19:46:35,797 [INFO] PluginManage:359 - Loaded plugin projectmanager (category:projectmanager,tabindex:4)
2024-11-01 19:46:35,797 [INFO] PluginManage:310 - Check plugin rif
2024-11-01 19:46:35,816 [INFO] PluginManage:359 - Loaded plugin rif (category:base,tabindex:3)
2024-11-01 19:46:35,817 [INFO] PluginManage:310 - Check plugin thirdparty
2024-11-01 19:46:36,149 [INFO] PluginManage:359 - Loaded plugin thirdparty (category:base,tabindex:-1)
2024-11-01 19:46:36,149 [INFO] PluginManage:310 - Check plugin tools
2024-11-01 19:46:36,149 [WARN] IntegrityCheckThread:84 - waiting for thirdparty lock release [integrity check]
2024-11-01 19:46:36,149 [INFO] IntegrityCheckThread:86 - entering critical section [integrity check]
2024-11-01 19:46:36,150 [INFO] ThirdPartyUpdaterWithRetryManager:70 - Updater plugin not ready yet. [1/15]
2024-11-01 19:46:36,189 [INFO] PluginManage:359 - Loaded plugin tools (category:base,tabindex:7)
2024-11-01 19:46:36,189 [INFO] PluginManage:310 - Check plugin tutovideos
2024-11-01 19:46:36,402 [INFO] PluginManage:359 - Loaded plugin tutovideos (category:base,tabindex:-1)
2024-11-01 19:46:36,403 [INFO] PluginManage:310 - Check plugin updater
2024-11-01 19:46:36,422 [INFO] PluginManage:359 - Loaded plugin updater (category:base,tabindex:12)
2024-11-01 19:46:36,422 [INFO] PluginManage:310 - Check plugin userauth
2024-11-01 19:46:36,430 [INFO] UserAuth:113 - Init User Auth plugin
2024-11-01 19:46:36,430 [INFO] PluginManage:359 - Loaded plugin userauth (category:base,tabindex:14)
2024-11-01 19:46:36,430 [INFO] PluginManage:283 - PluginManage : Loaded plugins [18]
2024-11-01 19:46:36,666 [INFO] PinOutPanel:1561 - setPackage(No Configuration,No Configuration)
2024-11-01 19:46:36,776 [INFO] CADModel:165 - CPN selected for project level
2024-11-01 19:46:36,776 [INFO] CADModel:114 - Register for checkConnection events
2024-11-01 19:46:36,805 [INFO] IPUIPlugin:80 - create IPUIPlugin
2024-11-01 19:46:36,806 [INFO] PluginManager:220 - loadIPPluginJar : add adc
2024-11-01 19:46:36,847 [INFO] IPUIPlugin:80 - create IPUIPlugin
2024-11-01 19:46:36,847 [INFO] PluginManager:220 - loadIPPluginJar : add aes
2024-11-01 19:46:36,889 [INFO] IPUIPlugin:80 - create IPUIPlugin
2024-11-01 19:46:36,889 [INFO] PluginManager:220 - loadIPPluginJar : add can
2024-11-01 19:46:36,915 [INFO] IPUIPlugin:80 - create IPUIPlugin
2024-11-01 19:46:36,915 [INFO] PluginManager:220 - loadIPPluginJar : add comp
2024-11-01 19:46:36,946 [INFO] IPUIPlugin:80 - create IPUIPlugin
2024-11-01 19:46:36,947 [INFO] PluginManager:220 - loadIPPluginJar : add cryp
2024-11-01 19:46:36,960 [INFO] IPUIPlugin:80 - create IPUIPlugin
2024-11-01 19:46:36,960 [INFO] PluginManager:220 - loadIPPluginJar : add ddr_ctrl_phy
2024-11-01 19:46:36,989 [INFO] IPUIPlugin:80 - create IPUIPlugin
2024-11-01 19:46:36,989 [INFO] PluginManager:220 - loadIPPluginJar : add dfsdm
2024-11-01 19:46:37,003 [INFO] IPUIPlugin:80 - create IPUIPlugin
2024-11-01 19:46:37,004 [INFO] PluginManager:220 - loadIPPluginJar : add dma
2024-11-01 19:46:37,047 [INFO] IPUIPlugin:80 - create IPUIPlugin
2024-11-01 19:46:37,047 [INFO] PluginManager:220 - loadIPPluginJar : add dma3
2024-11-01 19:46:37,092 [INFO] IPUIPlugin:80 - create IPUIPlugin
2024-11-01 19:46:37,092 [INFO] PluginManager:220 - loadIPPluginJar : add extmemmanager
2024-11-01 19:46:37,113 [INFO] IPUIPlugin:80 - create IPUIPlugin
2024-11-01 19:46:37,114 [INFO] PluginManager:220 - loadIPPluginJar : add fatfs
2024-11-01 19:46:37,167 [INFO] IPUIPlugin:80 - create IPUIPlugin
2024-11-01 19:46:37,167 [INFO] PluginManager:220 - loadIPPluginJar : add fmc
2024-11-01 19:46:37,186 [INFO] IPUIPlugin:80 - create IPUIPlugin
2024-11-01 19:46:37,186 [INFO] PluginManager:220 - loadIPPluginJar : add freertos
2024-11-01 19:46:37,211 [INFO] IPUIPlugin:80 - create IPUIPlugin
2024-11-01 19:46:37,211 [INFO] PluginManager:220 - loadIPPluginJar : add genericplugin
2024-11-01 19:46:37,313 [INFO] IPUIPlugin:80 - create IPUIPlugin
2024-11-01 19:46:37,313 [INFO] PluginManager:220 - loadIPPluginJar : add gfxmmu
2024-11-01 19:46:37,472 [INFO] IPUIPlugin:80 - create IPUIPlugin
2024-11-01 19:46:37,472 [INFO] PluginManager:220 - loadIPPluginJar : add gic
2024-11-01 19:46:37,486 [INFO] IPUIPlugin:80 - create IPUIPlugin
2024-11-01 19:46:37,486 [INFO] PluginManager:220 - loadIPPluginJar : add gpio
2024-11-01 19:46:37,586 [INFO] IPUIPlugin:80 - create IPUIPlugin
2024-11-01 19:46:37,587 [INFO] PluginManager:220 - loadIPPluginJar : add gtzc
2024-11-01 19:46:37,619 [INFO] IPUIPlugin:80 - create IPUIPlugin
2024-11-01 19:46:37,619 [INFO] PluginManager:220 - loadIPPluginJar : add hash
2024-11-01 19:46:37,681 [INFO] IPUIPlugin:80 - create IPUIPlugin
2024-11-01 19:46:37,682 [INFO] PluginManager:220 - loadIPPluginJar : add i2c
2024-11-01 19:46:37,729 [INFO] IPUIPlugin:80 - create IPUIPlugin
2024-11-01 19:46:37,729 [INFO] PluginManager:220 - loadIPPluginJar : add i2s
2024-11-01 19:46:37,784 [INFO] IPUIPlugin:80 - create IPUIPlugin
2024-11-01 19:46:37,785 [INFO] PluginManager:220 - loadIPPluginJar : add i3c
2024-11-01 19:46:37,907 [INFO] IPUIPlugin:80 - create IPUIPlugin
2024-11-01 19:46:37,907 [INFO] PluginManager:220 - loadIPPluginJar : add ipddr
2024-11-01 19:46:38,021 [INFO] IPUIPlugin:80 - create IPUIPlugin
2024-11-01 19:46:38,021 [INFO] PluginManager:220 - loadIPPluginJar : add linkedlist
2024-11-01 19:46:38,060 [INFO] IPUIPlugin:80 - create IPUIPlugin
2024-11-01 19:46:38,060 [INFO] PluginManager:220 - loadIPPluginJar : add lorawan
2024-11-01 19:46:38,102 [INFO] IPUIPlugin:80 - create IPUIPlugin
2024-11-01 19:46:38,102 [INFO] PluginManager:220 - loadIPPluginJar : add ltdc
2024-11-01 19:46:38,117 [INFO] IPUIPlugin:80 - create IPUIPlugin
2024-11-01 19:46:38,117 [INFO] PluginManager:220 - loadIPPluginJar : add mdma
2024-11-01 19:46:38,130 [INFO] IPUIPlugin:80 - create IPUIPlugin
2024-11-01 19:46:38,130 [INFO] PluginManager:220 - loadIPPluginJar : add nvic
2024-11-01 19:46:38,172 [INFO] IPUIPlugin:80 - create IPUIPlugin
2024-11-01 19:46:38,172 [INFO] PluginManager:220 - loadIPPluginJar : add opamp
2024-11-01 19:46:38,237 [INFO] IPUIPlugin:80 - create IPUIPlugin
2024-11-01 19:46:38,237 [INFO] PluginManager:220 - loadIPPluginJar : add openamp
2024-11-01 19:46:38,277 [INFO] IPUIPlugin:80 - create IPUIPlugin
2024-11-01 19:46:38,277 [INFO] PluginManager:220 - loadIPPluginJar : add pdm2pcm
2024-11-01 19:46:38,291 [INFO] IPUIPlugin:80 - create IPUIPlugin
2024-11-01 19:46:38,293 [INFO] PluginManager:220 - loadIPPluginJar : add plateformsettings
2024-11-01 19:46:38,315 [INFO] IPUIPlugin:80 - create IPUIPlugin
2024-11-01 19:46:38,315 [INFO] PluginManager:220 - loadIPPluginJar : add quadspi
2024-11-01 19:46:38,342 [INFO] IPUIPlugin:80 - create IPUIPlugin
2024-11-01 19:46:38,343 [INFO] PluginManager:220 - loadIPPluginJar : add radio
2024-11-01 19:46:38,356 [INFO] IPUIPlugin:80 - create IPUIPlugin
2024-11-01 19:46:38,356 [INFO] PluginManager:220 - loadIPPluginJar : add resmgrutility
2024-11-01 19:46:38,416 [INFO] IPUIPlugin:80 - create IPUIPlugin
2024-11-01 19:46:38,416 [INFO] PluginManager:220 - loadIPPluginJar : add sai
2024-11-01 19:46:38,466 [INFO] IPUIPlugin:80 - create IPUIPlugin
2024-11-01 19:46:38,466 [INFO] PluginManager:220 - loadIPPluginJar : add spi
2024-11-01 19:46:38,562 [INFO] IPUIPlugin:80 - create IPUIPlugin
2024-11-01 19:46:38,562 [INFO] PluginManager:220 - loadIPPluginJar : add stm32_wpan
2024-11-01 19:46:38,592 [INFO] IPUIPlugin:80 - create IPUIPlugin
2024-11-01 19:46:38,592 [INFO] PluginManager:220 - loadIPPluginJar : add tim
2024-11-01 19:46:38,666 [INFO] IPUIPlugin:80 - create IPUIPlugin
2024-11-01 19:46:38,667 [INFO] PluginManager:220 - loadIPPluginJar : add touchsensing
2024-11-01 19:46:38,694 [INFO] IPUIPlugin:80 - create IPUIPlugin
2024-11-01 19:46:38,694 [INFO] PluginManager:220 - loadIPPluginJar : add tracer_emb
2024-11-01 19:46:38,724 [INFO] IPUIPlugin:80 - create IPUIPlugin
2024-11-01 19:46:38,724 [INFO] PluginManager:220 - loadIPPluginJar : add ts
2024-11-01 19:46:38,752 [INFO] IPUIPlugin:80 - create IPUIPlugin
2024-11-01 19:46:38,752 [INFO] PluginManager:220 - loadIPPluginJar : add tsc
2024-11-01 19:46:38,780 [INFO] IPUIPlugin:80 - create IPUIPlugin
2024-11-01 19:46:38,780 [INFO] PluginManager:220 - loadIPPluginJar : add ucpd
2024-11-01 19:46:38,833 [INFO] IPUIPlugin:80 - create IPUIPlugin
2024-11-01 19:46:38,833 [INFO] PluginManager:220 - loadIPPluginJar : add usart
2024-11-01 19:46:38,886 [INFO] IPUIPlugin:80 - create IPUIPlugin
2024-11-01 19:46:38,886 [INFO] PluginManager:220 - loadIPPluginJar : add usbx
2024-11-01 19:46:39,014 [INFO] CADModel:165 - CPN selected for project level
2024-11-01 19:46:39,015 [INFO] CADModel:114 - Register for checkConnection events
2024-11-01 19:46:39,015 [FATAL] Updater:334 - Updater called before beeing initialized
2024-11-01 19:46:39,015 [ERROR] CADModel:125 - Updater not yet initialized, retry later 
2024-11-01 19:46:39,165 [INFO] ThirdPartyUpdaterWithRetryManager:70 - Updater plugin not ready yet. [2/15]
2024-11-01 19:46:39,184 [INFO] CADModel:165 - CPN selected for project level
2024-11-01 19:46:39,184 [INFO] CADModel:114 - Register for checkConnection events
2024-11-01 19:46:39,185 [FATAL] Updater:334 - Updater called before beeing initialized
2024-11-01 19:46:39,185 [ERROR] CADModel:125 - Updater not yet initialized, retry later 
2024-11-01 19:46:39,189 [FATAL] Updater:334 - Updater called before beeing initialized
2024-11-01 19:46:39,376 [FATAL] Updater:334 - Updater called before beeing initialized
2024-11-01 19:46:39,387 [INFO] DbMcusAds:53 - JSON generation date=Fri Sep 20 16:04:23 TRT 2024 (1726837463113)
2024-11-01 19:46:39,388 [FATAL] Updater:334 - Updater called before beeing initialized
2024-11-01 19:46:39,431 [WARN] DetailPanel:346 - Failed to get advertising image, set to default
2024-11-01 19:46:39,538 [FATAL] Updater:334 - Updater called before beeing initialized
2024-11-01 19:46:39,539 [FATAL] Updater:334 - Updater called before beeing initialized
2024-11-01 19:46:39,540 [FATAL] Updater:334 - Updater called before beeing initialized
2024-11-01 19:46:39,540 [WARN] DetailPanel:346 - Failed to get advertising image, set to default
2024-11-01 19:46:39,541 [FATAL] Updater:334 - Updater called before beeing initialized
2024-11-01 19:46:39,610 [ERROR] LogOutputStream:75 - [STDERR_REDIRECT] SLF4J: Failed to load class "org.slf4j.impl.StaticLoggerBinder".
2024-11-01 19:46:39,610 [ERROR] LogOutputStream:75 - [STDERR_REDIRECT] SLF4J: Defaulting to no-operation (NOP) logger implementation
2024-11-01 19:46:39,614 [ERROR] LogOutputStream:75 - [STDERR_REDIRECT] SLF4J: See http://www.slf4j.org/codes.html#StaticLoggerBinder for further details.
2024-11-01 19:46:39,675 [ERROR] Updater:1164 - MainUpdater not yet initialized. External WinMGr cannot be set.
2024-11-01 19:46:39,687 [INFO] Updater:1100 - Updater Version found : 6.12.1
2024-11-01 19:46:39,708 [INFO] ApplicationProperties:184 - Using Application install path: C:\ST\STM32CubeIDE_1.16.1\STM32CubeIDE\plugins\com.st.stm32cube.common.mx_6.12.1.202409122256
2024-11-01 19:46:41,291 [ERROR] LogOutputStream:75 - [STDERR_REDIRECT] Nov 01, 2024 7:46:41 PM java.util.prefs.WindowsPreferences <init>
2024-11-01 19:46:41,294 [ERROR] LogOutputStream:75 - [STDERR_REDIRECT] WARNING: Could not open/create prefs root node Software\JavaSoft\Prefs at root 0xffffffff80000002. Windows RegCreateKeyEx(...) returned error code 5.
2024-11-01 19:46:41,294 [ERROR] LogOutputStream:75 - [STDERR_REDIRECT] 
2024-11-01 19:46:41,858 [INFO] MainUpdater:2873 - connection check result : 10
2024-11-01 19:46:41,859 [INFO] MainUpdater:290 - Updater Check For Update Now.
2024-11-01 19:46:41,859 [INFO] MicroXplorer:498 - Change Database Version : DB.6.0.121
2024-11-01 19:46:41,875 [INFO] McuFinderGlobals:63 - Set McuFinder mode to 2 (CubeIDE integrated)
2024-11-01 19:46:41,883 [INFO] UserAuth:417 - Internet connection configuration mode: 1
2024-11-01 19:46:41,910 [INFO] JxBrowserEngine:152 - Initiate JxBrowser Engine with user profile folder
2024-11-01 19:46:42,184 [WARN] MainUpdater:1194 - Updater busy. Cannot search thirdparties
2024-11-01 19:46:42,186 [INFO] ThirdPartyUpdaterWithRetryManager:96 - Updater plugin is busy. [1/15]
2024-11-01 19:46:42,267 [INFO] CheckServerUpdateThread:120 - End of CheckServer Thread
2024-11-01 19:46:45,519 [WARN] PackLoader:240 - Cannot read IP mode file for STMicroelectronics.FP-SNS-MOTENVWB1.1.4.0
2024-11-01 19:46:45,559 [WARN] PackLoader:240 - Cannot read IP mode file for STMicroelectronics.X-CUBE-SMBUS.2.1.0
2024-11-01 19:46:45,583 [WARN] PackLoader:240 - Cannot read IP mode file for STMicroelectronics.X-CUBE-WB05N.1.1.0
2024-11-01 19:46:45,642 [WARN] PackLoader:240 - Cannot read IP mode file for STMicroelectronics.X-CUBE-AZRTOS-F7.1.1.0
2024-11-01 19:46:45,830 [WARN] PackLoader:240 - Cannot read IP mode file for STMicroelectronics.X-CUBE-MEMS1.11.0.0
2024-11-01 19:46:46,227 [WARN] PackLoader:240 - Cannot read IP mode file for STMicroelectronics.FP-SNS-FLIGHT1.5.0.2
2024-11-01 19:46:46,243 [WARN] PackLoader:240 - Cannot read IP mode file for STMicroelectronics.X-CUBE-DISPLAY.3.0.0
2024-11-01 19:46:46,277 [WARN] PackLoader:240 - Cannot read IP mode file for STMicroelectronics.X-CUBE-BLE1.7.0.0
2024-11-01 19:46:46,301 [WARN] PackLoader:240 - Cannot read IP mode file for STMicroelectronics.X-CUBE-NFC10.1.0.0
2024-11-01 19:46:46,326 [WARN] PackLoader:240 - Cannot read IP mode file for emotas.I-CUBE-CANOPEN.1.3.0
2024-11-01 19:46:46,344 [WARN] PackLoader:240 - Cannot read IP mode file for STMicroelectronics.X-CUBE-BLEMGR.3.1.0
2024-11-01 19:46:46,358 [WARN] PackLoader:240 - Cannot read IP mode file for STMicroelectronics.FP-SNS-SMARTAG2.1.2.0
2024-11-01 19:46:46,378 [INFO] LogOutputStream:77 - [STDOUT_REDIRECT] 1 : Invalid condition id : UX_CORESTACK_Condition cause : null
2024-11-01 19:46:46,380 [INFO] LogOutputStream:77 - [STDOUT_REDIRECT] 1 : Invalid condition id : UX_CORESTACK_Condition cause : null
2024-11-01 19:46:46,381 [INFO] LogOutputStream:77 - [STDOUT_REDIRECT] 1 : Invalid condition id : UX_CORESTACK_Condition cause : null
2024-11-01 19:46:46,383 [INFO] LogOutputStream:77 - [STDOUT_REDIRECT] 1 : Invalid condition id : UX_CORESTACK_Condition cause : null
2024-11-01 19:46:46,384 [INFO] LogOutputStream:77 - [STDOUT_REDIRECT] 1 : Invalid condition id : UX_CORESTACK_Condition cause : null
2024-11-01 19:46:46,387 [WARN] PackLoader:240 - Cannot read IP mode file for STMicroelectronics.X-CUBE-AZRTOS-WL.2.0.0
2024-11-01 19:46:46,401 [WARN] PackLoader:240 - Cannot read IP mode file for STMicroelectronics.FP-SNS-MOTENV1.5.0.0
2024-11-01 19:46:46,418 [WARN] PackLoader:240 - Cannot read IP mode file for wolfSSL.I-CUBE-wolfMQTT.1.19.0
2024-11-01 19:46:46,434 [WARN] PackLoader:240 - Cannot read IP mode file for WES.I-CUBE-Cesium.1.3.0
2024-11-01 19:46:46,450 [WARN] PackLoader:240 - Cannot read IP mode file for STMicroelectronics.X-CUBE-BLE2.3.3.0
2024-11-01 19:46:46,545 [WARN] PackLoader:240 - Cannot read IP mode file for STMicroelectronics.X-CUBE-NFC9.1.0.0
2024-11-01 19:46:46,563 [WARN] PackLoader:240 - Cannot read IP mode file for STMicroelectronics.X-CUBE-TCPP.4.1.0
2024-11-01 19:46:46,608 [WARN] PackLoader:240 - Cannot read IP mode file for STMicroelectronics.X-CUBE-AZRTOS-G0.1.1.0
2024-11-01 19:46:46,653 [WARN] PackLoader:240 - Cannot read IP mode file for STMicroelectronics.X-CUBE-SAFEA1.1.2.2
2024-11-01 19:46:46,672 [WARN] PackLoader:240 - Cannot read IP mode file for STMicroelectronics.X-CUBE-NFC4.3.0.0
2024-11-01 19:46:46,703 [WARN] PackLoader:240 - Cannot read IP mode file for EmbeddedOffice.I-CUBE-FS-RTOS.1.0.1
2024-11-01 19:46:46,703 [ERROR] ConditionMgr:805 - Attr not supported : Dmpu
2024-11-01 19:46:46,703 [ERROR] ConditionMgr:805 - Attr not supported : Dmpu
2024-11-01 19:46:46,704 [ERROR] ConditionMgr:805 - Attr not supported : Dmpu
2024-11-01 19:46:46,704 [ERROR] ConditionMgr:805 - Attr not supported : Dmpu
2024-11-01 19:46:46,704 [ERROR] ConditionMgr:805 - Attr not supported : Dmpu
2024-11-01 19:46:46,704 [ERROR] ConditionMgr:805 - Attr not supported : Dmpu
2024-11-01 19:46:46,704 [ERROR] ConditionMgr:805 - Attr not supported : Dmpu
2024-11-01 19:46:46,704 [ERROR] ConditionMgr:805 - Attr not supported : Dmpu
2024-11-01 19:46:46,704 [ERROR] ConditionMgr:805 - Attr not supported : Dmpu
2024-11-01 19:46:46,704 [ERROR] ConditionMgr:805 - Attr not supported : Dmpu
2024-11-01 19:46:46,704 [ERROR] ConditionMgr:805 - Attr not supported : Dmpu
2024-11-01 19:46:46,704 [ERROR] ConditionMgr:805 - Attr not supported : Dmpu
2024-11-01 19:46:46,704 [ERROR] ConditionMgr:805 - Attr not supported : Dmpu
2024-11-01 19:46:46,704 [ERROR] ConditionMgr:805 - Attr not supported : Dmpu
2024-11-01 19:46:46,705 [ERROR] ConditionMgr:805 - Attr not supported : Dmpu
2024-11-01 19:46:46,705 [ERROR] ConditionMgr:805 - Attr not supported : Dmpu
2024-11-01 19:46:46,705 [ERROR] ConditionMgr:805 - Attr not supported : Dmpu
2024-11-01 19:46:46,705 [ERROR] ConditionMgr:805 - Attr not supported : Dmpu
2024-11-01 19:46:46,705 [ERROR] ConditionMgr:805 - Attr not supported : Dmpu
2024-11-01 19:46:46,705 [ERROR] ConditionMgr:805 - Attr not supported : Dmpu
2024-11-01 19:46:46,705 [ERROR] ConditionMgr:805 - Attr not supported : Dmpu
2024-11-01 19:46:46,705 [ERROR] ConditionMgr:805 - Attr not supported : Dmpu
2024-11-01 19:46:46,705 [ERROR] ConditionMgr:805 - Attr not supported : Dmpu
2024-11-01 19:46:46,705 [ERROR] ConditionMgr:805 - Attr not supported : Dmpu
2024-11-01 19:46:46,705 [ERROR] ConditionMgr:805 - Attr not supported : Dmpu
2024-11-01 19:46:46,705 [ERROR] ConditionMgr:805 - Attr not supported : Dmpu
2024-11-01 19:46:46,705 [ERROR] ConditionMgr:805 - Attr not supported : Dmpu
2024-11-01 19:46:46,705 [ERROR] ConditionMgr:805 - Attr not supported : Dmpu
2024-11-01 19:46:46,705 [ERROR] ConditionMgr:805 - Attr not supported : Dmpu
2024-11-01 19:46:46,706 [ERROR] ConditionMgr:805 - Attr not supported : Dmpu
2024-11-01 19:46:46,706 [ERROR] ConditionMgr:805 - Attr not supported : Dmpu
2024-11-01 19:46:46,706 [ERROR] ConditionMgr:805 - Attr not supported : Dmpu
2024-11-01 19:46:46,706 [ERROR] ConditionMgr:805 - Attr not supported : Dmpu
2024-11-01 19:46:46,706 [ERROR] ConditionMgr:805 - Attr not supported : Dmpu
2024-11-01 19:46:46,706 [ERROR] ConditionMgr:805 - Attr not supported : Dmpu
2024-11-01 19:46:46,706 [ERROR] ConditionMgr:805 - Attr not supported : Dmpu
2024-11-01 19:46:46,706 [ERROR] ConditionMgr:805 - Attr not supported : Dmpu
2024-11-01 19:46:46,706 [ERROR] ConditionMgr:805 - Attr not supported : Dmpu
2024-11-01 19:46:46,706 [ERROR] ConditionMgr:805 - Attr not supported : Dmpu
2024-11-01 19:46:46,706 [ERROR] ConditionMgr:805 - Attr not supported : Dmpu
2024-11-01 19:46:46,707 [ERROR] ConditionMgr:805 - Attr not supported : Dmpu
2024-11-01 19:46:46,707 [ERROR] ConditionMgr:805 - Attr not supported : Dmpu
2024-11-01 19:46:46,707 [ERROR] ConditionMgr:805 - Attr not supported : Dmpu
2024-11-01 19:46:46,707 [ERROR] ConditionMgr:805 - Attr not supported : Dmpu
2024-11-01 19:46:46,707 [ERROR] ConditionMgr:805 - Attr not supported : Dmpu
2024-11-01 19:46:46,707 [ERROR] ConditionMgr:805 - Attr not supported : Dmpu
2024-11-01 19:46:46,707 [ERROR] ConditionMgr:805 - Attr not supported : Dmpu
2024-11-01 19:46:46,707 [ERROR] ConditionMgr:805 - Attr not supported : Dmpu
2024-11-01 19:46:46,707 [ERROR] ConditionMgr:805 - Attr not supported : Dmpu
2024-11-01 19:46:46,707 [ERROR] ConditionMgr:805 - Attr not supported : Dmpu
2024-11-01 19:46:46,707 [ERROR] ConditionMgr:805 - Attr not supported : Dmpu
2024-11-01 19:46:46,707 [ERROR] ConditionMgr:805 - Attr not supported : Dmpu
2024-11-01 19:46:46,707 [ERROR] ConditionMgr:805 - Attr not supported : Dmpu
2024-11-01 19:46:46,707 [ERROR] ConditionMgr:805 - Attr not supported : Dmpu
2024-11-01 19:46:46,708 [ERROR] ConditionMgr:805 - Attr not supported : Dmpu
2024-11-01 19:46:46,708 [ERROR] ConditionMgr:805 - Attr not supported : Dmpu
2024-11-01 19:46:46,708 [ERROR] ConditionMgr:805 - Attr not supported : Dmpu
2024-11-01 19:46:46,708 [ERROR] ConditionMgr:805 - Attr not supported : Dmpu
2024-11-01 19:46:46,708 [ERROR] ConditionMgr:805 - Attr not supported : Dmpu
2024-11-01 19:46:46,708 [ERROR] ConditionMgr:805 - Attr not supported : Dmpu
2024-11-01 19:46:46,708 [ERROR] ConditionMgr:805 - Attr not supported : Dmpu
2024-11-01 19:46:46,708 [ERROR] ConditionMgr:805 - Attr not supported : Dmpu
2024-11-01 19:46:46,708 [ERROR] ConditionMgr:805 - Attr not supported : Dmpu
2024-11-01 19:46:46,708 [ERROR] ConditionMgr:805 - Attr not supported : Dmpu
2024-11-01 19:46:46,722 [WARN] PackLoader:240 - Cannot read IP mode file for RealThread.X-CUBE-RT-Thread_Nano.4.1.1
2024-11-01 19:46:46,737 [WARN] PackLoader:240 - Cannot read IP mode file for STMicroelectronics.FP-ATR-SIGFOX1.3.2.0
2024-11-01 19:46:46,749 [WARN] PackLoader:240 - Cannot read IP mode file for wolfSSL.I-CUBE-wolfSSL.5.7.2
2024-11-01 19:46:46,765 [WARN] PackLoader:240 - Cannot read IP mode file for STMicroelectronics.X-CUBE-EEPRMA1.5.1.0
2024-11-01 19:46:46,782 [WARN] PackLoader:240 - Cannot read IP mode file for ITTIA_DB.I-CUBE-ITTIADB.8.9.0
2024-11-01 19:46:46,823 [WARN] PackLoader:240 - Cannot read IP mode file for SEGGER.I-CUBE-embOS.1.3.1
2024-11-01 19:46:46,903 [WARN] PackLoader:240 - Cannot read IP mode file for STMicroelectronics.X-CUBE-ALGOBUILD.1.4.0
2024-11-01 19:46:46,915 [WARN] PackLoader:240 - Cannot read IP mode file for STMicroelectronics.X-CUBE-AI.9.1.0
2024-11-01 19:46:46,949 [WARN] PackLoader:240 - Cannot read IP mode file for STMicroelectronics.X-CUBE-AZRTOS-F4.1.1.0
2024-11-01 19:46:46,965 [WARN] PackLoader:240 - Cannot read IP mode file for STMicroelectronics.X-CUBE-ISPU.2.1.0
2024-11-01 19:46:46,978 [WARN] PackLoader:240 - Cannot read IP mode file for STMicroelectronics.X-CUBE-FREERTOS.1.2.0
2024-11-01 19:46:47,007 [WARN] PackLoader:240 - Cannot read IP mode file for STMicroelectronics.X-CUBE-AZRTOS-L5.2.0.0
2024-11-01 19:46:47,025 [WARN] PackLoader:240 - Cannot read IP mode file for STMicroelectronics.X-CUBE-NFC6.3.1.0
2024-11-01 19:46:47,042 [WARN] PackLoader:240 - Cannot read IP mode file for STMicroelectronics.X-CUBE-DPower.1.2.0
2024-11-01 19:46:47,059 [WARN] PackLoader:240 - Cannot read IP mode file for STMicroelectronics.X-CUBE-NFC7.1.0.1
2024-11-01 19:46:47,131 [WARN] ConditionMgr:438 - getConditionDescription Invalid condition id : LAN8742 Phy interface Condition cause : null
2024-11-01 19:46:47,132 [WARN] PackLoader:240 - Cannot read IP mode file for STMicroelectronics.X-CUBE-AZRTOS-L4.2.0.0
2024-11-01 19:46:47,186 [WARN] ConditionMgr:1039 - genDependencies : Invalid condition id : LAN8742 Phy interface Condition cause : null
2024-11-01 19:46:47,186 [WARN] ConditionMgr:1039 - genDependencies : Invalid condition id : LAN8742 Phy interface Condition cause : null
2024-11-01 19:46:47,187 [WARN] ConditionMgr:1039 - genDependencies : Invalid condition id : LAN8742 Phy interface Condition cause : null
2024-11-01 19:46:47,229 [WARN] PackLoader:240 - Cannot read IP mode file for STMicroelectronics.X-CUBE-SFXS2LP1.4.0.0
2024-11-01 19:46:47,266 [WARN] PackLoader:240 - Cannot read IP mode file for STMicroelectronics.X-CUBE-AZRTOS-H7.3.3.0
2024-11-01 19:46:47,311 [WARN] PackLoader:240 - Cannot read IP mode file for STMicroelectronics.X-CUBE-IPS.3.0.0
2024-11-01 19:46:47,338 [WARN] ConditionMgr:438 - getConditionDescription Invalid condition id : UX DEVICE CLASS RTOS Condition cause : null
2024-11-01 19:46:47,338 [WARN] ConditionMgr:438 - getConditionDescription Invalid condition id : UX DEVICE CLASS RTOS Condition cause : null
2024-11-01 19:46:47,340 [WARN] PackLoader:240 - Cannot read IP mode file for STMicroelectronics.X-CUBE-AZRTOS-WB.2.0.0
2024-11-01 19:46:47,340 [WARN] ConditionMgr:1039 - genDependencies : Invalid condition id : UX DEVICE CLASS RTOS Condition cause : null
2024-11-01 19:46:47,341 [WARN] ConditionMgr:1039 - genDependencies : Invalid condition id : UX DEVICE CLASS RTOS Condition cause : null
2024-11-01 19:46:47,341 [WARN] ConditionMgr:1039 - genDependencies : Invalid condition id : UX DEVICE CLASS RTOS Condition cause : null
2024-11-01 19:46:47,341 [WARN] ConditionMgr:1039 - genDependencies : Invalid condition id : UX DEVICE CLASS RTOS Condition cause : null
2024-11-01 19:46:47,341 [WARN] ConditionMgr:1039 - genDependencies : Invalid condition id : UX DEVICE CLASS RTOS Condition cause : null
2024-11-01 19:46:47,358 [WARN] PackLoader:240 - Cannot read IP mode file for STMicroelectronics.X-CUBE-GNSS1.7.0.0
2024-11-01 19:46:47,377 [WARN] PackLoader:240 - Cannot read IP mode file for STMicroelectronics.FP-SNS-STBOX1.2.0.0
2024-11-01 19:46:47,398 [WARN] PackLoader:240 - Cannot read IP mode file for STMicroelectronics.X-CUBE-SUBG2.5.0.0
2024-11-01 19:46:47,414 [WARN] PackLoader:240 - Cannot read IP mode file for Cesanta.I-CUBE-Mongoose.7.13.0
2024-11-01 19:46:47,441 [WARN] PackLoader:240 - Cannot read IP mode file for STMicroelectronics.X-CUBE-AZRTOS-G4.2.0.0
2024-11-01 19:46:47,454 [WARN] PackLoader:240 - Cannot read IP mode file for STMicroelectronics.X-CUBE-ALS.1.0.2
2024-11-01 19:46:47,493 [WARN] PackLoader:240 - Cannot read IP mode file for STMicroelectronics.X-CUBE-TOUCHGFX.4.24.1
2024-11-01 19:46:47,505 [WARN] PackLoader:240 - Cannot read IP mode file for wolfSSL.I-CUBE-wolfTPM.3.4.0
2024-11-01 19:46:47,518 [WARN] PackLoader:240 - Cannot read IP mode file for portGmbH.I-Cube-SoM-uGOAL.1.1.0
2024-11-01 19:46:47,546 [WARN] PackLoader:240 - Cannot read IP mode file for STMicroelectronics.X-CUBE-AZRTOS-H7RS.1.0.0
2024-11-01 19:46:47,559 [WARN] PackLoader:240 - Cannot read IP mode file for STMicroelectronics.FP-ATR-ASTRA1.2.0.0
2024-11-01 19:46:47,579 [WARN] PackLoader:240 - Cannot read IP mode file for STMicroelectronics.X-CUBE-TOF1.3.4.2
2024-11-01 19:46:47,644 [WARN] PackLoader:240 - Cannot read IP mode file for Infineon.AIROC-Wi-Fi-Bluetooth-STM32.1.6.1
2024-11-01 19:46:47,659 [WARN] PackLoader:240 - Cannot read IP mode file for wolfSSL.I-CUBE-wolfSSH.1.4.17
2024-11-01 19:46:47,660 [INFO] ThirdParty:978 - Integrity check success = true
2024-11-01 19:46:47,660 [INFO] IntegrityCheckThread:100 - exiting critical section [integrity check]
2024-11-01 19:46:47,660 [INFO] IntegrityCheckThread:103 - End integrity checks thread
2024-11-01 19:46:50,791 [INFO] WebApp:167 - Instantiating new browser for Auth
2024-11-01 19:46:52,358 [INFO] WebApp:448 - Apply proxy settings
2024-11-01 19:46:52,358 [INFO] WebApp:533 - Chromium requires no authentication
2024-11-01 19:46:52,406 [INFO] WebApp:476 - Direct internet connection detected
2024-11-01 19:46:52,487 [INFO] WebApp:869 - Register for checkConnection events
2024-11-01 19:46:52,487 [INFO] WebApp:448 - Apply proxy settings
2024-11-01 19:46:52,487 [INFO] WebApp:533 - Chromium requires no authentication
2024-11-01 19:46:52,488 [INFO] WebApp:476 - Direct internet connection detected
2024-11-01 19:46:52,851 [INFO] WebApp:186 - Connection restablished
2024-11-01 19:46:52,903 [INFO] WebApp:220 - Starting web application
2024-11-01 19:46:52,903 [INFO] WebApp:578 - Web application path used C:\ST\STM32CubeIDE_1.16.1\STM32CubeIDE\plugins\com.st.stm32cube.common.mx_6.12.1.202409122256\db\plugins\mcufinder\reactClient1\index.html
2024-11-01 19:46:53,125 [INFO] UserAuth:417 - Internet connection configuration mode: 1
2024-11-01 19:53:44,489 [ERROR] LogOutputStream:75 - [STDERR_REDIRECT] 
2024-11-01 19:54:13,343 [INFO] Activator:176 - 


2024-11-01 19:54:13,345 [INFO] Activator:177 - !SESSION log4j initialized
2024-11-01 19:54:18,311 [INFO] LogOutputStream:77 - [STDOUT_REDIRECT] 
2024-11-01 19:54:19,350 [INFO] ApplicationProperties:184 - Using Application install path: C:\ST\STM32CubeIDE_1.16.1\STM32CubeIDE\plugins\com.st.stm32cube.common.mx_6.12.1.202409122256
2024-11-01 19:54:19,373 [INFO] DbMcusXml:78 - Set database path to: C:\ST\STM32CubeIDE_1.16.1\STM32CubeIDE\plugins\com.st.stm32cube.common.mx_6.12.1.202409122256\\db\/mcu/
2024-11-01 19:54:19,373 [INFO] ApiDb:274 - Set plugin database path to: C:\ST\STM32CubeIDE_1.16.1\STM32CubeIDE\plugins\com.st.stm32cube.common.mx_6.12.1.202409122256\\db\/plugins/boardmanager/
2024-11-01 19:54:19,374 [WARN] ApiDb:259 - Overriding images path with different value:  => C:\ST\STM32CubeIDE_1.16.1\STM32CubeIDE\plugins\com.st.stm32cube.common.mx_6.12.1.202409122256\\db\/plugins/mcufinder/images/
2024-11-01 19:54:19,381 [INFO] ApiDb:250 - Set database path to: C:\Users\leagu\.stmcufinder\plugins\mcufinder//mcu/
2024-11-01 19:54:19,383 [INFO] DbMcusAds:125 - Set database path to: C:\Users\leagu\.stmcufinder\plugins\mcufinder//mcu/
2024-11-01 19:54:19,386 [INFO] CrossReferenceDbSqlite:203 - Set database path to: C:\Users\leagu\.stmcufinder\plugins\mcufinder//mcu/cs/
2024-11-01 19:54:19,534 [INFO] RulesReader:64 - Compatibility file has been processed (297 Rules)
2024-11-01 19:54:19,650 [INFO] DbMcusXml:78 - Set database path to: C:\ST\STM32CubeIDE_1.16.1\STM32CubeIDE\plugins\com.st.stm32cube.common.mx_6.12.1.202409122256\\db\/mcu/
2024-11-01 19:54:19,650 [INFO] ApiDb:274 - Set plugin database path to: C:\ST\STM32CubeIDE_1.16.1\STM32CubeIDE\plugins\com.st.stm32cube.common.mx_6.12.1.202409122256\\db\/plugins/boardmanager/
2024-11-01 19:54:19,650 [INFO] ApiDb:261 - Set plugin images path to: C:\ST\STM32CubeIDE_1.16.1\STM32CubeIDE\plugins\com.st.stm32cube.common.mx_6.12.1.202409122256\\db\/plugins/mcufinder/images/
2024-11-01 19:54:19,650 [WARN] DbFile:41 - Overriding database path with different value: C:\Users\leagu\.stmcufinder\plugins\mcufinder/ => C:\Users\leagu\.stmcufinder\plugins\mcufinder
2024-11-01 19:54:19,650 [INFO] ApiDb:250 - Set database path to: C:\Users\leagu\.stmcufinder\plugins\mcufinder//mcu/
2024-11-01 19:54:19,650 [WARN] DbFile:41 - Overriding database path with different value: C:\Users\leagu\.stmcufinder\plugins\mcufinder/ => C:\Users\leagu\.stmcufinder\plugins\mcufinder
2024-11-01 19:54:19,651 [INFO] DbMcusAds:125 - Set database path to: C:\Users\leagu\.stmcufinder\plugins\mcufinder//mcu/
2024-11-01 19:54:19,651 [WARN] DbFile:41 - Overriding database path with different value: C:\Users\leagu\.stmcufinder\plugins\mcufinder/ => C:\Users\leagu\.stmcufinder\plugins\mcufinder
2024-11-01 19:54:19,651 [WARN] DbFile:41 - Overriding database path with different value: C:\Users\leagu\.stmcufinder\plugins\mcufinder/ => C:\Users\leagu\.stmcufinder\plugins\mcufinder
2024-11-01 19:54:19,651 [INFO] CrossReferenceDbSqlite:203 - Set database path to: C:\Users\leagu\.stmcufinder\plugins\mcufinder//mcu/cs/
2024-11-01 19:54:19,749 [INFO] MainPanel:268 - HeapMemory: 268435456
2024-11-01 19:54:19,864 [INFO] DbMcusXml:78 - Set database path to: C:\ST\STM32CubeIDE_1.16.1\STM32CubeIDE\plugins\com.st.stm32cube.common.mx_6.12.1.202409122256\\db\/mcu/
2024-11-01 19:54:19,864 [INFO] ApiDb:274 - Set plugin database path to: C:\ST\STM32CubeIDE_1.16.1\STM32CubeIDE\plugins\com.st.stm32cube.common.mx_6.12.1.202409122256\\db\/plugins/boardmanager/
2024-11-01 19:54:19,864 [INFO] ApiDb:261 - Set plugin images path to: C:\ST\STM32CubeIDE_1.16.1\STM32CubeIDE\plugins\com.st.stm32cube.common.mx_6.12.1.202409122256\\db\/plugins/mcufinder/images/
2024-11-01 19:54:19,864 [WARN] DbFile:41 - Overriding database path with different value: C:\Users\leagu\.stmcufinder\plugins\mcufinder/ => C:\Users\leagu\.stmcufinder\plugins\mcufinder
2024-11-01 19:54:19,865 [INFO] ApiDb:250 - Set database path to: C:\Users\leagu\.stmcufinder\plugins\mcufinder//mcu/
2024-11-01 19:54:19,865 [WARN] DbFile:41 - Overriding database path with different value: C:\Users\leagu\.stmcufinder\plugins\mcufinder/ => C:\Users\leagu\.stmcufinder\plugins\mcufinder
2024-11-01 19:54:19,865 [INFO] DbMcusAds:125 - Set database path to: C:\Users\leagu\.stmcufinder\plugins\mcufinder//mcu/
2024-11-01 19:54:19,865 [WARN] DbFile:41 - Overriding database path with different value: C:\Users\leagu\.stmcufinder\plugins\mcufinder/ => C:\Users\leagu\.stmcufinder\plugins\mcufinder
2024-11-01 19:54:19,865 [WARN] DbFile:41 - Overriding database path with different value: C:\Users\leagu\.stmcufinder\plugins\mcufinder/ => C:\Users\leagu\.stmcufinder\plugins\mcufinder
2024-11-01 19:54:19,865 [INFO] CrossReferenceDbSqlite:203 - Set database path to: C:\Users\leagu\.stmcufinder\plugins\mcufinder//mcu/cs/
2024-11-01 19:54:19,884 [INFO] ApplicationProperties:184 - Using Application install path: C:\ST\STM32CubeIDE_1.16.1\STM32CubeIDE\plugins\com.st.stm32cube.common.mx_6.12.1.202409122256
2024-11-01 19:54:19,885 [INFO] PluginManage:196 - Search for loadable plugins [exclusion list=, ]
2024-11-01 19:54:19,887 [INFO] PluginManage:310 - Check plugin analytics
2024-11-01 19:54:20,094 [INFO] AnalyticsPlugin:253 - Accepted Software Licenses: 
2024-11-01 19:54:20,094 [INFO] AnalyticsPlugin:255 - Accepted CMSIS Pack Licenses: 
2024-11-01 19:54:20,095 [INFO] AnalyticsPlugin:257 - Accepted Firmware Licenses: FW.F4.1.28.0
2024-11-01 19:54:20,098 [INFO] PluginManage:359 - Loaded plugin analytics (category:tool,tabindex:-1)
2024-11-01 19:54:20,099 [INFO] PluginManage:310 - Check plugin cadmodel
2024-11-01 19:54:20,104 [INFO] CADModel:105 - Init CAD model plugin
2024-11-01 19:54:20,104 [INFO] PluginManage:359 - Loaded plugin cadmodel (category:power,tabindex:5)
2024-11-01 19:54:20,105 [INFO] PluginManage:310 - Check plugin clock
2024-11-01 19:54:20,117 [INFO] PluginManage:359 - Loaded plugin clock (category:base,tabindex:2)
2024-11-01 19:54:20,118 [INFO] PluginManage:310 - Check plugin ddr
2024-11-01 19:54:20,120 [INFO] PluginManage:359 - Loaded plugin ddr (category:tool,tabindex:6)
2024-11-01 19:54:20,120 [INFO] PluginManage:310 - Check plugin filemanager
2024-11-01 19:54:20,297 [INFO] PluginManage:359 - Loaded plugin filemanager (category:base,tabindex:10)
2024-11-01 19:54:20,297 [INFO] PluginManage:310 - Check plugin ipmanager
2024-11-01 19:54:20,306 [INFO] PluginManage:359 - Loaded plugin ipmanager (category:base,tabindex:5)
2024-11-01 19:54:20,306 [INFO] PluginManage:310 - Check plugin lpbam
2024-11-01 19:54:20,317 [INFO] PluginManage:359 - Loaded plugin lpbam (category:base,tabindex:0)
2024-11-01 19:54:20,317 [INFO] PluginManage:310 - Check plugin memorymap
2024-11-01 19:54:20,337 [INFO] PluginManage:359 - Loaded plugin memorymap (category:base,tabindex:4)
2024-11-01 19:54:20,338 [INFO] PluginManage:310 - Check plugin pinoutandconfiguration
2024-11-01 19:54:20,347 [INFO] PluginManage:359 - Loaded plugin pinoutandconfiguration (category:base,tabindex:1)
2024-11-01 19:54:20,347 [INFO] PluginManage:310 - Check plugin pinoutconfig
2024-11-01 19:54:20,457 [WARN] SupportedApi:132 - Cannot load RTOS API schema: s4s-elt-must-match.1: The content of 'definitions' must match (annotation?, (simpleType | complexType)?, (unique | key | keyref)*)). A problem was found starting at: attribute.
2024-11-01 19:54:20,629 [INFO] PluginManage:359 - Loaded plugin pinoutconfig (category:base,tabindex:0)
2024-11-01 19:54:20,629 [INFO] PluginManage:310 - Check plugin power
2024-11-01 19:54:20,638 [INFO] PluginManage:359 - Loaded plugin power (category:power,tabindex:4)
2024-11-01 19:54:20,639 [INFO] PluginManage:310 - Check plugin projectmanager
2024-11-01 19:54:20,661 [INFO] PluginManage:359 - Loaded plugin projectmanager (category:projectmanager,tabindex:4)
2024-11-01 19:54:20,662 [INFO] PluginManage:310 - Check plugin rif
2024-11-01 19:54:20,668 [INFO] PluginManage:359 - Loaded plugin rif (category:base,tabindex:3)
2024-11-01 19:54:20,668 [INFO] PluginManage:310 - Check plugin thirdparty
2024-11-01 19:54:20,812 [INFO] PluginManage:359 - Loaded plugin thirdparty (category:base,tabindex:-1)
2024-11-01 19:54:20,812 [INFO] PluginManage:310 - Check plugin tools
2024-11-01 19:54:20,816 [INFO] PluginManage:359 - Loaded plugin tools (category:base,tabindex:7)
2024-11-01 19:54:20,816 [INFO] PluginManage:310 - Check plugin tutovideos
2024-11-01 19:54:20,816 [WARN] IntegrityCheckThread:84 - waiting for thirdparty lock release [integrity check]
2024-11-01 19:54:20,816 [INFO] IntegrityCheckThread:86 - entering critical section [integrity check]
2024-11-01 19:54:20,818 [INFO] ThirdPartyUpdaterWithRetryManager:70 - Updater plugin not ready yet. [1/15]
2024-11-01 19:54:21,025 [INFO] PluginManage:359 - Loaded plugin tutovideos (category:base,tabindex:-1)
2024-11-01 19:54:21,026 [INFO] PluginManage:310 - Check plugin updater
2024-11-01 19:54:21,050 [INFO] PluginManage:359 - Loaded plugin updater (category:base,tabindex:12)
2024-11-01 19:54:21,050 [INFO] PluginManage:310 - Check plugin userauth
2024-11-01 19:54:21,058 [INFO] UserAuth:113 - Init User Auth plugin
2024-11-01 19:54:21,058 [INFO] PluginManage:359 - Loaded plugin userauth (category:base,tabindex:14)
2024-11-01 19:54:21,059 [INFO] PluginManage:283 - PluginManage : Loaded plugins [18]
2024-11-01 19:54:21,330 [INFO] PinOutPanel:1561 - setPackage(No Configuration,No Configuration)
2024-11-01 19:54:21,424 [INFO] CADModel:165 - CPN selected for project level
2024-11-01 19:54:21,424 [INFO] CADModel:114 - Register for checkConnection events
2024-11-01 19:54:21,442 [INFO] IPUIPlugin:80 - create IPUIPlugin
2024-11-01 19:54:21,442 [INFO] PluginManager:220 - loadIPPluginJar : add adc
2024-11-01 19:54:21,446 [INFO] IPUIPlugin:80 - create IPUIPlugin
2024-11-01 19:54:21,446 [INFO] PluginManager:220 - loadIPPluginJar : add aes
2024-11-01 19:54:21,449 [INFO] IPUIPlugin:80 - create IPUIPlugin
2024-11-01 19:54:21,449 [INFO] PluginManager:220 - loadIPPluginJar : add can
2024-11-01 19:54:21,450 [INFO] IPUIPlugin:80 - create IPUIPlugin
2024-11-01 19:54:21,451 [INFO] PluginManager:220 - loadIPPluginJar : add comp
2024-11-01 19:54:21,454 [INFO] IPUIPlugin:80 - create IPUIPlugin
2024-11-01 19:54:21,454 [INFO] PluginManager:220 - loadIPPluginJar : add cryp
2024-11-01 19:54:21,457 [INFO] IPUIPlugin:80 - create IPUIPlugin
2024-11-01 19:54:21,457 [INFO] PluginManager:220 - loadIPPluginJar : add ddr_ctrl_phy
2024-11-01 19:54:21,458 [INFO] IPUIPlugin:80 - create IPUIPlugin
2024-11-01 19:54:21,458 [INFO] PluginManager:220 - loadIPPluginJar : add dfsdm
2024-11-01 19:54:21,463 [INFO] IPUIPlugin:80 - create IPUIPlugin
2024-11-01 19:54:21,464 [INFO] PluginManager:220 - loadIPPluginJar : add dma
2024-11-01 19:54:21,466 [INFO] IPUIPlugin:80 - create IPUIPlugin
2024-11-01 19:54:21,466 [INFO] PluginManager:220 - loadIPPluginJar : add dma3
2024-11-01 19:54:21,469 [INFO] IPUIPlugin:80 - create IPUIPlugin
2024-11-01 19:54:21,469 [INFO] PluginManager:220 - loadIPPluginJar : add extmemmanager
2024-11-01 19:54:21,470 [INFO] IPUIPlugin:80 - create IPUIPlugin
2024-11-01 19:54:21,470 [INFO] PluginManager:220 - loadIPPluginJar : add fatfs
2024-11-01 19:54:21,474 [INFO] IPUIPlugin:80 - create IPUIPlugin
2024-11-01 19:54:21,474 [INFO] PluginManager:220 - loadIPPluginJar : add fmc
2024-11-01 19:54:21,479 [INFO] IPUIPlugin:80 - create IPUIPlugin
2024-11-01 19:54:21,480 [INFO] PluginManager:220 - loadIPPluginJar : add freertos
2024-11-01 19:54:21,481 [INFO] IPUIPlugin:80 - create IPUIPlugin
2024-11-01 19:54:21,481 [INFO] PluginManager:220 - loadIPPluginJar : add genericplugin
2024-11-01 19:54:21,483 [INFO] IPUIPlugin:80 - create IPUIPlugin
2024-11-01 19:54:21,483 [INFO] PluginManager:220 - loadIPPluginJar : add gfxmmu
2024-11-01 19:54:21,487 [INFO] IPUIPlugin:80 - create IPUIPlugin
2024-11-01 19:54:21,488 [INFO] PluginManager:220 - loadIPPluginJar : add gic
2024-11-01 19:54:21,491 [INFO] IPUIPlugin:80 - create IPUIPlugin
2024-11-01 19:54:21,491 [INFO] PluginManager:220 - loadIPPluginJar : add gpio
2024-11-01 19:54:21,493 [INFO] IPUIPlugin:80 - create IPUIPlugin
2024-11-01 19:54:21,493 [INFO] PluginManager:220 - loadIPPluginJar : add gtzc
2024-11-01 19:54:21,496 [INFO] IPUIPlugin:80 - create IPUIPlugin
2024-11-01 19:54:21,496 [INFO] PluginManager:220 - loadIPPluginJar : add hash
2024-11-01 19:54:21,498 [INFO] IPUIPlugin:80 - create IPUIPlugin
2024-11-01 19:54:21,498 [INFO] PluginManager:220 - loadIPPluginJar : add i2c
2024-11-01 19:54:21,500 [INFO] IPUIPlugin:80 - create IPUIPlugin
2024-11-01 19:54:21,500 [INFO] PluginManager:220 - loadIPPluginJar : add i2s
2024-11-01 19:54:21,503 [INFO] IPUIPlugin:80 - create IPUIPlugin
2024-11-01 19:54:21,503 [INFO] PluginManager:220 - loadIPPluginJar : add i3c
2024-11-01 19:54:21,508 [INFO] IPUIPlugin:80 - create IPUIPlugin
2024-11-01 19:54:21,508 [INFO] PluginManager:220 - loadIPPluginJar : add ipddr
2024-11-01 19:54:21,516 [INFO] IPUIPlugin:80 - create IPUIPlugin
2024-11-01 19:54:21,516 [INFO] PluginManager:220 - loadIPPluginJar : add linkedlist
2024-11-01 19:54:21,519 [INFO] IPUIPlugin:80 - create IPUIPlugin
2024-11-01 19:54:21,519 [INFO] PluginManager:220 - loadIPPluginJar : add lorawan
2024-11-01 19:54:21,520 [INFO] IPUIPlugin:80 - create IPUIPlugin
2024-11-01 19:54:21,520 [INFO] PluginManager:220 - loadIPPluginJar : add ltdc
2024-11-01 19:54:21,525 [INFO] IPUIPlugin:80 - create IPUIPlugin
2024-11-01 19:54:21,526 [INFO] PluginManager:220 - loadIPPluginJar : add mdma
2024-11-01 19:54:21,530 [INFO] IPUIPlugin:80 - create IPUIPlugin
2024-11-01 19:54:21,530 [INFO] PluginManager:220 - loadIPPluginJar : add nvic
2024-11-01 19:54:21,533 [INFO] IPUIPlugin:80 - create IPUIPlugin
2024-11-01 19:54:21,534 [INFO] PluginManager:220 - loadIPPluginJar : add opamp
2024-11-01 19:54:21,537 [INFO] IPUIPlugin:80 - create IPUIPlugin
2024-11-01 19:54:21,537 [INFO] PluginManager:220 - loadIPPluginJar : add openamp
2024-11-01 19:54:21,542 [INFO] IPUIPlugin:80 - create IPUIPlugin
2024-11-01 19:54:21,542 [INFO] PluginManager:220 - loadIPPluginJar : add pdm2pcm
2024-11-01 19:54:21,548 [INFO] IPUIPlugin:80 - create IPUIPlugin
2024-11-01 19:54:21,551 [INFO] PluginManager:220 - loadIPPluginJar : add plateformsettings
2024-11-01 19:54:21,553 [INFO] IPUIPlugin:80 - create IPUIPlugin
2024-11-01 19:54:21,553 [INFO] PluginManager:220 - loadIPPluginJar : add quadspi
2024-11-01 19:54:21,555 [INFO] IPUIPlugin:80 - create IPUIPlugin
2024-11-01 19:54:21,556 [INFO] PluginManager:220 - loadIPPluginJar : add radio
2024-11-01 19:54:21,559 [INFO] IPUIPlugin:80 - create IPUIPlugin
2024-11-01 19:54:21,559 [INFO] PluginManager:220 - loadIPPluginJar : add resmgrutility
2024-11-01 19:54:21,562 [INFO] IPUIPlugin:80 - create IPUIPlugin
2024-11-01 19:54:21,562 [INFO] PluginManager:220 - loadIPPluginJar : add sai
2024-11-01 19:54:21,565 [INFO] IPUIPlugin:80 - create IPUIPlugin
2024-11-01 19:54:21,565 [INFO] PluginManager:220 - loadIPPluginJar : add spi
2024-11-01 19:54:21,571 [INFO] IPUIPlugin:80 - create IPUIPlugin
2024-11-01 19:54:21,571 [INFO] PluginManager:220 - loadIPPluginJar : add stm32_wpan
2024-11-01 19:54:21,573 [INFO] IPUIPlugin:80 - create IPUIPlugin
2024-11-01 19:54:21,573 [INFO] PluginManager:220 - loadIPPluginJar : add tim
2024-11-01 19:54:21,578 [INFO] IPUIPlugin:80 - create IPUIPlugin
2024-11-01 19:54:21,578 [INFO] PluginManager:220 - loadIPPluginJar : add touchsensing
2024-11-01 19:54:21,580 [INFO] IPUIPlugin:80 - create IPUIPlugin
2024-11-01 19:54:21,581 [INFO] PluginManager:220 - loadIPPluginJar : add tracer_emb
2024-11-01 19:54:21,583 [INFO] IPUIPlugin:80 - create IPUIPlugin
2024-11-01 19:54:21,583 [INFO] PluginManager:220 - loadIPPluginJar : add ts
2024-11-01 19:54:21,585 [INFO] IPUIPlugin:80 - create IPUIPlugin
2024-11-01 19:54:21,585 [INFO] PluginManager:220 - loadIPPluginJar : add tsc
2024-11-01 19:54:21,587 [INFO] IPUIPlugin:80 - create IPUIPlugin
2024-11-01 19:54:21,588 [INFO] PluginManager:220 - loadIPPluginJar : add ucpd
2024-11-01 19:54:21,591 [INFO] IPUIPlugin:80 - create IPUIPlugin
2024-11-01 19:54:21,591 [INFO] PluginManager:220 - loadIPPluginJar : add usart
2024-11-01 19:54:21,594 [INFO] IPUIPlugin:80 - create IPUIPlugin
2024-11-01 19:54:21,594 [INFO] PluginManager:220 - loadIPPluginJar : add usbx
2024-11-01 19:54:21,732 [INFO] CADModel:165 - CPN selected for project level
2024-11-01 19:54:21,732 [INFO] CADModel:114 - Register for checkConnection events
2024-11-01 19:54:21,733 [FATAL] Updater:334 - Updater called before beeing initialized
2024-11-01 19:54:21,733 [ERROR] CADModel:125 - Updater not yet initialized, retry later 
2024-11-01 19:54:21,885 [INFO] CADModel:165 - CPN selected for project level
2024-11-01 19:54:21,885 [INFO] CADModel:114 - Register for checkConnection events
2024-11-01 19:54:21,885 [FATAL] Updater:334 - Updater called before beeing initialized
2024-11-01 19:54:21,885 [ERROR] CADModel:125 - Updater not yet initialized, retry later 
2024-11-01 19:54:21,889 [FATAL] Updater:334 - Updater called before beeing initialized
2024-11-01 19:54:22,004 [FATAL] Updater:334 - Updater called before beeing initialized
2024-11-01 19:54:22,011 [INFO] DbMcusAds:53 - JSON generation date=Fri Sep 20 16:04:23 TRT 2024 (1726837463113)
2024-11-01 19:54:22,011 [FATAL] Updater:334 - Updater called before beeing initialized
2024-11-01 19:54:22,053 [WARN] DetailPanel:346 - Failed to get advertising image, set to default
2024-11-01 19:54:22,166 [FATAL] Updater:334 - Updater called before beeing initialized
2024-11-01 19:54:22,168 [FATAL] Updater:334 - Updater called before beeing initialized
2024-11-01 19:54:22,168 [FATAL] Updater:334 - Updater called before beeing initialized
2024-11-01 19:54:22,168 [WARN] DetailPanel:346 - Failed to get advertising image, set to default
2024-11-01 19:54:22,169 [FATAL] Updater:334 - Updater called before beeing initialized
2024-11-01 19:54:22,238 [ERROR] Updater:1164 - MainUpdater not yet initialized. External WinMGr cannot be set.
2024-11-01 19:54:22,240 [INFO] Updater:1100 - Updater Version found : 6.12.1
2024-11-01 19:54:22,263 [INFO] ApplicationProperties:184 - Using Application install path: C:\ST\STM32CubeIDE_1.16.1\STM32CubeIDE\plugins\com.st.stm32cube.common.mx_6.12.1.202409122256
2024-11-01 19:54:23,819 [INFO] ThirdPartyUpdaterWithRetryManager:70 - Updater plugin not ready yet. [2/15]
2024-11-01 19:54:23,842 [ERROR] LogOutputStream:75 - [STDERR_REDIRECT] Nov 01, 2024 7:54:23 PM java.util.prefs.WindowsPreferences <init>
2024-11-01 19:54:23,845 [ERROR] LogOutputStream:75 - [STDERR_REDIRECT] WARNING: Could not open/create prefs root node Software\JavaSoft\Prefs at root 0xffffffff80000002. Windows RegCreateKeyEx(...) returned error code 5.
2024-11-01 19:54:23,845 [ERROR] LogOutputStream:75 - [STDERR_REDIRECT] 
2024-11-01 19:54:24,274 [INFO] MainUpdater:2873 - connection check result : 10
2024-11-01 19:54:24,276 [INFO] MainUpdater:290 - Updater Check For Update Now.
2024-11-01 19:54:24,277 [INFO] MicroXplorer:498 - Change Database Version : DB.6.0.121
2024-11-01 19:54:24,283 [INFO] McuFinderGlobals:63 - Set McuFinder mode to 2 (CubeIDE integrated)
2024-11-01 19:54:24,284 [INFO] UserAuth:417 - Internet connection configuration mode: 1
2024-11-01 19:54:24,319 [INFO] JxBrowserEngine:152 - Initiate JxBrowser Engine with user profile folder
2024-11-01 19:54:24,493 [INFO] CheckServerUpdateThread:120 - End of CheckServer Thread
2024-11-01 19:54:25,551 [INFO] WebApp:167 - Instantiating new browser for Auth
2024-11-01 19:54:27,086 [WARN] PackLoader:240 - Cannot read IP mode file for STMicroelectronics.FP-SNS-MOTENVWB1.1.4.0
2024-11-01 19:54:27,106 [WARN] PackLoader:240 - Cannot read IP mode file for STMicroelectronics.X-CUBE-SMBUS.2.1.0
2024-11-01 19:54:27,117 [WARN] PackLoader:240 - Cannot read IP mode file for STMicroelectronics.X-CUBE-WB05N.1.1.0
2024-11-01 19:54:27,148 [WARN] PackLoader:240 - Cannot read IP mode file for STMicroelectronics.X-CUBE-AZRTOS-F7.1.1.0
2024-11-01 19:54:27,283 [WARN] PackLoader:240 - Cannot read IP mode file for STMicroelectronics.X-CUBE-MEMS1.11.0.0
2024-11-01 19:54:27,441 [INFO] WebApp:448 - Apply proxy settings
2024-11-01 19:54:27,441 [INFO] WebApp:533 - Chromium requires no authentication
2024-11-01 19:54:27,451 [WARN] PackLoader:240 - Cannot read IP mode file for STMicroelectronics.FP-SNS-FLIGHT1.5.0.2
2024-11-01 19:54:27,458 [WARN] PackLoader:240 - Cannot read IP mode file for STMicroelectronics.X-CUBE-DISPLAY.3.0.0
2024-11-01 19:54:27,468 [INFO] WebApp:476 - Direct internet connection detected
2024-11-01 19:54:27,469 [WARN] PackLoader:240 - Cannot read IP mode file for STMicroelectronics.X-CUBE-BLE1.7.0.0
2024-11-01 19:54:27,497 [WARN] PackLoader:240 - Cannot read IP mode file for STMicroelectronics.X-CUBE-NFC10.1.0.0
2024-11-01 19:54:27,503 [WARN] PackLoader:240 - Cannot read IP mode file for emotas.I-CUBE-CANOPEN.1.3.0
2024-11-01 19:54:27,512 [WARN] PackLoader:240 - Cannot read IP mode file for STMicroelectronics.X-CUBE-BLEMGR.3.1.0
2024-11-01 19:54:27,520 [WARN] PackLoader:240 - Cannot read IP mode file for STMicroelectronics.FP-SNS-SMARTAG2.1.2.0
2024-11-01 19:54:27,529 [INFO] LogOutputStream:77 - [STDOUT_REDIRECT] 1 : Invalid condition id : UX_CORESTACK_Condition cause : null
2024-11-01 19:54:27,530 [INFO] LogOutputStream:77 - [STDOUT_REDIRECT] 1 : Invalid condition id : UX_CORESTACK_Condition cause : null
2024-11-01 19:54:27,531 [INFO] LogOutputStream:77 - [STDOUT_REDIRECT] 1 : Invalid condition id : UX_CORESTACK_Condition cause : null
2024-11-01 19:54:27,533 [INFO] LogOutputStream:77 - [STDOUT_REDIRECT] 1 : Invalid condition id : UX_CORESTACK_Condition cause : null
2024-11-01 19:54:27,535 [INFO] LogOutputStream:77 - [STDOUT_REDIRECT] 1 : Invalid condition id : UX_CORESTACK_Condition cause : null
2024-11-01 19:54:27,537 [WARN] PackLoader:240 - Cannot read IP mode file for STMicroelectronics.X-CUBE-AZRTOS-WL.2.0.0
2024-11-01 19:54:27,545 [WARN] PackLoader:240 - Cannot read IP mode file for STMicroelectronics.FP-SNS-MOTENV1.5.0.0
2024-11-01 19:54:27,549 [WARN] PackLoader:240 - Cannot read IP mode file for wolfSSL.I-CUBE-wolfMQTT.1.19.0
2024-11-01 19:54:27,550 [INFO] WebApp:869 - Register for checkConnection events
2024-11-01 19:54:27,550 [INFO] WebApp:448 - Apply proxy settings
2024-11-01 19:54:27,550 [INFO] WebApp:533 - Chromium requires no authentication
2024-11-01 19:54:27,551 [INFO] WebApp:476 - Direct internet connection detected
2024-11-01 19:54:27,556 [WARN] PackLoader:240 - Cannot read IP mode file for WES.I-CUBE-Cesium.1.3.0
2024-11-01 19:54:27,562 [WARN] PackLoader:240 - Cannot read IP mode file for STMicroelectronics.X-CUBE-BLE2.3.3.0
2024-11-01 19:54:27,569 [WARN] PackLoader:240 - Cannot read IP mode file for STMicroelectronics.X-CUBE-NFC9.1.0.0
2024-11-01 19:54:27,587 [WARN] PackLoader:240 - Cannot read IP mode file for STMicroelectronics.X-CUBE-TCPP.4.1.0
2024-11-01 19:54:27,602 [WARN] PackLoader:240 - Cannot read IP mode file for STMicroelectronics.X-CUBE-AZRTOS-G0.1.1.0
2024-11-01 19:54:27,642 [WARN] PackLoader:240 - Cannot read IP mode file for STMicroelectronics.X-CUBE-SAFEA1.1.2.2
2024-11-01 19:54:27,661 [WARN] PackLoader:240 - Cannot read IP mode file for STMicroelectronics.X-CUBE-NFC4.3.0.0
2024-11-01 19:54:27,670 [WARN] PackLoader:240 - Cannot read IP mode file for EmbeddedOffice.I-CUBE-FS-RTOS.1.0.1
2024-11-01 19:54:27,671 [ERROR] ConditionMgr:805 - Attr not supported : Dmpu
2024-11-01 19:54:27,671 [ERROR] ConditionMgr:805 - Attr not supported : Dmpu
2024-11-01 19:54:27,671 [ERROR] ConditionMgr:805 - Attr not supported : Dmpu
2024-11-01 19:54:27,671 [ERROR] ConditionMgr:805 - Attr not supported : Dmpu
2024-11-01 19:54:27,671 [ERROR] ConditionMgr:805 - Attr not supported : Dmpu
2024-11-01 19:54:27,671 [ERROR] ConditionMgr:805 - Attr not supported : Dmpu
2024-11-01 19:54:27,671 [ERROR] ConditionMgr:805 - Attr not supported : Dmpu
2024-11-01 19:54:27,671 [ERROR] ConditionMgr:805 - Attr not supported : Dmpu
2024-11-01 19:54:27,671 [ERROR] ConditionMgr:805 - Attr not supported : Dmpu
2024-11-01 19:54:27,671 [ERROR] ConditionMgr:805 - Attr not supported : Dmpu
2024-11-01 19:54:27,671 [ERROR] ConditionMgr:805 - Attr not supported : Dmpu
2024-11-01 19:54:27,672 [ERROR] ConditionMgr:805 - Attr not supported : Dmpu
2024-11-01 19:54:27,672 [ERROR] ConditionMgr:805 - Attr not supported : Dmpu
2024-11-01 19:54:27,672 [ERROR] ConditionMgr:805 - Attr not supported : Dmpu
2024-11-01 19:54:27,672 [ERROR] ConditionMgr:805 - Attr not supported : Dmpu
2024-11-01 19:54:27,672 [ERROR] ConditionMgr:805 - Attr not supported : Dmpu
2024-11-01 19:54:27,672 [ERROR] ConditionMgr:805 - Attr not supported : Dmpu
2024-11-01 19:54:27,672 [ERROR] ConditionMgr:805 - Attr not supported : Dmpu
2024-11-01 19:54:27,672 [ERROR] ConditionMgr:805 - Attr not supported : Dmpu
2024-11-01 19:54:27,672 [ERROR] ConditionMgr:805 - Attr not supported : Dmpu
2024-11-01 19:54:27,672 [ERROR] ConditionMgr:805 - Attr not supported : Dmpu
2024-11-01 19:54:27,672 [ERROR] ConditionMgr:805 - Attr not supported : Dmpu
2024-11-01 19:54:27,672 [ERROR] ConditionMgr:805 - Attr not supported : Dmpu
2024-11-01 19:54:27,672 [ERROR] ConditionMgr:805 - Attr not supported : Dmpu
2024-11-01 19:54:27,672 [ERROR] ConditionMgr:805 - Attr not supported : Dmpu
2024-11-01 19:54:27,673 [ERROR] ConditionMgr:805 - Attr not supported : Dmpu
2024-11-01 19:54:27,673 [ERROR] ConditionMgr:805 - Attr not supported : Dmpu
2024-11-01 19:54:27,673 [ERROR] ConditionMgr:805 - Attr not supported : Dmpu
2024-11-01 19:54:27,673 [ERROR] ConditionMgr:805 - Attr not supported : Dmpu
2024-11-01 19:54:27,673 [ERROR] ConditionMgr:805 - Attr not supported : Dmpu
2024-11-01 19:54:27,673 [ERROR] ConditionMgr:805 - Attr not supported : Dmpu
2024-11-01 19:54:27,673 [ERROR] ConditionMgr:805 - Attr not supported : Dmpu
2024-11-01 19:54:27,673 [ERROR] ConditionMgr:805 - Attr not supported : Dmpu
2024-11-01 19:54:27,673 [ERROR] ConditionMgr:805 - Attr not supported : Dmpu
2024-11-01 19:54:27,673 [ERROR] ConditionMgr:805 - Attr not supported : Dmpu
2024-11-01 19:54:27,673 [ERROR] ConditionMgr:805 - Attr not supported : Dmpu
2024-11-01 19:54:27,673 [ERROR] ConditionMgr:805 - Attr not supported : Dmpu
2024-11-01 19:54:27,673 [ERROR] ConditionMgr:805 - Attr not supported : Dmpu
2024-11-01 19:54:27,674 [ERROR] ConditionMgr:805 - Attr not supported : Dmpu
2024-11-01 19:54:27,674 [ERROR] ConditionMgr:805 - Attr not supported : Dmpu
2024-11-01 19:54:27,674 [ERROR] ConditionMgr:805 - Attr not supported : Dmpu
2024-11-01 19:54:27,674 [ERROR] ConditionMgr:805 - Attr not supported : Dmpu
2024-11-01 19:54:27,674 [ERROR] ConditionMgr:805 - Attr not supported : Dmpu
2024-11-01 19:54:27,674 [ERROR] ConditionMgr:805 - Attr not supported : Dmpu
2024-11-01 19:54:27,674 [ERROR] ConditionMgr:805 - Attr not supported : Dmpu
2024-11-01 19:54:27,674 [ERROR] ConditionMgr:805 - Attr not supported : Dmpu
2024-11-01 19:54:27,675 [ERROR] ConditionMgr:805 - Attr not supported : Dmpu
2024-11-01 19:54:27,675 [ERROR] ConditionMgr:805 - Attr not supported : Dmpu
2024-11-01 19:54:27,675 [ERROR] ConditionMgr:805 - Attr not supported : Dmpu
2024-11-01 19:54:27,675 [ERROR] ConditionMgr:805 - Attr not supported : Dmpu
2024-11-01 19:54:27,675 [ERROR] ConditionMgr:805 - Attr not supported : Dmpu
2024-11-01 19:54:27,675 [ERROR] ConditionMgr:805 - Attr not supported : Dmpu
2024-11-01 19:54:27,675 [ERROR] ConditionMgr:805 - Attr not supported : Dmpu
2024-11-01 19:54:27,675 [ERROR] ConditionMgr:805 - Attr not supported : Dmpu
2024-11-01 19:54:27,675 [ERROR] ConditionMgr:805 - Attr not supported : Dmpu
2024-11-01 19:54:27,675 [ERROR] ConditionMgr:805 - Attr not supported : Dmpu
2024-11-01 19:54:27,675 [ERROR] ConditionMgr:805 - Attr not supported : Dmpu
2024-11-01 19:54:27,675 [ERROR] ConditionMgr:805 - Attr not supported : Dmpu
2024-11-01 19:54:27,675 [ERROR] ConditionMgr:805 - Attr not supported : Dmpu
2024-11-01 19:54:27,675 [ERROR] ConditionMgr:805 - Attr not supported : Dmpu
2024-11-01 19:54:27,675 [ERROR] ConditionMgr:805 - Attr not supported : Dmpu
2024-11-01 19:54:27,675 [ERROR] ConditionMgr:805 - Attr not supported : Dmpu
2024-11-01 19:54:27,675 [ERROR] ConditionMgr:805 - Attr not supported : Dmpu
2024-11-01 19:54:27,675 [ERROR] ConditionMgr:805 - Attr not supported : Dmpu
2024-11-01 19:54:27,680 [WARN] PackLoader:240 - Cannot read IP mode file for RealThread.X-CUBE-RT-Thread_Nano.4.1.1
2024-11-01 19:54:27,685 [WARN] PackLoader:240 - Cannot read IP mode file for STMicroelectronics.FP-ATR-SIGFOX1.3.2.0
2024-11-01 19:54:27,693 [WARN] PackLoader:240 - Cannot read IP mode file for wolfSSL.I-CUBE-wolfSSL.5.7.2
2024-11-01 19:54:27,706 [WARN] PackLoader:240 - Cannot read IP mode file for STMicroelectronics.X-CUBE-EEPRMA1.5.1.0
2024-11-01 19:54:27,719 [WARN] PackLoader:240 - Cannot read IP mode file for ITTIA_DB.I-CUBE-ITTIADB.8.9.0
2024-11-01 19:54:27,759 [WARN] PackLoader:240 - Cannot read IP mode file for SEGGER.I-CUBE-embOS.1.3.1
2024-11-01 19:54:27,824 [WARN] PackLoader:240 - Cannot read IP mode file for STMicroelectronics.X-CUBE-ALGOBUILD.1.4.0
2024-11-01 19:54:27,828 [WARN] PackLoader:240 - Cannot read IP mode file for STMicroelectronics.X-CUBE-AI.9.1.0
2024-11-01 19:54:27,843 [WARN] PackLoader:240 - Cannot read IP mode file for STMicroelectronics.X-CUBE-AZRTOS-F4.1.1.0
2024-11-01 19:54:27,849 [WARN] PackLoader:240 - Cannot read IP mode file for STMicroelectronics.X-CUBE-ISPU.2.1.0
2024-11-01 19:54:27,855 [WARN] PackLoader:240 - Cannot read IP mode file for STMicroelectronics.X-CUBE-FREERTOS.1.2.0
2024-11-01 19:54:27,870 [WARN] PackLoader:240 - Cannot read IP mode file for STMicroelectronics.X-CUBE-AZRTOS-L5.2.0.0
2024-11-01 19:54:27,880 [WARN] PackLoader:240 - Cannot read IP mode file for STMicroelectronics.X-CUBE-NFC6.3.1.0
2024-11-01 19:54:27,887 [WARN] PackLoader:240 - Cannot read IP mode file for STMicroelectronics.X-CUBE-DPower.1.2.0
2024-11-01 19:54:27,893 [WARN] PackLoader:240 - Cannot read IP mode file for STMicroelectronics.X-CUBE-NFC7.1.0.1
2024-11-01 19:54:27,934 [WARN] ConditionMgr:438 - getConditionDescription Invalid condition id : LAN8742 Phy interface Condition cause : null
2024-11-01 19:54:27,935 [WARN] PackLoader:240 - Cannot read IP mode file for STMicroelectronics.X-CUBE-AZRTOS-L4.2.0.0
2024-11-01 19:54:27,937 [WARN] ConditionMgr:1039 - genDependencies : Invalid condition id : LAN8742 Phy interface Condition cause : null
2024-11-01 19:54:27,938 [WARN] ConditionMgr:1039 - genDependencies : Invalid condition id : LAN8742 Phy interface Condition cause : null
2024-11-01 19:54:27,938 [WARN] ConditionMgr:1039 - genDependencies : Invalid condition id : LAN8742 Phy interface Condition cause : null
2024-11-01 19:54:27,945 [WARN] PackLoader:240 - Cannot read IP mode file for STMicroelectronics.X-CUBE-SFXS2LP1.4.0.0
2024-11-01 19:54:27,973 [WARN] PackLoader:240 - Cannot read IP mode file for STMicroelectronics.X-CUBE-AZRTOS-H7.3.3.0
2024-11-01 19:54:27,987 [WARN] PackLoader:240 - Cannot read IP mode file for STMicroelectronics.X-CUBE-IPS.3.0.0
2024-11-01 19:54:28,004 [WARN] ConditionMgr:438 - getConditionDescription Invalid condition id : UX DEVICE CLASS RTOS Condition cause : null
2024-11-01 19:54:28,005 [WARN] ConditionMgr:438 - getConditionDescription Invalid condition id : UX DEVICE CLASS RTOS Condition cause : null
2024-11-01 19:54:28,006 [WARN] PackLoader:240 - Cannot read IP mode file for STMicroelectronics.X-CUBE-AZRTOS-WB.2.0.0
2024-11-01 19:54:28,007 [WARN] ConditionMgr:1039 - genDependencies : Invalid condition id : UX DEVICE CLASS RTOS Condition cause : null
2024-11-01 19:54:28,007 [WARN] ConditionMgr:1039 - genDependencies : Invalid condition id : UX DEVICE CLASS RTOS Condition cause : null
2024-11-01 19:54:28,007 [WARN] ConditionMgr:1039 - genDependencies : Invalid condition id : UX DEVICE CLASS RTOS Condition cause : null
2024-11-01 19:54:28,007 [WARN] ConditionMgr:1039 - genDependencies : Invalid condition id : UX DEVICE CLASS RTOS Condition cause : null
2024-11-01 19:54:28,007 [WARN] ConditionMgr:1039 - genDependencies : Invalid condition id : UX DEVICE CLASS RTOS Condition cause : null
2024-11-01 19:54:28,013 [WARN] PackLoader:240 - Cannot read IP mode file for STMicroelectronics.X-CUBE-GNSS1.7.0.0
2024-11-01 19:54:28,021 [WARN] PackLoader:240 - Cannot read IP mode file for STMicroelectronics.FP-SNS-STBOX1.2.0.0
2024-11-01 19:54:28,035 [WARN] PackLoader:240 - Cannot read IP mode file for STMicroelectronics.X-CUBE-SUBG2.5.0.0
2024-11-01 19:54:28,043 [WARN] PackLoader:240 - Cannot read IP mode file for Cesanta.I-CUBE-Mongoose.7.13.0
2024-11-01 19:54:28,069 [WARN] PackLoader:240 - Cannot read IP mode file for STMicroelectronics.X-CUBE-AZRTOS-G4.2.0.0
2024-11-01 19:54:28,076 [WARN] PackLoader:240 - Cannot read IP mode file for STMicroelectronics.X-CUBE-ALS.1.0.2
2024-11-01 19:54:28,084 [WARN] PackLoader:240 - Cannot read IP mode file for STMicroelectronics.X-CUBE-TOUCHGFX.4.24.1
2024-11-01 19:54:28,087 [WARN] PackLoader:240 - Cannot read IP mode file for wolfSSL.I-CUBE-wolfTPM.3.4.0
2024-11-01 19:54:28,096 [WARN] PackLoader:240 - Cannot read IP mode file for portGmbH.I-Cube-SoM-uGOAL.1.1.0
2024-11-01 19:54:28,112 [WARN] PackLoader:240 - Cannot read IP mode file for STMicroelectronics.X-CUBE-AZRTOS-H7RS.1.0.0
2024-11-01 19:54:28,119 [WARN] PackLoader:240 - Cannot read IP mode file for STMicroelectronics.FP-ATR-ASTRA1.2.0.0
2024-11-01 19:54:28,130 [WARN] PackLoader:240 - Cannot read IP mode file for STMicroelectronics.X-CUBE-TOF1.3.4.2
2024-11-01 19:54:28,157 [WARN] PackLoader:240 - Cannot read IP mode file for Infineon.AIROC-Wi-Fi-Bluetooth-STM32.1.6.1
2024-11-01 19:54:28,163 [WARN] PackLoader:240 - Cannot read IP mode file for wolfSSL.I-CUBE-wolfSSH.1.4.17
2024-11-01 19:54:28,176 [INFO] ThirdParty:978 - Integrity check success = true
2024-11-01 19:54:28,176 [INFO] IntegrityCheckThread:100 - exiting critical section [integrity check]
2024-11-01 19:54:28,177 [INFO] IntegrityCheckThread:103 - End integrity checks thread
2024-11-01 19:54:28,180 [INFO] WebApp:220 - Starting web application
2024-11-01 19:54:28,180 [INFO] WebApp:578 - Web application path used C:\ST\STM32CubeIDE_1.16.1\STM32CubeIDE\plugins\com.st.stm32cube.common.mx_6.12.1.202409122256\db\plugins\mcufinder\reactClient1\index.html
2024-11-01 19:54:28,365 [INFO] UserAuth:417 - Internet connection configuration mode: 1
2024-11-01 19:54:28,942 [INFO] WebApp:186 - Connection restablished
2024-11-01 20:09:00,887 [ERROR] LogOutputStream:75 - [STDERR_REDIRECT] 
2024-11-01 20:09:00,888 [ERROR] LogOutputStream:75 - [STDERR_REDIRECT] 
